<?xml version="1.0" encoding="UTF-8" ?>
<testsuite tests="11" failures="3" name="TestSuite" time="315.102" errors="0" skipped="2">
  <properties>
    <property name="java.runtime.name" value="Java(TM) SE Runtime Environment"/>
    <property name="sun.boot.library.path" value="C:\Program Files\Java\jdk1.8.0_101\jre\bin"/>
    <property name="java.vm.version" value="25.101-b13"/>
    <property name="java.vm.vendor" value="Oracle Corporation"/>
    <property name="maven.multiModuleProjectDirectory" value="H:\MyWorkspace\CRMTest"/>
    <property name="java.vendor.url" value="http://java.oracle.com/"/>
    <property name="path.separator" value=";"/>
    <property name="guice.disable.misplaced.annotation.check" value="true"/>
    <property name="java.vm.name" value="Java HotSpot(TM) 64-Bit Server VM"/>
    <property name="file.encoding.pkg" value="sun.io"/>
    <property name="user.script" value=""/>
    <property name="user.country" value="US"/>
    <property name="sun.java.launcher" value="SUN_STANDARD"/>
    <property name="sun.os.patch.level" value=""/>
    <property name="java.vm.specification.name" value="Java Virtual Machine Specification"/>
    <property name="user.dir" value="H:\MyWorkspace\CRMTest"/>
    <property name="java.runtime.version" value="1.8.0_101-b13"/>
    <property name="java.awt.graphicsenv" value="sun.awt.Win32GraphicsEnvironment"/>
    <property name="java.endorsed.dirs" value="C:\Program Files\Java\jdk1.8.0_101\jre\lib\endorsed"/>
    <property name="os.arch" value="amd64"/>
    <property name="java.io.tmpdir" value="C:\Users\nites\AppData\Local\Temp\"/>
    <property name="line.separator" value="
"/>
    <property name="java.vm.specification.vendor" value="Oracle Corporation"/>
    <property name="user.variant" value=""/>
    <property name="os.name" value="Windows 10"/>
    <property name="classworlds.conf" value="G:\MyWorkspaceAutomation\.metadata\.plugins\org.eclipse.m2e.launching\launches\m2conf8289964785696567652.tmp"/>
    <property name="sun.jnu.encoding" value="Cp1252"/>
    <property name="java.library.path" value="C:\Program Files\Java\jdk1.8.0_101\jre\bin;C:\Windows\Sun\Java\bin;C:\Windows\system32;C:\Windows;C:/Program Files/Java/jre1.8.0_101/bin/server;C:/Program Files/Java/jre1.8.0_101/bin;C:/Program Files/Java/jre1.8.0_101/lib/amd64;C:\ProgramData\Oracle\Java\javapath;C:\Windows\system32;C:\Windows;C:\Windows\System32\Wbem;C:\Windows\System32\WindowsPowerShell\v1.0\;C:\Program Files (x86)\NVIDIA Corporation\PhysX\Common;C:\Program Files\Java\jdk1.8.0_101\bin;E:\Educational\apache-maven-3.6.0\bin;C:\Program Files\Git\cmd;E:\Educational\eclipse-java-photon-R-win32-x86_64\eclipse;;."/>
    <property name="java.specification.name" value="Java Platform API Specification"/>
    <property name="java.class.version" value="52.0"/>
    <property name="sun.management.compiler" value="HotSpot 64-Bit Tiered Compilers"/>
    <property name="os.version" value="10.0"/>
    <property name="user.home" value="C:\Users\nites"/>
    <property name="user.timezone" value="Asia/Calcutta"/>
    <property name="java.awt.printerjob" value="sun.awt.windows.WPrinterJob"/>
    <property name="java.specification.version" value="1.8"/>
    <property name="file.encoding" value="Cp1252"/>
    <property name="user.name" value="nites"/>
    <property name="java.class.path" value="E:\Educational\eclipse-java-photon-R-win32-x86_64\eclipse\plugins\org.eclipse.m2e.maven.runtime_1.9.0.20180606-2035\jars\plexus-classworlds-2.5.2.jar"/>
    <property name="java.vm.specification.version" value="1.8"/>
    <property name="sun.arch.data.model" value="64"/>
    <property name="java.home" value="C:\Program Files\Java\jdk1.8.0_101\jre"/>
    <property name="sun.java.command" value="org.codehaus.plexus.classworlds.launcher.Launcher -B install"/>
    <property name="java.specification.vendor" value="Oracle Corporation"/>
    <property name="user.language" value="en"/>
    <property name="awt.toolkit" value="sun.awt.windows.WToolkit"/>
    <property name="java.vm.info" value="mixed mode"/>
    <property name="java.version" value="1.8.0_101"/>
    <property name="java.ext.dirs" value="C:\Program Files\Java\jdk1.8.0_101\jre\lib\ext;C:\Windows\Sun\Java\lib\ext"/>
    <property name="sun.boot.class.path" value="C:\Program Files\Java\jdk1.8.0_101\jre\lib\resources.jar;C:\Program Files\Java\jdk1.8.0_101\jre\lib\rt.jar;C:\Program Files\Java\jdk1.8.0_101\jre\lib\sunrsasign.jar;C:\Program Files\Java\jdk1.8.0_101\jre\lib\jsse.jar;C:\Program Files\Java\jdk1.8.0_101\jre\lib\jce.jar;C:\Program Files\Java\jdk1.8.0_101\jre\lib\charsets.jar;C:\Program Files\Java\jdk1.8.0_101\jre\lib\jfr.jar;C:\Program Files\Java\jdk1.8.0_101\jre\classes"/>
    <property name="java.vendor" value="Oracle Corporation"/>
    <property name="maven.home" value="H:\MyWorkspace\CRMTest\EMBEDDED"/>
    <property name="file.separator" value="\"/>
    <property name="java.vendor.url.bug" value="http://bugreport.sun.com/bugreport/"/>
    <property name="sun.cpu.endian" value="little"/>
    <property name="sun.io.unicode.encoding" value="UnicodeLittle"/>
    <property name="sun.desktop" value="windows"/>
    <property name="sun.cpu.isalist" value="amd64"/>
  </properties>
  <testcase classname="com.qa.tests.CompanyAndProfileDetailsPageTest" name="verifyCompanyAndProfileDetailsEnteredTest" time="0.158">
    <failure message="Unexpected modal dialog (text: Errors were encountered: 

This username is already in use by another user. Please select a different username.
): Errors were encountered: 

This username is already in use by another user. Please select a different username.

Build info: version: &apos;2.53.1&apos;, revision: &apos;a36b8b1cd5757287168e54b817830adce9b0158d&apos;, time: &apos;2016-06-30 19:26:09&apos;
System info: host: &apos;DESKTOP-MUE1MC5&apos;, ip: &apos;192.168.0.7&apos;, os.name: &apos;Windows 10&apos;, os.arch: &apos;amd64&apos;, os.version: &apos;10.0&apos;, java.version: &apos;1.8.0_101&apos;
Driver info: org.openqa.selenium.firefox.FirefoxDriver
Capabilities [{applicationCacheEnabled=true, rotatable=false, handlesAlerts=true, databaseEnabled=true, version=47.0.2, platform=WINDOWS, nativeEvents=false, acceptSslCerts=true, webStorageEnabled=true, locationContextEnabled=true, browserName=firefox, takesScreenshot=true, javascriptEnabled=true, cssSelectorsEnabled=true}]
Session ID: 5e3bc184-7a33-4897-be3c-42f3725c7fda
*** Element info: {Using=xpath, value=//input[@name=&apos;company_name&apos;]}" type="org.openqa.selenium.UnhandledAlertException">org.openqa.selenium.UnhandledAlertException: Unexpected modal dialog (text: Errors were encountered: 
This username is already in use by another user. Please select a different username.
): Errors were encountered: 
This username is already in use by another user. Please select a different username.
Build info: version: &apos;2.53.1&apos;, revision: &apos;a36b8b1cd5757287168e54b817830adce9b0158d&apos;, time: &apos;2016-06-30 19:26:09&apos;
System info: host: &apos;DESKTOP-MUE1MC5&apos;, ip: &apos;192.168.0.7&apos;, os.name: &apos;Windows 10&apos;, os.arch: &apos;amd64&apos;, os.version: &apos;10.0&apos;, java.version: &apos;1.8.0_101&apos;
Driver info: org.openqa.selenium.firefox.FirefoxDriver
Capabilities [{applicationCacheEnabled=true, rotatable=false, handlesAlerts=true, databaseEnabled=true, version=47.0.2, platform=WINDOWS, nativeEvents=false, acceptSslCerts=true, webStorageEnabled=true, locationContextEnabled=true, browserName=firefox, takesScreenshot=true, javascriptEnabled=true, cssSelectorsEnabled=true}]
Session ID: 5e3bc184-7a33-4897-be3c-42f3725c7fda
*** Element info: {Using=xpath, value=//input[@name=&apos;company_name&apos;]}
	at sun.reflect.NativeConstructorAccessorImpl.newInstance0(Native Method)
	at sun.reflect.NativeConstructorAccessorImpl.newInstance(NativeConstructorAccessorImpl.java:62)
	at sun.reflect.DelegatingConstructorAccessorImpl.newInstance(DelegatingConstructorAccessorImpl.java:45)
	at java.lang.reflect.Constructor.newInstance(Constructor.java:423)
	at org.openqa.selenium.remote.ErrorHandler.createThrowable(ErrorHandler.java:206)
	at org.openqa.selenium.remote.ErrorHandler.createUnhandledAlertException(ErrorHandler.java:187)
	at org.openqa.selenium.remote.ErrorHandler.throwIfResponseFailed(ErrorHandler.java:154)
	at org.openqa.selenium.remote.RemoteWebDriver.execute(RemoteWebDriver.java:678)
	at org.openqa.selenium.remote.RemoteWebDriver.findElement(RemoteWebDriver.java:363)
	at org.openqa.selenium.remote.RemoteWebDriver.findElementByXPath(RemoteWebDriver.java:500)
	at org.openqa.selenium.By$ByXPath.findElement(By.java:361)
	at org.openqa.selenium.remote.RemoteWebDriver.findElement(RemoteWebDriver.java:355)
	at org.openqa.selenium.support.pagefactory.DefaultElementLocator.findElement(DefaultElementLocator.java:69)
	at org.openqa.selenium.support.pagefactory.internal.LocatingElementHandler.invoke(LocatingElementHandler.java:38)
	at com.sun.proxy.$Proxy5.sendKeys(Unknown Source)
	at com.qa.pages.CompanyAndProfileDetailsPage.verifyProfileDataSubmit(CompanyAndProfileDetailsPage.java:48)
	at com.qa.tests.CompanyAndProfileDetailsPageTest.verifyCompanyAndProfileDetailsEnteredTest(CompanyAndProfileDetailsPageTest.java:34)
</failure>
    <system-out>Configuring TestNG with: org.apache.maven.surefire.testng.conf.TestNG652Configurator@12bb4df8
08-01-2019 22:40:02 RequestAddCookies.java DEBUG [Forwarding newSession on session null to remote] protocol.RequestAddCookies 122 - CookieSpec selected: default
08-01-2019 22:40:02 RequestAuthCache.java DEBUG [Forwarding newSession on session null to remote] protocol.RequestAuthCache 76 - Auth cache not set in the context
08-01-2019 22:40:02 PoolingHttpClientConnectionManager.java DEBUG [Forwarding newSession on session null to remote] conn.PoolingHttpClientConnectionManager 249 - Connection request: [route: {}-&gt;http://127.0.0.1:7055][total kept alive: 0; route allocated: 0 of 2000; total allocated: 0 of 2000]
08-01-2019 22:40:02 PoolingHttpClientConnectionManager.java DEBUG [Forwarding newSession on session null to remote] conn.PoolingHttpClientConnectionManager 282 - Connection leased: [id: 0][route: {}-&gt;http://127.0.0.1:7055][total kept alive: 0; route allocated: 1 of 2000; total allocated: 1 of 2000]
08-01-2019 22:40:02 MainClientExec.java DEBUG [Forwarding newSession on session null to remote] execchain.MainClientExec 234 - Opening connection {}-&gt;http://127.0.0.1:7055
08-01-2019 22:40:02 DefaultHttpClientConnectionOperator.java DEBUG [Forwarding newSession on session null to remote] conn.DefaultHttpClientConnectionOperator 131 - Connecting to /127.0.0.1:7055
08-01-2019 22:40:02 DefaultHttpClientConnectionOperator.java DEBUG [Forwarding newSession on session null to remote] conn.DefaultHttpClientConnectionOperator 138 - Connection established 127.0.0.1:56663&lt;-&gt;127.0.0.1:7055
08-01-2019 22:40:02 LoggingManagedHttpClientConnection.java DEBUG [Forwarding newSession on session null to remote] conn.DefaultManagedHttpClientConnection 90 - http-outgoing-0: set socket timeout to 10800000
08-01-2019 22:40:02 MainClientExec.java DEBUG [Forwarding newSession on session null to remote] execchain.MainClientExec 255 - Executing request POST /hub/session HTTP/1.1
08-01-2019 22:40:02 MainClientExec.java DEBUG [Forwarding newSession on session null to remote] execchain.MainClientExec 260 - Target auth state: UNCHALLENGED
08-01-2019 22:40:02 MainClientExec.java DEBUG [Forwarding newSession on session null to remote] execchain.MainClientExec 266 - Proxy auth state: UNCHALLENGED
08-01-2019 22:40:02 LoggingManagedHttpClientConnection.java DEBUG [Forwarding newSession on session null to remote] http.headers 135 - http-outgoing-0 &gt;&gt; POST /hub/session HTTP/1.1
08-01-2019 22:40:02 LoggingManagedHttpClientConnection.java DEBUG [Forwarding newSession on session null to remote] http.headers 138 - http-outgoing-0 &gt;&gt; Content-Type: application/json; charset=utf-8
08-01-2019 22:40:02 LoggingManagedHttpClientConnection.java DEBUG [Forwarding newSession on session null to remote] http.headers 138 - http-outgoing-0 &gt;&gt; Content-Length: 105
08-01-2019 22:40:02 LoggingManagedHttpClientConnection.java DEBUG [Forwarding newSession on session null to remote] http.headers 138 - http-outgoing-0 &gt;&gt; Host: 127.0.0.1:7055
08-01-2019 22:40:02 LoggingManagedHttpClientConnection.java DEBUG [Forwarding newSession on session null to remote] http.headers 138 - http-outgoing-0 &gt;&gt; Connection: Keep-Alive
08-01-2019 22:40:02 LoggingManagedHttpClientConnection.java DEBUG [Forwarding newSession on session null to remote] http.headers 138 - http-outgoing-0 &gt;&gt; User-Agent: Apache-HttpClient/4.5.1 (Java/1.8.0_101)
08-01-2019 22:40:02 LoggingManagedHttpClientConnection.java DEBUG [Forwarding newSession on session null to remote] http.headers 138 - http-outgoing-0 &gt;&gt; Accept-Encoding: gzip,deflate
08-01-2019 22:40:02 Wire.java DEBUG [Forwarding newSession on session null to remote] http.wire 72 - http-outgoing-0 &gt;&gt; &quot;POST /hub/session HTTP/1.1[\r][\n]&quot;
08-01-2019 22:40:02 Wire.java DEBUG [Forwarding newSession on session null to remote] http.wire 72 - http-outgoing-0 &gt;&gt; &quot;Content-Type: application/json; charset=utf-8[\r][\n]&quot;
08-01-2019 22:40:02 Wire.java DEBUG [Forwarding newSession on session null to remote] http.wire 72 - http-outgoing-0 &gt;&gt; &quot;Content-Length: 105[\r][\n]&quot;
08-01-2019 22:40:02 Wire.java DEBUG [Forwarding newSession on session null to remote] http.wire 72 - http-outgoing-0 &gt;&gt; &quot;Host: 127.0.0.1:7055[\r][\n]&quot;
08-01-2019 22:40:02 Wire.java DEBUG [Forwarding newSession on session null to remote] http.wire 72 - http-outgoing-0 &gt;&gt; &quot;Connection: Keep-Alive[\r][\n]&quot;
08-01-2019 22:40:02 Wire.java DEBUG [Forwarding newSession on session null to remote] http.wire 72 - http-outgoing-0 &gt;&gt; &quot;User-Agent: Apache-HttpClient/4.5.1 (Java/1.8.0_101)[\r][\n]&quot;
08-01-2019 22:40:02 Wire.java DEBUG [Forwarding newSession on session null to remote] http.wire 72 - http-outgoing-0 &gt;&gt; &quot;Accept-Encoding: gzip,deflate[\r][\n]&quot;
08-01-2019 22:40:02 Wire.java DEBUG [Forwarding newSession on session null to remote] http.wire 72 - http-outgoing-0 &gt;&gt; &quot;[\r][\n]&quot;
08-01-2019 22:40:02 Wire.java DEBUG [Forwarding newSession on session null to remote] http.wire 86 - http-outgoing-0 &gt;&gt; &quot;{&quot;desiredCapabilities&quot;:{&quot;browserName&quot;:&quot;firefox&quot;,&quot;version&quot;:&quot;&quot;,&quot;platform&quot;:&quot;ANY&quot;},&quot;requiredCapabilities&quot;:{}}&quot;
08-01-2019 22:40:02 Wire.java DEBUG [Forwarding newSession on session null to remote] http.wire 72 - http-outgoing-0 &lt;&lt; &quot;HTTP/1.1 200 OK[\r][\n]&quot;
08-01-2019 22:40:02 Wire.java DEBUG [Forwarding newSession on session null to remote] http.wire 72 - http-outgoing-0 &lt;&lt; &quot;content-type: application/json; charset=UTF-8[\r][\n]&quot;
08-01-2019 22:40:02 Wire.java DEBUG [Forwarding newSession on session null to remote] http.wire 72 - http-outgoing-0 &lt;&lt; &quot;connection: close[\r][\n]&quot;
08-01-2019 22:40:02 Wire.java DEBUG [Forwarding newSession on session null to remote] http.wire 72 - http-outgoing-0 &lt;&lt; &quot;content-length: 423[\r][\n]&quot;
08-01-2019 22:40:02 Wire.java DEBUG [Forwarding newSession on session null to remote] http.wire 72 - http-outgoing-0 &lt;&lt; &quot;server: httpd.js[\r][\n]&quot;
08-01-2019 22:40:02 Wire.java DEBUG [Forwarding newSession on session null to remote] http.wire 72 - http-outgoing-0 &lt;&lt; &quot;date: Thu, 01 Aug 2019 17:10:02 GMT[\r][\n]&quot;
08-01-2019 22:40:02 Wire.java DEBUG [Forwarding newSession on session null to remote] http.wire 72 - http-outgoing-0 &lt;&lt; &quot;[\r][\n]&quot;
08-01-2019 22:40:02 LoggingManagedHttpClientConnection.java DEBUG [Forwarding newSession on session null to remote] http.headers 124 - http-outgoing-0 &lt;&lt; HTTP/1.1 200 OK
08-01-2019 22:40:02 LoggingManagedHttpClientConnection.java DEBUG [Forwarding newSession on session null to remote] http.headers 127 - http-outgoing-0 &lt;&lt; content-type: application/json; charset=UTF-8
08-01-2019 22:40:02 LoggingManagedHttpClientConnection.java DEBUG [Forwarding newSession on session null to remote] http.headers 127 - http-outgoing-0 &lt;&lt; connection: close
08-01-2019 22:40:02 LoggingManagedHttpClientConnection.java DEBUG [Forwarding newSession on session null to remote] http.headers 127 - http-outgoing-0 &lt;&lt; content-length: 423
08-01-2019 22:40:02 LoggingManagedHttpClientConnection.java DEBUG [Forwarding newSession on session null to remote] http.headers 127 - http-outgoing-0 &lt;&lt; server: httpd.js
08-01-2019 22:40:02 LoggingManagedHttpClientConnection.java DEBUG [Forwarding newSession on session null to remote] http.headers 127 - http-outgoing-0 &lt;&lt; date: Thu, 01 Aug 2019 17:10:02 GMT
08-01-2019 22:40:02 Wire.java DEBUG [Forwarding newSession on session null to remote] http.wire 86 - http-outgoing-0 &lt;&lt; &quot;{&quot;name&quot;:&quot;newSession&quot;,&quot;sessionId&quot;:&quot;5e3bc184-7a33-4897-be3c-42f3725c7fda&quot;,&quot;status&quot;:0,&quot;value&quot;:{&quot;cssSelectorsEnabled&quot;:true,&quot;browserName&quot;:&quot;firefox&quot;,&quot;handlesAlerts&quot;:true,&quot;javascriptEnabled&quot;:true,&quot;nativeEvents&quot;:false,&quot;platform&quot;:&quot;WINDOWS&quot;,&quot;rotatable&quot;:false,&quot;takesScreenshot&quot;:true,&quot;version&quot;:&quot;47.0.2&quot;,&quot;webStorageEnabled&quot;:true,&quot;applicationCacheEnabled&quot;:true,&quot;databaseEnabled&quot;:true,&quot;locationContextEnabled&quot;:true,&quot;acceptSslCerts&quot;:true}}&quot;
08-01-2019 22:40:02 LoggingManagedHttpClientConnection.java DEBUG [Forwarding newSession on session null to remote] conn.DefaultManagedHttpClientConnection 81 - http-outgoing-0: Close connection
08-01-2019 22:40:02 ConnectionHolder.java DEBUG [Forwarding newSession on session null to remote] execchain.MainClientExec 103 - Connection discarded
08-01-2019 22:40:02 PoolingHttpClientConnectionManager.java DEBUG [Forwarding newSession on session null to remote] conn.PoolingHttpClientConnectionManager 320 - Connection released: [id: 0][route: {}-&gt;http://127.0.0.1:7055][total kept alive: 0; route allocated: 0 of 2000; total allocated: 0 of 2000]
08-01-2019 22:40:02 RequestAddCookies.java DEBUG [Forwarding maximizeWindow on session 5e3bc184-7a33-4897-be3c-42f3725c7fda to remote] protocol.RequestAddCookies 122 - CookieSpec selected: default
08-01-2019 22:40:02 RequestAuthCache.java DEBUG [Forwarding maximizeWindow on session 5e3bc184-7a33-4897-be3c-42f3725c7fda to remote] protocol.RequestAuthCache 76 - Auth cache not set in the context
08-01-2019 22:40:02 PoolingHttpClientConnectionManager.java DEBUG [Forwarding maximizeWindow on session 5e3bc184-7a33-4897-be3c-42f3725c7fda to remote] conn.PoolingHttpClientConnectionManager 249 - Connection request: [route: {}-&gt;http://127.0.0.1:7055][total kept alive: 0; route allocated: 0 of 2000; total allocated: 0 of 2000]
08-01-2019 22:40:02 PoolingHttpClientConnectionManager.java DEBUG [Forwarding maximizeWindow on session 5e3bc184-7a33-4897-be3c-42f3725c7fda to remote] conn.PoolingHttpClientConnectionManager 282 - Connection leased: [id: 1][route: {}-&gt;http://127.0.0.1:7055][total kept alive: 0; route allocated: 1 of 2000; total allocated: 1 of 2000]
08-01-2019 22:40:02 MainClientExec.java DEBUG [Forwarding maximizeWindow on session 5e3bc184-7a33-4897-be3c-42f3725c7fda to remote] execchain.MainClientExec 234 - Opening connection {}-&gt;http://127.0.0.1:7055
08-01-2019 22:40:02 DefaultHttpClientConnectionOperator.java DEBUG [Forwarding maximizeWindow on session 5e3bc184-7a33-4897-be3c-42f3725c7fda to remote] conn.DefaultHttpClientConnectionOperator 131 - Connecting to /127.0.0.1:7055
08-01-2019 22:40:02 DefaultHttpClientConnectionOperator.java DEBUG [Forwarding maximizeWindow on session 5e3bc184-7a33-4897-be3c-42f3725c7fda to remote] conn.DefaultHttpClientConnectionOperator 138 - Connection established 127.0.0.1:56664&lt;-&gt;127.0.0.1:7055
08-01-2019 22:40:02 LoggingManagedHttpClientConnection.java DEBUG [Forwarding maximizeWindow on session 5e3bc184-7a33-4897-be3c-42f3725c7fda to remote] conn.DefaultManagedHttpClientConnection 90 - http-outgoing-1: set socket timeout to 10800000
08-01-2019 22:40:02 MainClientExec.java DEBUG [Forwarding maximizeWindow on session 5e3bc184-7a33-4897-be3c-42f3725c7fda to remote] execchain.MainClientExec 255 - Executing request POST /hub/session/5e3bc184-7a33-4897-be3c-42f3725c7fda/window/current/maximize HTTP/1.1
08-01-2019 22:40:02 MainClientExec.java DEBUG [Forwarding maximizeWindow on session 5e3bc184-7a33-4897-be3c-42f3725c7fda to remote] execchain.MainClientExec 260 - Target auth state: UNCHALLENGED
08-01-2019 22:40:02 MainClientExec.java DEBUG [Forwarding maximizeWindow on session 5e3bc184-7a33-4897-be3c-42f3725c7fda to remote] execchain.MainClientExec 266 - Proxy auth state: UNCHALLENGED
08-01-2019 22:40:02 LoggingManagedHttpClientConnection.java DEBUG [Forwarding maximizeWindow on session 5e3bc184-7a33-4897-be3c-42f3725c7fda to remote] http.headers 135 - http-outgoing-1 &gt;&gt; POST /hub/session/5e3bc184-7a33-4897-be3c-42f3725c7fda/window/current/maximize HTTP/1.1
08-01-2019 22:40:02 LoggingManagedHttpClientConnection.java DEBUG [Forwarding maximizeWindow on session 5e3bc184-7a33-4897-be3c-42f3725c7fda to remote] http.headers 138 - http-outgoing-1 &gt;&gt; Content-Type: application/json; charset=utf-8
08-01-2019 22:40:02 LoggingManagedHttpClientConnection.java DEBUG [Forwarding maximizeWindow on session 5e3bc184-7a33-4897-be3c-42f3725c7fda to remote] http.headers 138 - http-outgoing-1 &gt;&gt; Content-Length: 26
08-01-2019 22:40:02 LoggingManagedHttpClientConnection.java DEBUG [Forwarding maximizeWindow on session 5e3bc184-7a33-4897-be3c-42f3725c7fda to remote] http.headers 138 - http-outgoing-1 &gt;&gt; Host: 127.0.0.1:7055
08-01-2019 22:40:02 LoggingManagedHttpClientConnection.java DEBUG [Forwarding maximizeWindow on session 5e3bc184-7a33-4897-be3c-42f3725c7fda to remote] http.headers 138 - http-outgoing-1 &gt;&gt; Connection: Keep-Alive
08-01-2019 22:40:02 LoggingManagedHttpClientConnection.java DEBUG [Forwarding maximizeWindow on session 5e3bc184-7a33-4897-be3c-42f3725c7fda to remote] http.headers 138 - http-outgoing-1 &gt;&gt; User-Agent: Apache-HttpClient/4.5.1 (Java/1.8.0_101)
08-01-2019 22:40:02 LoggingManagedHttpClientConnection.java DEBUG [Forwarding maximizeWindow on session 5e3bc184-7a33-4897-be3c-42f3725c7fda to remote] http.headers 138 - http-outgoing-1 &gt;&gt; Accept-Encoding: gzip,deflate
08-01-2019 22:40:02 Wire.java DEBUG [Forwarding maximizeWindow on session 5e3bc184-7a33-4897-be3c-42f3725c7fda to remote] http.wire 72 - http-outgoing-1 &gt;&gt; &quot;POST /hub/session/5e3bc184-7a33-4897-be3c-42f3725c7fda/window/current/maximize HTTP/1.1[\r][\n]&quot;
08-01-2019 22:40:02 Wire.java DEBUG [Forwarding maximizeWindow on session 5e3bc184-7a33-4897-be3c-42f3725c7fda to remote] http.wire 72 - http-outgoing-1 &gt;&gt; &quot;Content-Type: application/json; charset=utf-8[\r][\n]&quot;
08-01-2019 22:40:02 Wire.java DEBUG [Forwarding maximizeWindow on session 5e3bc184-7a33-4897-be3c-42f3725c7fda to remote] http.wire 72 - http-outgoing-1 &gt;&gt; &quot;Content-Length: 26[\r][\n]&quot;
08-01-2019 22:40:02 Wire.java DEBUG [Forwarding maximizeWindow on session 5e3bc184-7a33-4897-be3c-42f3725c7fda to remote] http.wire 72 - http-outgoing-1 &gt;&gt; &quot;Host: 127.0.0.1:7055[\r][\n]&quot;
08-01-2019 22:40:02 Wire.java DEBUG [Forwarding maximizeWindow on session 5e3bc184-7a33-4897-be3c-42f3725c7fda to remote] http.wire 72 - http-outgoing-1 &gt;&gt; &quot;Connection: Keep-Alive[\r][\n]&quot;
08-01-2019 22:40:02 Wire.java DEBUG [Forwarding maximizeWindow on session 5e3bc184-7a33-4897-be3c-42f3725c7fda to remote] http.wire 72 - http-outgoing-1 &gt;&gt; &quot;User-Agent: Apache-HttpClient/4.5.1 (Java/1.8.0_101)[\r][\n]&quot;
08-01-2019 22:40:02 Wire.java DEBUG [Forwarding maximizeWindow on session 5e3bc184-7a33-4897-be3c-42f3725c7fda to remote] http.wire 72 - http-outgoing-1 &gt;&gt; &quot;Accept-Encoding: gzip,deflate[\r][\n]&quot;
08-01-2019 22:40:02 Wire.java DEBUG [Forwarding maximizeWindow on session 5e3bc184-7a33-4897-be3c-42f3725c7fda to remote] http.wire 72 - http-outgoing-1 &gt;&gt; &quot;[\r][\n]&quot;
08-01-2019 22:40:02 Wire.java DEBUG [Forwarding maximizeWindow on session 5e3bc184-7a33-4897-be3c-42f3725c7fda to remote] http.wire 86 - http-outgoing-1 &gt;&gt; &quot;{&quot;windowHandle&quot;:&quot;current&quot;}&quot;
08-01-2019 22:40:02 Wire.java DEBUG [Forwarding maximizeWindow on session 5e3bc184-7a33-4897-be3c-42f3725c7fda to remote] http.wire 72 - http-outgoing-1 &lt;&lt; &quot;HTTP/1.1 200 OK[\r][\n]&quot;
08-01-2019 22:40:02 Wire.java DEBUG [Forwarding maximizeWindow on session 5e3bc184-7a33-4897-be3c-42f3725c7fda to remote] http.wire 72 - http-outgoing-1 &lt;&lt; &quot;content-type: application/json; charset=UTF-8[\r][\n]&quot;
08-01-2019 22:40:02 Wire.java DEBUG [Forwarding maximizeWindow on session 5e3bc184-7a33-4897-be3c-42f3725c7fda to remote] http.wire 72 - http-outgoing-1 &lt;&lt; &quot;connection: close[\r][\n]&quot;
08-01-2019 22:40:02 Wire.java DEBUG [Forwarding maximizeWindow on session 5e3bc184-7a33-4897-be3c-42f3725c7fda to remote] http.wire 72 - http-outgoing-1 &lt;&lt; &quot;content-length: 98[\r][\n]&quot;
08-01-2019 22:40:02 Wire.java DEBUG [Forwarding maximizeWindow on session 5e3bc184-7a33-4897-be3c-42f3725c7fda to remote] http.wire 72 - http-outgoing-1 &lt;&lt; &quot;server: httpd.js[\r][\n]&quot;
08-01-2019 22:40:02 Wire.java DEBUG [Forwarding maximizeWindow on session 5e3bc184-7a33-4897-be3c-42f3725c7fda to remote] http.wire 72 - http-outgoing-1 &lt;&lt; &quot;date: Thu, 01 Aug 2019 17:10:02 GMT[\r][\n]&quot;
08-01-2019 22:40:02 Wire.java DEBUG [Forwarding maximizeWindow on session 5e3bc184-7a33-4897-be3c-42f3725c7fda to remote] http.wire 72 - http-outgoing-1 &lt;&lt; &quot;[\r][\n]&quot;
08-01-2019 22:40:02 LoggingManagedHttpClientConnection.java DEBUG [Forwarding maximizeWindow on session 5e3bc184-7a33-4897-be3c-42f3725c7fda to remote] http.headers 124 - http-outgoing-1 &lt;&lt; HTTP/1.1 200 OK
08-01-2019 22:40:02 LoggingManagedHttpClientConnection.java DEBUG [Forwarding maximizeWindow on session 5e3bc184-7a33-4897-be3c-42f3725c7fda to remote] http.headers 127 - http-outgoing-1 &lt;&lt; content-type: application/json; charset=UTF-8
08-01-2019 22:40:02 LoggingManagedHttpClientConnection.java DEBUG [Forwarding maximizeWindow on session 5e3bc184-7a33-4897-be3c-42f3725c7fda to remote] http.headers 127 - http-outgoing-1 &lt;&lt; connection: close
08-01-2019 22:40:02 LoggingManagedHttpClientConnection.java DEBUG [Forwarding maximizeWindow on session 5e3bc184-7a33-4897-be3c-42f3725c7fda to remote] http.headers 127 - http-outgoing-1 &lt;&lt; content-length: 98
08-01-2019 22:40:02 LoggingManagedHttpClientConnection.java DEBUG [Forwarding maximizeWindow on session 5e3bc184-7a33-4897-be3c-42f3725c7fda to remote] http.headers 127 - http-outgoing-1 &lt;&lt; server: httpd.js
08-01-2019 22:40:02 LoggingManagedHttpClientConnection.java DEBUG [Forwarding maximizeWindow on session 5e3bc184-7a33-4897-be3c-42f3725c7fda to remote] http.headers 127 - http-outgoing-1 &lt;&lt; date: Thu, 01 Aug 2019 17:10:02 GMT
08-01-2019 22:40:02 Wire.java DEBUG [Forwarding maximizeWindow on session 5e3bc184-7a33-4897-be3c-42f3725c7fda to remote] http.wire 86 - http-outgoing-1 &lt;&lt; &quot;{&quot;name&quot;:&quot;maximizeWindow&quot;,&quot;sessionId&quot;:&quot;5e3bc184-7a33-4897-be3c-42f3725c7fda&quot;,&quot;status&quot;:0,&quot;value&quot;:&quot;&quot;}&quot;
08-01-2019 22:40:02 LoggingManagedHttpClientConnection.java DEBUG [Forwarding maximizeWindow on session 5e3bc184-7a33-4897-be3c-42f3725c7fda to remote] conn.DefaultManagedHttpClientConnection 81 - http-outgoing-1: Close connection
08-01-2019 22:40:02 ConnectionHolder.java DEBUG [Forwarding maximizeWindow on session 5e3bc184-7a33-4897-be3c-42f3725c7fda to remote] execchain.MainClientExec 103 - Connection discarded
08-01-2019 22:40:02 PoolingHttpClientConnectionManager.java DEBUG [Forwarding maximizeWindow on session 5e3bc184-7a33-4897-be3c-42f3725c7fda to remote] conn.PoolingHttpClientConnectionManager 320 - Connection released: [id: 1][route: {}-&gt;http://127.0.0.1:7055][total kept alive: 0; route allocated: 0 of 2000; total allocated: 0 of 2000]
08-01-2019 22:40:02 RequestAddCookies.java DEBUG [Forwarding setTimeout on session 5e3bc184-7a33-4897-be3c-42f3725c7fda to remote] protocol.RequestAddCookies 122 - CookieSpec selected: default
08-01-2019 22:40:02 RequestAuthCache.java DEBUG [Forwarding setTimeout on session 5e3bc184-7a33-4897-be3c-42f3725c7fda to remote] protocol.RequestAuthCache 76 - Auth cache not set in the context
08-01-2019 22:40:02 PoolingHttpClientConnectionManager.java DEBUG [Forwarding setTimeout on session 5e3bc184-7a33-4897-be3c-42f3725c7fda to remote] conn.PoolingHttpClientConnectionManager 249 - Connection request: [route: {}-&gt;http://127.0.0.1:7055][total kept alive: 0; route allocated: 0 of 2000; total allocated: 0 of 2000]
08-01-2019 22:40:02 PoolingHttpClientConnectionManager.java DEBUG [Forwarding setTimeout on session 5e3bc184-7a33-4897-be3c-42f3725c7fda to remote] conn.PoolingHttpClientConnectionManager 282 - Connection leased: [id: 2][route: {}-&gt;http://127.0.0.1:7055][total kept alive: 0; route allocated: 1 of 2000; total allocated: 1 of 2000]
08-01-2019 22:40:02 MainClientExec.java DEBUG [Forwarding setTimeout on session 5e3bc184-7a33-4897-be3c-42f3725c7fda to remote] execchain.MainClientExec 234 - Opening connection {}-&gt;http://127.0.0.1:7055
08-01-2019 22:40:02 DefaultHttpClientConnectionOperator.java DEBUG [Forwarding setTimeout on session 5e3bc184-7a33-4897-be3c-42f3725c7fda to remote] conn.DefaultHttpClientConnectionOperator 131 - Connecting to /127.0.0.1:7055
08-01-2019 22:40:02 DefaultHttpClientConnectionOperator.java DEBUG [Forwarding setTimeout on session 5e3bc184-7a33-4897-be3c-42f3725c7fda to remote] conn.DefaultHttpClientConnectionOperator 138 - Connection established 127.0.0.1:56665&lt;-&gt;127.0.0.1:7055
08-01-2019 22:40:02 LoggingManagedHttpClientConnection.java DEBUG [Forwarding setTimeout on session 5e3bc184-7a33-4897-be3c-42f3725c7fda to remote] conn.DefaultManagedHttpClientConnection 90 - http-outgoing-2: set socket timeout to 10800000
08-01-2019 22:40:02 MainClientExec.java DEBUG [Forwarding setTimeout on session 5e3bc184-7a33-4897-be3c-42f3725c7fda to remote] execchain.MainClientExec 255 - Executing request POST /hub/session/5e3bc184-7a33-4897-be3c-42f3725c7fda/timeouts HTTP/1.1
08-01-2019 22:40:02 MainClientExec.java DEBUG [Forwarding setTimeout on session 5e3bc184-7a33-4897-be3c-42f3725c7fda to remote] execchain.MainClientExec 260 - Target auth state: UNCHALLENGED
08-01-2019 22:40:02 MainClientExec.java DEBUG [Forwarding setTimeout on session 5e3bc184-7a33-4897-be3c-42f3725c7fda to remote] execchain.MainClientExec 266 - Proxy auth state: UNCHALLENGED
08-01-2019 22:40:02 LoggingManagedHttpClientConnection.java DEBUG [Forwarding setTimeout on session 5e3bc184-7a33-4897-be3c-42f3725c7fda to remote] http.headers 135 - http-outgoing-2 &gt;&gt; POST /hub/session/5e3bc184-7a33-4897-be3c-42f3725c7fda/timeouts HTTP/1.1
08-01-2019 22:40:02 LoggingManagedHttpClientConnection.java DEBUG [Forwarding setTimeout on session 5e3bc184-7a33-4897-be3c-42f3725c7fda to remote] http.headers 138 - http-outgoing-2 &gt;&gt; Content-Type: application/json; charset=utf-8
08-01-2019 22:40:02 LoggingManagedHttpClientConnection.java DEBUG [Forwarding setTimeout on session 5e3bc184-7a33-4897-be3c-42f3725c7fda to remote] http.headers 138 - http-outgoing-2 &gt;&gt; Content-Length: 31
08-01-2019 22:40:02 LoggingManagedHttpClientConnection.java DEBUG [Forwarding setTimeout on session 5e3bc184-7a33-4897-be3c-42f3725c7fda to remote] http.headers 138 - http-outgoing-2 &gt;&gt; Host: 127.0.0.1:7055
08-01-2019 22:40:02 LoggingManagedHttpClientConnection.java DEBUG [Forwarding setTimeout on session 5e3bc184-7a33-4897-be3c-42f3725c7fda to remote] http.headers 138 - http-outgoing-2 &gt;&gt; Connection: Keep-Alive
08-01-2019 22:40:02 LoggingManagedHttpClientConnection.java DEBUG [Forwarding setTimeout on session 5e3bc184-7a33-4897-be3c-42f3725c7fda to remote] http.headers 138 - http-outgoing-2 &gt;&gt; User-Agent: Apache-HttpClient/4.5.1 (Java/1.8.0_101)
08-01-2019 22:40:02 LoggingManagedHttpClientConnection.java DEBUG [Forwarding setTimeout on session 5e3bc184-7a33-4897-be3c-42f3725c7fda to remote] http.headers 138 - http-outgoing-2 &gt;&gt; Accept-Encoding: gzip,deflate
08-01-2019 22:40:02 Wire.java DEBUG [Forwarding setTimeout on session 5e3bc184-7a33-4897-be3c-42f3725c7fda to remote] http.wire 72 - http-outgoing-2 &gt;&gt; &quot;POST /hub/session/5e3bc184-7a33-4897-be3c-42f3725c7fda/timeouts HTTP/1.1[\r][\n]&quot;
08-01-2019 22:40:02 Wire.java DEBUG [Forwarding setTimeout on session 5e3bc184-7a33-4897-be3c-42f3725c7fda to remote] http.wire 72 - http-outgoing-2 &gt;&gt; &quot;Content-Type: application/json; charset=utf-8[\r][\n]&quot;
08-01-2019 22:40:02 Wire.java DEBUG [Forwarding setTimeout on session 5e3bc184-7a33-4897-be3c-42f3725c7fda to remote] http.wire 72 - http-outgoing-2 &gt;&gt; &quot;Content-Length: 31[\r][\n]&quot;
08-01-2019 22:40:02 Wire.java DEBUG [Forwarding setTimeout on session 5e3bc184-7a33-4897-be3c-42f3725c7fda to remote] http.wire 72 - http-outgoing-2 &gt;&gt; &quot;Host: 127.0.0.1:7055[\r][\n]&quot;
08-01-2019 22:40:02 Wire.java DEBUG [Forwarding setTimeout on session 5e3bc184-7a33-4897-be3c-42f3725c7fda to remote] http.wire 72 - http-outgoing-2 &gt;&gt; &quot;Connection: Keep-Alive[\r][\n]&quot;
08-01-2019 22:40:02 Wire.java DEBUG [Forwarding setTimeout on session 5e3bc184-7a33-4897-be3c-42f3725c7fda to remote] http.wire 72 - http-outgoing-2 &gt;&gt; &quot;User-Agent: Apache-HttpClient/4.5.1 (Java/1.8.0_101)[\r][\n]&quot;
08-01-2019 22:40:02 Wire.java DEBUG [Forwarding setTimeout on session 5e3bc184-7a33-4897-be3c-42f3725c7fda to remote] http.wire 72 - http-outgoing-2 &gt;&gt; &quot;Accept-Encoding: gzip,deflate[\r][\n]&quot;
08-01-2019 22:40:02 Wire.java DEBUG [Forwarding setTimeout on session 5e3bc184-7a33-4897-be3c-42f3725c7fda to remote] http.wire 72 - http-outgoing-2 &gt;&gt; &quot;[\r][\n]&quot;
08-01-2019 22:40:02 Wire.java DEBUG [Forwarding setTimeout on session 5e3bc184-7a33-4897-be3c-42f3725c7fda to remote] http.wire 86 - http-outgoing-2 &gt;&gt; &quot;{&quot;type&quot;:&quot;page load&quot;,&quot;ms&quot;:20000}&quot;
08-01-2019 22:40:02 Wire.java DEBUG [Forwarding setTimeout on session 5e3bc184-7a33-4897-be3c-42f3725c7fda to remote] http.wire 72 - http-outgoing-2 &lt;&lt; &quot;HTTP/1.1 200 OK[\r][\n]&quot;
08-01-2019 22:40:02 Wire.java DEBUG [Forwarding setTimeout on session 5e3bc184-7a33-4897-be3c-42f3725c7fda to remote] http.wire 72 - http-outgoing-2 &lt;&lt; &quot;content-type: application/json; charset=UTF-8[\r][\n]&quot;
08-01-2019 22:40:02 Wire.java DEBUG [Forwarding setTimeout on session 5e3bc184-7a33-4897-be3c-42f3725c7fda to remote] http.wire 72 - http-outgoing-2 &lt;&lt; &quot;connection: close[\r][\n]&quot;
08-01-2019 22:40:02 Wire.java DEBUG [Forwarding setTimeout on session 5e3bc184-7a33-4897-be3c-42f3725c7fda to remote] http.wire 72 - http-outgoing-2 &lt;&lt; &quot;content-length: 94[\r][\n]&quot;
08-01-2019 22:40:02 Wire.java DEBUG [Forwarding setTimeout on session 5e3bc184-7a33-4897-be3c-42f3725c7fda to remote] http.wire 72 - http-outgoing-2 &lt;&lt; &quot;server: httpd.js[\r][\n]&quot;
08-01-2019 22:40:02 Wire.java DEBUG [Forwarding setTimeout on session 5e3bc184-7a33-4897-be3c-42f3725c7fda to remote] http.wire 72 - http-outgoing-2 &lt;&lt; &quot;date: Thu, 01 Aug 2019 17:10:02 GMT[\r][\n]&quot;
08-01-2019 22:40:02 Wire.java DEBUG [Forwarding setTimeout on session 5e3bc184-7a33-4897-be3c-42f3725c7fda to remote] http.wire 72 - http-outgoing-2 &lt;&lt; &quot;[\r][\n]&quot;
08-01-2019 22:40:02 LoggingManagedHttpClientConnection.java DEBUG [Forwarding setTimeout on session 5e3bc184-7a33-4897-be3c-42f3725c7fda to remote] http.headers 124 - http-outgoing-2 &lt;&lt; HTTP/1.1 200 OK
08-01-2019 22:40:02 LoggingManagedHttpClientConnection.java DEBUG [Forwarding setTimeout on session 5e3bc184-7a33-4897-be3c-42f3725c7fda to remote] http.headers 127 - http-outgoing-2 &lt;&lt; content-type: application/json; charset=UTF-8
08-01-2019 22:40:02 LoggingManagedHttpClientConnection.java DEBUG [Forwarding setTimeout on session 5e3bc184-7a33-4897-be3c-42f3725c7fda to remote] http.headers 127 - http-outgoing-2 &lt;&lt; connection: close
08-01-2019 22:40:02 LoggingManagedHttpClientConnection.java DEBUG [Forwarding setTimeout on session 5e3bc184-7a33-4897-be3c-42f3725c7fda to remote] http.headers 127 - http-outgoing-2 &lt;&lt; content-length: 94
08-01-2019 22:40:02 LoggingManagedHttpClientConnection.java DEBUG [Forwarding setTimeout on session 5e3bc184-7a33-4897-be3c-42f3725c7fda to remote] http.headers 127 - http-outgoing-2 &lt;&lt; server: httpd.js
08-01-2019 22:40:02 LoggingManagedHttpClientConnection.java DEBUG [Forwarding setTimeout on session 5e3bc184-7a33-4897-be3c-42f3725c7fda to remote] http.headers 127 - http-outgoing-2 &lt;&lt; date: Thu, 01 Aug 2019 17:10:02 GMT
08-01-2019 22:40:02 Wire.java DEBUG [Forwarding setTimeout on session 5e3bc184-7a33-4897-be3c-42f3725c7fda to remote] http.wire 86 - http-outgoing-2 &lt;&lt; &quot;{&quot;name&quot;:&quot;setTimeout&quot;,&quot;sessionId&quot;:&quot;5e3bc184-7a33-4897-be3c-42f3725c7fda&quot;,&quot;status&quot;:0,&quot;value&quot;:&quot;&quot;}&quot;
08-01-2019 22:40:02 LoggingManagedHttpClientConnection.java DEBUG [Forwarding setTimeout on session 5e3bc184-7a33-4897-be3c-42f3725c7fda to remote] conn.DefaultManagedHttpClientConnection 81 - http-outgoing-2: Close connection
08-01-2019 22:40:02 ConnectionHolder.java DEBUG [Forwarding setTimeout on session 5e3bc184-7a33-4897-be3c-42f3725c7fda to remote] execchain.MainClientExec 103 - Connection discarded
08-01-2019 22:40:02 PoolingHttpClientConnectionManager.java DEBUG [Forwarding setTimeout on session 5e3bc184-7a33-4897-be3c-42f3725c7fda to remote] conn.PoolingHttpClientConnectionManager 320 - Connection released: [id: 2][route: {}-&gt;http://127.0.0.1:7055][total kept alive: 0; route allocated: 0 of 2000; total allocated: 0 of 2000]
08-01-2019 22:40:02 RequestAddCookies.java DEBUG [Forwarding setTimeout on session 5e3bc184-7a33-4897-be3c-42f3725c7fda to remote] protocol.RequestAddCookies 122 - CookieSpec selected: default
08-01-2019 22:40:02 RequestAuthCache.java DEBUG [Forwarding setTimeout on session 5e3bc184-7a33-4897-be3c-42f3725c7fda to remote] protocol.RequestAuthCache 76 - Auth cache not set in the context
08-01-2019 22:40:02 PoolingHttpClientConnectionManager.java DEBUG [Forwarding setTimeout on session 5e3bc184-7a33-4897-be3c-42f3725c7fda to remote] conn.PoolingHttpClientConnectionManager 249 - Connection request: [route: {}-&gt;http://127.0.0.1:7055][total kept alive: 0; route allocated: 0 of 2000; total allocated: 0 of 2000]
08-01-2019 22:40:02 PoolingHttpClientConnectionManager.java DEBUG [Forwarding setTimeout on session 5e3bc184-7a33-4897-be3c-42f3725c7fda to remote] conn.PoolingHttpClientConnectionManager 282 - Connection leased: [id: 3][route: {}-&gt;http://127.0.0.1:7055][total kept alive: 0; route allocated: 1 of 2000; total allocated: 1 of 2000]
08-01-2019 22:40:02 MainClientExec.java DEBUG [Forwarding setTimeout on session 5e3bc184-7a33-4897-be3c-42f3725c7fda to remote] execchain.MainClientExec 234 - Opening connection {}-&gt;http://127.0.0.1:7055
08-01-2019 22:40:02 DefaultHttpClientConnectionOperator.java DEBUG [Forwarding setTimeout on session 5e3bc184-7a33-4897-be3c-42f3725c7fda to remote] conn.DefaultHttpClientConnectionOperator 131 - Connecting to /127.0.0.1:7055
08-01-2019 22:40:02 DefaultHttpClientConnectionOperator.java DEBUG [Forwarding setTimeout on session 5e3bc184-7a33-4897-be3c-42f3725c7fda to remote] conn.DefaultHttpClientConnectionOperator 138 - Connection established 127.0.0.1:56666&lt;-&gt;127.0.0.1:7055
08-01-2019 22:40:02 LoggingManagedHttpClientConnection.java DEBUG [Forwarding setTimeout on session 5e3bc184-7a33-4897-be3c-42f3725c7fda to remote] conn.DefaultManagedHttpClientConnection 90 - http-outgoing-3: set socket timeout to 10800000
08-01-2019 22:40:02 MainClientExec.java DEBUG [Forwarding setTimeout on session 5e3bc184-7a33-4897-be3c-42f3725c7fda to remote] execchain.MainClientExec 255 - Executing request POST /hub/session/5e3bc184-7a33-4897-be3c-42f3725c7fda/timeouts HTTP/1.1
08-01-2019 22:40:02 MainClientExec.java DEBUG [Forwarding setTimeout on session 5e3bc184-7a33-4897-be3c-42f3725c7fda to remote] execchain.MainClientExec 260 - Target auth state: UNCHALLENGED
08-01-2019 22:40:02 MainClientExec.java DEBUG [Forwarding setTimeout on session 5e3bc184-7a33-4897-be3c-42f3725c7fda to remote] execchain.MainClientExec 266 - Proxy auth state: UNCHALLENGED
08-01-2019 22:40:02 LoggingManagedHttpClientConnection.java DEBUG [Forwarding setTimeout on session 5e3bc184-7a33-4897-be3c-42f3725c7fda to remote] http.headers 135 - http-outgoing-3 &gt;&gt; POST /hub/session/5e3bc184-7a33-4897-be3c-42f3725c7fda/timeouts HTTP/1.1
08-01-2019 22:40:02 LoggingManagedHttpClientConnection.java DEBUG [Forwarding setTimeout on session 5e3bc184-7a33-4897-be3c-42f3725c7fda to remote] http.headers 138 - http-outgoing-3 &gt;&gt; Content-Type: application/json; charset=utf-8
08-01-2019 22:40:02 LoggingManagedHttpClientConnection.java DEBUG [Forwarding setTimeout on session 5e3bc184-7a33-4897-be3c-42f3725c7fda to remote] http.headers 138 - http-outgoing-3 &gt;&gt; Content-Length: 30
08-01-2019 22:40:02 LoggingManagedHttpClientConnection.java DEBUG [Forwarding setTimeout on session 5e3bc184-7a33-4897-be3c-42f3725c7fda to remote] http.headers 138 - http-outgoing-3 &gt;&gt; Host: 127.0.0.1:7055
08-01-2019 22:40:02 LoggingManagedHttpClientConnection.java DEBUG [Forwarding setTimeout on session 5e3bc184-7a33-4897-be3c-42f3725c7fda to remote] http.headers 138 - http-outgoing-3 &gt;&gt; Connection: Keep-Alive
08-01-2019 22:40:02 LoggingManagedHttpClientConnection.java DEBUG [Forwarding setTimeout on session 5e3bc184-7a33-4897-be3c-42f3725c7fda to remote] http.headers 138 - http-outgoing-3 &gt;&gt; User-Agent: Apache-HttpClient/4.5.1 (Java/1.8.0_101)
08-01-2019 22:40:02 LoggingManagedHttpClientConnection.java DEBUG [Forwarding setTimeout on session 5e3bc184-7a33-4897-be3c-42f3725c7fda to remote] http.headers 138 - http-outgoing-3 &gt;&gt; Accept-Encoding: gzip,deflate
08-01-2019 22:40:02 Wire.java DEBUG [Forwarding setTimeout on session 5e3bc184-7a33-4897-be3c-42f3725c7fda to remote] http.wire 72 - http-outgoing-3 &gt;&gt; &quot;POST /hub/session/5e3bc184-7a33-4897-be3c-42f3725c7fda/timeouts HTTP/1.1[\r][\n]&quot;
08-01-2019 22:40:02 Wire.java DEBUG [Forwarding setTimeout on session 5e3bc184-7a33-4897-be3c-42f3725c7fda to remote] http.wire 72 - http-outgoing-3 &gt;&gt; &quot;Content-Type: application/json; charset=utf-8[\r][\n]&quot;
08-01-2019 22:40:02 Wire.java DEBUG [Forwarding setTimeout on session 5e3bc184-7a33-4897-be3c-42f3725c7fda to remote] http.wire 72 - http-outgoing-3 &gt;&gt; &quot;Content-Length: 30[\r][\n]&quot;
08-01-2019 22:40:02 Wire.java DEBUG [Forwarding setTimeout on session 5e3bc184-7a33-4897-be3c-42f3725c7fda to remote] http.wire 72 - http-outgoing-3 &gt;&gt; &quot;Host: 127.0.0.1:7055[\r][\n]&quot;
08-01-2019 22:40:02 Wire.java DEBUG [Forwarding setTimeout on session 5e3bc184-7a33-4897-be3c-42f3725c7fda to remote] http.wire 72 - http-outgoing-3 &gt;&gt; &quot;Connection: Keep-Alive[\r][\n]&quot;
08-01-2019 22:40:02 Wire.java DEBUG [Forwarding setTimeout on session 5e3bc184-7a33-4897-be3c-42f3725c7fda to remote] http.wire 72 - http-outgoing-3 &gt;&gt; &quot;User-Agent: Apache-HttpClient/4.5.1 (Java/1.8.0_101)[\r][\n]&quot;
08-01-2019 22:40:02 Wire.java DEBUG [Forwarding setTimeout on session 5e3bc184-7a33-4897-be3c-42f3725c7fda to remote] http.wire 72 - http-outgoing-3 &gt;&gt; &quot;Accept-Encoding: gzip,deflate[\r][\n]&quot;
08-01-2019 22:40:02 Wire.java DEBUG [Forwarding setTimeout on session 5e3bc184-7a33-4897-be3c-42f3725c7fda to remote] http.wire 72 - http-outgoing-3 &gt;&gt; &quot;[\r][\n]&quot;
08-01-2019 22:40:02 Wire.java DEBUG [Forwarding setTimeout on session 5e3bc184-7a33-4897-be3c-42f3725c7fda to remote] http.wire 86 - http-outgoing-3 &gt;&gt; &quot;{&quot;type&quot;:&quot;implicit&quot;,&quot;ms&quot;:20000}&quot;
08-01-2019 22:40:02 Wire.java DEBUG [Forwarding setTimeout on session 5e3bc184-7a33-4897-be3c-42f3725c7fda to remote] http.wire 72 - http-outgoing-3 &lt;&lt; &quot;HTTP/1.1 200 OK[\r][\n]&quot;
08-01-2019 22:40:02 Wire.java DEBUG [Forwarding setTimeout on session 5e3bc184-7a33-4897-be3c-42f3725c7fda to remote] http.wire 72 - http-outgoing-3 &lt;&lt; &quot;content-type: application/json; charset=UTF-8[\r][\n]&quot;
08-01-2019 22:40:02 Wire.java DEBUG [Forwarding setTimeout on session 5e3bc184-7a33-4897-be3c-42f3725c7fda to remote] http.wire 72 - http-outgoing-3 &lt;&lt; &quot;connection: close[\r][\n]&quot;
08-01-2019 22:40:02 Wire.java DEBUG [Forwarding setTimeout on session 5e3bc184-7a33-4897-be3c-42f3725c7fda to remote] http.wire 72 - http-outgoing-3 &lt;&lt; &quot;content-length: 94[\r][\n]&quot;
08-01-2019 22:40:02 Wire.java DEBUG [Forwarding setTimeout on session 5e3bc184-7a33-4897-be3c-42f3725c7fda to remote] http.wire 72 - http-outgoing-3 &lt;&lt; &quot;server: httpd.js[\r][\n]&quot;
08-01-2019 22:40:02 Wire.java DEBUG [Forwarding setTimeout on session 5e3bc184-7a33-4897-be3c-42f3725c7fda to remote] http.wire 72 - http-outgoing-3 &lt;&lt; &quot;date: Thu, 01 Aug 2019 17:10:02 GMT[\r][\n]&quot;
08-01-2019 22:40:02 Wire.java DEBUG [Forwarding setTimeout on session 5e3bc184-7a33-4897-be3c-42f3725c7fda to remote] http.wire 72 - http-outgoing-3 &lt;&lt; &quot;[\r][\n]&quot;
08-01-2019 22:40:02 LoggingManagedHttpClientConnection.java DEBUG [Forwarding setTimeout on session 5e3bc184-7a33-4897-be3c-42f3725c7fda to remote] http.headers 124 - http-outgoing-3 &lt;&lt; HTTP/1.1 200 OK
08-01-2019 22:40:02 LoggingManagedHttpClientConnection.java DEBUG [Forwarding setTimeout on session 5e3bc184-7a33-4897-be3c-42f3725c7fda to remote] http.headers 127 - http-outgoing-3 &lt;&lt; content-type: application/json; charset=UTF-8
08-01-2019 22:40:02 LoggingManagedHttpClientConnection.java DEBUG [Forwarding setTimeout on session 5e3bc184-7a33-4897-be3c-42f3725c7fda to remote] http.headers 127 - http-outgoing-3 &lt;&lt; connection: close
08-01-2019 22:40:02 LoggingManagedHttpClientConnection.java DEBUG [Forwarding setTimeout on session 5e3bc184-7a33-4897-be3c-42f3725c7fda to remote] http.headers 127 - http-outgoing-3 &lt;&lt; content-length: 94
08-01-2019 22:40:02 LoggingManagedHttpClientConnection.java DEBUG [Forwarding setTimeout on session 5e3bc184-7a33-4897-be3c-42f3725c7fda to remote] http.headers 127 - http-outgoing-3 &lt;&lt; server: httpd.js
08-01-2019 22:40:02 LoggingManagedHttpClientConnection.java DEBUG [Forwarding setTimeout on session 5e3bc184-7a33-4897-be3c-42f3725c7fda to remote] http.headers 127 - http-outgoing-3 &lt;&lt; date: Thu, 01 Aug 2019 17:10:02 GMT
08-01-2019 22:40:02 Wire.java DEBUG [Forwarding setTimeout on session 5e3bc184-7a33-4897-be3c-42f3725c7fda to remote] http.wire 86 - http-outgoing-3 &lt;&lt; &quot;{&quot;name&quot;:&quot;setTimeout&quot;,&quot;sessionId&quot;:&quot;5e3bc184-7a33-4897-be3c-42f3725c7fda&quot;,&quot;status&quot;:0,&quot;value&quot;:&quot;&quot;}&quot;
08-01-2019 22:40:02 LoggingManagedHttpClientConnection.java DEBUG [Forwarding setTimeout on session 5e3bc184-7a33-4897-be3c-42f3725c7fda to remote] conn.DefaultManagedHttpClientConnection 81 - http-outgoing-3: Close connection
08-01-2019 22:40:02 ConnectionHolder.java DEBUG [Forwarding setTimeout on session 5e3bc184-7a33-4897-be3c-42f3725c7fda to remote] execchain.MainClientExec 103 - Connection discarded
08-01-2019 22:40:02 PoolingHttpClientConnectionManager.java DEBUG [Forwarding setTimeout on session 5e3bc184-7a33-4897-be3c-42f3725c7fda to remote] conn.PoolingHttpClientConnectionManager 320 - Connection released: [id: 3][route: {}-&gt;http://127.0.0.1:7055][total kept alive: 0; route allocated: 0 of 2000; total allocated: 0 of 2000]
08-01-2019 22:40:02 RequestAddCookies.java DEBUG [Forwarding deleteAllCookies on session 5e3bc184-7a33-4897-be3c-42f3725c7fda to remote] protocol.RequestAddCookies 122 - CookieSpec selected: default
08-01-2019 22:40:02 RequestAuthCache.java DEBUG [Forwarding deleteAllCookies on session 5e3bc184-7a33-4897-be3c-42f3725c7fda to remote] protocol.RequestAuthCache 76 - Auth cache not set in the context
08-01-2019 22:40:02 PoolingHttpClientConnectionManager.java DEBUG [Forwarding deleteAllCookies on session 5e3bc184-7a33-4897-be3c-42f3725c7fda to remote] conn.PoolingHttpClientConnectionManager 249 - Connection request: [route: {}-&gt;http://127.0.0.1:7055][total kept alive: 0; route allocated: 0 of 2000; total allocated: 0 of 2000]
08-01-2019 22:40:02 PoolingHttpClientConnectionManager.java DEBUG [Forwarding deleteAllCookies on session 5e3bc184-7a33-4897-be3c-42f3725c7fda to remote] conn.PoolingHttpClientConnectionManager 282 - Connection leased: [id: 4][route: {}-&gt;http://127.0.0.1:7055][total kept alive: 0; route allocated: 1 of 2000; total allocated: 1 of 2000]
08-01-2019 22:40:02 MainClientExec.java DEBUG [Forwarding deleteAllCookies on session 5e3bc184-7a33-4897-be3c-42f3725c7fda to remote] execchain.MainClientExec 234 - Opening connection {}-&gt;http://127.0.0.1:7055
08-01-2019 22:40:02 DefaultHttpClientConnectionOperator.java DEBUG [Forwarding deleteAllCookies on session 5e3bc184-7a33-4897-be3c-42f3725c7fda to remote] conn.DefaultHttpClientConnectionOperator 131 - Connecting to /127.0.0.1:7055
08-01-2019 22:40:02 DefaultHttpClientConnectionOperator.java DEBUG [Forwarding deleteAllCookies on session 5e3bc184-7a33-4897-be3c-42f3725c7fda to remote] conn.DefaultHttpClientConnectionOperator 138 - Connection established 127.0.0.1:56669&lt;-&gt;127.0.0.1:7055
08-01-2019 22:40:02 LoggingManagedHttpClientConnection.java DEBUG [Forwarding deleteAllCookies on session 5e3bc184-7a33-4897-be3c-42f3725c7fda to remote] conn.DefaultManagedHttpClientConnection 90 - http-outgoing-4: set socket timeout to 10800000
08-01-2019 22:40:02 MainClientExec.java DEBUG [Forwarding deleteAllCookies on session 5e3bc184-7a33-4897-be3c-42f3725c7fda to remote] execchain.MainClientExec 255 - Executing request DELETE /hub/session/5e3bc184-7a33-4897-be3c-42f3725c7fda/cookie HTTP/1.1
08-01-2019 22:40:02 MainClientExec.java DEBUG [Forwarding deleteAllCookies on session 5e3bc184-7a33-4897-be3c-42f3725c7fda to remote] execchain.MainClientExec 260 - Target auth state: UNCHALLENGED
08-01-2019 22:40:02 MainClientExec.java DEBUG [Forwarding deleteAllCookies on session 5e3bc184-7a33-4897-be3c-42f3725c7fda to remote] execchain.MainClientExec 266 - Proxy auth state: UNCHALLENGED
08-01-2019 22:40:02 LoggingManagedHttpClientConnection.java DEBUG [Forwarding deleteAllCookies on session 5e3bc184-7a33-4897-be3c-42f3725c7fda to remote] http.headers 135 - http-outgoing-4 &gt;&gt; DELETE /hub/session/5e3bc184-7a33-4897-be3c-42f3725c7fda/cookie HTTP/1.1
08-01-2019 22:40:02 LoggingManagedHttpClientConnection.java DEBUG [Forwarding deleteAllCookies on session 5e3bc184-7a33-4897-be3c-42f3725c7fda to remote] http.headers 138 - http-outgoing-4 &gt;&gt; Host: 127.0.0.1:7055
08-01-2019 22:40:02 LoggingManagedHttpClientConnection.java DEBUG [Forwarding deleteAllCookies on session 5e3bc184-7a33-4897-be3c-42f3725c7fda to remote] http.headers 138 - http-outgoing-4 &gt;&gt; Connection: Keep-Alive
08-01-2019 22:40:02 LoggingManagedHttpClientConnection.java DEBUG [Forwarding deleteAllCookies on session 5e3bc184-7a33-4897-be3c-42f3725c7fda to remote] http.headers 138 - http-outgoing-4 &gt;&gt; User-Agent: Apache-HttpClient/4.5.1 (Java/1.8.0_101)
08-01-2019 22:40:02 LoggingManagedHttpClientConnection.java DEBUG [Forwarding deleteAllCookies on session 5e3bc184-7a33-4897-be3c-42f3725c7fda to remote] http.headers 138 - http-outgoing-4 &gt;&gt; Accept-Encoding: gzip,deflate
08-01-2019 22:40:02 Wire.java DEBUG [Forwarding deleteAllCookies on session 5e3bc184-7a33-4897-be3c-42f3725c7fda to remote] http.wire 72 - http-outgoing-4 &gt;&gt; &quot;DELETE /hub/session/5e3bc184-7a33-4897-be3c-42f3725c7fda/cookie HTTP/1.1[\r][\n]&quot;
08-01-2019 22:40:02 Wire.java DEBUG [Forwarding deleteAllCookies on session 5e3bc184-7a33-4897-be3c-42f3725c7fda to remote] http.wire 72 - http-outgoing-4 &gt;&gt; &quot;Host: 127.0.0.1:7055[\r][\n]&quot;
08-01-2019 22:40:02 Wire.java DEBUG [Forwarding deleteAllCookies on session 5e3bc184-7a33-4897-be3c-42f3725c7fda to remote] http.wire 72 - http-outgoing-4 &gt;&gt; &quot;Connection: Keep-Alive[\r][\n]&quot;
08-01-2019 22:40:02 Wire.java DEBUG [Forwarding deleteAllCookies on session 5e3bc184-7a33-4897-be3c-42f3725c7fda to remote] http.wire 72 - http-outgoing-4 &gt;&gt; &quot;User-Agent: Apache-HttpClient/4.5.1 (Java/1.8.0_101)[\r][\n]&quot;
08-01-2019 22:40:02 Wire.java DEBUG [Forwarding deleteAllCookies on session 5e3bc184-7a33-4897-be3c-42f3725c7fda to remote] http.wire 72 - http-outgoing-4 &gt;&gt; &quot;Accept-Encoding: gzip,deflate[\r][\n]&quot;
08-01-2019 22:40:02 Wire.java DEBUG [Forwarding deleteAllCookies on session 5e3bc184-7a33-4897-be3c-42f3725c7fda to remote] http.wire 72 - http-outgoing-4 &gt;&gt; &quot;[\r][\n]&quot;
08-01-2019 22:40:02 Wire.java DEBUG [Forwarding deleteAllCookies on session 5e3bc184-7a33-4897-be3c-42f3725c7fda to remote] http.wire 72 - http-outgoing-4 &lt;&lt; &quot;HTTP/1.1 200 OK[\r][\n]&quot;
08-01-2019 22:40:02 Wire.java DEBUG [Forwarding deleteAllCookies on session 5e3bc184-7a33-4897-be3c-42f3725c7fda to remote] http.wire 72 - http-outgoing-4 &lt;&lt; &quot;content-type: application/json; charset=UTF-8[\r][\n]&quot;
08-01-2019 22:40:02 Wire.java DEBUG [Forwarding deleteAllCookies on session 5e3bc184-7a33-4897-be3c-42f3725c7fda to remote] http.wire 72 - http-outgoing-4 &lt;&lt; &quot;connection: close[\r][\n]&quot;
08-01-2019 22:40:02 Wire.java DEBUG [Forwarding deleteAllCookies on session 5e3bc184-7a33-4897-be3c-42f3725c7fda to remote] http.wire 72 - http-outgoing-4 &lt;&lt; &quot;content-length: 100[\r][\n]&quot;
08-01-2019 22:40:02 Wire.java DEBUG [Forwarding deleteAllCookies on session 5e3bc184-7a33-4897-be3c-42f3725c7fda to remote] http.wire 72 - http-outgoing-4 &lt;&lt; &quot;server: httpd.js[\r][\n]&quot;
08-01-2019 22:40:02 Wire.java DEBUG [Forwarding deleteAllCookies on session 5e3bc184-7a33-4897-be3c-42f3725c7fda to remote] http.wire 72 - http-outgoing-4 &lt;&lt; &quot;date: Thu, 01 Aug 2019 17:10:02 GMT[\r][\n]&quot;
08-01-2019 22:40:02 Wire.java DEBUG [Forwarding deleteAllCookies on session 5e3bc184-7a33-4897-be3c-42f3725c7fda to remote] http.wire 72 - http-outgoing-4 &lt;&lt; &quot;[\r][\n]&quot;
08-01-2019 22:40:02 LoggingManagedHttpClientConnection.java DEBUG [Forwarding deleteAllCookies on session 5e3bc184-7a33-4897-be3c-42f3725c7fda to remote] http.headers 124 - http-outgoing-4 &lt;&lt; HTTP/1.1 200 OK
08-01-2019 22:40:02 LoggingManagedHttpClientConnection.java DEBUG [Forwarding deleteAllCookies on session 5e3bc184-7a33-4897-be3c-42f3725c7fda to remote] http.headers 127 - http-outgoing-4 &lt;&lt; content-type: application/json; charset=UTF-8
08-01-2019 22:40:02 LoggingManagedHttpClientConnection.java DEBUG [Forwarding deleteAllCookies on session 5e3bc184-7a33-4897-be3c-42f3725c7fda to remote] http.headers 127 - http-outgoing-4 &lt;&lt; connection: close
08-01-2019 22:40:02 LoggingManagedHttpClientConnection.java DEBUG [Forwarding deleteAllCookies on session 5e3bc184-7a33-4897-be3c-42f3725c7fda to remote] http.headers 127 - http-outgoing-4 &lt;&lt; content-length: 100
08-01-2019 22:40:02 LoggingManagedHttpClientConnection.java DEBUG [Forwarding deleteAllCookies on session 5e3bc184-7a33-4897-be3c-42f3725c7fda to remote] http.headers 127 - http-outgoing-4 &lt;&lt; server: httpd.js
08-01-2019 22:40:02 LoggingManagedHttpClientConnection.java DEBUG [Forwarding deleteAllCookies on session 5e3bc184-7a33-4897-be3c-42f3725c7fda to remote] http.headers 127 - http-outgoing-4 &lt;&lt; date: Thu, 01 Aug 2019 17:10:02 GMT
08-01-2019 22:40:02 Wire.java DEBUG [Forwarding deleteAllCookies on session 5e3bc184-7a33-4897-be3c-42f3725c7fda to remote] http.wire 86 - http-outgoing-4 &lt;&lt; &quot;{&quot;name&quot;:&quot;deleteAllCookies&quot;,&quot;sessionId&quot;:&quot;5e3bc184-7a33-4897-be3c-42f3725c7fda&quot;,&quot;status&quot;:0,&quot;value&quot;:&quot;&quot;}&quot;
08-01-2019 22:40:02 LoggingManagedHttpClientConnection.java DEBUG [Forwarding deleteAllCookies on session 5e3bc184-7a33-4897-be3c-42f3725c7fda to remote] conn.DefaultManagedHttpClientConnection 81 - http-outgoing-4: Close connection
08-01-2019 22:40:02 ConnectionHolder.java DEBUG [Forwarding deleteAllCookies on session 5e3bc184-7a33-4897-be3c-42f3725c7fda to remote] execchain.MainClientExec 103 - Connection discarded
08-01-2019 22:40:02 PoolingHttpClientConnectionManager.java DEBUG [Forwarding deleteAllCookies on session 5e3bc184-7a33-4897-be3c-42f3725c7fda to remote] conn.PoolingHttpClientConnectionManager 320 - Connection released: [id: 4][route: {}-&gt;http://127.0.0.1:7055][total kept alive: 0; route allocated: 0 of 2000; total allocated: 0 of 2000]
08-01-2019 22:40:02 RequestAddCookies.java DEBUG [Forwarding get on session 5e3bc184-7a33-4897-be3c-42f3725c7fda to remote] protocol.RequestAddCookies 122 - CookieSpec selected: default
08-01-2019 22:40:02 RequestAuthCache.java DEBUG [Forwarding get on session 5e3bc184-7a33-4897-be3c-42f3725c7fda to remote] protocol.RequestAuthCache 76 - Auth cache not set in the context
08-01-2019 22:40:02 PoolingHttpClientConnectionManager.java DEBUG [Forwarding get on session 5e3bc184-7a33-4897-be3c-42f3725c7fda to remote] conn.PoolingHttpClientConnectionManager 249 - Connection request: [route: {}-&gt;http://127.0.0.1:7055][total kept alive: 0; route allocated: 0 of 2000; total allocated: 0 of 2000]
08-01-2019 22:40:02 PoolingHttpClientConnectionManager.java DEBUG [Forwarding get on session 5e3bc184-7a33-4897-be3c-42f3725c7fda to remote] conn.PoolingHttpClientConnectionManager 282 - Connection leased: [id: 5][route: {}-&gt;http://127.0.0.1:7055][total kept alive: 0; route allocated: 1 of 2000; total allocated: 1 of 2000]
08-01-2019 22:40:02 MainClientExec.java DEBUG [Forwarding get on session 5e3bc184-7a33-4897-be3c-42f3725c7fda to remote] execchain.MainClientExec 234 - Opening connection {}-&gt;http://127.0.0.1:7055
08-01-2019 22:40:02 DefaultHttpClientConnectionOperator.java DEBUG [Forwarding get on session 5e3bc184-7a33-4897-be3c-42f3725c7fda to remote] conn.DefaultHttpClientConnectionOperator 131 - Connecting to /127.0.0.1:7055
08-01-2019 22:40:02 DefaultHttpClientConnectionOperator.java DEBUG [Forwarding get on session 5e3bc184-7a33-4897-be3c-42f3725c7fda to remote] conn.DefaultHttpClientConnectionOperator 138 - Connection established 127.0.0.1:56670&lt;-&gt;127.0.0.1:7055
08-01-2019 22:40:02 LoggingManagedHttpClientConnection.java DEBUG [Forwarding get on session 5e3bc184-7a33-4897-be3c-42f3725c7fda to remote] conn.DefaultManagedHttpClientConnection 90 - http-outgoing-5: set socket timeout to 10800000
08-01-2019 22:40:02 MainClientExec.java DEBUG [Forwarding get on session 5e3bc184-7a33-4897-be3c-42f3725c7fda to remote] execchain.MainClientExec 255 - Executing request POST /hub/session/5e3bc184-7a33-4897-be3c-42f3725c7fda/url HTTP/1.1
08-01-2019 22:40:02 MainClientExec.java DEBUG [Forwarding get on session 5e3bc184-7a33-4897-be3c-42f3725c7fda to remote] execchain.MainClientExec 260 - Target auth state: UNCHALLENGED
08-01-2019 22:40:02 MainClientExec.java DEBUG [Forwarding get on session 5e3bc184-7a33-4897-be3c-42f3725c7fda to remote] execchain.MainClientExec 266 - Proxy auth state: UNCHALLENGED
08-01-2019 22:40:02 LoggingManagedHttpClientConnection.java DEBUG [Forwarding get on session 5e3bc184-7a33-4897-be3c-42f3725c7fda to remote] http.headers 135 - http-outgoing-5 &gt;&gt; POST /hub/session/5e3bc184-7a33-4897-be3c-42f3725c7fda/url HTTP/1.1
08-01-2019 22:40:02 LoggingManagedHttpClientConnection.java DEBUG [Forwarding get on session 5e3bc184-7a33-4897-be3c-42f3725c7fda to remote] http.headers 138 - http-outgoing-5 &gt;&gt; Content-Type: application/json; charset=utf-8
08-01-2019 22:40:02 LoggingManagedHttpClientConnection.java DEBUG [Forwarding get on session 5e3bc184-7a33-4897-be3c-42f3725c7fda to remote] http.headers 138 - http-outgoing-5 &gt;&gt; Content-Length: 36
08-01-2019 22:40:02 LoggingManagedHttpClientConnection.java DEBUG [Forwarding get on session 5e3bc184-7a33-4897-be3c-42f3725c7fda to remote] http.headers 138 - http-outgoing-5 &gt;&gt; Host: 127.0.0.1:7055
08-01-2019 22:40:02 LoggingManagedHttpClientConnection.java DEBUG [Forwarding get on session 5e3bc184-7a33-4897-be3c-42f3725c7fda to remote] http.headers 138 - http-outgoing-5 &gt;&gt; Connection: Keep-Alive
08-01-2019 22:40:02 LoggingManagedHttpClientConnection.java DEBUG [Forwarding get on session 5e3bc184-7a33-4897-be3c-42f3725c7fda to remote] http.headers 138 - http-outgoing-5 &gt;&gt; User-Agent: Apache-HttpClient/4.5.1 (Java/1.8.0_101)
08-01-2019 22:40:02 LoggingManagedHttpClientConnection.java DEBUG [Forwarding get on session 5e3bc184-7a33-4897-be3c-42f3725c7fda to remote] http.headers 138 - http-outgoing-5 &gt;&gt; Accept-Encoding: gzip,deflate
08-01-2019 22:40:02 Wire.java DEBUG [Forwarding get on session 5e3bc184-7a33-4897-be3c-42f3725c7fda to remote] http.wire 72 - http-outgoing-5 &gt;&gt; &quot;POST /hub/session/5e3bc184-7a33-4897-be3c-42f3725c7fda/url HTTP/1.1[\r][\n]&quot;
08-01-2019 22:40:02 Wire.java DEBUG [Forwarding get on session 5e3bc184-7a33-4897-be3c-42f3725c7fda to remote] http.wire 72 - http-outgoing-5 &gt;&gt; &quot;Content-Type: application/json; charset=utf-8[\r][\n]&quot;
08-01-2019 22:40:02 Wire.java DEBUG [Forwarding get on session 5e3bc184-7a33-4897-be3c-42f3725c7fda to remote] http.wire 72 - http-outgoing-5 &gt;&gt; &quot;Content-Length: 36[\r][\n]&quot;
08-01-2019 22:40:02 Wire.java DEBUG [Forwarding get on session 5e3bc184-7a33-4897-be3c-42f3725c7fda to remote] http.wire 72 - http-outgoing-5 &gt;&gt; &quot;Host: 127.0.0.1:7055[\r][\n]&quot;
08-01-2019 22:40:02 Wire.java DEBUG [Forwarding get on session 5e3bc184-7a33-4897-be3c-42f3725c7fda to remote] http.wire 72 - http-outgoing-5 &gt;&gt; &quot;Connection: Keep-Alive[\r][\n]&quot;
08-01-2019 22:40:02 Wire.java DEBUG [Forwarding get on session 5e3bc184-7a33-4897-be3c-42f3725c7fda to remote] http.wire 72 - http-outgoing-5 &gt;&gt; &quot;User-Agent: Apache-HttpClient/4.5.1 (Java/1.8.0_101)[\r][\n]&quot;
08-01-2019 22:40:02 Wire.java DEBUG [Forwarding get on session 5e3bc184-7a33-4897-be3c-42f3725c7fda to remote] http.wire 72 - http-outgoing-5 &gt;&gt; &quot;Accept-Encoding: gzip,deflate[\r][\n]&quot;
08-01-2019 22:40:02 Wire.java DEBUG [Forwarding get on session 5e3bc184-7a33-4897-be3c-42f3725c7fda to remote] http.wire 72 - http-outgoing-5 &gt;&gt; &quot;[\r][\n]&quot;
08-01-2019 22:40:02 Wire.java DEBUG [Forwarding get on session 5e3bc184-7a33-4897-be3c-42f3725c7fda to remote] http.wire 86 - http-outgoing-5 &gt;&gt; &quot;{&quot;url&quot;:&quot;https://classic.crmpro.com&quot;}&quot;
08-01-2019 22:40:11 Wire.java DEBUG [Forwarding get on session 5e3bc184-7a33-4897-be3c-42f3725c7fda to remote] http.wire 72 - http-outgoing-5 &lt;&lt; &quot;HTTP/1.1 200 OK[\r][\n]&quot;
08-01-2019 22:40:11 Wire.java DEBUG [Forwarding get on session 5e3bc184-7a33-4897-be3c-42f3725c7fda to remote] http.wire 72 - http-outgoing-5 &lt;&lt; &quot;content-type: application/json; charset=UTF-8[\r][\n]&quot;
08-01-2019 22:40:11 Wire.java DEBUG [Forwarding get on session 5e3bc184-7a33-4897-be3c-42f3725c7fda to remote] http.wire 72 - http-outgoing-5 &lt;&lt; &quot;connection: close[\r][\n]&quot;
08-01-2019 22:40:11 Wire.java DEBUG [Forwarding get on session 5e3bc184-7a33-4897-be3c-42f3725c7fda to remote] http.wire 72 - http-outgoing-5 &lt;&lt; &quot;content-length: 87[\r][\n]&quot;
08-01-2019 22:40:11 Wire.java DEBUG [Forwarding get on session 5e3bc184-7a33-4897-be3c-42f3725c7fda to remote] http.wire 72 - http-outgoing-5 &lt;&lt; &quot;server: httpd.js[\r][\n]&quot;
08-01-2019 22:40:11 Wire.java DEBUG [Forwarding get on session 5e3bc184-7a33-4897-be3c-42f3725c7fda to remote] http.wire 72 - http-outgoing-5 &lt;&lt; &quot;date: Thu, 01 Aug 2019 17:10:11 GMT[\r][\n]&quot;
08-01-2019 22:40:11 Wire.java DEBUG [Forwarding get on session 5e3bc184-7a33-4897-be3c-42f3725c7fda to remote] http.wire 72 - http-outgoing-5 &lt;&lt; &quot;[\r][\n]&quot;
08-01-2019 22:40:11 Wire.java DEBUG [Forwarding get on session 5e3bc184-7a33-4897-be3c-42f3725c7fda to remote] http.wire 86 - http-outgoing-5 &lt;&lt; &quot;{&quot;name&quot;:&quot;get&quot;,&quot;sessionId&quot;:&quot;5e3bc184-7a33-4897-be3c-42f3725c7fda&quot;,&quot;status&quot;:0,&quot;value&quot;:&quot;&quot;}&quot;
08-01-2019 22:40:11 LoggingManagedHttpClientConnection.java DEBUG [Forwarding get on session 5e3bc184-7a33-4897-be3c-42f3725c7fda to remote] http.headers 124 - http-outgoing-5 &lt;&lt; HTTP/1.1 200 OK
08-01-2019 22:40:11 LoggingManagedHttpClientConnection.java DEBUG [Forwarding get on session 5e3bc184-7a33-4897-be3c-42f3725c7fda to remote] http.headers 127 - http-outgoing-5 &lt;&lt; content-type: application/json; charset=UTF-8
08-01-2019 22:40:11 LoggingManagedHttpClientConnection.java DEBUG [Forwarding get on session 5e3bc184-7a33-4897-be3c-42f3725c7fda to remote] http.headers 127 - http-outgoing-5 &lt;&lt; connection: close
08-01-2019 22:40:11 LoggingManagedHttpClientConnection.java DEBUG [Forwarding get on session 5e3bc184-7a33-4897-be3c-42f3725c7fda to remote] http.headers 127 - http-outgoing-5 &lt;&lt; content-length: 87
08-01-2019 22:40:11 LoggingManagedHttpClientConnection.java DEBUG [Forwarding get on session 5e3bc184-7a33-4897-be3c-42f3725c7fda to remote] http.headers 127 - http-outgoing-5 &lt;&lt; server: httpd.js
08-01-2019 22:40:11 LoggingManagedHttpClientConnection.java DEBUG [Forwarding get on session 5e3bc184-7a33-4897-be3c-42f3725c7fda to remote] http.headers 127 - http-outgoing-5 &lt;&lt; date: Thu, 01 Aug 2019 17:10:11 GMT
08-01-2019 22:40:11 LoggingManagedHttpClientConnection.java DEBUG [Forwarding get on session 5e3bc184-7a33-4897-be3c-42f3725c7fda to remote] conn.DefaultManagedHttpClientConnection 81 - http-outgoing-5: Close connection
08-01-2019 22:40:11 ConnectionHolder.java DEBUG [Forwarding get on session 5e3bc184-7a33-4897-be3c-42f3725c7fda to remote] execchain.MainClientExec 103 - Connection discarded
08-01-2019 22:40:11 PoolingHttpClientConnectionManager.java DEBUG [Forwarding get on session 5e3bc184-7a33-4897-be3c-42f3725c7fda to remote] conn.PoolingHttpClientConnectionManager 320 - Connection released: [id: 5][route: {}-&gt;http://127.0.0.1:7055][total kept alive: 0; route allocated: 0 of 2000; total allocated: 0 of 2000]
08-01-2019 22:40:11 RequestAddCookies.java DEBUG [Forwarding findElement on session 5e3bc184-7a33-4897-be3c-42f3725c7fda to remote] protocol.RequestAddCookies 122 - CookieSpec selected: default
08-01-2019 22:40:11 RequestAuthCache.java DEBUG [Forwarding findElement on session 5e3bc184-7a33-4897-be3c-42f3725c7fda to remote] protocol.RequestAuthCache 76 - Auth cache not set in the context
08-01-2019 22:40:11 PoolingHttpClientConnectionManager.java DEBUG [Forwarding findElement on session 5e3bc184-7a33-4897-be3c-42f3725c7fda to remote] conn.PoolingHttpClientConnectionManager 249 - Connection request: [route: {}-&gt;http://127.0.0.1:7055][total kept alive: 0; route allocated: 0 of 2000; total allocated: 0 of 2000]
08-01-2019 22:40:11 PoolingHttpClientConnectionManager.java DEBUG [Forwarding findElement on session 5e3bc184-7a33-4897-be3c-42f3725c7fda to remote] conn.PoolingHttpClientConnectionManager 282 - Connection leased: [id: 6][route: {}-&gt;http://127.0.0.1:7055][total kept alive: 0; route allocated: 1 of 2000; total allocated: 1 of 2000]
08-01-2019 22:40:11 MainClientExec.java DEBUG [Forwarding findElement on session 5e3bc184-7a33-4897-be3c-42f3725c7fda to remote] execchain.MainClientExec 234 - Opening connection {}-&gt;http://127.0.0.1:7055
08-01-2019 22:40:11 DefaultHttpClientConnectionOperator.java DEBUG [Forwarding findElement on session 5e3bc184-7a33-4897-be3c-42f3725c7fda to remote] conn.DefaultHttpClientConnectionOperator 131 - Connecting to /127.0.0.1:7055
08-01-2019 22:40:11 DefaultHttpClientConnectionOperator.java DEBUG [Forwarding findElement on session 5e3bc184-7a33-4897-be3c-42f3725c7fda to remote] conn.DefaultHttpClientConnectionOperator 138 - Connection established 127.0.0.1:56707&lt;-&gt;127.0.0.1:7055
08-01-2019 22:40:11 LoggingManagedHttpClientConnection.java DEBUG [Forwarding findElement on session 5e3bc184-7a33-4897-be3c-42f3725c7fda to remote] conn.DefaultManagedHttpClientConnection 90 - http-outgoing-6: set socket timeout to 10800000
08-01-2019 22:40:11 MainClientExec.java DEBUG [Forwarding findElement on session 5e3bc184-7a33-4897-be3c-42f3725c7fda to remote] execchain.MainClientExec 255 - Executing request POST /hub/session/5e3bc184-7a33-4897-be3c-42f3725c7fda/element HTTP/1.1
08-01-2019 22:40:11 MainClientExec.java DEBUG [Forwarding findElement on session 5e3bc184-7a33-4897-be3c-42f3725c7fda to remote] execchain.MainClientExec 260 - Target auth state: UNCHALLENGED
08-01-2019 22:40:11 MainClientExec.java DEBUG [Forwarding findElement on session 5e3bc184-7a33-4897-be3c-42f3725c7fda to remote] execchain.MainClientExec 266 - Proxy auth state: UNCHALLENGED
08-01-2019 22:40:11 LoggingManagedHttpClientConnection.java DEBUG [Forwarding findElement on session 5e3bc184-7a33-4897-be3c-42f3725c7fda to remote] http.headers 135 - http-outgoing-6 &gt;&gt; POST /hub/session/5e3bc184-7a33-4897-be3c-42f3725c7fda/element HTTP/1.1
08-01-2019 22:40:11 LoggingManagedHttpClientConnection.java DEBUG [Forwarding findElement on session 5e3bc184-7a33-4897-be3c-42f3725c7fda to remote] http.headers 138 - http-outgoing-6 &gt;&gt; Content-Type: application/json; charset=utf-8
08-01-2019 22:40:11 LoggingManagedHttpClientConnection.java DEBUG [Forwarding findElement on session 5e3bc184-7a33-4897-be3c-42f3725c7fda to remote] http.headers 138 - http-outgoing-6 &gt;&gt; Content-Length: 40
08-01-2019 22:40:11 LoggingManagedHttpClientConnection.java DEBUG [Forwarding findElement on session 5e3bc184-7a33-4897-be3c-42f3725c7fda to remote] http.headers 138 - http-outgoing-6 &gt;&gt; Host: 127.0.0.1:7055
08-01-2019 22:40:11 LoggingManagedHttpClientConnection.java DEBUG [Forwarding findElement on session 5e3bc184-7a33-4897-be3c-42f3725c7fda to remote] http.headers 138 - http-outgoing-6 &gt;&gt; Connection: Keep-Alive
08-01-2019 22:40:11 LoggingManagedHttpClientConnection.java DEBUG [Forwarding findElement on session 5e3bc184-7a33-4897-be3c-42f3725c7fda to remote] http.headers 138 - http-outgoing-6 &gt;&gt; User-Agent: Apache-HttpClient/4.5.1 (Java/1.8.0_101)
08-01-2019 22:40:11 LoggingManagedHttpClientConnection.java DEBUG [Forwarding findElement on session 5e3bc184-7a33-4897-be3c-42f3725c7fda to remote] http.headers 138 - http-outgoing-6 &gt;&gt; Accept-Encoding: gzip,deflate
08-01-2019 22:40:11 Wire.java DEBUG [Forwarding findElement on session 5e3bc184-7a33-4897-be3c-42f3725c7fda to remote] http.wire 72 - http-outgoing-6 &gt;&gt; &quot;POST /hub/session/5e3bc184-7a33-4897-be3c-42f3725c7fda/element HTTP/1.1[\r][\n]&quot;
08-01-2019 22:40:11 Wire.java DEBUG [Forwarding findElement on session 5e3bc184-7a33-4897-be3c-42f3725c7fda to remote] http.wire 72 - http-outgoing-6 &gt;&gt; &quot;Content-Type: application/json; charset=utf-8[\r][\n]&quot;
08-01-2019 22:40:11 Wire.java DEBUG [Forwarding findElement on session 5e3bc184-7a33-4897-be3c-42f3725c7fda to remote] http.wire 72 - http-outgoing-6 &gt;&gt; &quot;Content-Length: 40[\r][\n]&quot;
08-01-2019 22:40:11 Wire.java DEBUG [Forwarding findElement on session 5e3bc184-7a33-4897-be3c-42f3725c7fda to remote] http.wire 72 - http-outgoing-6 &gt;&gt; &quot;Host: 127.0.0.1:7055[\r][\n]&quot;
08-01-2019 22:40:11 Wire.java DEBUG [Forwarding findElement on session 5e3bc184-7a33-4897-be3c-42f3725c7fda to remote] http.wire 72 - http-outgoing-6 &gt;&gt; &quot;Connection: Keep-Alive[\r][\n]&quot;
08-01-2019 22:40:11 Wire.java DEBUG [Forwarding findElement on session 5e3bc184-7a33-4897-be3c-42f3725c7fda to remote] http.wire 72 - http-outgoing-6 &gt;&gt; &quot;User-Agent: Apache-HttpClient/4.5.1 (Java/1.8.0_101)[\r][\n]&quot;
08-01-2019 22:40:11 Wire.java DEBUG [Forwarding findElement on session 5e3bc184-7a33-4897-be3c-42f3725c7fda to remote] http.wire 72 - http-outgoing-6 &gt;&gt; &quot;Accept-Encoding: gzip,deflate[\r][\n]&quot;
08-01-2019 22:40:11 Wire.java DEBUG [Forwarding findElement on session 5e3bc184-7a33-4897-be3c-42f3725c7fda to remote] http.wire 72 - http-outgoing-6 &gt;&gt; &quot;[\r][\n]&quot;
08-01-2019 22:40:11 Wire.java DEBUG [Forwarding findElement on session 5e3bc184-7a33-4897-be3c-42f3725c7fda to remote] http.wire 86 - http-outgoing-6 &gt;&gt; &quot;{&quot;using&quot;:&quot;xpath&quot;,&quot;value&quot;:&quot;signUpButton&quot;}&quot;
08-01-2019 22:40:31 Wire.java DEBUG [Forwarding findElement on session 5e3bc184-7a33-4897-be3c-42f3725c7fda to remote] http.wire 72 - http-outgoing-6 &lt;&lt; &quot;HTTP/1.1 500 Internal Server Error[\r][\n]&quot;
08-01-2019 22:40:31 Wire.java DEBUG [Forwarding findElement on session 5e3bc184-7a33-4897-be3c-42f3725c7fda to remote] http.wire 72 - http-outgoing-6 &lt;&lt; &quot;content-type: application/json; charset=UTF-8[\r][\n]&quot;
08-01-2019 22:40:31 Wire.java DEBUG [Forwarding findElement on session 5e3bc184-7a33-4897-be3c-42f3725c7fda to remote] http.wire 72 - http-outgoing-6 &lt;&lt; &quot;connection: close[\r][\n]&quot;
08-01-2019 22:40:31 Wire.java DEBUG [Forwarding findElement on session 5e3bc184-7a33-4897-be3c-42f3725c7fda to remote] http.wire 72 - http-outgoing-6 &lt;&lt; &quot;content-length: 727[\r][\n]&quot;
08-01-2019 22:40:31 Wire.java DEBUG [Forwarding findElement on session 5e3bc184-7a33-4897-be3c-42f3725c7fda to remote] http.wire 72 - http-outgoing-6 &lt;&lt; &quot;server: httpd.js[\r][\n]&quot;
08-01-2019 22:40:31 Wire.java DEBUG [Forwarding findElement on session 5e3bc184-7a33-4897-be3c-42f3725c7fda to remote] http.wire 72 - http-outgoing-6 &lt;&lt; &quot;date: Thu, 01 Aug 2019 17:10:31 GMT[\r][\n]&quot;
08-01-2019 22:40:31 Wire.java DEBUG [Forwarding findElement on session 5e3bc184-7a33-4897-be3c-42f3725c7fda to remote] http.wire 72 - http-outgoing-6 &lt;&lt; &quot;[\r][\n]&quot;
08-01-2019 22:40:31 LoggingManagedHttpClientConnection.java DEBUG [Forwarding findElement on session 5e3bc184-7a33-4897-be3c-42f3725c7fda to remote] http.headers 124 - http-outgoing-6 &lt;&lt; HTTP/1.1 500 Internal Server Error
08-01-2019 22:40:31 LoggingManagedHttpClientConnection.java DEBUG [Forwarding findElement on session 5e3bc184-7a33-4897-be3c-42f3725c7fda to remote] http.headers 127 - http-outgoing-6 &lt;&lt; content-type: application/json; charset=UTF-8
08-01-2019 22:40:31 LoggingManagedHttpClientConnection.java DEBUG [Forwarding findElement on session 5e3bc184-7a33-4897-be3c-42f3725c7fda to remote] http.headers 127 - http-outgoing-6 &lt;&lt; connection: close
08-01-2019 22:40:31 LoggingManagedHttpClientConnection.java DEBUG [Forwarding findElement on session 5e3bc184-7a33-4897-be3c-42f3725c7fda to remote] http.headers 127 - http-outgoing-6 &lt;&lt; content-length: 727
08-01-2019 22:40:31 LoggingManagedHttpClientConnection.java DEBUG [Forwarding findElement on session 5e3bc184-7a33-4897-be3c-42f3725c7fda to remote] http.headers 127 - http-outgoing-6 &lt;&lt; server: httpd.js
08-01-2019 22:40:31 LoggingManagedHttpClientConnection.java DEBUG [Forwarding findElement on session 5e3bc184-7a33-4897-be3c-42f3725c7fda to remote] http.headers 127 - http-outgoing-6 &lt;&lt; date: Thu, 01 Aug 2019 17:10:31 GMT
08-01-2019 22:40:31 Wire.java DEBUG [Forwarding findElement on session 5e3bc184-7a33-4897-be3c-42f3725c7fda to remote] http.wire 86 - http-outgoing-6 &lt;&lt; &quot;{&quot;name&quot;:&quot;findElement&quot;,&quot;sessionId&quot;:&quot;5e3bc184-7a33-4897-be3c-42f3725c7fda&quot;,&quot;status&quot;:7,&quot;value&quot;:{&quot;message&quot;:&quot;Unable to locate element: {\&quot;method\&quot;:\&quot;xpath\&quot;,\&quot;selector\&quot;:\&quot;signUpButton\&quot;}&quot;,&quot;stackTrace&quot;:[{&quot;methodName&quot;:&quot;FirefoxDriver.prototype.findElementInternal_&quot;,&quot;fileName&quot;:&quot;file:///C:/Users/nites/AppData/Local/Temp/anonymous155488911048298946webdriver-profile/extensions/fxdriver@googlecode.com/components/driver-component.js&quot;,&quot;lineNumber&quot;:10770,&quot;columnNumber&quot;:26},{&quot;methodName&quot;:&quot;fxdriver.Timer.prototype.setTimeout/&lt;.notify&quot;,&quot;fileName&quot;:&quot;file:///C:/Users/nites/AppData/Local/Temp/anonymous155488911048298946webdriver-profile/extensions/fxdriver@googlecode.com/components/driver-component.js&quot;,&quot;lineNumber&quot;:625,&quot;columnNumber&quot;:5}]}}&quot;
08-01-2019 22:40:31 LoggingManagedHttpClientConnection.java DEBUG [Forwarding findElement on session 5e3bc184-7a33-4897-be3c-42f3725c7fda to remote] conn.DefaultManagedHttpClientConnection 81 - http-outgoing-6: Close connection
08-01-2019 22:40:31 ConnectionHolder.java DEBUG [Forwarding findElement on session 5e3bc184-7a33-4897-be3c-42f3725c7fda to remote] execchain.MainClientExec 103 - Connection discarded
08-01-2019 22:40:31 PoolingHttpClientConnectionManager.java DEBUG [Forwarding findElement on session 5e3bc184-7a33-4897-be3c-42f3725c7fda to remote] conn.PoolingHttpClientConnectionManager 320 - Connection released: [id: 6][route: {}-&gt;http://127.0.0.1:7055][total kept alive: 0; route allocated: 0 of 2000; total allocated: 0 of 2000]
08-01-2019 22:40:31 RequestAddCookies.java DEBUG [Forwarding findElement on session 5e3bc184-7a33-4897-be3c-42f3725c7fda to remote] protocol.RequestAddCookies 122 - CookieSpec selected: default
08-01-2019 22:40:31 RequestAuthCache.java DEBUG [Forwarding findElement on session 5e3bc184-7a33-4897-be3c-42f3725c7fda to remote] protocol.RequestAuthCache 76 - Auth cache not set in the context
08-01-2019 22:40:31 PoolingHttpClientConnectionManager.java DEBUG [Forwarding findElement on session 5e3bc184-7a33-4897-be3c-42f3725c7fda to remote] conn.PoolingHttpClientConnectionManager 249 - Connection request: [route: {}-&gt;http://127.0.0.1:7055][total kept alive: 0; route allocated: 0 of 2000; total allocated: 0 of 2000]
08-01-2019 22:40:31 PoolingHttpClientConnectionManager.java DEBUG [Forwarding findElement on session 5e3bc184-7a33-4897-be3c-42f3725c7fda to remote] conn.PoolingHttpClientConnectionManager 282 - Connection leased: [id: 7][route: {}-&gt;http://127.0.0.1:7055][total kept alive: 0; route allocated: 1 of 2000; total allocated: 1 of 2000]
08-01-2019 22:40:31 MainClientExec.java DEBUG [Forwarding findElement on session 5e3bc184-7a33-4897-be3c-42f3725c7fda to remote] execchain.MainClientExec 234 - Opening connection {}-&gt;http://127.0.0.1:7055
08-01-2019 22:40:31 DefaultHttpClientConnectionOperator.java DEBUG [Forwarding findElement on session 5e3bc184-7a33-4897-be3c-42f3725c7fda to remote] conn.DefaultHttpClientConnectionOperator 131 - Connecting to /127.0.0.1:7055
08-01-2019 22:40:31 DefaultHttpClientConnectionOperator.java DEBUG [Forwarding findElement on session 5e3bc184-7a33-4897-be3c-42f3725c7fda to remote] conn.DefaultHttpClientConnectionOperator 138 - Connection established 127.0.0.1:56709&lt;-&gt;127.0.0.1:7055
08-01-2019 22:40:31 LoggingManagedHttpClientConnection.java DEBUG [Forwarding findElement on session 5e3bc184-7a33-4897-be3c-42f3725c7fda to remote] conn.DefaultManagedHttpClientConnection 90 - http-outgoing-7: set socket timeout to 10800000
08-01-2019 22:40:31 MainClientExec.java DEBUG [Forwarding findElement on session 5e3bc184-7a33-4897-be3c-42f3725c7fda to remote] execchain.MainClientExec 255 - Executing request POST /hub/session/5e3bc184-7a33-4897-be3c-42f3725c7fda/element HTTP/1.1
08-01-2019 22:40:31 MainClientExec.java DEBUG [Forwarding findElement on session 5e3bc184-7a33-4897-be3c-42f3725c7fda to remote] execchain.MainClientExec 260 - Target auth state: UNCHALLENGED
08-01-2019 22:40:31 MainClientExec.java DEBUG [Forwarding findElement on session 5e3bc184-7a33-4897-be3c-42f3725c7fda to remote] execchain.MainClientExec 266 - Proxy auth state: UNCHALLENGED
08-01-2019 22:40:31 LoggingManagedHttpClientConnection.java DEBUG [Forwarding findElement on session 5e3bc184-7a33-4897-be3c-42f3725c7fda to remote] http.headers 135 - http-outgoing-7 &gt;&gt; POST /hub/session/5e3bc184-7a33-4897-be3c-42f3725c7fda/element HTTP/1.1
08-01-2019 22:40:31 LoggingManagedHttpClientConnection.java DEBUG [Forwarding findElement on session 5e3bc184-7a33-4897-be3c-42f3725c7fda to remote] http.headers 138 - http-outgoing-7 &gt;&gt; Content-Type: application/json; charset=utf-8
08-01-2019 22:40:31 LoggingManagedHttpClientConnection.java DEBUG [Forwarding findElement on session 5e3bc184-7a33-4897-be3c-42f3725c7fda to remote] http.headers 138 - http-outgoing-7 &gt;&gt; Content-Length: 59
08-01-2019 22:40:31 LoggingManagedHttpClientConnection.java DEBUG [Forwarding findElement on session 5e3bc184-7a33-4897-be3c-42f3725c7fda to remote] http.headers 138 - http-outgoing-7 &gt;&gt; Host: 127.0.0.1:7055
08-01-2019 22:40:31 LoggingManagedHttpClientConnection.java DEBUG [Forwarding findElement on session 5e3bc184-7a33-4897-be3c-42f3725c7fda to remote] http.headers 138 - http-outgoing-7 &gt;&gt; Connection: Keep-Alive
08-01-2019 22:40:31 LoggingManagedHttpClientConnection.java DEBUG [Forwarding findElement on session 5e3bc184-7a33-4897-be3c-42f3725c7fda to remote] http.headers 138 - http-outgoing-7 &gt;&gt; User-Agent: Apache-HttpClient/4.5.1 (Java/1.8.0_101)
08-01-2019 22:40:31 LoggingManagedHttpClientConnection.java DEBUG [Forwarding findElement on session 5e3bc184-7a33-4897-be3c-42f3725c7fda to remote] http.headers 138 - http-outgoing-7 &gt;&gt; Accept-Encoding: gzip,deflate
08-01-2019 22:40:31 Wire.java DEBUG [Forwarding findElement on session 5e3bc184-7a33-4897-be3c-42f3725c7fda to remote] http.wire 72 - http-outgoing-7 &gt;&gt; &quot;POST /hub/session/5e3bc184-7a33-4897-be3c-42f3725c7fda/element HTTP/1.1[\r][\n]&quot;
08-01-2019 22:40:31 Wire.java DEBUG [Forwarding findElement on session 5e3bc184-7a33-4897-be3c-42f3725c7fda to remote] http.wire 72 - http-outgoing-7 &gt;&gt; &quot;Content-Type: application/json; charset=utf-8[\r][\n]&quot;
08-01-2019 22:40:31 Wire.java DEBUG [Forwarding findElement on session 5e3bc184-7a33-4897-be3c-42f3725c7fda to remote] http.wire 72 - http-outgoing-7 &gt;&gt; &quot;Content-Length: 59[\r][\n]&quot;
08-01-2019 22:40:31 Wire.java DEBUG [Forwarding findElement on session 5e3bc184-7a33-4897-be3c-42f3725c7fda to remote] http.wire 72 - http-outgoing-7 &gt;&gt; &quot;Host: 127.0.0.1:7055[\r][\n]&quot;
08-01-2019 22:40:31 Wire.java DEBUG [Forwarding findElement on session 5e3bc184-7a33-4897-be3c-42f3725c7fda to remote] http.wire 72 - http-outgoing-7 &gt;&gt; &quot;Connection: Keep-Alive[\r][\n]&quot;
08-01-2019 22:40:31 Wire.java DEBUG [Forwarding findElement on session 5e3bc184-7a33-4897-be3c-42f3725c7fda to remote] http.wire 72 - http-outgoing-7 &gt;&gt; &quot;User-Agent: Apache-HttpClient/4.5.1 (Java/1.8.0_101)[\r][\n]&quot;
08-01-2019 22:40:31 Wire.java DEBUG [Forwarding findElement on session 5e3bc184-7a33-4897-be3c-42f3725c7fda to remote] http.wire 72 - http-outgoing-7 &gt;&gt; &quot;Accept-Encoding: gzip,deflate[\r][\n]&quot;
08-01-2019 22:40:31 Wire.java DEBUG [Forwarding findElement on session 5e3bc184-7a33-4897-be3c-42f3725c7fda to remote] http.wire 72 - http-outgoing-7 &gt;&gt; &quot;[\r][\n]&quot;
08-01-2019 22:40:31 Wire.java DEBUG [Forwarding findElement on session 5e3bc184-7a33-4897-be3c-42f3725c7fda to remote] http.wire 86 - http-outgoing-7 &gt;&gt; &quot;{&quot;using&quot;:&quot;xpath&quot;,&quot;value&quot;:&quot;//a[contains(text(),&apos;Sign Up&apos;)]&quot;}&quot;
08-01-2019 22:40:31 Wire.java DEBUG [Forwarding findElement on session 5e3bc184-7a33-4897-be3c-42f3725c7fda to remote] http.wire 72 - http-outgoing-7 &lt;&lt; &quot;HTTP/1.1 200 OK[\r][\n]&quot;
08-01-2019 22:40:31 Wire.java DEBUG [Forwarding findElement on session 5e3bc184-7a33-4897-be3c-42f3725c7fda to remote] http.wire 72 - http-outgoing-7 &lt;&lt; &quot;content-type: application/json; charset=UTF-8[\r][\n]&quot;
08-01-2019 22:40:31 Wire.java DEBUG [Forwarding findElement on session 5e3bc184-7a33-4897-be3c-42f3725c7fda to remote] http.wire 72 - http-outgoing-7 &lt;&lt; &quot;connection: close[\r][\n]&quot;
08-01-2019 22:40:31 Wire.java DEBUG [Forwarding findElement on session 5e3bc184-7a33-4897-be3c-42f3725c7fda to remote] http.wire 72 - http-outgoing-7 &lt;&lt; &quot;content-length: 224[\r][\n]&quot;
08-01-2019 22:40:31 Wire.java DEBUG [Forwarding findElement on session 5e3bc184-7a33-4897-be3c-42f3725c7fda to remote] http.wire 72 - http-outgoing-7 &lt;&lt; &quot;server: httpd.js[\r][\n]&quot;
08-01-2019 22:40:31 Wire.java DEBUG [Forwarding findElement on session 5e3bc184-7a33-4897-be3c-42f3725c7fda to remote] http.wire 72 - http-outgoing-7 &lt;&lt; &quot;date: Thu, 01 Aug 2019 17:10:31 GMT[\r][\n]&quot;
08-01-2019 22:40:31 Wire.java DEBUG [Forwarding findElement on session 5e3bc184-7a33-4897-be3c-42f3725c7fda to remote] http.wire 72 - http-outgoing-7 &lt;&lt; &quot;[\r][\n]&quot;
08-01-2019 22:40:31 LoggingManagedHttpClientConnection.java DEBUG [Forwarding findElement on session 5e3bc184-7a33-4897-be3c-42f3725c7fda to remote] http.headers 124 - http-outgoing-7 &lt;&lt; HTTP/1.1 200 OK
08-01-2019 22:40:31 LoggingManagedHttpClientConnection.java DEBUG [Forwarding findElement on session 5e3bc184-7a33-4897-be3c-42f3725c7fda to remote] http.headers 127 - http-outgoing-7 &lt;&lt; content-type: application/json; charset=UTF-8
08-01-2019 22:40:31 LoggingManagedHttpClientConnection.java DEBUG [Forwarding findElement on session 5e3bc184-7a33-4897-be3c-42f3725c7fda to remote] http.headers 127 - http-outgoing-7 &lt;&lt; connection: close
08-01-2019 22:40:31 LoggingManagedHttpClientConnection.java DEBUG [Forwarding findElement on session 5e3bc184-7a33-4897-be3c-42f3725c7fda to remote] http.headers 127 - http-outgoing-7 &lt;&lt; content-length: 224
08-01-2019 22:40:31 LoggingManagedHttpClientConnection.java DEBUG [Forwarding findElement on session 5e3bc184-7a33-4897-be3c-42f3725c7fda to remote] http.headers 127 - http-outgoing-7 &lt;&lt; server: httpd.js
08-01-2019 22:40:31 LoggingManagedHttpClientConnection.java DEBUG [Forwarding findElement on session 5e3bc184-7a33-4897-be3c-42f3725c7fda to remote] http.headers 127 - http-outgoing-7 &lt;&lt; date: Thu, 01 Aug 2019 17:10:31 GMT
08-01-2019 22:40:31 Wire.java DEBUG [Forwarding findElement on session 5e3bc184-7a33-4897-be3c-42f3725c7fda to remote] http.wire 86 - http-outgoing-7 &lt;&lt; &quot;{&quot;name&quot;:&quot;findElement&quot;,&quot;sessionId&quot;:&quot;5e3bc184-7a33-4897-be3c-42f3725c7fda&quot;,&quot;status&quot;:0,&quot;value&quot;:{&quot;ELEMENT&quot;:&quot;{e00ab147-74a8-4653-9494-cac01f5f6f4e}&quot;,&quot;element-6066-11e4-a52e-4f735466cecf&quot;:&quot;{e00ab147-74a8-4653-9494-cac01f5f6f4e}&quot;}}&quot;
08-01-2019 22:40:32 LoggingManagedHttpClientConnection.java DEBUG [Forwarding findElement on session 5e3bc184-7a33-4897-be3c-42f3725c7fda to remote] conn.DefaultManagedHttpClientConnection 81 - http-outgoing-7: Close connection
08-01-2019 22:40:32 ConnectionHolder.java DEBUG [Forwarding findElement on session 5e3bc184-7a33-4897-be3c-42f3725c7fda to remote] execchain.MainClientExec 103 - Connection discarded
08-01-2019 22:40:32 PoolingHttpClientConnectionManager.java DEBUG [Forwarding findElement on session 5e3bc184-7a33-4897-be3c-42f3725c7fda to remote] conn.PoolingHttpClientConnectionManager 320 - Connection released: [id: 7][route: {}-&gt;http://127.0.0.1:7055][total kept alive: 0; route allocated: 0 of 2000; total allocated: 0 of 2000]
08-01-2019 22:40:32 RequestAddCookies.java DEBUG [Forwarding clickElement on session 5e3bc184-7a33-4897-be3c-42f3725c7fda to remote] protocol.RequestAddCookies 122 - CookieSpec selected: default
08-01-2019 22:40:32 RequestAuthCache.java DEBUG [Forwarding clickElement on session 5e3bc184-7a33-4897-be3c-42f3725c7fda to remote] protocol.RequestAuthCache 76 - Auth cache not set in the context
08-01-2019 22:40:32 PoolingHttpClientConnectionManager.java DEBUG [Forwarding clickElement on session 5e3bc184-7a33-4897-be3c-42f3725c7fda to remote] conn.PoolingHttpClientConnectionManager 249 - Connection request: [route: {}-&gt;http://127.0.0.1:7055][total kept alive: 0; route allocated: 0 of 2000; total allocated: 0 of 2000]
08-01-2019 22:40:32 PoolingHttpClientConnectionManager.java DEBUG [Forwarding clickElement on session 5e3bc184-7a33-4897-be3c-42f3725c7fda to remote] conn.PoolingHttpClientConnectionManager 282 - Connection leased: [id: 8][route: {}-&gt;http://127.0.0.1:7055][total kept alive: 0; route allocated: 1 of 2000; total allocated: 1 of 2000]
08-01-2019 22:40:32 MainClientExec.java DEBUG [Forwarding clickElement on session 5e3bc184-7a33-4897-be3c-42f3725c7fda to remote] execchain.MainClientExec 234 - Opening connection {}-&gt;http://127.0.0.1:7055
08-01-2019 22:40:32 DefaultHttpClientConnectionOperator.java DEBUG [Forwarding clickElement on session 5e3bc184-7a33-4897-be3c-42f3725c7fda to remote] conn.DefaultHttpClientConnectionOperator 131 - Connecting to /127.0.0.1:7055
08-01-2019 22:40:32 DefaultHttpClientConnectionOperator.java DEBUG [Forwarding clickElement on session 5e3bc184-7a33-4897-be3c-42f3725c7fda to remote] conn.DefaultHttpClientConnectionOperator 138 - Connection established 127.0.0.1:56710&lt;-&gt;127.0.0.1:7055
08-01-2019 22:40:32 LoggingManagedHttpClientConnection.java DEBUG [Forwarding clickElement on session 5e3bc184-7a33-4897-be3c-42f3725c7fda to remote] conn.DefaultManagedHttpClientConnection 90 - http-outgoing-8: set socket timeout to 10800000
08-01-2019 22:40:32 MainClientExec.java DEBUG [Forwarding clickElement on session 5e3bc184-7a33-4897-be3c-42f3725c7fda to remote] execchain.MainClientExec 255 - Executing request POST /hub/session/5e3bc184-7a33-4897-be3c-42f3725c7fda/element/%7Be00ab147-74a8-4653-9494-cac01f5f6f4e%7D/click HTTP/1.1
08-01-2019 22:40:32 MainClientExec.java DEBUG [Forwarding clickElement on session 5e3bc184-7a33-4897-be3c-42f3725c7fda to remote] execchain.MainClientExec 260 - Target auth state: UNCHALLENGED
08-01-2019 22:40:32 MainClientExec.java DEBUG [Forwarding clickElement on session 5e3bc184-7a33-4897-be3c-42f3725c7fda to remote] execchain.MainClientExec 266 - Proxy auth state: UNCHALLENGED
08-01-2019 22:40:32 LoggingManagedHttpClientConnection.java DEBUG [Forwarding clickElement on session 5e3bc184-7a33-4897-be3c-42f3725c7fda to remote] http.headers 135 - http-outgoing-8 &gt;&gt; POST /hub/session/5e3bc184-7a33-4897-be3c-42f3725c7fda/element/%7Be00ab147-74a8-4653-9494-cac01f5f6f4e%7D/click HTTP/1.1
08-01-2019 22:40:32 LoggingManagedHttpClientConnection.java DEBUG [Forwarding clickElement on session 5e3bc184-7a33-4897-be3c-42f3725c7fda to remote] http.headers 138 - http-outgoing-8 &gt;&gt; Content-Type: application/json; charset=utf-8
08-01-2019 22:40:32 LoggingManagedHttpClientConnection.java DEBUG [Forwarding clickElement on session 5e3bc184-7a33-4897-be3c-42f3725c7fda to remote] http.headers 138 - http-outgoing-8 &gt;&gt; Content-Length: 47
08-01-2019 22:40:32 LoggingManagedHttpClientConnection.java DEBUG [Forwarding clickElement on session 5e3bc184-7a33-4897-be3c-42f3725c7fda to remote] http.headers 138 - http-outgoing-8 &gt;&gt; Host: 127.0.0.1:7055
08-01-2019 22:40:32 LoggingManagedHttpClientConnection.java DEBUG [Forwarding clickElement on session 5e3bc184-7a33-4897-be3c-42f3725c7fda to remote] http.headers 138 - http-outgoing-8 &gt;&gt; Connection: Keep-Alive
08-01-2019 22:40:32 LoggingManagedHttpClientConnection.java DEBUG [Forwarding clickElement on session 5e3bc184-7a33-4897-be3c-42f3725c7fda to remote] http.headers 138 - http-outgoing-8 &gt;&gt; User-Agent: Apache-HttpClient/4.5.1 (Java/1.8.0_101)
08-01-2019 22:40:32 LoggingManagedHttpClientConnection.java DEBUG [Forwarding clickElement on session 5e3bc184-7a33-4897-be3c-42f3725c7fda to remote] http.headers 138 - http-outgoing-8 &gt;&gt; Accept-Encoding: gzip,deflate
08-01-2019 22:40:32 Wire.java DEBUG [Forwarding clickElement on session 5e3bc184-7a33-4897-be3c-42f3725c7fda to remote] http.wire 72 - http-outgoing-8 &gt;&gt; &quot;POST /hub/session/5e3bc184-7a33-4897-be3c-42f3725c7fda/element/%7Be00ab147-74a8-4653-9494-cac01f5f6f4e%7D/click HTTP/1.1[\r][\n]&quot;
08-01-2019 22:40:32 Wire.java DEBUG [Forwarding clickElement on session 5e3bc184-7a33-4897-be3c-42f3725c7fda to remote] http.wire 72 - http-outgoing-8 &gt;&gt; &quot;Content-Type: application/json; charset=utf-8[\r][\n]&quot;
08-01-2019 22:40:32 Wire.java DEBUG [Forwarding clickElement on session 5e3bc184-7a33-4897-be3c-42f3725c7fda to remote] http.wire 72 - http-outgoing-8 &gt;&gt; &quot;Content-Length: 47[\r][\n]&quot;
08-01-2019 22:40:32 Wire.java DEBUG [Forwarding clickElement on session 5e3bc184-7a33-4897-be3c-42f3725c7fda to remote] http.wire 72 - http-outgoing-8 &gt;&gt; &quot;Host: 127.0.0.1:7055[\r][\n]&quot;
08-01-2019 22:40:32 Wire.java DEBUG [Forwarding clickElement on session 5e3bc184-7a33-4897-be3c-42f3725c7fda to remote] http.wire 72 - http-outgoing-8 &gt;&gt; &quot;Connection: Keep-Alive[\r][\n]&quot;
08-01-2019 22:40:32 Wire.java DEBUG [Forwarding clickElement on session 5e3bc184-7a33-4897-be3c-42f3725c7fda to remote] http.wire 72 - http-outgoing-8 &gt;&gt; &quot;User-Agent: Apache-HttpClient/4.5.1 (Java/1.8.0_101)[\r][\n]&quot;
08-01-2019 22:40:32 Wire.java DEBUG [Forwarding clickElement on session 5e3bc184-7a33-4897-be3c-42f3725c7fda to remote] http.wire 72 - http-outgoing-8 &gt;&gt; &quot;Accept-Encoding: gzip,deflate[\r][\n]&quot;
08-01-2019 22:40:32 Wire.java DEBUG [Forwarding clickElement on session 5e3bc184-7a33-4897-be3c-42f3725c7fda to remote] http.wire 72 - http-outgoing-8 &gt;&gt; &quot;[\r][\n]&quot;
08-01-2019 22:40:32 Wire.java DEBUG [Forwarding clickElement on session 5e3bc184-7a33-4897-be3c-42f3725c7fda to remote] http.wire 86 - http-outgoing-8 &gt;&gt; &quot;{&quot;id&quot;:&quot;{e00ab147-74a8-4653-9494-cac01f5f6f4e}&quot;}&quot;
08-01-2019 22:40:35 Wire.java DEBUG [Forwarding clickElement on session 5e3bc184-7a33-4897-be3c-42f3725c7fda to remote] http.wire 72 - http-outgoing-8 &lt;&lt; &quot;HTTP/1.1 200 OK[\r][\n]&quot;
08-01-2019 22:40:35 Wire.java DEBUG [Forwarding clickElement on session 5e3bc184-7a33-4897-be3c-42f3725c7fda to remote] http.wire 72 - http-outgoing-8 &lt;&lt; &quot;content-type: application/json; charset=UTF-8[\r][\n]&quot;
08-01-2019 22:40:35 Wire.java DEBUG [Forwarding clickElement on session 5e3bc184-7a33-4897-be3c-42f3725c7fda to remote] http.wire 72 - http-outgoing-8 &lt;&lt; &quot;connection: close[\r][\n]&quot;
08-01-2019 22:40:35 Wire.java DEBUG [Forwarding clickElement on session 5e3bc184-7a33-4897-be3c-42f3725c7fda to remote] http.wire 72 - http-outgoing-8 &lt;&lt; &quot;content-length: 98[\r][\n]&quot;
08-01-2019 22:40:35 Wire.java DEBUG [Forwarding clickElement on session 5e3bc184-7a33-4897-be3c-42f3725c7fda to remote] http.wire 72 - http-outgoing-8 &lt;&lt; &quot;server: httpd.js[\r][\n]&quot;
08-01-2019 22:40:35 Wire.java DEBUG [Forwarding clickElement on session 5e3bc184-7a33-4897-be3c-42f3725c7fda to remote] http.wire 72 - http-outgoing-8 &lt;&lt; &quot;date: Thu, 01 Aug 2019 17:10:35 GMT[\r][\n]&quot;
08-01-2019 22:40:35 Wire.java DEBUG [Forwarding clickElement on session 5e3bc184-7a33-4897-be3c-42f3725c7fda to remote] http.wire 72 - http-outgoing-8 &lt;&lt; &quot;[\r][\n]&quot;
08-01-2019 22:40:35 LoggingManagedHttpClientConnection.java DEBUG [Forwarding clickElement on session 5e3bc184-7a33-4897-be3c-42f3725c7fda to remote] http.headers 124 - http-outgoing-8 &lt;&lt; HTTP/1.1 200 OK
08-01-2019 22:40:35 LoggingManagedHttpClientConnection.java DEBUG [Forwarding clickElement on session 5e3bc184-7a33-4897-be3c-42f3725c7fda to remote] http.headers 127 - http-outgoing-8 &lt;&lt; content-type: application/json; charset=UTF-8
08-01-2019 22:40:35 LoggingManagedHttpClientConnection.java DEBUG [Forwarding clickElement on session 5e3bc184-7a33-4897-be3c-42f3725c7fda to remote] http.headers 127 - http-outgoing-8 &lt;&lt; connection: close
08-01-2019 22:40:35 LoggingManagedHttpClientConnection.java DEBUG [Forwarding clickElement on session 5e3bc184-7a33-4897-be3c-42f3725c7fda to remote] http.headers 127 - http-outgoing-8 &lt;&lt; content-length: 98
08-01-2019 22:40:35 LoggingManagedHttpClientConnection.java DEBUG [Forwarding clickElement on session 5e3bc184-7a33-4897-be3c-42f3725c7fda to remote] http.headers 127 - http-outgoing-8 &lt;&lt; server: httpd.js
08-01-2019 22:40:35 LoggingManagedHttpClientConnection.java DEBUG [Forwarding clickElement on session 5e3bc184-7a33-4897-be3c-42f3725c7fda to remote] http.headers 127 - http-outgoing-8 &lt;&lt; date: Thu, 01 Aug 2019 17:10:35 GMT
08-01-2019 22:40:35 Wire.java DEBUG [Forwarding clickElement on session 5e3bc184-7a33-4897-be3c-42f3725c7fda to remote] http.wire 86 - http-outgoing-8 &lt;&lt; &quot;{&quot;name&quot;:&quot;clickElement&quot;,&quot;sessionId&quot;:&quot;5e3bc184-7a33-4897-be3c-42f3725c7fda&quot;,&quot;status&quot;:0,&quot;value&quot;:&quot;ok&quot;}&quot;
08-01-2019 22:40:35 LoggingManagedHttpClientConnection.java DEBUG [Forwarding clickElement on session 5e3bc184-7a33-4897-be3c-42f3725c7fda to remote] conn.DefaultManagedHttpClientConnection 81 - http-outgoing-8: Close connection
08-01-2019 22:40:35 ConnectionHolder.java DEBUG [Forwarding clickElement on session 5e3bc184-7a33-4897-be3c-42f3725c7fda to remote] execchain.MainClientExec 103 - Connection discarded
08-01-2019 22:40:35 PoolingHttpClientConnectionManager.java DEBUG [Forwarding clickElement on session 5e3bc184-7a33-4897-be3c-42f3725c7fda to remote] conn.PoolingHttpClientConnectionManager 320 - Connection released: [id: 8][route: {}-&gt;http://127.0.0.1:7055][total kept alive: 0; route allocated: 0 of 2000; total allocated: 0 of 2000]
signButton clicked
08-01-2019 22:40:35 RequestAddCookies.java DEBUG [Forwarding findElement on session 5e3bc184-7a33-4897-be3c-42f3725c7fda to remote] protocol.RequestAddCookies 122 - CookieSpec selected: default
08-01-2019 22:40:35 RequestAuthCache.java DEBUG [Forwarding findElement on session 5e3bc184-7a33-4897-be3c-42f3725c7fda to remote] protocol.RequestAuthCache 76 - Auth cache not set in the context
08-01-2019 22:40:35 PoolingHttpClientConnectionManager.java DEBUG [Forwarding findElement on session 5e3bc184-7a33-4897-be3c-42f3725c7fda to remote] conn.PoolingHttpClientConnectionManager 249 - Connection request: [route: {}-&gt;http://127.0.0.1:7055][total kept alive: 0; route allocated: 0 of 2000; total allocated: 0 of 2000]
08-01-2019 22:40:35 PoolingHttpClientConnectionManager.java DEBUG [Forwarding findElement on session 5e3bc184-7a33-4897-be3c-42f3725c7fda to remote] conn.PoolingHttpClientConnectionManager 282 - Connection leased: [id: 9][route: {}-&gt;http://127.0.0.1:7055][total kept alive: 0; route allocated: 1 of 2000; total allocated: 1 of 2000]
08-01-2019 22:40:35 MainClientExec.java DEBUG [Forwarding findElement on session 5e3bc184-7a33-4897-be3c-42f3725c7fda to remote] execchain.MainClientExec 234 - Opening connection {}-&gt;http://127.0.0.1:7055
08-01-2019 22:40:35 DefaultHttpClientConnectionOperator.java DEBUG [Forwarding findElement on session 5e3bc184-7a33-4897-be3c-42f3725c7fda to remote] conn.DefaultHttpClientConnectionOperator 131 - Connecting to /127.0.0.1:7055
08-01-2019 22:40:35 DefaultHttpClientConnectionOperator.java DEBUG [Forwarding findElement on session 5e3bc184-7a33-4897-be3c-42f3725c7fda to remote] conn.DefaultHttpClientConnectionOperator 138 - Connection established 127.0.0.1:56724&lt;-&gt;127.0.0.1:7055
08-01-2019 22:40:35 LoggingManagedHttpClientConnection.java DEBUG [Forwarding findElement on session 5e3bc184-7a33-4897-be3c-42f3725c7fda to remote] conn.DefaultManagedHttpClientConnection 90 - http-outgoing-9: set socket timeout to 10800000
08-01-2019 22:40:35 MainClientExec.java DEBUG [Forwarding findElement on session 5e3bc184-7a33-4897-be3c-42f3725c7fda to remote] execchain.MainClientExec 255 - Executing request POST /hub/session/5e3bc184-7a33-4897-be3c-42f3725c7fda/element HTTP/1.1
08-01-2019 22:40:35 MainClientExec.java DEBUG [Forwarding findElement on session 5e3bc184-7a33-4897-be3c-42f3725c7fda to remote] execchain.MainClientExec 260 - Target auth state: UNCHALLENGED
08-01-2019 22:40:35 MainClientExec.java DEBUG [Forwarding findElement on session 5e3bc184-7a33-4897-be3c-42f3725c7fda to remote] execchain.MainClientExec 266 - Proxy auth state: UNCHALLENGED
08-01-2019 22:40:35 LoggingManagedHttpClientConnection.java DEBUG [Forwarding findElement on session 5e3bc184-7a33-4897-be3c-42f3725c7fda to remote] http.headers 135 - http-outgoing-9 &gt;&gt; POST /hub/session/5e3bc184-7a33-4897-be3c-42f3725c7fda/element HTTP/1.1
08-01-2019 22:40:35 LoggingManagedHttpClientConnection.java DEBUG [Forwarding findElement on session 5e3bc184-7a33-4897-be3c-42f3725c7fda to remote] http.headers 138 - http-outgoing-9 &gt;&gt; Content-Type: application/json; charset=utf-8
08-01-2019 22:40:35 LoggingManagedHttpClientConnection.java DEBUG [Forwarding findElement on session 5e3bc184-7a33-4897-be3c-42f3725c7fda to remote] http.headers 138 - http-outgoing-9 &gt;&gt; Content-Length: 39
08-01-2019 22:40:35 LoggingManagedHttpClientConnection.java DEBUG [Forwarding findElement on session 5e3bc184-7a33-4897-be3c-42f3725c7fda to remote] http.headers 138 - http-outgoing-9 &gt;&gt; Host: 127.0.0.1:7055
08-01-2019 22:40:35 LoggingManagedHttpClientConnection.java DEBUG [Forwarding findElement on session 5e3bc184-7a33-4897-be3c-42f3725c7fda to remote] http.headers 138 - http-outgoing-9 &gt;&gt; Connection: Keep-Alive
08-01-2019 22:40:35 LoggingManagedHttpClientConnection.java DEBUG [Forwarding findElement on session 5e3bc184-7a33-4897-be3c-42f3725c7fda to remote] http.headers 138 - http-outgoing-9 &gt;&gt; User-Agent: Apache-HttpClient/4.5.1 (Java/1.8.0_101)
08-01-2019 22:40:35 LoggingManagedHttpClientConnection.java DEBUG [Forwarding findElement on session 5e3bc184-7a33-4897-be3c-42f3725c7fda to remote] http.headers 138 - http-outgoing-9 &gt;&gt; Accept-Encoding: gzip,deflate
08-01-2019 22:40:35 Wire.java DEBUG [Forwarding findElement on session 5e3bc184-7a33-4897-be3c-42f3725c7fda to remote] http.wire 72 - http-outgoing-9 &gt;&gt; &quot;POST /hub/session/5e3bc184-7a33-4897-be3c-42f3725c7fda/element HTTP/1.1[\r][\n]&quot;
08-01-2019 22:40:35 Wire.java DEBUG [Forwarding findElement on session 5e3bc184-7a33-4897-be3c-42f3725c7fda to remote] http.wire 72 - http-outgoing-9 &gt;&gt; &quot;Content-Type: application/json; charset=utf-8[\r][\n]&quot;
08-01-2019 22:40:35 Wire.java DEBUG [Forwarding findElement on session 5e3bc184-7a33-4897-be3c-42f3725c7fda to remote] http.wire 72 - http-outgoing-9 &gt;&gt; &quot;Content-Length: 39[\r][\n]&quot;
08-01-2019 22:40:35 Wire.java DEBUG [Forwarding findElement on session 5e3bc184-7a33-4897-be3c-42f3725c7fda to remote] http.wire 72 - http-outgoing-9 &gt;&gt; &quot;Host: 127.0.0.1:7055[\r][\n]&quot;
08-01-2019 22:40:35 Wire.java DEBUG [Forwarding findElement on session 5e3bc184-7a33-4897-be3c-42f3725c7fda to remote] http.wire 72 - http-outgoing-9 &gt;&gt; &quot;Connection: Keep-Alive[\r][\n]&quot;
08-01-2019 22:40:35 Wire.java DEBUG [Forwarding findElement on session 5e3bc184-7a33-4897-be3c-42f3725c7fda to remote] http.wire 72 - http-outgoing-9 &gt;&gt; &quot;User-Agent: Apache-HttpClient/4.5.1 (Java/1.8.0_101)[\r][\n]&quot;
08-01-2019 22:40:35 Wire.java DEBUG [Forwarding findElement on session 5e3bc184-7a33-4897-be3c-42f3725c7fda to remote] http.wire 72 - http-outgoing-9 &gt;&gt; &quot;Accept-Encoding: gzip,deflate[\r][\n]&quot;
08-01-2019 22:40:35 Wire.java DEBUG [Forwarding findElement on session 5e3bc184-7a33-4897-be3c-42f3725c7fda to remote] http.wire 72 - http-outgoing-9 &gt;&gt; &quot;[\r][\n]&quot;
08-01-2019 22:40:35 Wire.java DEBUG [Forwarding findElement on session 5e3bc184-7a33-4897-be3c-42f3725c7fda to remote] http.wire 86 - http-outgoing-9 &gt;&gt; &quot;{&quot;using&quot;:&quot;xpath&quot;,&quot;value&quot;:&quot;paymentPlan&quot;}&quot;
08-01-2019 22:40:55 Wire.java DEBUG [Forwarding findElement on session 5e3bc184-7a33-4897-be3c-42f3725c7fda to remote] http.wire 72 - http-outgoing-9 &lt;&lt; &quot;HTTP/1.1 500 Internal Server Error[\r][\n]&quot;
08-01-2019 22:40:55 Wire.java DEBUG [Forwarding findElement on session 5e3bc184-7a33-4897-be3c-42f3725c7fda to remote] http.wire 72 - http-outgoing-9 &lt;&lt; &quot;content-type: application/json; charset=UTF-8[\r][\n]&quot;
08-01-2019 22:40:55 Wire.java DEBUG [Forwarding findElement on session 5e3bc184-7a33-4897-be3c-42f3725c7fda to remote] http.wire 72 - http-outgoing-9 &lt;&lt; &quot;connection: close[\r][\n]&quot;
08-01-2019 22:40:55 Wire.java DEBUG [Forwarding findElement on session 5e3bc184-7a33-4897-be3c-42f3725c7fda to remote] http.wire 72 - http-outgoing-9 &lt;&lt; &quot;content-length: 726[\r][\n]&quot;
08-01-2019 22:40:55 Wire.java DEBUG [Forwarding findElement on session 5e3bc184-7a33-4897-be3c-42f3725c7fda to remote] http.wire 72 - http-outgoing-9 &lt;&lt; &quot;server: httpd.js[\r][\n]&quot;
08-01-2019 22:40:55 Wire.java DEBUG [Forwarding findElement on session 5e3bc184-7a33-4897-be3c-42f3725c7fda to remote] http.wire 72 - http-outgoing-9 &lt;&lt; &quot;date: Thu, 01 Aug 2019 17:10:55 GMT[\r][\n]&quot;
08-01-2019 22:40:55 Wire.java DEBUG [Forwarding findElement on session 5e3bc184-7a33-4897-be3c-42f3725c7fda to remote] http.wire 72 - http-outgoing-9 &lt;&lt; &quot;[\r][\n]&quot;
08-01-2019 22:40:55 LoggingManagedHttpClientConnection.java DEBUG [Forwarding findElement on session 5e3bc184-7a33-4897-be3c-42f3725c7fda to remote] http.headers 124 - http-outgoing-9 &lt;&lt; HTTP/1.1 500 Internal Server Error
08-01-2019 22:40:55 LoggingManagedHttpClientConnection.java DEBUG [Forwarding findElement on session 5e3bc184-7a33-4897-be3c-42f3725c7fda to remote] http.headers 127 - http-outgoing-9 &lt;&lt; content-type: application/json; charset=UTF-8
08-01-2019 22:40:55 LoggingManagedHttpClientConnection.java DEBUG [Forwarding findElement on session 5e3bc184-7a33-4897-be3c-42f3725c7fda to remote] http.headers 127 - http-outgoing-9 &lt;&lt; connection: close
08-01-2019 22:40:55 LoggingManagedHttpClientConnection.java DEBUG [Forwarding findElement on session 5e3bc184-7a33-4897-be3c-42f3725c7fda to remote] http.headers 127 - http-outgoing-9 &lt;&lt; content-length: 726
08-01-2019 22:40:55 LoggingManagedHttpClientConnection.java DEBUG [Forwarding findElement on session 5e3bc184-7a33-4897-be3c-42f3725c7fda to remote] http.headers 127 - http-outgoing-9 &lt;&lt; server: httpd.js
08-01-2019 22:40:55 LoggingManagedHttpClientConnection.java DEBUG [Forwarding findElement on session 5e3bc184-7a33-4897-be3c-42f3725c7fda to remote] http.headers 127 - http-outgoing-9 &lt;&lt; date: Thu, 01 Aug 2019 17:10:55 GMT
08-01-2019 22:40:55 Wire.java DEBUG [Forwarding findElement on session 5e3bc184-7a33-4897-be3c-42f3725c7fda to remote] http.wire 86 - http-outgoing-9 &lt;&lt; &quot;{&quot;name&quot;:&quot;findElement&quot;,&quot;sessionId&quot;:&quot;5e3bc184-7a33-4897-be3c-42f3725c7fda&quot;,&quot;status&quot;:7,&quot;value&quot;:{&quot;message&quot;:&quot;Unable to locate element: {\&quot;method\&quot;:\&quot;xpath\&quot;,\&quot;selector\&quot;:\&quot;paymentPlan\&quot;}&quot;,&quot;stackTrace&quot;:[{&quot;methodName&quot;:&quot;FirefoxDriver.prototype.findElementInternal_&quot;,&quot;fileName&quot;:&quot;file:///C:/Users/nites/AppData/Local/Temp/anonymous155488911048298946webdriver-profile/extensions/fxdriver@googlecode.com/components/driver-component.js&quot;,&quot;lineNumber&quot;:10770,&quot;columnNumber&quot;:26},{&quot;methodName&quot;:&quot;fxdriver.Timer.prototype.setTimeout/&lt;.notify&quot;,&quot;fileName&quot;:&quot;file:///C:/Users/nites/AppData/Local/Temp/anonymous155488911048298946webdriver-profile/extensions/fxdriver@googlecode.com/components/driver-component.js&quot;,&quot;lineNumber&quot;:625,&quot;columnNumber&quot;:5}]}}&quot;
08-01-2019 22:40:55 LoggingManagedHttpClientConnection.java DEBUG [Forwarding findElement on session 5e3bc184-7a33-4897-be3c-42f3725c7fda to remote] conn.DefaultManagedHttpClientConnection 81 - http-outgoing-9: Close connection
08-01-2019 22:40:55 ConnectionHolder.java DEBUG [Forwarding findElement on session 5e3bc184-7a33-4897-be3c-42f3725c7fda to remote] execchain.MainClientExec 103 - Connection discarded
08-01-2019 22:40:55 PoolingHttpClientConnectionManager.java DEBUG [Forwarding findElement on session 5e3bc184-7a33-4897-be3c-42f3725c7fda to remote] conn.PoolingHttpClientConnectionManager 320 - Connection released: [id: 9][route: {}-&gt;http://127.0.0.1:7055][total kept alive: 0; route allocated: 0 of 2000; total allocated: 0 of 2000]
08-01-2019 22:40:55 RequestAddCookies.java DEBUG [Forwarding findElement on session 5e3bc184-7a33-4897-be3c-42f3725c7fda to remote] protocol.RequestAddCookies 122 - CookieSpec selected: default
08-01-2019 22:40:55 RequestAuthCache.java DEBUG [Forwarding findElement on session 5e3bc184-7a33-4897-be3c-42f3725c7fda to remote] protocol.RequestAuthCache 76 - Auth cache not set in the context
08-01-2019 22:40:55 PoolingHttpClientConnectionManager.java DEBUG [Forwarding findElement on session 5e3bc184-7a33-4897-be3c-42f3725c7fda to remote] conn.PoolingHttpClientConnectionManager 249 - Connection request: [route: {}-&gt;http://127.0.0.1:7055][total kept alive: 0; route allocated: 0 of 2000; total allocated: 0 of 2000]
08-01-2019 22:40:55 PoolingHttpClientConnectionManager.java DEBUG [Forwarding findElement on session 5e3bc184-7a33-4897-be3c-42f3725c7fda to remote] conn.PoolingHttpClientConnectionManager 282 - Connection leased: [id: 10][route: {}-&gt;http://127.0.0.1:7055][total kept alive: 0; route allocated: 1 of 2000; total allocated: 1 of 2000]
08-01-2019 22:40:55 MainClientExec.java DEBUG [Forwarding findElement on session 5e3bc184-7a33-4897-be3c-42f3725c7fda to remote] execchain.MainClientExec 234 - Opening connection {}-&gt;http://127.0.0.1:7055
08-01-2019 22:40:55 DefaultHttpClientConnectionOperator.java DEBUG [Forwarding findElement on session 5e3bc184-7a33-4897-be3c-42f3725c7fda to remote] conn.DefaultHttpClientConnectionOperator 131 - Connecting to /127.0.0.1:7055
08-01-2019 22:40:55 DefaultHttpClientConnectionOperator.java DEBUG [Forwarding findElement on session 5e3bc184-7a33-4897-be3c-42f3725c7fda to remote] conn.DefaultHttpClientConnectionOperator 138 - Connection established 127.0.0.1:56726&lt;-&gt;127.0.0.1:7055
08-01-2019 22:40:55 LoggingManagedHttpClientConnection.java DEBUG [Forwarding findElement on session 5e3bc184-7a33-4897-be3c-42f3725c7fda to remote] conn.DefaultManagedHttpClientConnection 90 - http-outgoing-10: set socket timeout to 10800000
08-01-2019 22:40:55 MainClientExec.java DEBUG [Forwarding findElement on session 5e3bc184-7a33-4897-be3c-42f3725c7fda to remote] execchain.MainClientExec 255 - Executing request POST /hub/session/5e3bc184-7a33-4897-be3c-42f3725c7fda/element HTTP/1.1
08-01-2019 22:40:55 MainClientExec.java DEBUG [Forwarding findElement on session 5e3bc184-7a33-4897-be3c-42f3725c7fda to remote] execchain.MainClientExec 260 - Target auth state: UNCHALLENGED
08-01-2019 22:40:55 MainClientExec.java DEBUG [Forwarding findElement on session 5e3bc184-7a33-4897-be3c-42f3725c7fda to remote] execchain.MainClientExec 266 - Proxy auth state: UNCHALLENGED
08-01-2019 22:40:55 LoggingManagedHttpClientConnection.java DEBUG [Forwarding findElement on session 5e3bc184-7a33-4897-be3c-42f3725c7fda to remote] http.headers 135 - http-outgoing-10 &gt;&gt; POST /hub/session/5e3bc184-7a33-4897-be3c-42f3725c7fda/element HTTP/1.1
08-01-2019 22:40:55 LoggingManagedHttpClientConnection.java DEBUG [Forwarding findElement on session 5e3bc184-7a33-4897-be3c-42f3725c7fda to remote] http.headers 138 - http-outgoing-10 &gt;&gt; Content-Type: application/json; charset=utf-8
08-01-2019 22:40:55 LoggingManagedHttpClientConnection.java DEBUG [Forwarding findElement on session 5e3bc184-7a33-4897-be3c-42f3725c7fda to remote] http.headers 138 - http-outgoing-10 &gt;&gt; Content-Length: 42
08-01-2019 22:40:55 LoggingManagedHttpClientConnection.java DEBUG [Forwarding findElement on session 5e3bc184-7a33-4897-be3c-42f3725c7fda to remote] http.headers 138 - http-outgoing-10 &gt;&gt; Host: 127.0.0.1:7055
08-01-2019 22:40:55 LoggingManagedHttpClientConnection.java DEBUG [Forwarding findElement on session 5e3bc184-7a33-4897-be3c-42f3725c7fda to remote] http.headers 138 - http-outgoing-10 &gt;&gt; Connection: Keep-Alive
08-01-2019 22:40:55 LoggingManagedHttpClientConnection.java DEBUG [Forwarding findElement on session 5e3bc184-7a33-4897-be3c-42f3725c7fda to remote] http.headers 138 - http-outgoing-10 &gt;&gt; User-Agent: Apache-HttpClient/4.5.1 (Java/1.8.0_101)
08-01-2019 22:40:55 LoggingManagedHttpClientConnection.java DEBUG [Forwarding findElement on session 5e3bc184-7a33-4897-be3c-42f3725c7fda to remote] http.headers 138 - http-outgoing-10 &gt;&gt; Accept-Encoding: gzip,deflate
08-01-2019 22:40:55 Wire.java DEBUG [Forwarding findElement on session 5e3bc184-7a33-4897-be3c-42f3725c7fda to remote] http.wire 72 - http-outgoing-10 &gt;&gt; &quot;POST /hub/session/5e3bc184-7a33-4897-be3c-42f3725c7fda/element HTTP/1.1[\r][\n]&quot;
08-01-2019 22:40:55 Wire.java DEBUG [Forwarding findElement on session 5e3bc184-7a33-4897-be3c-42f3725c7fda to remote] http.wire 72 - http-outgoing-10 &gt;&gt; &quot;Content-Type: application/json; charset=utf-8[\r][\n]&quot;
08-01-2019 22:40:55 Wire.java DEBUG [Forwarding findElement on session 5e3bc184-7a33-4897-be3c-42f3725c7fda to remote] http.wire 72 - http-outgoing-10 &gt;&gt; &quot;Content-Length: 42[\r][\n]&quot;
08-01-2019 22:40:55 Wire.java DEBUG [Forwarding findElement on session 5e3bc184-7a33-4897-be3c-42f3725c7fda to remote] http.wire 72 - http-outgoing-10 &gt;&gt; &quot;Host: 127.0.0.1:7055[\r][\n]&quot;
08-01-2019 22:40:55 Wire.java DEBUG [Forwarding findElement on session 5e3bc184-7a33-4897-be3c-42f3725c7fda to remote] http.wire 72 - http-outgoing-10 &gt;&gt; &quot;Connection: Keep-Alive[\r][\n]&quot;
08-01-2019 22:40:55 Wire.java DEBUG [Forwarding findElement on session 5e3bc184-7a33-4897-be3c-42f3725c7fda to remote] http.wire 72 - http-outgoing-10 &gt;&gt; &quot;User-Agent: Apache-HttpClient/4.5.1 (Java/1.8.0_101)[\r][\n]&quot;
08-01-2019 22:40:55 Wire.java DEBUG [Forwarding findElement on session 5e3bc184-7a33-4897-be3c-42f3725c7fda to remote] http.wire 72 - http-outgoing-10 &gt;&gt; &quot;Accept-Encoding: gzip,deflate[\r][\n]&quot;
08-01-2019 22:40:55 Wire.java DEBUG [Forwarding findElement on session 5e3bc184-7a33-4897-be3c-42f3725c7fda to remote] http.wire 72 - http-outgoing-10 &gt;&gt; &quot;[\r][\n]&quot;
08-01-2019 22:40:55 Wire.java DEBUG [Forwarding findElement on session 5e3bc184-7a33-4897-be3c-42f3725c7fda to remote] http.wire 86 - http-outgoing-10 &gt;&gt; &quot;{&quot;using&quot;:&quot;name&quot;,&quot;value&quot;:&quot;payment_plan_id&quot;}&quot;
08-01-2019 22:40:55 Wire.java DEBUG [Forwarding findElement on session 5e3bc184-7a33-4897-be3c-42f3725c7fda to remote] http.wire 72 - http-outgoing-10 &lt;&lt; &quot;HTTP/1.1 200 OK[\r][\n]&quot;
08-01-2019 22:40:55 Wire.java DEBUG [Forwarding findElement on session 5e3bc184-7a33-4897-be3c-42f3725c7fda to remote] http.wire 72 - http-outgoing-10 &lt;&lt; &quot;content-type: application/json; charset=UTF-8[\r][\n]&quot;
08-01-2019 22:40:55 Wire.java DEBUG [Forwarding findElement on session 5e3bc184-7a33-4897-be3c-42f3725c7fda to remote] http.wire 72 - http-outgoing-10 &lt;&lt; &quot;connection: close[\r][\n]&quot;
08-01-2019 22:40:55 Wire.java DEBUG [Forwarding findElement on session 5e3bc184-7a33-4897-be3c-42f3725c7fda to remote] http.wire 72 - http-outgoing-10 &lt;&lt; &quot;content-length: 224[\r][\n]&quot;
08-01-2019 22:40:55 Wire.java DEBUG [Forwarding findElement on session 5e3bc184-7a33-4897-be3c-42f3725c7fda to remote] http.wire 72 - http-outgoing-10 &lt;&lt; &quot;server: httpd.js[\r][\n]&quot;
08-01-2019 22:40:55 Wire.java DEBUG [Forwarding findElement on session 5e3bc184-7a33-4897-be3c-42f3725c7fda to remote] http.wire 72 - http-outgoing-10 &lt;&lt; &quot;date: Thu, 01 Aug 2019 17:10:55 GMT[\r][\n]&quot;
08-01-2019 22:40:55 Wire.java DEBUG [Forwarding findElement on session 5e3bc184-7a33-4897-be3c-42f3725c7fda to remote] http.wire 72 - http-outgoing-10 &lt;&lt; &quot;[\r][\n]&quot;
08-01-2019 22:40:55 LoggingManagedHttpClientConnection.java DEBUG [Forwarding findElement on session 5e3bc184-7a33-4897-be3c-42f3725c7fda to remote] http.headers 124 - http-outgoing-10 &lt;&lt; HTTP/1.1 200 OK
08-01-2019 22:40:55 LoggingManagedHttpClientConnection.java DEBUG [Forwarding findElement on session 5e3bc184-7a33-4897-be3c-42f3725c7fda to remote] http.headers 127 - http-outgoing-10 &lt;&lt; content-type: application/json; charset=UTF-8
08-01-2019 22:40:55 LoggingManagedHttpClientConnection.java DEBUG [Forwarding findElement on session 5e3bc184-7a33-4897-be3c-42f3725c7fda to remote] http.headers 127 - http-outgoing-10 &lt;&lt; connection: close
08-01-2019 22:40:55 LoggingManagedHttpClientConnection.java DEBUG [Forwarding findElement on session 5e3bc184-7a33-4897-be3c-42f3725c7fda to remote] http.headers 127 - http-outgoing-10 &lt;&lt; content-length: 224
08-01-2019 22:40:55 LoggingManagedHttpClientConnection.java DEBUG [Forwarding findElement on session 5e3bc184-7a33-4897-be3c-42f3725c7fda to remote] http.headers 127 - http-outgoing-10 &lt;&lt; server: httpd.js
08-01-2019 22:40:55 LoggingManagedHttpClientConnection.java DEBUG [Forwarding findElement on session 5e3bc184-7a33-4897-be3c-42f3725c7fda to remote] http.headers 127 - http-outgoing-10 &lt;&lt; date: Thu, 01 Aug 2019 17:10:55 GMT
08-01-2019 22:40:55 Wire.java DEBUG [Forwarding findElement on session 5e3bc184-7a33-4897-be3c-42f3725c7fda to remote] http.wire 86 - http-outgoing-10 &lt;&lt; &quot;{&quot;name&quot;:&quot;findElement&quot;,&quot;sessionId&quot;:&quot;5e3bc184-7a33-4897-be3c-42f3725c7fda&quot;,&quot;status&quot;:0,&quot;value&quot;:{&quot;ELEMENT&quot;:&quot;{7f2f8e11-aee3-413d-b611-b37069de732f}&quot;,&quot;element-6066-11e4-a52e-4f735466cecf&quot;:&quot;{7f2f8e11-aee3-413d-b611-b37069de732f}&quot;}}&quot;
08-01-2019 22:40:55 LoggingManagedHttpClientConnection.java DEBUG [Forwarding findElement on session 5e3bc184-7a33-4897-be3c-42f3725c7fda to remote] conn.DefaultManagedHttpClientConnection 81 - http-outgoing-10: Close connection
08-01-2019 22:40:55 ConnectionHolder.java DEBUG [Forwarding findElement on session 5e3bc184-7a33-4897-be3c-42f3725c7fda to remote] execchain.MainClientExec 103 - Connection discarded
08-01-2019 22:40:55 PoolingHttpClientConnectionManager.java DEBUG [Forwarding findElement on session 5e3bc184-7a33-4897-be3c-42f3725c7fda to remote] conn.PoolingHttpClientConnectionManager 320 - Connection released: [id: 10][route: {}-&gt;http://127.0.0.1:7055][total kept alive: 0; route allocated: 0 of 2000; total allocated: 0 of 2000]
08-01-2019 22:40:55 RequestAddCookies.java DEBUG [Forwarding clickElement on session 5e3bc184-7a33-4897-be3c-42f3725c7fda to remote] protocol.RequestAddCookies 122 - CookieSpec selected: default
08-01-2019 22:40:55 RequestAuthCache.java DEBUG [Forwarding clickElement on session 5e3bc184-7a33-4897-be3c-42f3725c7fda to remote] protocol.RequestAuthCache 76 - Auth cache not set in the context
08-01-2019 22:40:55 PoolingHttpClientConnectionManager.java DEBUG [Forwarding clickElement on session 5e3bc184-7a33-4897-be3c-42f3725c7fda to remote] conn.PoolingHttpClientConnectionManager 249 - Connection request: [route: {}-&gt;http://127.0.0.1:7055][total kept alive: 0; route allocated: 0 of 2000; total allocated: 0 of 2000]
08-01-2019 22:40:55 PoolingHttpClientConnectionManager.java DEBUG [Forwarding clickElement on session 5e3bc184-7a33-4897-be3c-42f3725c7fda to remote] conn.PoolingHttpClientConnectionManager 282 - Connection leased: [id: 11][route: {}-&gt;http://127.0.0.1:7055][total kept alive: 0; route allocated: 1 of 2000; total allocated: 1 of 2000]
08-01-2019 22:40:55 MainClientExec.java DEBUG [Forwarding clickElement on session 5e3bc184-7a33-4897-be3c-42f3725c7fda to remote] execchain.MainClientExec 234 - Opening connection {}-&gt;http://127.0.0.1:7055
08-01-2019 22:40:55 DefaultHttpClientConnectionOperator.java DEBUG [Forwarding clickElement on session 5e3bc184-7a33-4897-be3c-42f3725c7fda to remote] conn.DefaultHttpClientConnectionOperator 131 - Connecting to /127.0.0.1:7055
08-01-2019 22:40:55 DefaultHttpClientConnectionOperator.java DEBUG [Forwarding clickElement on session 5e3bc184-7a33-4897-be3c-42f3725c7fda to remote] conn.DefaultHttpClientConnectionOperator 138 - Connection established 127.0.0.1:56727&lt;-&gt;127.0.0.1:7055
08-01-2019 22:40:55 LoggingManagedHttpClientConnection.java DEBUG [Forwarding clickElement on session 5e3bc184-7a33-4897-be3c-42f3725c7fda to remote] conn.DefaultManagedHttpClientConnection 90 - http-outgoing-11: set socket timeout to 10800000
08-01-2019 22:40:55 MainClientExec.java DEBUG [Forwarding clickElement on session 5e3bc184-7a33-4897-be3c-42f3725c7fda to remote] execchain.MainClientExec 255 - Executing request POST /hub/session/5e3bc184-7a33-4897-be3c-42f3725c7fda/element/%7B7f2f8e11-aee3-413d-b611-b37069de732f%7D/click HTTP/1.1
08-01-2019 22:40:55 MainClientExec.java DEBUG [Forwarding clickElement on session 5e3bc184-7a33-4897-be3c-42f3725c7fda to remote] execchain.MainClientExec 260 - Target auth state: UNCHALLENGED
08-01-2019 22:40:55 MainClientExec.java DEBUG [Forwarding clickElement on session 5e3bc184-7a33-4897-be3c-42f3725c7fda to remote] execchain.MainClientExec 266 - Proxy auth state: UNCHALLENGED
08-01-2019 22:40:55 LoggingManagedHttpClientConnection.java DEBUG [Forwarding clickElement on session 5e3bc184-7a33-4897-be3c-42f3725c7fda to remote] http.headers 135 - http-outgoing-11 &gt;&gt; POST /hub/session/5e3bc184-7a33-4897-be3c-42f3725c7fda/element/%7B7f2f8e11-aee3-413d-b611-b37069de732f%7D/click HTTP/1.1
08-01-2019 22:40:55 LoggingManagedHttpClientConnection.java DEBUG [Forwarding clickElement on session 5e3bc184-7a33-4897-be3c-42f3725c7fda to remote] http.headers 138 - http-outgoing-11 &gt;&gt; Content-Type: application/json; charset=utf-8
08-01-2019 22:40:55 LoggingManagedHttpClientConnection.java DEBUG [Forwarding clickElement on session 5e3bc184-7a33-4897-be3c-42f3725c7fda to remote] http.headers 138 - http-outgoing-11 &gt;&gt; Content-Length: 47
08-01-2019 22:40:55 LoggingManagedHttpClientConnection.java DEBUG [Forwarding clickElement on session 5e3bc184-7a33-4897-be3c-42f3725c7fda to remote] http.headers 138 - http-outgoing-11 &gt;&gt; Host: 127.0.0.1:7055
08-01-2019 22:40:55 LoggingManagedHttpClientConnection.java DEBUG [Forwarding clickElement on session 5e3bc184-7a33-4897-be3c-42f3725c7fda to remote] http.headers 138 - http-outgoing-11 &gt;&gt; Connection: Keep-Alive
08-01-2019 22:40:55 LoggingManagedHttpClientConnection.java DEBUG [Forwarding clickElement on session 5e3bc184-7a33-4897-be3c-42f3725c7fda to remote] http.headers 138 - http-outgoing-11 &gt;&gt; User-Agent: Apache-HttpClient/4.5.1 (Java/1.8.0_101)
08-01-2019 22:40:55 LoggingManagedHttpClientConnection.java DEBUG [Forwarding clickElement on session 5e3bc184-7a33-4897-be3c-42f3725c7fda to remote] http.headers 138 - http-outgoing-11 &gt;&gt; Accept-Encoding: gzip,deflate
08-01-2019 22:40:55 Wire.java DEBUG [Forwarding clickElement on session 5e3bc184-7a33-4897-be3c-42f3725c7fda to remote] http.wire 72 - http-outgoing-11 &gt;&gt; &quot;POST /hub/session/5e3bc184-7a33-4897-be3c-42f3725c7fda/element/%7B7f2f8e11-aee3-413d-b611-b37069de732f%7D/click HTTP/1.1[\r][\n]&quot;
08-01-2019 22:40:55 Wire.java DEBUG [Forwarding clickElement on session 5e3bc184-7a33-4897-be3c-42f3725c7fda to remote] http.wire 72 - http-outgoing-11 &gt;&gt; &quot;Content-Type: application/json; charset=utf-8[\r][\n]&quot;
08-01-2019 22:40:55 Wire.java DEBUG [Forwarding clickElement on session 5e3bc184-7a33-4897-be3c-42f3725c7fda to remote] http.wire 72 - http-outgoing-11 &gt;&gt; &quot;Content-Length: 47[\r][\n]&quot;
08-01-2019 22:40:55 Wire.java DEBUG [Forwarding clickElement on session 5e3bc184-7a33-4897-be3c-42f3725c7fda to remote] http.wire 72 - http-outgoing-11 &gt;&gt; &quot;Host: 127.0.0.1:7055[\r][\n]&quot;
08-01-2019 22:40:55 Wire.java DEBUG [Forwarding clickElement on session 5e3bc184-7a33-4897-be3c-42f3725c7fda to remote] http.wire 72 - http-outgoing-11 &gt;&gt; &quot;Connection: Keep-Alive[\r][\n]&quot;
08-01-2019 22:40:55 Wire.java DEBUG [Forwarding clickElement on session 5e3bc184-7a33-4897-be3c-42f3725c7fda to remote] http.wire 72 - http-outgoing-11 &gt;&gt; &quot;User-Agent: Apache-HttpClient/4.5.1 (Java/1.8.0_101)[\r][\n]&quot;
08-01-2019 22:40:55 Wire.java DEBUG [Forwarding clickElement on session 5e3bc184-7a33-4897-be3c-42f3725c7fda to remote] http.wire 72 - http-outgoing-11 &gt;&gt; &quot;Accept-Encoding: gzip,deflate[\r][\n]&quot;
08-01-2019 22:40:55 Wire.java DEBUG [Forwarding clickElement on session 5e3bc184-7a33-4897-be3c-42f3725c7fda to remote] http.wire 72 - http-outgoing-11 &gt;&gt; &quot;[\r][\n]&quot;
08-01-2019 22:40:55 Wire.java DEBUG [Forwarding clickElement on session 5e3bc184-7a33-4897-be3c-42f3725c7fda to remote] http.wire 86 - http-outgoing-11 &gt;&gt; &quot;{&quot;id&quot;:&quot;{7f2f8e11-aee3-413d-b611-b37069de732f}&quot;}&quot;
08-01-2019 22:40:55 Wire.java DEBUG [Forwarding clickElement on session 5e3bc184-7a33-4897-be3c-42f3725c7fda to remote] http.wire 72 - http-outgoing-11 &lt;&lt; &quot;HTTP/1.1 200 OK[\r][\n]&quot;
08-01-2019 22:40:55 Wire.java DEBUG [Forwarding clickElement on session 5e3bc184-7a33-4897-be3c-42f3725c7fda to remote] http.wire 72 - http-outgoing-11 &lt;&lt; &quot;content-type: application/json; charset=UTF-8[\r][\n]&quot;
08-01-2019 22:40:55 Wire.java DEBUG [Forwarding clickElement on session 5e3bc184-7a33-4897-be3c-42f3725c7fda to remote] http.wire 72 - http-outgoing-11 &lt;&lt; &quot;connection: close[\r][\n]&quot;
08-01-2019 22:40:55 Wire.java DEBUG [Forwarding clickElement on session 5e3bc184-7a33-4897-be3c-42f3725c7fda to remote] http.wire 72 - http-outgoing-11 &lt;&lt; &quot;content-length: 98[\r][\n]&quot;
08-01-2019 22:40:55 Wire.java DEBUG [Forwarding clickElement on session 5e3bc184-7a33-4897-be3c-42f3725c7fda to remote] http.wire 72 - http-outgoing-11 &lt;&lt; &quot;server: httpd.js[\r][\n]&quot;
08-01-2019 22:40:55 Wire.java DEBUG [Forwarding clickElement on session 5e3bc184-7a33-4897-be3c-42f3725c7fda to remote] http.wire 72 - http-outgoing-11 &lt;&lt; &quot;date: Thu, 01 Aug 2019 17:10:55 GMT[\r][\n]&quot;
08-01-2019 22:40:55 Wire.java DEBUG [Forwarding clickElement on session 5e3bc184-7a33-4897-be3c-42f3725c7fda to remote] http.wire 72 - http-outgoing-11 &lt;&lt; &quot;[\r][\n]&quot;
08-01-2019 22:40:55 LoggingManagedHttpClientConnection.java DEBUG [Forwarding clickElement on session 5e3bc184-7a33-4897-be3c-42f3725c7fda to remote] http.headers 124 - http-outgoing-11 &lt;&lt; HTTP/1.1 200 OK
08-01-2019 22:40:55 LoggingManagedHttpClientConnection.java DEBUG [Forwarding clickElement on session 5e3bc184-7a33-4897-be3c-42f3725c7fda to remote] http.headers 127 - http-outgoing-11 &lt;&lt; content-type: application/json; charset=UTF-8
08-01-2019 22:40:55 LoggingManagedHttpClientConnection.java DEBUG [Forwarding clickElement on session 5e3bc184-7a33-4897-be3c-42f3725c7fda to remote] http.headers 127 - http-outgoing-11 &lt;&lt; connection: close
08-01-2019 22:40:55 LoggingManagedHttpClientConnection.java DEBUG [Forwarding clickElement on session 5e3bc184-7a33-4897-be3c-42f3725c7fda to remote] http.headers 127 - http-outgoing-11 &lt;&lt; content-length: 98
08-01-2019 22:40:55 LoggingManagedHttpClientConnection.java DEBUG [Forwarding clickElement on session 5e3bc184-7a33-4897-be3c-42f3725c7fda to remote] http.headers 127 - http-outgoing-11 &lt;&lt; server: httpd.js
08-01-2019 22:40:55 LoggingManagedHttpClientConnection.java DEBUG [Forwarding clickElement on session 5e3bc184-7a33-4897-be3c-42f3725c7fda to remote] http.headers 127 - http-outgoing-11 &lt;&lt; date: Thu, 01 Aug 2019 17:10:55 GMT
08-01-2019 22:40:55 Wire.java DEBUG [Forwarding clickElement on session 5e3bc184-7a33-4897-be3c-42f3725c7fda to remote] http.wire 86 - http-outgoing-11 &lt;&lt; &quot;{&quot;name&quot;:&quot;clickElement&quot;,&quot;sessionId&quot;:&quot;5e3bc184-7a33-4897-be3c-42f3725c7fda&quot;,&quot;status&quot;:0,&quot;value&quot;:&quot;ok&quot;}&quot;
08-01-2019 22:40:55 LoggingManagedHttpClientConnection.java DEBUG [Forwarding clickElement on session 5e3bc184-7a33-4897-be3c-42f3725c7fda to remote] conn.DefaultManagedHttpClientConnection 81 - http-outgoing-11: Close connection
08-01-2019 22:40:55 ConnectionHolder.java DEBUG [Forwarding clickElement on session 5e3bc184-7a33-4897-be3c-42f3725c7fda to remote] execchain.MainClientExec 103 - Connection discarded
08-01-2019 22:40:55 PoolingHttpClientConnectionManager.java DEBUG [Forwarding clickElement on session 5e3bc184-7a33-4897-be3c-42f3725c7fda to remote] conn.PoolingHttpClientConnectionManager 320 - Connection released: [id: 11][route: {}-&gt;http://127.0.0.1:7055][total kept alive: 0; route allocated: 0 of 2000; total allocated: 0 of 2000]
Drop down clicked
08-01-2019 22:40:55 RequestAddCookies.java DEBUG [Forwarding findElement on session 5e3bc184-7a33-4897-be3c-42f3725c7fda to remote] protocol.RequestAddCookies 122 - CookieSpec selected: default
08-01-2019 22:40:55 RequestAuthCache.java DEBUG [Forwarding findElement on session 5e3bc184-7a33-4897-be3c-42f3725c7fda to remote] protocol.RequestAuthCache 76 - Auth cache not set in the context
08-01-2019 22:40:55 PoolingHttpClientConnectionManager.java DEBUG [Forwarding findElement on session 5e3bc184-7a33-4897-be3c-42f3725c7fda to remote] conn.PoolingHttpClientConnectionManager 249 - Connection request: [route: {}-&gt;http://127.0.0.1:7055][total kept alive: 0; route allocated: 0 of 2000; total allocated: 0 of 2000]
08-01-2019 22:40:55 PoolingHttpClientConnectionManager.java DEBUG [Forwarding findElement on session 5e3bc184-7a33-4897-be3c-42f3725c7fda to remote] conn.PoolingHttpClientConnectionManager 282 - Connection leased: [id: 12][route: {}-&gt;http://127.0.0.1:7055][total kept alive: 0; route allocated: 1 of 2000; total allocated: 1 of 2000]
08-01-2019 22:40:55 MainClientExec.java DEBUG [Forwarding findElement on session 5e3bc184-7a33-4897-be3c-42f3725c7fda to remote] execchain.MainClientExec 234 - Opening connection {}-&gt;http://127.0.0.1:7055
08-01-2019 22:40:55 DefaultHttpClientConnectionOperator.java DEBUG [Forwarding findElement on session 5e3bc184-7a33-4897-be3c-42f3725c7fda to remote] conn.DefaultHttpClientConnectionOperator 131 - Connecting to /127.0.0.1:7055
08-01-2019 22:40:55 DefaultHttpClientConnectionOperator.java DEBUG [Forwarding findElement on session 5e3bc184-7a33-4897-be3c-42f3725c7fda to remote] conn.DefaultHttpClientConnectionOperator 138 - Connection established 127.0.0.1:56728&lt;-&gt;127.0.0.1:7055
08-01-2019 22:40:55 LoggingManagedHttpClientConnection.java DEBUG [Forwarding findElement on session 5e3bc184-7a33-4897-be3c-42f3725c7fda to remote] conn.DefaultManagedHttpClientConnection 90 - http-outgoing-12: set socket timeout to 10800000
08-01-2019 22:40:55 MainClientExec.java DEBUG [Forwarding findElement on session 5e3bc184-7a33-4897-be3c-42f3725c7fda to remote] execchain.MainClientExec 255 - Executing request POST /hub/session/5e3bc184-7a33-4897-be3c-42f3725c7fda/element HTTP/1.1
08-01-2019 22:40:55 MainClientExec.java DEBUG [Forwarding findElement on session 5e3bc184-7a33-4897-be3c-42f3725c7fda to remote] execchain.MainClientExec 260 - Target auth state: UNCHALLENGED
08-01-2019 22:40:55 MainClientExec.java DEBUG [Forwarding findElement on session 5e3bc184-7a33-4897-be3c-42f3725c7fda to remote] execchain.MainClientExec 266 - Proxy auth state: UNCHALLENGED
08-01-2019 22:40:55 LoggingManagedHttpClientConnection.java DEBUG [Forwarding findElement on session 5e3bc184-7a33-4897-be3c-42f3725c7fda to remote] http.headers 135 - http-outgoing-12 &gt;&gt; POST /hub/session/5e3bc184-7a33-4897-be3c-42f3725c7fda/element HTTP/1.1
08-01-2019 22:40:55 LoggingManagedHttpClientConnection.java DEBUG [Forwarding findElement on session 5e3bc184-7a33-4897-be3c-42f3725c7fda to remote] http.headers 138 - http-outgoing-12 &gt;&gt; Content-Type: application/json; charset=utf-8
08-01-2019 22:40:55 LoggingManagedHttpClientConnection.java DEBUG [Forwarding findElement on session 5e3bc184-7a33-4897-be3c-42f3725c7fda to remote] http.headers 138 - http-outgoing-12 &gt;&gt; Content-Length: 42
08-01-2019 22:40:55 LoggingManagedHttpClientConnection.java DEBUG [Forwarding findElement on session 5e3bc184-7a33-4897-be3c-42f3725c7fda to remote] http.headers 138 - http-outgoing-12 &gt;&gt; Host: 127.0.0.1:7055
08-01-2019 22:40:55 LoggingManagedHttpClientConnection.java DEBUG [Forwarding findElement on session 5e3bc184-7a33-4897-be3c-42f3725c7fda to remote] http.headers 138 - http-outgoing-12 &gt;&gt; Connection: Keep-Alive
08-01-2019 22:40:55 LoggingManagedHttpClientConnection.java DEBUG [Forwarding findElement on session 5e3bc184-7a33-4897-be3c-42f3725c7fda to remote] http.headers 138 - http-outgoing-12 &gt;&gt; User-Agent: Apache-HttpClient/4.5.1 (Java/1.8.0_101)
08-01-2019 22:40:55 LoggingManagedHttpClientConnection.java DEBUG [Forwarding findElement on session 5e3bc184-7a33-4897-be3c-42f3725c7fda to remote] http.headers 138 - http-outgoing-12 &gt;&gt; Accept-Encoding: gzip,deflate
08-01-2019 22:40:55 Wire.java DEBUG [Forwarding findElement on session 5e3bc184-7a33-4897-be3c-42f3725c7fda to remote] http.wire 72 - http-outgoing-12 &gt;&gt; &quot;POST /hub/session/5e3bc184-7a33-4897-be3c-42f3725c7fda/element HTTP/1.1[\r][\n]&quot;
08-01-2019 22:40:55 Wire.java DEBUG [Forwarding findElement on session 5e3bc184-7a33-4897-be3c-42f3725c7fda to remote] http.wire 72 - http-outgoing-12 &gt;&gt; &quot;Content-Type: application/json; charset=utf-8[\r][\n]&quot;
08-01-2019 22:40:55 Wire.java DEBUG [Forwarding findElement on session 5e3bc184-7a33-4897-be3c-42f3725c7fda to remote] http.wire 72 - http-outgoing-12 &gt;&gt; &quot;Content-Length: 42[\r][\n]&quot;
08-01-2019 22:40:55 Wire.java DEBUG [Forwarding findElement on session 5e3bc184-7a33-4897-be3c-42f3725c7fda to remote] http.wire 72 - http-outgoing-12 &gt;&gt; &quot;Host: 127.0.0.1:7055[\r][\n]&quot;
08-01-2019 22:40:55 Wire.java DEBUG [Forwarding findElement on session 5e3bc184-7a33-4897-be3c-42f3725c7fda to remote] http.wire 72 - http-outgoing-12 &gt;&gt; &quot;Connection: Keep-Alive[\r][\n]&quot;
08-01-2019 22:40:55 Wire.java DEBUG [Forwarding findElement on session 5e3bc184-7a33-4897-be3c-42f3725c7fda to remote] http.wire 72 - http-outgoing-12 &gt;&gt; &quot;User-Agent: Apache-HttpClient/4.5.1 (Java/1.8.0_101)[\r][\n]&quot;
08-01-2019 22:40:55 Wire.java DEBUG [Forwarding findElement on session 5e3bc184-7a33-4897-be3c-42f3725c7fda to remote] http.wire 72 - http-outgoing-12 &gt;&gt; &quot;Accept-Encoding: gzip,deflate[\r][\n]&quot;
08-01-2019 22:40:55 Wire.java DEBUG [Forwarding findElement on session 5e3bc184-7a33-4897-be3c-42f3725c7fda to remote] http.wire 72 - http-outgoing-12 &gt;&gt; &quot;[\r][\n]&quot;
08-01-2019 22:40:55 Wire.java DEBUG [Forwarding findElement on session 5e3bc184-7a33-4897-be3c-42f3725c7fda to remote] http.wire 86 - http-outgoing-12 &gt;&gt; &quot;{&quot;using&quot;:&quot;name&quot;,&quot;value&quot;:&quot;payment_plan_id&quot;}&quot;
08-01-2019 22:40:55 Wire.java DEBUG [Forwarding findElement on session 5e3bc184-7a33-4897-be3c-42f3725c7fda to remote] http.wire 72 - http-outgoing-12 &lt;&lt; &quot;HTTP/1.1 200 OK[\r][\n]&quot;
08-01-2019 22:40:55 Wire.java DEBUG [Forwarding findElement on session 5e3bc184-7a33-4897-be3c-42f3725c7fda to remote] http.wire 72 - http-outgoing-12 &lt;&lt; &quot;content-type: application/json; charset=UTF-8[\r][\n]&quot;
08-01-2019 22:40:55 Wire.java DEBUG [Forwarding findElement on session 5e3bc184-7a33-4897-be3c-42f3725c7fda to remote] http.wire 72 - http-outgoing-12 &lt;&lt; &quot;connection: close[\r][\n]&quot;
08-01-2019 22:40:55 Wire.java DEBUG [Forwarding findElement on session 5e3bc184-7a33-4897-be3c-42f3725c7fda to remote] http.wire 72 - http-outgoing-12 &lt;&lt; &quot;content-length: 224[\r][\n]&quot;
08-01-2019 22:40:55 Wire.java DEBUG [Forwarding findElement on session 5e3bc184-7a33-4897-be3c-42f3725c7fda to remote] http.wire 72 - http-outgoing-12 &lt;&lt; &quot;server: httpd.js[\r][\n]&quot;
08-01-2019 22:40:55 Wire.java DEBUG [Forwarding findElement on session 5e3bc184-7a33-4897-be3c-42f3725c7fda to remote] http.wire 72 - http-outgoing-12 &lt;&lt; &quot;date: Thu, 01 Aug 2019 17:10:55 GMT[\r][\n]&quot;
08-01-2019 22:40:55 Wire.java DEBUG [Forwarding findElement on session 5e3bc184-7a33-4897-be3c-42f3725c7fda to remote] http.wire 72 - http-outgoing-12 &lt;&lt; &quot;[\r][\n]&quot;
08-01-2019 22:40:55 LoggingManagedHttpClientConnection.java DEBUG [Forwarding findElement on session 5e3bc184-7a33-4897-be3c-42f3725c7fda to remote] http.headers 124 - http-outgoing-12 &lt;&lt; HTTP/1.1 200 OK
08-01-2019 22:40:55 LoggingManagedHttpClientConnection.java DEBUG [Forwarding findElement on session 5e3bc184-7a33-4897-be3c-42f3725c7fda to remote] http.headers 127 - http-outgoing-12 &lt;&lt; content-type: application/json; charset=UTF-8
08-01-2019 22:40:55 LoggingManagedHttpClientConnection.java DEBUG [Forwarding findElement on session 5e3bc184-7a33-4897-be3c-42f3725c7fda to remote] http.headers 127 - http-outgoing-12 &lt;&lt; connection: close
08-01-2019 22:40:55 LoggingManagedHttpClientConnection.java DEBUG [Forwarding findElement on session 5e3bc184-7a33-4897-be3c-42f3725c7fda to remote] http.headers 127 - http-outgoing-12 &lt;&lt; content-length: 224
08-01-2019 22:40:55 LoggingManagedHttpClientConnection.java DEBUG [Forwarding findElement on session 5e3bc184-7a33-4897-be3c-42f3725c7fda to remote] http.headers 127 - http-outgoing-12 &lt;&lt; server: httpd.js
08-01-2019 22:40:55 LoggingManagedHttpClientConnection.java DEBUG [Forwarding findElement on session 5e3bc184-7a33-4897-be3c-42f3725c7fda to remote] http.headers 127 - http-outgoing-12 &lt;&lt; date: Thu, 01 Aug 2019 17:10:55 GMT
08-01-2019 22:40:55 Wire.java DEBUG [Forwarding findElement on session 5e3bc184-7a33-4897-be3c-42f3725c7fda to remote] http.wire 86 - http-outgoing-12 &lt;&lt; &quot;{&quot;name&quot;:&quot;findElement&quot;,&quot;sessionId&quot;:&quot;5e3bc184-7a33-4897-be3c-42f3725c7fda&quot;,&quot;status&quot;:0,&quot;value&quot;:{&quot;ELEMENT&quot;:&quot;{7f2f8e11-aee3-413d-b611-b37069de732f}&quot;,&quot;element-6066-11e4-a52e-4f735466cecf&quot;:&quot;{7f2f8e11-aee3-413d-b611-b37069de732f}&quot;}}&quot;
08-01-2019 22:40:55 LoggingManagedHttpClientConnection.java DEBUG [Forwarding findElement on session 5e3bc184-7a33-4897-be3c-42f3725c7fda to remote] conn.DefaultManagedHttpClientConnection 81 - http-outgoing-12: Close connection
08-01-2019 22:40:55 ConnectionHolder.java DEBUG [Forwarding findElement on session 5e3bc184-7a33-4897-be3c-42f3725c7fda to remote] execchain.MainClientExec 103 - Connection discarded
08-01-2019 22:40:55 PoolingHttpClientConnectionManager.java DEBUG [Forwarding findElement on session 5e3bc184-7a33-4897-be3c-42f3725c7fda to remote] conn.PoolingHttpClientConnectionManager 320 - Connection released: [id: 12][route: {}-&gt;http://127.0.0.1:7055][total kept alive: 0; route allocated: 0 of 2000; total allocated: 0 of 2000]
08-01-2019 22:40:55 RequestAddCookies.java DEBUG [Forwarding getElementTagName on session 5e3bc184-7a33-4897-be3c-42f3725c7fda to remote] protocol.RequestAddCookies 122 - CookieSpec selected: default
08-01-2019 22:40:55 RequestAuthCache.java DEBUG [Forwarding getElementTagName on session 5e3bc184-7a33-4897-be3c-42f3725c7fda to remote] protocol.RequestAuthCache 76 - Auth cache not set in the context
08-01-2019 22:40:55 PoolingHttpClientConnectionManager.java DEBUG [Forwarding getElementTagName on session 5e3bc184-7a33-4897-be3c-42f3725c7fda to remote] conn.PoolingHttpClientConnectionManager 249 - Connection request: [route: {}-&gt;http://127.0.0.1:7055][total kept alive: 0; route allocated: 0 of 2000; total allocated: 0 of 2000]
08-01-2019 22:40:55 PoolingHttpClientConnectionManager.java DEBUG [Forwarding getElementTagName on session 5e3bc184-7a33-4897-be3c-42f3725c7fda to remote] conn.PoolingHttpClientConnectionManager 282 - Connection leased: [id: 13][route: {}-&gt;http://127.0.0.1:7055][total kept alive: 0; route allocated: 1 of 2000; total allocated: 1 of 2000]
08-01-2019 22:40:55 MainClientExec.java DEBUG [Forwarding getElementTagName on session 5e3bc184-7a33-4897-be3c-42f3725c7fda to remote] execchain.MainClientExec 234 - Opening connection {}-&gt;http://127.0.0.1:7055
08-01-2019 22:40:55 DefaultHttpClientConnectionOperator.java DEBUG [Forwarding getElementTagName on session 5e3bc184-7a33-4897-be3c-42f3725c7fda to remote] conn.DefaultHttpClientConnectionOperator 131 - Connecting to /127.0.0.1:7055
08-01-2019 22:40:55 DefaultHttpClientConnectionOperator.java DEBUG [Forwarding getElementTagName on session 5e3bc184-7a33-4897-be3c-42f3725c7fda to remote] conn.DefaultHttpClientConnectionOperator 138 - Connection established 127.0.0.1:56729&lt;-&gt;127.0.0.1:7055
08-01-2019 22:40:55 LoggingManagedHttpClientConnection.java DEBUG [Forwarding getElementTagName on session 5e3bc184-7a33-4897-be3c-42f3725c7fda to remote] conn.DefaultManagedHttpClientConnection 90 - http-outgoing-13: set socket timeout to 10800000
08-01-2019 22:40:55 MainClientExec.java DEBUG [Forwarding getElementTagName on session 5e3bc184-7a33-4897-be3c-42f3725c7fda to remote] execchain.MainClientExec 255 - Executing request GET /hub/session/5e3bc184-7a33-4897-be3c-42f3725c7fda/element/%7B7f2f8e11-aee3-413d-b611-b37069de732f%7D/name HTTP/1.1
08-01-2019 22:40:55 MainClientExec.java DEBUG [Forwarding getElementTagName on session 5e3bc184-7a33-4897-be3c-42f3725c7fda to remote] execchain.MainClientExec 260 - Target auth state: UNCHALLENGED
08-01-2019 22:40:55 MainClientExec.java DEBUG [Forwarding getElementTagName on session 5e3bc184-7a33-4897-be3c-42f3725c7fda to remote] execchain.MainClientExec 266 - Proxy auth state: UNCHALLENGED
08-01-2019 22:40:55 LoggingManagedHttpClientConnection.java DEBUG [Forwarding getElementTagName on session 5e3bc184-7a33-4897-be3c-42f3725c7fda to remote] http.headers 135 - http-outgoing-13 &gt;&gt; GET /hub/session/5e3bc184-7a33-4897-be3c-42f3725c7fda/element/%7B7f2f8e11-aee3-413d-b611-b37069de732f%7D/name HTTP/1.1
08-01-2019 22:40:55 LoggingManagedHttpClientConnection.java DEBUG [Forwarding getElementTagName on session 5e3bc184-7a33-4897-be3c-42f3725c7fda to remote] http.headers 138 - http-outgoing-13 &gt;&gt; Cache-Control: no-cache
08-01-2019 22:40:55 LoggingManagedHttpClientConnection.java DEBUG [Forwarding getElementTagName on session 5e3bc184-7a33-4897-be3c-42f3725c7fda to remote] http.headers 138 - http-outgoing-13 &gt;&gt; Host: 127.0.0.1:7055
08-01-2019 22:40:55 LoggingManagedHttpClientConnection.java DEBUG [Forwarding getElementTagName on session 5e3bc184-7a33-4897-be3c-42f3725c7fda to remote] http.headers 138 - http-outgoing-13 &gt;&gt; Connection: Keep-Alive
08-01-2019 22:40:55 LoggingManagedHttpClientConnection.java DEBUG [Forwarding getElementTagName on session 5e3bc184-7a33-4897-be3c-42f3725c7fda to remote] http.headers 138 - http-outgoing-13 &gt;&gt; User-Agent: Apache-HttpClient/4.5.1 (Java/1.8.0_101)
08-01-2019 22:40:55 LoggingManagedHttpClientConnection.java DEBUG [Forwarding getElementTagName on session 5e3bc184-7a33-4897-be3c-42f3725c7fda to remote] http.headers 138 - http-outgoing-13 &gt;&gt; Accept-Encoding: gzip,deflate
08-01-2019 22:40:55 Wire.java DEBUG [Forwarding getElementTagName on session 5e3bc184-7a33-4897-be3c-42f3725c7fda to remote] http.wire 72 - http-outgoing-13 &gt;&gt; &quot;GET /hub/session/5e3bc184-7a33-4897-be3c-42f3725c7fda/element/%7B7f2f8e11-aee3-413d-b611-b37069de732f%7D/name HTTP/1.1[\r][\n]&quot;
08-01-2019 22:40:55 Wire.java DEBUG [Forwarding getElementTagName on session 5e3bc184-7a33-4897-be3c-42f3725c7fda to remote] http.wire 72 - http-outgoing-13 &gt;&gt; &quot;Cache-Control: no-cache[\r][\n]&quot;
08-01-2019 22:40:55 Wire.java DEBUG [Forwarding getElementTagName on session 5e3bc184-7a33-4897-be3c-42f3725c7fda to remote] http.wire 72 - http-outgoing-13 &gt;&gt; &quot;Host: 127.0.0.1:7055[\r][\n]&quot;
08-01-2019 22:40:55 Wire.java DEBUG [Forwarding getElementTagName on session 5e3bc184-7a33-4897-be3c-42f3725c7fda to remote] http.wire 72 - http-outgoing-13 &gt;&gt; &quot;Connection: Keep-Alive[\r][\n]&quot;
08-01-2019 22:40:55 Wire.java DEBUG [Forwarding getElementTagName on session 5e3bc184-7a33-4897-be3c-42f3725c7fda to remote] http.wire 72 - http-outgoing-13 &gt;&gt; &quot;User-Agent: Apache-HttpClient/4.5.1 (Java/1.8.0_101)[\r][\n]&quot;
08-01-2019 22:40:55 Wire.java DEBUG [Forwarding getElementTagName on session 5e3bc184-7a33-4897-be3c-42f3725c7fda to remote] http.wire 72 - http-outgoing-13 &gt;&gt; &quot;Accept-Encoding: gzip,deflate[\r][\n]&quot;
08-01-2019 22:40:55 Wire.java DEBUG [Forwarding getElementTagName on session 5e3bc184-7a33-4897-be3c-42f3725c7fda to remote] http.wire 72 - http-outgoing-13 &gt;&gt; &quot;[\r][\n]&quot;
08-01-2019 22:40:55 Wire.java DEBUG [Forwarding getElementTagName on session 5e3bc184-7a33-4897-be3c-42f3725c7fda to remote] http.wire 72 - http-outgoing-13 &lt;&lt; &quot;HTTP/1.1 200 OK[\r][\n]&quot;
08-01-2019 22:40:55 Wire.java DEBUG [Forwarding getElementTagName on session 5e3bc184-7a33-4897-be3c-42f3725c7fda to remote] http.wire 72 - http-outgoing-13 &lt;&lt; &quot;content-type: application/json; charset=UTF-8[\r][\n]&quot;
08-01-2019 22:40:55 Wire.java DEBUG [Forwarding getElementTagName on session 5e3bc184-7a33-4897-be3c-42f3725c7fda to remote] http.wire 72 - http-outgoing-13 &lt;&lt; &quot;connection: close[\r][\n]&quot;
08-01-2019 22:40:55 Wire.java DEBUG [Forwarding getElementTagName on session 5e3bc184-7a33-4897-be3c-42f3725c7fda to remote] http.wire 72 - http-outgoing-13 &lt;&lt; &quot;content-length: 107[\r][\n]&quot;
08-01-2019 22:40:55 Wire.java DEBUG [Forwarding getElementTagName on session 5e3bc184-7a33-4897-be3c-42f3725c7fda to remote] http.wire 72 - http-outgoing-13 &lt;&lt; &quot;server: httpd.js[\r][\n]&quot;
08-01-2019 22:40:55 Wire.java DEBUG [Forwarding getElementTagName on session 5e3bc184-7a33-4897-be3c-42f3725c7fda to remote] http.wire 72 - http-outgoing-13 &lt;&lt; &quot;date: Thu, 01 Aug 2019 17:10:55 GMT[\r][\n]&quot;
08-01-2019 22:40:55 Wire.java DEBUG [Forwarding getElementTagName on session 5e3bc184-7a33-4897-be3c-42f3725c7fda to remote] http.wire 72 - http-outgoing-13 &lt;&lt; &quot;[\r][\n]&quot;
08-01-2019 22:40:55 LoggingManagedHttpClientConnection.java DEBUG [Forwarding getElementTagName on session 5e3bc184-7a33-4897-be3c-42f3725c7fda to remote] http.headers 124 - http-outgoing-13 &lt;&lt; HTTP/1.1 200 OK
08-01-2019 22:40:55 LoggingManagedHttpClientConnection.java DEBUG [Forwarding getElementTagName on session 5e3bc184-7a33-4897-be3c-42f3725c7fda to remote] http.headers 127 - http-outgoing-13 &lt;&lt; content-type: application/json; charset=UTF-8
08-01-2019 22:40:55 LoggingManagedHttpClientConnection.java DEBUG [Forwarding getElementTagName on session 5e3bc184-7a33-4897-be3c-42f3725c7fda to remote] http.headers 127 - http-outgoing-13 &lt;&lt; connection: close
08-01-2019 22:40:55 LoggingManagedHttpClientConnection.java DEBUG [Forwarding getElementTagName on session 5e3bc184-7a33-4897-be3c-42f3725c7fda to remote] http.headers 127 - http-outgoing-13 &lt;&lt; content-length: 107
08-01-2019 22:40:55 LoggingManagedHttpClientConnection.java DEBUG [Forwarding getElementTagName on session 5e3bc184-7a33-4897-be3c-42f3725c7fda to remote] http.headers 127 - http-outgoing-13 &lt;&lt; server: httpd.js
08-01-2019 22:40:55 LoggingManagedHttpClientConnection.java DEBUG [Forwarding getElementTagName on session 5e3bc184-7a33-4897-be3c-42f3725c7fda to remote] http.headers 127 - http-outgoing-13 &lt;&lt; date: Thu, 01 Aug 2019 17:10:55 GMT
08-01-2019 22:40:55 Wire.java DEBUG [Forwarding getElementTagName on session 5e3bc184-7a33-4897-be3c-42f3725c7fda to remote] http.wire 86 - http-outgoing-13 &lt;&lt; &quot;{&quot;name&quot;:&quot;getElementTagName&quot;,&quot;sessionId&quot;:&quot;5e3bc184-7a33-4897-be3c-42f3725c7fda&quot;,&quot;status&quot;:0,&quot;value&quot;:&quot;select&quot;}&quot;
08-01-2019 22:40:55 LoggingManagedHttpClientConnection.java DEBUG [Forwarding getElementTagName on session 5e3bc184-7a33-4897-be3c-42f3725c7fda to remote] conn.DefaultManagedHttpClientConnection 81 - http-outgoing-13: Close connection
08-01-2019 22:40:55 ConnectionHolder.java DEBUG [Forwarding getElementTagName on session 5e3bc184-7a33-4897-be3c-42f3725c7fda to remote] execchain.MainClientExec 103 - Connection discarded
08-01-2019 22:40:55 PoolingHttpClientConnectionManager.java DEBUG [Forwarding getElementTagName on session 5e3bc184-7a33-4897-be3c-42f3725c7fda to remote] conn.PoolingHttpClientConnectionManager 320 - Connection released: [id: 13][route: {}-&gt;http://127.0.0.1:7055][total kept alive: 0; route allocated: 0 of 2000; total allocated: 0 of 2000]
08-01-2019 22:40:55 RequestAddCookies.java DEBUG [Forwarding findElement on session 5e3bc184-7a33-4897-be3c-42f3725c7fda to remote] protocol.RequestAddCookies 122 - CookieSpec selected: default
08-01-2019 22:40:55 RequestAuthCache.java DEBUG [Forwarding findElement on session 5e3bc184-7a33-4897-be3c-42f3725c7fda to remote] protocol.RequestAuthCache 76 - Auth cache not set in the context
08-01-2019 22:40:55 PoolingHttpClientConnectionManager.java DEBUG [Forwarding findElement on session 5e3bc184-7a33-4897-be3c-42f3725c7fda to remote] conn.PoolingHttpClientConnectionManager 249 - Connection request: [route: {}-&gt;http://127.0.0.1:7055][total kept alive: 0; route allocated: 0 of 2000; total allocated: 0 of 2000]
08-01-2019 22:40:55 PoolingHttpClientConnectionManager.java DEBUG [Forwarding findElement on session 5e3bc184-7a33-4897-be3c-42f3725c7fda to remote] conn.PoolingHttpClientConnectionManager 282 - Connection leased: [id: 14][route: {}-&gt;http://127.0.0.1:7055][total kept alive: 0; route allocated: 1 of 2000; total allocated: 1 of 2000]
08-01-2019 22:40:55 MainClientExec.java DEBUG [Forwarding findElement on session 5e3bc184-7a33-4897-be3c-42f3725c7fda to remote] execchain.MainClientExec 234 - Opening connection {}-&gt;http://127.0.0.1:7055
08-01-2019 22:40:55 DefaultHttpClientConnectionOperator.java DEBUG [Forwarding findElement on session 5e3bc184-7a33-4897-be3c-42f3725c7fda to remote] conn.DefaultHttpClientConnectionOperator 131 - Connecting to /127.0.0.1:7055
08-01-2019 22:40:55 DefaultHttpClientConnectionOperator.java DEBUG [Forwarding findElement on session 5e3bc184-7a33-4897-be3c-42f3725c7fda to remote] conn.DefaultHttpClientConnectionOperator 138 - Connection established 127.0.0.1:56730&lt;-&gt;127.0.0.1:7055
08-01-2019 22:40:55 LoggingManagedHttpClientConnection.java DEBUG [Forwarding findElement on session 5e3bc184-7a33-4897-be3c-42f3725c7fda to remote] conn.DefaultManagedHttpClientConnection 90 - http-outgoing-14: set socket timeout to 10800000
08-01-2019 22:40:55 MainClientExec.java DEBUG [Forwarding findElement on session 5e3bc184-7a33-4897-be3c-42f3725c7fda to remote] execchain.MainClientExec 255 - Executing request POST /hub/session/5e3bc184-7a33-4897-be3c-42f3725c7fda/element HTTP/1.1
08-01-2019 22:40:55 MainClientExec.java DEBUG [Forwarding findElement on session 5e3bc184-7a33-4897-be3c-42f3725c7fda to remote] execchain.MainClientExec 260 - Target auth state: UNCHALLENGED
08-01-2019 22:40:55 MainClientExec.java DEBUG [Forwarding findElement on session 5e3bc184-7a33-4897-be3c-42f3725c7fda to remote] execchain.MainClientExec 266 - Proxy auth state: UNCHALLENGED
08-01-2019 22:40:55 LoggingManagedHttpClientConnection.java DEBUG [Forwarding findElement on session 5e3bc184-7a33-4897-be3c-42f3725c7fda to remote] http.headers 135 - http-outgoing-14 &gt;&gt; POST /hub/session/5e3bc184-7a33-4897-be3c-42f3725c7fda/element HTTP/1.1
08-01-2019 22:40:55 LoggingManagedHttpClientConnection.java DEBUG [Forwarding findElement on session 5e3bc184-7a33-4897-be3c-42f3725c7fda to remote] http.headers 138 - http-outgoing-14 &gt;&gt; Content-Type: application/json; charset=utf-8
08-01-2019 22:40:55 LoggingManagedHttpClientConnection.java DEBUG [Forwarding findElement on session 5e3bc184-7a33-4897-be3c-42f3725c7fda to remote] http.headers 138 - http-outgoing-14 &gt;&gt; Content-Length: 42
08-01-2019 22:40:55 LoggingManagedHttpClientConnection.java DEBUG [Forwarding findElement on session 5e3bc184-7a33-4897-be3c-42f3725c7fda to remote] http.headers 138 - http-outgoing-14 &gt;&gt; Host: 127.0.0.1:7055
08-01-2019 22:40:55 LoggingManagedHttpClientConnection.java DEBUG [Forwarding findElement on session 5e3bc184-7a33-4897-be3c-42f3725c7fda to remote] http.headers 138 - http-outgoing-14 &gt;&gt; Connection: Keep-Alive
08-01-2019 22:40:55 LoggingManagedHttpClientConnection.java DEBUG [Forwarding findElement on session 5e3bc184-7a33-4897-be3c-42f3725c7fda to remote] http.headers 138 - http-outgoing-14 &gt;&gt; User-Agent: Apache-HttpClient/4.5.1 (Java/1.8.0_101)
08-01-2019 22:40:55 LoggingManagedHttpClientConnection.java DEBUG [Forwarding findElement on session 5e3bc184-7a33-4897-be3c-42f3725c7fda to remote] http.headers 138 - http-outgoing-14 &gt;&gt; Accept-Encoding: gzip,deflate
08-01-2019 22:40:55 Wire.java DEBUG [Forwarding findElement on session 5e3bc184-7a33-4897-be3c-42f3725c7fda to remote] http.wire 72 - http-outgoing-14 &gt;&gt; &quot;POST /hub/session/5e3bc184-7a33-4897-be3c-42f3725c7fda/element HTTP/1.1[\r][\n]&quot;
08-01-2019 22:40:55 Wire.java DEBUG [Forwarding findElement on session 5e3bc184-7a33-4897-be3c-42f3725c7fda to remote] http.wire 72 - http-outgoing-14 &gt;&gt; &quot;Content-Type: application/json; charset=utf-8[\r][\n]&quot;
08-01-2019 22:40:55 Wire.java DEBUG [Forwarding findElement on session 5e3bc184-7a33-4897-be3c-42f3725c7fda to remote] http.wire 72 - http-outgoing-14 &gt;&gt; &quot;Content-Length: 42[\r][\n]&quot;
08-01-2019 22:40:55 Wire.java DEBUG [Forwarding findElement on session 5e3bc184-7a33-4897-be3c-42f3725c7fda to remote] http.wire 72 - http-outgoing-14 &gt;&gt; &quot;Host: 127.0.0.1:7055[\r][\n]&quot;
08-01-2019 22:40:55 Wire.java DEBUG [Forwarding findElement on session 5e3bc184-7a33-4897-be3c-42f3725c7fda to remote] http.wire 72 - http-outgoing-14 &gt;&gt; &quot;Connection: Keep-Alive[\r][\n]&quot;
08-01-2019 22:40:55 Wire.java DEBUG [Forwarding findElement on session 5e3bc184-7a33-4897-be3c-42f3725c7fda to remote] http.wire 72 - http-outgoing-14 &gt;&gt; &quot;User-Agent: Apache-HttpClient/4.5.1 (Java/1.8.0_101)[\r][\n]&quot;
08-01-2019 22:40:55 Wire.java DEBUG [Forwarding findElement on session 5e3bc184-7a33-4897-be3c-42f3725c7fda to remote] http.wire 72 - http-outgoing-14 &gt;&gt; &quot;Accept-Encoding: gzip,deflate[\r][\n]&quot;
08-01-2019 22:40:55 Wire.java DEBUG [Forwarding findElement on session 5e3bc184-7a33-4897-be3c-42f3725c7fda to remote] http.wire 72 - http-outgoing-14 &gt;&gt; &quot;[\r][\n]&quot;
08-01-2019 22:40:55 Wire.java DEBUG [Forwarding findElement on session 5e3bc184-7a33-4897-be3c-42f3725c7fda to remote] http.wire 86 - http-outgoing-14 &gt;&gt; &quot;{&quot;using&quot;:&quot;name&quot;,&quot;value&quot;:&quot;payment_plan_id&quot;}&quot;
08-01-2019 22:40:55 Wire.java DEBUG [Forwarding findElement on session 5e3bc184-7a33-4897-be3c-42f3725c7fda to remote] http.wire 72 - http-outgoing-14 &lt;&lt; &quot;HTTP/1.1 200 OK[\r][\n]&quot;
08-01-2019 22:40:55 Wire.java DEBUG [Forwarding findElement on session 5e3bc184-7a33-4897-be3c-42f3725c7fda to remote] http.wire 72 - http-outgoing-14 &lt;&lt; &quot;content-type: application/json; charset=UTF-8[\r][\n]&quot;
08-01-2019 22:40:55 Wire.java DEBUG [Forwarding findElement on session 5e3bc184-7a33-4897-be3c-42f3725c7fda to remote] http.wire 72 - http-outgoing-14 &lt;&lt; &quot;connection: close[\r][\n]&quot;
08-01-2019 22:40:55 Wire.java DEBUG [Forwarding findElement on session 5e3bc184-7a33-4897-be3c-42f3725c7fda to remote] http.wire 72 - http-outgoing-14 &lt;&lt; &quot;content-length: 224[\r][\n]&quot;
08-01-2019 22:40:55 Wire.java DEBUG [Forwarding findElement on session 5e3bc184-7a33-4897-be3c-42f3725c7fda to remote] http.wire 72 - http-outgoing-14 &lt;&lt; &quot;server: httpd.js[\r][\n]&quot;
08-01-2019 22:40:55 Wire.java DEBUG [Forwarding findElement on session 5e3bc184-7a33-4897-be3c-42f3725c7fda to remote] http.wire 72 - http-outgoing-14 &lt;&lt; &quot;date: Thu, 01 Aug 2019 17:10:55 GMT[\r][\n]&quot;
08-01-2019 22:40:55 Wire.java DEBUG [Forwarding findElement on session 5e3bc184-7a33-4897-be3c-42f3725c7fda to remote] http.wire 72 - http-outgoing-14 &lt;&lt; &quot;[\r][\n]&quot;
08-01-2019 22:40:55 LoggingManagedHttpClientConnection.java DEBUG [Forwarding findElement on session 5e3bc184-7a33-4897-be3c-42f3725c7fda to remote] http.headers 124 - http-outgoing-14 &lt;&lt; HTTP/1.1 200 OK
08-01-2019 22:40:55 LoggingManagedHttpClientConnection.java DEBUG [Forwarding findElement on session 5e3bc184-7a33-4897-be3c-42f3725c7fda to remote] http.headers 127 - http-outgoing-14 &lt;&lt; content-type: application/json; charset=UTF-8
08-01-2019 22:40:55 LoggingManagedHttpClientConnection.java DEBUG [Forwarding findElement on session 5e3bc184-7a33-4897-be3c-42f3725c7fda to remote] http.headers 127 - http-outgoing-14 &lt;&lt; connection: close
08-01-2019 22:40:55 LoggingManagedHttpClientConnection.java DEBUG [Forwarding findElement on session 5e3bc184-7a33-4897-be3c-42f3725c7fda to remote] http.headers 127 - http-outgoing-14 &lt;&lt; content-length: 224
08-01-2019 22:40:55 LoggingManagedHttpClientConnection.java DEBUG [Forwarding findElement on session 5e3bc184-7a33-4897-be3c-42f3725c7fda to remote] http.headers 127 - http-outgoing-14 &lt;&lt; server: httpd.js
08-01-2019 22:40:55 LoggingManagedHttpClientConnection.java DEBUG [Forwarding findElement on session 5e3bc184-7a33-4897-be3c-42f3725c7fda to remote] http.headers 127 - http-outgoing-14 &lt;&lt; date: Thu, 01 Aug 2019 17:10:55 GMT
08-01-2019 22:40:55 Wire.java DEBUG [Forwarding findElement on session 5e3bc184-7a33-4897-be3c-42f3725c7fda to remote] http.wire 86 - http-outgoing-14 &lt;&lt; &quot;{&quot;name&quot;:&quot;findElement&quot;,&quot;sessionId&quot;:&quot;5e3bc184-7a33-4897-be3c-42f3725c7fda&quot;,&quot;status&quot;:0,&quot;value&quot;:{&quot;ELEMENT&quot;:&quot;{7f2f8e11-aee3-413d-b611-b37069de732f}&quot;,&quot;element-6066-11e4-a52e-4f735466cecf&quot;:&quot;{7f2f8e11-aee3-413d-b611-b37069de732f}&quot;}}&quot;
08-01-2019 22:40:55 LoggingManagedHttpClientConnection.java DEBUG [Forwarding findElement on session 5e3bc184-7a33-4897-be3c-42f3725c7fda to remote] conn.DefaultManagedHttpClientConnection 81 - http-outgoing-14: Close connection
08-01-2019 22:40:55 ConnectionHolder.java DEBUG [Forwarding findElement on session 5e3bc184-7a33-4897-be3c-42f3725c7fda to remote] execchain.MainClientExec 103 - Connection discarded
08-01-2019 22:40:55 PoolingHttpClientConnectionManager.java DEBUG [Forwarding findElement on session 5e3bc184-7a33-4897-be3c-42f3725c7fda to remote] conn.PoolingHttpClientConnectionManager 320 - Connection released: [id: 14][route: {}-&gt;http://127.0.0.1:7055][total kept alive: 0; route allocated: 0 of 2000; total allocated: 0 of 2000]
08-01-2019 22:40:55 RequestAddCookies.java DEBUG [Forwarding getElementAttribute on session 5e3bc184-7a33-4897-be3c-42f3725c7fda to remote] protocol.RequestAddCookies 122 - CookieSpec selected: default
08-01-2019 22:40:55 RequestAuthCache.java DEBUG [Forwarding getElementAttribute on session 5e3bc184-7a33-4897-be3c-42f3725c7fda to remote] protocol.RequestAuthCache 76 - Auth cache not set in the context
08-01-2019 22:40:55 PoolingHttpClientConnectionManager.java DEBUG [Forwarding getElementAttribute on session 5e3bc184-7a33-4897-be3c-42f3725c7fda to remote] conn.PoolingHttpClientConnectionManager 249 - Connection request: [route: {}-&gt;http://127.0.0.1:7055][total kept alive: 0; route allocated: 0 of 2000; total allocated: 0 of 2000]
08-01-2019 22:40:55 PoolingHttpClientConnectionManager.java DEBUG [Forwarding getElementAttribute on session 5e3bc184-7a33-4897-be3c-42f3725c7fda to remote] conn.PoolingHttpClientConnectionManager 282 - Connection leased: [id: 15][route: {}-&gt;http://127.0.0.1:7055][total kept alive: 0; route allocated: 1 of 2000; total allocated: 1 of 2000]
08-01-2019 22:40:55 MainClientExec.java DEBUG [Forwarding getElementAttribute on session 5e3bc184-7a33-4897-be3c-42f3725c7fda to remote] execchain.MainClientExec 234 - Opening connection {}-&gt;http://127.0.0.1:7055
08-01-2019 22:40:55 DefaultHttpClientConnectionOperator.java DEBUG [Forwarding getElementAttribute on session 5e3bc184-7a33-4897-be3c-42f3725c7fda to remote] conn.DefaultHttpClientConnectionOperator 131 - Connecting to /127.0.0.1:7055
08-01-2019 22:40:55 DefaultHttpClientConnectionOperator.java DEBUG [Forwarding getElementAttribute on session 5e3bc184-7a33-4897-be3c-42f3725c7fda to remote] conn.DefaultHttpClientConnectionOperator 138 - Connection established 127.0.0.1:56731&lt;-&gt;127.0.0.1:7055
08-01-2019 22:40:55 LoggingManagedHttpClientConnection.java DEBUG [Forwarding getElementAttribute on session 5e3bc184-7a33-4897-be3c-42f3725c7fda to remote] conn.DefaultManagedHttpClientConnection 90 - http-outgoing-15: set socket timeout to 10800000
08-01-2019 22:40:55 MainClientExec.java DEBUG [Forwarding getElementAttribute on session 5e3bc184-7a33-4897-be3c-42f3725c7fda to remote] execchain.MainClientExec 255 - Executing request GET /hub/session/5e3bc184-7a33-4897-be3c-42f3725c7fda/element/%7B7f2f8e11-aee3-413d-b611-b37069de732f%7D/attribute/multiple HTTP/1.1
08-01-2019 22:40:55 MainClientExec.java DEBUG [Forwarding getElementAttribute on session 5e3bc184-7a33-4897-be3c-42f3725c7fda to remote] execchain.MainClientExec 260 - Target auth state: UNCHALLENGED
08-01-2019 22:40:55 MainClientExec.java DEBUG [Forwarding getElementAttribute on session 5e3bc184-7a33-4897-be3c-42f3725c7fda to remote] execchain.MainClientExec 266 - Proxy auth state: UNCHALLENGED
08-01-2019 22:40:55 LoggingManagedHttpClientConnection.java DEBUG [Forwarding getElementAttribute on session 5e3bc184-7a33-4897-be3c-42f3725c7fda to remote] http.headers 135 - http-outgoing-15 &gt;&gt; GET /hub/session/5e3bc184-7a33-4897-be3c-42f3725c7fda/element/%7B7f2f8e11-aee3-413d-b611-b37069de732f%7D/attribute/multiple HTTP/1.1
08-01-2019 22:40:55 LoggingManagedHttpClientConnection.java DEBUG [Forwarding getElementAttribute on session 5e3bc184-7a33-4897-be3c-42f3725c7fda to remote] http.headers 138 - http-outgoing-15 &gt;&gt; Cache-Control: no-cache
08-01-2019 22:40:55 LoggingManagedHttpClientConnection.java DEBUG [Forwarding getElementAttribute on session 5e3bc184-7a33-4897-be3c-42f3725c7fda to remote] http.headers 138 - http-outgoing-15 &gt;&gt; Host: 127.0.0.1:7055
08-01-2019 22:40:55 LoggingManagedHttpClientConnection.java DEBUG [Forwarding getElementAttribute on session 5e3bc184-7a33-4897-be3c-42f3725c7fda to remote] http.headers 138 - http-outgoing-15 &gt;&gt; Connection: Keep-Alive
08-01-2019 22:40:55 LoggingManagedHttpClientConnection.java DEBUG [Forwarding getElementAttribute on session 5e3bc184-7a33-4897-be3c-42f3725c7fda to remote] http.headers 138 - http-outgoing-15 &gt;&gt; User-Agent: Apache-HttpClient/4.5.1 (Java/1.8.0_101)
08-01-2019 22:40:55 LoggingManagedHttpClientConnection.java DEBUG [Forwarding getElementAttribute on session 5e3bc184-7a33-4897-be3c-42f3725c7fda to remote] http.headers 138 - http-outgoing-15 &gt;&gt; Accept-Encoding: gzip,deflate
08-01-2019 22:40:55 Wire.java DEBUG [Forwarding getElementAttribute on session 5e3bc184-7a33-4897-be3c-42f3725c7fda to remote] http.wire 72 - http-outgoing-15 &gt;&gt; &quot;GET /hub/session/5e3bc184-7a33-4897-be3c-42f3725c7fda/element/%7B7f2f8e11-aee3-413d-b611-b37069de732f%7D/attribute/multiple HTTP/1.1[\r][\n]&quot;
08-01-2019 22:40:55 Wire.java DEBUG [Forwarding getElementAttribute on session 5e3bc184-7a33-4897-be3c-42f3725c7fda to remote] http.wire 72 - http-outgoing-15 &gt;&gt; &quot;Cache-Control: no-cache[\r][\n]&quot;
08-01-2019 22:40:55 Wire.java DEBUG [Forwarding getElementAttribute on session 5e3bc184-7a33-4897-be3c-42f3725c7fda to remote] http.wire 72 - http-outgoing-15 &gt;&gt; &quot;Host: 127.0.0.1:7055[\r][\n]&quot;
08-01-2019 22:40:55 Wire.java DEBUG [Forwarding getElementAttribute on session 5e3bc184-7a33-4897-be3c-42f3725c7fda to remote] http.wire 72 - http-outgoing-15 &gt;&gt; &quot;Connection: Keep-Alive[\r][\n]&quot;
08-01-2019 22:40:55 Wire.java DEBUG [Forwarding getElementAttribute on session 5e3bc184-7a33-4897-be3c-42f3725c7fda to remote] http.wire 72 - http-outgoing-15 &gt;&gt; &quot;User-Agent: Apache-HttpClient/4.5.1 (Java/1.8.0_101)[\r][\n]&quot;
08-01-2019 22:40:55 Wire.java DEBUG [Forwarding getElementAttribute on session 5e3bc184-7a33-4897-be3c-42f3725c7fda to remote] http.wire 72 - http-outgoing-15 &gt;&gt; &quot;Accept-Encoding: gzip,deflate[\r][\n]&quot;
08-01-2019 22:40:55 Wire.java DEBUG [Forwarding getElementAttribute on session 5e3bc184-7a33-4897-be3c-42f3725c7fda to remote] http.wire 72 - http-outgoing-15 &gt;&gt; &quot;[\r][\n]&quot;
08-01-2019 22:40:55 Wire.java DEBUG [Forwarding getElementAttribute on session 5e3bc184-7a33-4897-be3c-42f3725c7fda to remote] http.wire 72 - http-outgoing-15 &lt;&lt; &quot;HTTP/1.1 200 OK[\r][\n]&quot;
08-01-2019 22:40:55 Wire.java DEBUG [Forwarding getElementAttribute on session 5e3bc184-7a33-4897-be3c-42f3725c7fda to remote] http.wire 72 - http-outgoing-15 &lt;&lt; &quot;content-type: application/json; charset=UTF-8[\r][\n]&quot;
08-01-2019 22:40:55 Wire.java DEBUG [Forwarding getElementAttribute on session 5e3bc184-7a33-4897-be3c-42f3725c7fda to remote] http.wire 72 - http-outgoing-15 &lt;&lt; &quot;connection: close[\r][\n]&quot;
08-01-2019 22:40:55 Wire.java DEBUG [Forwarding getElementAttribute on session 5e3bc184-7a33-4897-be3c-42f3725c7fda to remote] http.wire 72 - http-outgoing-15 &lt;&lt; &quot;content-length: 105[\r][\n]&quot;
08-01-2019 22:40:55 Wire.java DEBUG [Forwarding getElementAttribute on session 5e3bc184-7a33-4897-be3c-42f3725c7fda to remote] http.wire 72 - http-outgoing-15 &lt;&lt; &quot;server: httpd.js[\r][\n]&quot;
08-01-2019 22:40:55 Wire.java DEBUG [Forwarding getElementAttribute on session 5e3bc184-7a33-4897-be3c-42f3725c7fda to remote] http.wire 72 - http-outgoing-15 &lt;&lt; &quot;date: Thu, 01 Aug 2019 17:10:55 GMT[\r][\n]&quot;
08-01-2019 22:40:55 Wire.java DEBUG [Forwarding getElementAttribute on session 5e3bc184-7a33-4897-be3c-42f3725c7fda to remote] http.wire 72 - http-outgoing-15 &lt;&lt; &quot;[\r][\n]&quot;
08-01-2019 22:40:55 LoggingManagedHttpClientConnection.java DEBUG [Forwarding getElementAttribute on session 5e3bc184-7a33-4897-be3c-42f3725c7fda to remote] http.headers 124 - http-outgoing-15 &lt;&lt; HTTP/1.1 200 OK
08-01-2019 22:40:55 LoggingManagedHttpClientConnection.java DEBUG [Forwarding getElementAttribute on session 5e3bc184-7a33-4897-be3c-42f3725c7fda to remote] http.headers 127 - http-outgoing-15 &lt;&lt; content-type: application/json; charset=UTF-8
08-01-2019 22:40:55 LoggingManagedHttpClientConnection.java DEBUG [Forwarding getElementAttribute on session 5e3bc184-7a33-4897-be3c-42f3725c7fda to remote] http.headers 127 - http-outgoing-15 &lt;&lt; connection: close
08-01-2019 22:40:55 LoggingManagedHttpClientConnection.java DEBUG [Forwarding getElementAttribute on session 5e3bc184-7a33-4897-be3c-42f3725c7fda to remote] http.headers 127 - http-outgoing-15 &lt;&lt; content-length: 105
08-01-2019 22:40:55 LoggingManagedHttpClientConnection.java DEBUG [Forwarding getElementAttribute on session 5e3bc184-7a33-4897-be3c-42f3725c7fda to remote] http.headers 127 - http-outgoing-15 &lt;&lt; server: httpd.js
08-01-2019 22:40:55 LoggingManagedHttpClientConnection.java DEBUG [Forwarding getElementAttribute on session 5e3bc184-7a33-4897-be3c-42f3725c7fda to remote] http.headers 127 - http-outgoing-15 &lt;&lt; date: Thu, 01 Aug 2019 17:10:55 GMT
08-01-2019 22:40:55 Wire.java DEBUG [Forwarding getElementAttribute on session 5e3bc184-7a33-4897-be3c-42f3725c7fda to remote] http.wire 86 - http-outgoing-15 &lt;&lt; &quot;{&quot;name&quot;:&quot;getElementAttribute&quot;,&quot;sessionId&quot;:&quot;5e3bc184-7a33-4897-be3c-42f3725c7fda&quot;,&quot;status&quot;:0,&quot;value&quot;:null}&quot;
08-01-2019 22:40:55 LoggingManagedHttpClientConnection.java DEBUG [Forwarding getElementAttribute on session 5e3bc184-7a33-4897-be3c-42f3725c7fda to remote] conn.DefaultManagedHttpClientConnection 81 - http-outgoing-15: Close connection
08-01-2019 22:40:55 ConnectionHolder.java DEBUG [Forwarding getElementAttribute on session 5e3bc184-7a33-4897-be3c-42f3725c7fda to remote] execchain.MainClientExec 103 - Connection discarded
08-01-2019 22:40:55 PoolingHttpClientConnectionManager.java DEBUG [Forwarding getElementAttribute on session 5e3bc184-7a33-4897-be3c-42f3725c7fda to remote] conn.PoolingHttpClientConnectionManager 320 - Connection released: [id: 15][route: {}-&gt;http://127.0.0.1:7055][total kept alive: 0; route allocated: 0 of 2000; total allocated: 0 of 2000]
08-01-2019 22:40:55 RequestAddCookies.java DEBUG [Forwarding findElement on session 5e3bc184-7a33-4897-be3c-42f3725c7fda to remote] protocol.RequestAddCookies 122 - CookieSpec selected: default
08-01-2019 22:40:55 RequestAuthCache.java DEBUG [Forwarding findElement on session 5e3bc184-7a33-4897-be3c-42f3725c7fda to remote] protocol.RequestAuthCache 76 - Auth cache not set in the context
08-01-2019 22:40:55 PoolingHttpClientConnectionManager.java DEBUG [Forwarding findElement on session 5e3bc184-7a33-4897-be3c-42f3725c7fda to remote] conn.PoolingHttpClientConnectionManager 249 - Connection request: [route: {}-&gt;http://127.0.0.1:7055][total kept alive: 0; route allocated: 0 of 2000; total allocated: 0 of 2000]
08-01-2019 22:40:55 PoolingHttpClientConnectionManager.java DEBUG [Forwarding findElement on session 5e3bc184-7a33-4897-be3c-42f3725c7fda to remote] conn.PoolingHttpClientConnectionManager 282 - Connection leased: [id: 16][route: {}-&gt;http://127.0.0.1:7055][total kept alive: 0; route allocated: 1 of 2000; total allocated: 1 of 2000]
08-01-2019 22:40:55 MainClientExec.java DEBUG [Forwarding findElement on session 5e3bc184-7a33-4897-be3c-42f3725c7fda to remote] execchain.MainClientExec 234 - Opening connection {}-&gt;http://127.0.0.1:7055
08-01-2019 22:40:55 DefaultHttpClientConnectionOperator.java DEBUG [Forwarding findElement on session 5e3bc184-7a33-4897-be3c-42f3725c7fda to remote] conn.DefaultHttpClientConnectionOperator 131 - Connecting to /127.0.0.1:7055
08-01-2019 22:40:55 DefaultHttpClientConnectionOperator.java DEBUG [Forwarding findElement on session 5e3bc184-7a33-4897-be3c-42f3725c7fda to remote] conn.DefaultHttpClientConnectionOperator 138 - Connection established 127.0.0.1:56732&lt;-&gt;127.0.0.1:7055
08-01-2019 22:40:55 LoggingManagedHttpClientConnection.java DEBUG [Forwarding findElement on session 5e3bc184-7a33-4897-be3c-42f3725c7fda to remote] conn.DefaultManagedHttpClientConnection 90 - http-outgoing-16: set socket timeout to 10800000
08-01-2019 22:40:55 MainClientExec.java DEBUG [Forwarding findElement on session 5e3bc184-7a33-4897-be3c-42f3725c7fda to remote] execchain.MainClientExec 255 - Executing request POST /hub/session/5e3bc184-7a33-4897-be3c-42f3725c7fda/element HTTP/1.1
08-01-2019 22:40:55 MainClientExec.java DEBUG [Forwarding findElement on session 5e3bc184-7a33-4897-be3c-42f3725c7fda to remote] execchain.MainClientExec 260 - Target auth state: UNCHALLENGED
08-01-2019 22:40:55 MainClientExec.java DEBUG [Forwarding findElement on session 5e3bc184-7a33-4897-be3c-42f3725c7fda to remote] execchain.MainClientExec 266 - Proxy auth state: UNCHALLENGED
08-01-2019 22:40:55 LoggingManagedHttpClientConnection.java DEBUG [Forwarding findElement on session 5e3bc184-7a33-4897-be3c-42f3725c7fda to remote] http.headers 135 - http-outgoing-16 &gt;&gt; POST /hub/session/5e3bc184-7a33-4897-be3c-42f3725c7fda/element HTTP/1.1
08-01-2019 22:40:55 LoggingManagedHttpClientConnection.java DEBUG [Forwarding findElement on session 5e3bc184-7a33-4897-be3c-42f3725c7fda to remote] http.headers 138 - http-outgoing-16 &gt;&gt; Content-Type: application/json; charset=utf-8
08-01-2019 22:40:55 LoggingManagedHttpClientConnection.java DEBUG [Forwarding findElement on session 5e3bc184-7a33-4897-be3c-42f3725c7fda to remote] http.headers 138 - http-outgoing-16 &gt;&gt; Content-Length: 42
08-01-2019 22:40:55 LoggingManagedHttpClientConnection.java DEBUG [Forwarding findElement on session 5e3bc184-7a33-4897-be3c-42f3725c7fda to remote] http.headers 138 - http-outgoing-16 &gt;&gt; Host: 127.0.0.1:7055
08-01-2019 22:40:55 LoggingManagedHttpClientConnection.java DEBUG [Forwarding findElement on session 5e3bc184-7a33-4897-be3c-42f3725c7fda to remote] http.headers 138 - http-outgoing-16 &gt;&gt; Connection: Keep-Alive
08-01-2019 22:40:55 LoggingManagedHttpClientConnection.java DEBUG [Forwarding findElement on session 5e3bc184-7a33-4897-be3c-42f3725c7fda to remote] http.headers 138 - http-outgoing-16 &gt;&gt; User-Agent: Apache-HttpClient/4.5.1 (Java/1.8.0_101)
08-01-2019 22:40:55 LoggingManagedHttpClientConnection.java DEBUG [Forwarding findElement on session 5e3bc184-7a33-4897-be3c-42f3725c7fda to remote] http.headers 138 - http-outgoing-16 &gt;&gt; Accept-Encoding: gzip,deflate
08-01-2019 22:40:55 Wire.java DEBUG [Forwarding findElement on session 5e3bc184-7a33-4897-be3c-42f3725c7fda to remote] http.wire 72 - http-outgoing-16 &gt;&gt; &quot;POST /hub/session/5e3bc184-7a33-4897-be3c-42f3725c7fda/element HTTP/1.1[\r][\n]&quot;
08-01-2019 22:40:55 Wire.java DEBUG [Forwarding findElement on session 5e3bc184-7a33-4897-be3c-42f3725c7fda to remote] http.wire 72 - http-outgoing-16 &gt;&gt; &quot;Content-Type: application/json; charset=utf-8[\r][\n]&quot;
08-01-2019 22:40:55 Wire.java DEBUG [Forwarding findElement on session 5e3bc184-7a33-4897-be3c-42f3725c7fda to remote] http.wire 72 - http-outgoing-16 &gt;&gt; &quot;Content-Length: 42[\r][\n]&quot;
08-01-2019 22:40:55 Wire.java DEBUG [Forwarding findElement on session 5e3bc184-7a33-4897-be3c-42f3725c7fda to remote] http.wire 72 - http-outgoing-16 &gt;&gt; &quot;Host: 127.0.0.1:7055[\r][\n]&quot;
08-01-2019 22:40:55 Wire.java DEBUG [Forwarding findElement on session 5e3bc184-7a33-4897-be3c-42f3725c7fda to remote] http.wire 72 - http-outgoing-16 &gt;&gt; &quot;Connection: Keep-Alive[\r][\n]&quot;
08-01-2019 22:40:55 Wire.java DEBUG [Forwarding findElement on session 5e3bc184-7a33-4897-be3c-42f3725c7fda to remote] http.wire 72 - http-outgoing-16 &gt;&gt; &quot;User-Agent: Apache-HttpClient/4.5.1 (Java/1.8.0_101)[\r][\n]&quot;
08-01-2019 22:40:55 Wire.java DEBUG [Forwarding findElement on session 5e3bc184-7a33-4897-be3c-42f3725c7fda to remote] http.wire 72 - http-outgoing-16 &gt;&gt; &quot;Accept-Encoding: gzip,deflate[\r][\n]&quot;
08-01-2019 22:40:55 Wire.java DEBUG [Forwarding findElement on session 5e3bc184-7a33-4897-be3c-42f3725c7fda to remote] http.wire 72 - http-outgoing-16 &gt;&gt; &quot;[\r][\n]&quot;
08-01-2019 22:40:55 Wire.java DEBUG [Forwarding findElement on session 5e3bc184-7a33-4897-be3c-42f3725c7fda to remote] http.wire 86 - http-outgoing-16 &gt;&gt; &quot;{&quot;using&quot;:&quot;name&quot;,&quot;value&quot;:&quot;payment_plan_id&quot;}&quot;
08-01-2019 22:40:55 Wire.java DEBUG [Forwarding findElement on session 5e3bc184-7a33-4897-be3c-42f3725c7fda to remote] http.wire 72 - http-outgoing-16 &lt;&lt; &quot;HTTP/1.1 200 OK[\r][\n]&quot;
08-01-2019 22:40:55 Wire.java DEBUG [Forwarding findElement on session 5e3bc184-7a33-4897-be3c-42f3725c7fda to remote] http.wire 72 - http-outgoing-16 &lt;&lt; &quot;content-type: application/json; charset=UTF-8[\r][\n]&quot;
08-01-2019 22:40:55 Wire.java DEBUG [Forwarding findElement on session 5e3bc184-7a33-4897-be3c-42f3725c7fda to remote] http.wire 72 - http-outgoing-16 &lt;&lt; &quot;connection: close[\r][\n]&quot;
08-01-2019 22:40:55 Wire.java DEBUG [Forwarding findElement on session 5e3bc184-7a33-4897-be3c-42f3725c7fda to remote] http.wire 72 - http-outgoing-16 &lt;&lt; &quot;content-length: 224[\r][\n]&quot;
08-01-2019 22:40:55 Wire.java DEBUG [Forwarding findElement on session 5e3bc184-7a33-4897-be3c-42f3725c7fda to remote] http.wire 72 - http-outgoing-16 &lt;&lt; &quot;server: httpd.js[\r][\n]&quot;
08-01-2019 22:40:55 Wire.java DEBUG [Forwarding findElement on session 5e3bc184-7a33-4897-be3c-42f3725c7fda to remote] http.wire 72 - http-outgoing-16 &lt;&lt; &quot;date: Thu, 01 Aug 2019 17:10:55 GMT[\r][\n]&quot;
08-01-2019 22:40:55 Wire.java DEBUG [Forwarding findElement on session 5e3bc184-7a33-4897-be3c-42f3725c7fda to remote] http.wire 72 - http-outgoing-16 &lt;&lt; &quot;[\r][\n]&quot;
08-01-2019 22:40:55 LoggingManagedHttpClientConnection.java DEBUG [Forwarding findElement on session 5e3bc184-7a33-4897-be3c-42f3725c7fda to remote] http.headers 124 - http-outgoing-16 &lt;&lt; HTTP/1.1 200 OK
08-01-2019 22:40:55 LoggingManagedHttpClientConnection.java DEBUG [Forwarding findElement on session 5e3bc184-7a33-4897-be3c-42f3725c7fda to remote] http.headers 127 - http-outgoing-16 &lt;&lt; content-type: application/json; charset=UTF-8
08-01-2019 22:40:55 LoggingManagedHttpClientConnection.java DEBUG [Forwarding findElement on session 5e3bc184-7a33-4897-be3c-42f3725c7fda to remote] http.headers 127 - http-outgoing-16 &lt;&lt; connection: close
08-01-2019 22:40:55 LoggingManagedHttpClientConnection.java DEBUG [Forwarding findElement on session 5e3bc184-7a33-4897-be3c-42f3725c7fda to remote] http.headers 127 - http-outgoing-16 &lt;&lt; content-length: 224
08-01-2019 22:40:55 LoggingManagedHttpClientConnection.java DEBUG [Forwarding findElement on session 5e3bc184-7a33-4897-be3c-42f3725c7fda to remote] http.headers 127 - http-outgoing-16 &lt;&lt; server: httpd.js
08-01-2019 22:40:55 LoggingManagedHttpClientConnection.java DEBUG [Forwarding findElement on session 5e3bc184-7a33-4897-be3c-42f3725c7fda to remote] http.headers 127 - http-outgoing-16 &lt;&lt; date: Thu, 01 Aug 2019 17:10:55 GMT
08-01-2019 22:40:55 Wire.java DEBUG [Forwarding findElement on session 5e3bc184-7a33-4897-be3c-42f3725c7fda to remote] http.wire 86 - http-outgoing-16 &lt;&lt; &quot;{&quot;name&quot;:&quot;findElement&quot;,&quot;sessionId&quot;:&quot;5e3bc184-7a33-4897-be3c-42f3725c7fda&quot;,&quot;status&quot;:0,&quot;value&quot;:{&quot;ELEMENT&quot;:&quot;{7f2f8e11-aee3-413d-b611-b37069de732f}&quot;,&quot;element-6066-11e4-a52e-4f735466cecf&quot;:&quot;{7f2f8e11-aee3-413d-b611-b37069de732f}&quot;}}&quot;
08-01-2019 22:40:55 LoggingManagedHttpClientConnection.java DEBUG [Forwarding findElement on session 5e3bc184-7a33-4897-be3c-42f3725c7fda to remote] conn.DefaultManagedHttpClientConnection 81 - http-outgoing-16: Close connection
08-01-2019 22:40:55 ConnectionHolder.java DEBUG [Forwarding findElement on session 5e3bc184-7a33-4897-be3c-42f3725c7fda to remote] execchain.MainClientExec 103 - Connection discarded
08-01-2019 22:40:55 PoolingHttpClientConnectionManager.java DEBUG [Forwarding findElement on session 5e3bc184-7a33-4897-be3c-42f3725c7fda to remote] conn.PoolingHttpClientConnectionManager 320 - Connection released: [id: 16][route: {}-&gt;http://127.0.0.1:7055][total kept alive: 0; route allocated: 0 of 2000; total allocated: 0 of 2000]
08-01-2019 22:40:55 RequestAddCookies.java DEBUG [Forwarding findChildElements on session 5e3bc184-7a33-4897-be3c-42f3725c7fda to remote] protocol.RequestAddCookies 122 - CookieSpec selected: default
08-01-2019 22:40:55 RequestAuthCache.java DEBUG [Forwarding findChildElements on session 5e3bc184-7a33-4897-be3c-42f3725c7fda to remote] protocol.RequestAuthCache 76 - Auth cache not set in the context
08-01-2019 22:40:55 PoolingHttpClientConnectionManager.java DEBUG [Forwarding findChildElements on session 5e3bc184-7a33-4897-be3c-42f3725c7fda to remote] conn.PoolingHttpClientConnectionManager 249 - Connection request: [route: {}-&gt;http://127.0.0.1:7055][total kept alive: 0; route allocated: 0 of 2000; total allocated: 0 of 2000]
08-01-2019 22:40:55 PoolingHttpClientConnectionManager.java DEBUG [Forwarding findChildElements on session 5e3bc184-7a33-4897-be3c-42f3725c7fda to remote] conn.PoolingHttpClientConnectionManager 282 - Connection leased: [id: 17][route: {}-&gt;http://127.0.0.1:7055][total kept alive: 0; route allocated: 1 of 2000; total allocated: 1 of 2000]
08-01-2019 22:40:55 MainClientExec.java DEBUG [Forwarding findChildElements on session 5e3bc184-7a33-4897-be3c-42f3725c7fda to remote] execchain.MainClientExec 234 - Opening connection {}-&gt;http://127.0.0.1:7055
08-01-2019 22:40:55 DefaultHttpClientConnectionOperator.java DEBUG [Forwarding findChildElements on session 5e3bc184-7a33-4897-be3c-42f3725c7fda to remote] conn.DefaultHttpClientConnectionOperator 131 - Connecting to /127.0.0.1:7055
08-01-2019 22:40:55 DefaultHttpClientConnectionOperator.java DEBUG [Forwarding findChildElements on session 5e3bc184-7a33-4897-be3c-42f3725c7fda to remote] conn.DefaultHttpClientConnectionOperator 138 - Connection established 127.0.0.1:56733&lt;-&gt;127.0.0.1:7055
08-01-2019 22:40:55 LoggingManagedHttpClientConnection.java DEBUG [Forwarding findChildElements on session 5e3bc184-7a33-4897-be3c-42f3725c7fda to remote] conn.DefaultManagedHttpClientConnection 90 - http-outgoing-17: set socket timeout to 10800000
08-01-2019 22:40:55 MainClientExec.java DEBUG [Forwarding findChildElements on session 5e3bc184-7a33-4897-be3c-42f3725c7fda to remote] execchain.MainClientExec 255 - Executing request POST /hub/session/5e3bc184-7a33-4897-be3c-42f3725c7fda/element/%7B7f2f8e11-aee3-413d-b611-b37069de732f%7D/elements HTTP/1.1
08-01-2019 22:40:55 MainClientExec.java DEBUG [Forwarding findChildElements on session 5e3bc184-7a33-4897-be3c-42f3725c7fda to remote] execchain.MainClientExec 260 - Target auth state: UNCHALLENGED
08-01-2019 22:40:55 MainClientExec.java DEBUG [Forwarding findChildElements on session 5e3bc184-7a33-4897-be3c-42f3725c7fda to remote] execchain.MainClientExec 266 - Proxy auth state: UNCHALLENGED
08-01-2019 22:40:55 LoggingManagedHttpClientConnection.java DEBUG [Forwarding findChildElements on session 5e3bc184-7a33-4897-be3c-42f3725c7fda to remote] http.headers 135 - http-outgoing-17 &gt;&gt; POST /hub/session/5e3bc184-7a33-4897-be3c-42f3725c7fda/element/%7B7f2f8e11-aee3-413d-b611-b37069de732f%7D/elements HTTP/1.1
08-01-2019 22:40:55 LoggingManagedHttpClientConnection.java DEBUG [Forwarding findChildElements on session 5e3bc184-7a33-4897-be3c-42f3725c7fda to remote] http.headers 138 - http-outgoing-17 &gt;&gt; Content-Type: application/json; charset=utf-8
08-01-2019 22:40:55 LoggingManagedHttpClientConnection.java DEBUG [Forwarding findChildElements on session 5e3bc184-7a33-4897-be3c-42f3725c7fda to remote] http.headers 138 - http-outgoing-17 &gt;&gt; Content-Length: 122
08-01-2019 22:40:55 LoggingManagedHttpClientConnection.java DEBUG [Forwarding findChildElements on session 5e3bc184-7a33-4897-be3c-42f3725c7fda to remote] http.headers 138 - http-outgoing-17 &gt;&gt; Host: 127.0.0.1:7055
08-01-2019 22:40:55 LoggingManagedHttpClientConnection.java DEBUG [Forwarding findChildElements on session 5e3bc184-7a33-4897-be3c-42f3725c7fda to remote] http.headers 138 - http-outgoing-17 &gt;&gt; Connection: Keep-Alive
08-01-2019 22:40:55 LoggingManagedHttpClientConnection.java DEBUG [Forwarding findChildElements on session 5e3bc184-7a33-4897-be3c-42f3725c7fda to remote] http.headers 138 - http-outgoing-17 &gt;&gt; User-Agent: Apache-HttpClient/4.5.1 (Java/1.8.0_101)
08-01-2019 22:40:55 LoggingManagedHttpClientConnection.java DEBUG [Forwarding findChildElements on session 5e3bc184-7a33-4897-be3c-42f3725c7fda to remote] http.headers 138 - http-outgoing-17 &gt;&gt; Accept-Encoding: gzip,deflate
08-01-2019 22:40:55 Wire.java DEBUG [Forwarding findChildElements on session 5e3bc184-7a33-4897-be3c-42f3725c7fda to remote] http.wire 72 - http-outgoing-17 &gt;&gt; &quot;POST /hub/session/5e3bc184-7a33-4897-be3c-42f3725c7fda/element/%7B7f2f8e11-aee3-413d-b611-b37069de732f%7D/elements HTTP/1.1[\r][\n]&quot;
08-01-2019 22:40:55 Wire.java DEBUG [Forwarding findChildElements on session 5e3bc184-7a33-4897-be3c-42f3725c7fda to remote] http.wire 72 - http-outgoing-17 &gt;&gt; &quot;Content-Type: application/json; charset=utf-8[\r][\n]&quot;
08-01-2019 22:40:55 Wire.java DEBUG [Forwarding findChildElements on session 5e3bc184-7a33-4897-be3c-42f3725c7fda to remote] http.wire 72 - http-outgoing-17 &gt;&gt; &quot;Content-Length: 122[\r][\n]&quot;
08-01-2019 22:40:55 Wire.java DEBUG [Forwarding findChildElements on session 5e3bc184-7a33-4897-be3c-42f3725c7fda to remote] http.wire 72 - http-outgoing-17 &gt;&gt; &quot;Host: 127.0.0.1:7055[\r][\n]&quot;
08-01-2019 22:40:55 Wire.java DEBUG [Forwarding findChildElements on session 5e3bc184-7a33-4897-be3c-42f3725c7fda to remote] http.wire 72 - http-outgoing-17 &gt;&gt; &quot;Connection: Keep-Alive[\r][\n]&quot;
08-01-2019 22:40:55 Wire.java DEBUG [Forwarding findChildElements on session 5e3bc184-7a33-4897-be3c-42f3725c7fda to remote] http.wire 72 - http-outgoing-17 &gt;&gt; &quot;User-Agent: Apache-HttpClient/4.5.1 (Java/1.8.0_101)[\r][\n]&quot;
08-01-2019 22:40:55 Wire.java DEBUG [Forwarding findChildElements on session 5e3bc184-7a33-4897-be3c-42f3725c7fda to remote] http.wire 72 - http-outgoing-17 &gt;&gt; &quot;Accept-Encoding: gzip,deflate[\r][\n]&quot;
08-01-2019 22:40:55 Wire.java DEBUG [Forwarding findChildElements on session 5e3bc184-7a33-4897-be3c-42f3725c7fda to remote] http.wire 72 - http-outgoing-17 &gt;&gt; &quot;[\r][\n]&quot;
08-01-2019 22:40:55 Wire.java DEBUG [Forwarding findChildElements on session 5e3bc184-7a33-4897-be3c-42f3725c7fda to remote] http.wire 86 - http-outgoing-17 &gt;&gt; &quot;{&quot;id&quot;:&quot;{7f2f8e11-aee3-413d-b611-b37069de732f}&quot;,&quot;using&quot;:&quot;xpath&quot;,&quot;value&quot;:&quot;.//option[normalize-space(.) = \&quot;Free Edition\&quot;]&quot;}&quot;
08-01-2019 22:40:55 Wire.java DEBUG [Forwarding findChildElements on session 5e3bc184-7a33-4897-be3c-42f3725c7fda to remote] http.wire 72 - http-outgoing-17 &lt;&lt; &quot;HTTP/1.1 200 OK[\r][\n]&quot;
08-01-2019 22:40:55 Wire.java DEBUG [Forwarding findChildElements on session 5e3bc184-7a33-4897-be3c-42f3725c7fda to remote] http.wire 72 - http-outgoing-17 &lt;&lt; &quot;content-type: application/json; charset=UTF-8[\r][\n]&quot;
08-01-2019 22:40:55 Wire.java DEBUG [Forwarding findChildElements on session 5e3bc184-7a33-4897-be3c-42f3725c7fda to remote] http.wire 72 - http-outgoing-17 &lt;&lt; &quot;connection: close[\r][\n]&quot;
08-01-2019 22:40:55 Wire.java DEBUG [Forwarding findChildElements on session 5e3bc184-7a33-4897-be3c-42f3725c7fda to remote] http.wire 72 - http-outgoing-17 &lt;&lt; &quot;content-length: 232[\r][\n]&quot;
08-01-2019 22:40:55 Wire.java DEBUG [Forwarding findChildElements on session 5e3bc184-7a33-4897-be3c-42f3725c7fda to remote] http.wire 72 - http-outgoing-17 &lt;&lt; &quot;server: httpd.js[\r][\n]&quot;
08-01-2019 22:40:55 Wire.java DEBUG [Forwarding findChildElements on session 5e3bc184-7a33-4897-be3c-42f3725c7fda to remote] http.wire 72 - http-outgoing-17 &lt;&lt; &quot;date: Thu, 01 Aug 2019 17:10:55 GMT[\r][\n]&quot;
08-01-2019 22:40:55 Wire.java DEBUG [Forwarding findChildElements on session 5e3bc184-7a33-4897-be3c-42f3725c7fda to remote] http.wire 72 - http-outgoing-17 &lt;&lt; &quot;[\r][\n]&quot;
08-01-2019 22:40:55 LoggingManagedHttpClientConnection.java DEBUG [Forwarding findChildElements on session 5e3bc184-7a33-4897-be3c-42f3725c7fda to remote] http.headers 124 - http-outgoing-17 &lt;&lt; HTTP/1.1 200 OK
08-01-2019 22:40:55 LoggingManagedHttpClientConnection.java DEBUG [Forwarding findChildElements on session 5e3bc184-7a33-4897-be3c-42f3725c7fda to remote] http.headers 127 - http-outgoing-17 &lt;&lt; content-type: application/json; charset=UTF-8
08-01-2019 22:40:55 LoggingManagedHttpClientConnection.java DEBUG [Forwarding findChildElements on session 5e3bc184-7a33-4897-be3c-42f3725c7fda to remote] http.headers 127 - http-outgoing-17 &lt;&lt; connection: close
08-01-2019 22:40:55 LoggingManagedHttpClientConnection.java DEBUG [Forwarding findChildElements on session 5e3bc184-7a33-4897-be3c-42f3725c7fda to remote] http.headers 127 - http-outgoing-17 &lt;&lt; content-length: 232
08-01-2019 22:40:55 LoggingManagedHttpClientConnection.java DEBUG [Forwarding findChildElements on session 5e3bc184-7a33-4897-be3c-42f3725c7fda to remote] http.headers 127 - http-outgoing-17 &lt;&lt; server: httpd.js
08-01-2019 22:40:55 LoggingManagedHttpClientConnection.java DEBUG [Forwarding findChildElements on session 5e3bc184-7a33-4897-be3c-42f3725c7fda to remote] http.headers 127 - http-outgoing-17 &lt;&lt; date: Thu, 01 Aug 2019 17:10:55 GMT
08-01-2019 22:40:55 Wire.java DEBUG [Forwarding findChildElements on session 5e3bc184-7a33-4897-be3c-42f3725c7fda to remote] http.wire 86 - http-outgoing-17 &lt;&lt; &quot;{&quot;name&quot;:&quot;findChildElements&quot;,&quot;sessionId&quot;:&quot;5e3bc184-7a33-4897-be3c-42f3725c7fda&quot;,&quot;status&quot;:0,&quot;value&quot;:[{&quot;ELEMENT&quot;:&quot;{83bffb34-9f7b-40ad-8dd2-7550119ca540}&quot;,&quot;element-6066-11e4-a52e-4f735466cecf&quot;:&quot;{83bffb34-9f7b-40ad-8dd2-7550119ca540}&quot;}]}&quot;
08-01-2019 22:40:55 LoggingManagedHttpClientConnection.java DEBUG [Forwarding findChildElements on session 5e3bc184-7a33-4897-be3c-42f3725c7fda to remote] conn.DefaultManagedHttpClientConnection 81 - http-outgoing-17: Close connection
08-01-2019 22:40:55 ConnectionHolder.java DEBUG [Forwarding findChildElements on session 5e3bc184-7a33-4897-be3c-42f3725c7fda to remote] execchain.MainClientExec 103 - Connection discarded
08-01-2019 22:40:55 PoolingHttpClientConnectionManager.java DEBUG [Forwarding findChildElements on session 5e3bc184-7a33-4897-be3c-42f3725c7fda to remote] conn.PoolingHttpClientConnectionManager 320 - Connection released: [id: 17][route: {}-&gt;http://127.0.0.1:7055][total kept alive: 0; route allocated: 0 of 2000; total allocated: 0 of 2000]
08-01-2019 22:40:55 RequestAddCookies.java DEBUG [Forwarding isElementSelected on session 5e3bc184-7a33-4897-be3c-42f3725c7fda to remote] protocol.RequestAddCookies 122 - CookieSpec selected: default
08-01-2019 22:40:55 RequestAuthCache.java DEBUG [Forwarding isElementSelected on session 5e3bc184-7a33-4897-be3c-42f3725c7fda to remote] protocol.RequestAuthCache 76 - Auth cache not set in the context
08-01-2019 22:40:55 PoolingHttpClientConnectionManager.java DEBUG [Forwarding isElementSelected on session 5e3bc184-7a33-4897-be3c-42f3725c7fda to remote] conn.PoolingHttpClientConnectionManager 249 - Connection request: [route: {}-&gt;http://127.0.0.1:7055][total kept alive: 0; route allocated: 0 of 2000; total allocated: 0 of 2000]
08-01-2019 22:40:55 PoolingHttpClientConnectionManager.java DEBUG [Forwarding isElementSelected on session 5e3bc184-7a33-4897-be3c-42f3725c7fda to remote] conn.PoolingHttpClientConnectionManager 282 - Connection leased: [id: 18][route: {}-&gt;http://127.0.0.1:7055][total kept alive: 0; route allocated: 1 of 2000; total allocated: 1 of 2000]
08-01-2019 22:40:55 MainClientExec.java DEBUG [Forwarding isElementSelected on session 5e3bc184-7a33-4897-be3c-42f3725c7fda to remote] execchain.MainClientExec 234 - Opening connection {}-&gt;http://127.0.0.1:7055
08-01-2019 22:40:55 DefaultHttpClientConnectionOperator.java DEBUG [Forwarding isElementSelected on session 5e3bc184-7a33-4897-be3c-42f3725c7fda to remote] conn.DefaultHttpClientConnectionOperator 131 - Connecting to /127.0.0.1:7055
08-01-2019 22:40:55 DefaultHttpClientConnectionOperator.java DEBUG [Forwarding isElementSelected on session 5e3bc184-7a33-4897-be3c-42f3725c7fda to remote] conn.DefaultHttpClientConnectionOperator 138 - Connection established 127.0.0.1:56734&lt;-&gt;127.0.0.1:7055
08-01-2019 22:40:55 LoggingManagedHttpClientConnection.java DEBUG [Forwarding isElementSelected on session 5e3bc184-7a33-4897-be3c-42f3725c7fda to remote] conn.DefaultManagedHttpClientConnection 90 - http-outgoing-18: set socket timeout to 10800000
08-01-2019 22:40:55 MainClientExec.java DEBUG [Forwarding isElementSelected on session 5e3bc184-7a33-4897-be3c-42f3725c7fda to remote] execchain.MainClientExec 255 - Executing request GET /hub/session/5e3bc184-7a33-4897-be3c-42f3725c7fda/element/%7B83bffb34-9f7b-40ad-8dd2-7550119ca540%7D/selected HTTP/1.1
08-01-2019 22:40:55 MainClientExec.java DEBUG [Forwarding isElementSelected on session 5e3bc184-7a33-4897-be3c-42f3725c7fda to remote] execchain.MainClientExec 260 - Target auth state: UNCHALLENGED
08-01-2019 22:40:55 MainClientExec.java DEBUG [Forwarding isElementSelected on session 5e3bc184-7a33-4897-be3c-42f3725c7fda to remote] execchain.MainClientExec 266 - Proxy auth state: UNCHALLENGED
08-01-2019 22:40:55 LoggingManagedHttpClientConnection.java DEBUG [Forwarding isElementSelected on session 5e3bc184-7a33-4897-be3c-42f3725c7fda to remote] http.headers 135 - http-outgoing-18 &gt;&gt; GET /hub/session/5e3bc184-7a33-4897-be3c-42f3725c7fda/element/%7B83bffb34-9f7b-40ad-8dd2-7550119ca540%7D/selected HTTP/1.1
08-01-2019 22:40:55 LoggingManagedHttpClientConnection.java DEBUG [Forwarding isElementSelected on session 5e3bc184-7a33-4897-be3c-42f3725c7fda to remote] http.headers 138 - http-outgoing-18 &gt;&gt; Cache-Control: no-cache
08-01-2019 22:40:55 LoggingManagedHttpClientConnection.java DEBUG [Forwarding isElementSelected on session 5e3bc184-7a33-4897-be3c-42f3725c7fda to remote] http.headers 138 - http-outgoing-18 &gt;&gt; Host: 127.0.0.1:7055
08-01-2019 22:40:55 LoggingManagedHttpClientConnection.java DEBUG [Forwarding isElementSelected on session 5e3bc184-7a33-4897-be3c-42f3725c7fda to remote] http.headers 138 - http-outgoing-18 &gt;&gt; Connection: Keep-Alive
08-01-2019 22:40:55 LoggingManagedHttpClientConnection.java DEBUG [Forwarding isElementSelected on session 5e3bc184-7a33-4897-be3c-42f3725c7fda to remote] http.headers 138 - http-outgoing-18 &gt;&gt; User-Agent: Apache-HttpClient/4.5.1 (Java/1.8.0_101)
08-01-2019 22:40:55 LoggingManagedHttpClientConnection.java DEBUG [Forwarding isElementSelected on session 5e3bc184-7a33-4897-be3c-42f3725c7fda to remote] http.headers 138 - http-outgoing-18 &gt;&gt; Accept-Encoding: gzip,deflate
08-01-2019 22:40:55 Wire.java DEBUG [Forwarding isElementSelected on session 5e3bc184-7a33-4897-be3c-42f3725c7fda to remote] http.wire 72 - http-outgoing-18 &gt;&gt; &quot;GET /hub/session/5e3bc184-7a33-4897-be3c-42f3725c7fda/element/%7B83bffb34-9f7b-40ad-8dd2-7550119ca540%7D/selected HTTP/1.1[\r][\n]&quot;
08-01-2019 22:40:55 Wire.java DEBUG [Forwarding isElementSelected on session 5e3bc184-7a33-4897-be3c-42f3725c7fda to remote] http.wire 72 - http-outgoing-18 &gt;&gt; &quot;Cache-Control: no-cache[\r][\n]&quot;
08-01-2019 22:40:55 Wire.java DEBUG [Forwarding isElementSelected on session 5e3bc184-7a33-4897-be3c-42f3725c7fda to remote] http.wire 72 - http-outgoing-18 &gt;&gt; &quot;Host: 127.0.0.1:7055[\r][\n]&quot;
08-01-2019 22:40:55 Wire.java DEBUG [Forwarding isElementSelected on session 5e3bc184-7a33-4897-be3c-42f3725c7fda to remote] http.wire 72 - http-outgoing-18 &gt;&gt; &quot;Connection: Keep-Alive[\r][\n]&quot;
08-01-2019 22:40:55 Wire.java DEBUG [Forwarding isElementSelected on session 5e3bc184-7a33-4897-be3c-42f3725c7fda to remote] http.wire 72 - http-outgoing-18 &gt;&gt; &quot;User-Agent: Apache-HttpClient/4.5.1 (Java/1.8.0_101)[\r][\n]&quot;
08-01-2019 22:40:55 Wire.java DEBUG [Forwarding isElementSelected on session 5e3bc184-7a33-4897-be3c-42f3725c7fda to remote] http.wire 72 - http-outgoing-18 &gt;&gt; &quot;Accept-Encoding: gzip,deflate[\r][\n]&quot;
08-01-2019 22:40:55 Wire.java DEBUG [Forwarding isElementSelected on session 5e3bc184-7a33-4897-be3c-42f3725c7fda to remote] http.wire 72 - http-outgoing-18 &gt;&gt; &quot;[\r][\n]&quot;
08-01-2019 22:40:55 Wire.java DEBUG [Forwarding isElementSelected on session 5e3bc184-7a33-4897-be3c-42f3725c7fda to remote] http.wire 72 - http-outgoing-18 &lt;&lt; &quot;HTTP/1.1 200 OK[\r][\n]&quot;
08-01-2019 22:40:55 Wire.java DEBUG [Forwarding isElementSelected on session 5e3bc184-7a33-4897-be3c-42f3725c7fda to remote] http.wire 72 - http-outgoing-18 &lt;&lt; &quot;content-type: application/json; charset=UTF-8[\r][\n]&quot;
08-01-2019 22:40:55 Wire.java DEBUG [Forwarding isElementSelected on session 5e3bc184-7a33-4897-be3c-42f3725c7fda to remote] http.wire 72 - http-outgoing-18 &lt;&lt; &quot;connection: close[\r][\n]&quot;
08-01-2019 22:40:55 Wire.java DEBUG [Forwarding isElementSelected on session 5e3bc184-7a33-4897-be3c-42f3725c7fda to remote] http.wire 72 - http-outgoing-18 &lt;&lt; &quot;content-length: 104[\r][\n]&quot;
08-01-2019 22:40:55 Wire.java DEBUG [Forwarding isElementSelected on session 5e3bc184-7a33-4897-be3c-42f3725c7fda to remote] http.wire 72 - http-outgoing-18 &lt;&lt; &quot;server: httpd.js[\r][\n]&quot;
08-01-2019 22:40:55 Wire.java DEBUG [Forwarding isElementSelected on session 5e3bc184-7a33-4897-be3c-42f3725c7fda to remote] http.wire 72 - http-outgoing-18 &lt;&lt; &quot;date: Thu, 01 Aug 2019 17:10:55 GMT[\r][\n]&quot;
08-01-2019 22:40:55 Wire.java DEBUG [Forwarding isElementSelected on session 5e3bc184-7a33-4897-be3c-42f3725c7fda to remote] http.wire 72 - http-outgoing-18 &lt;&lt; &quot;[\r][\n]&quot;
08-01-2019 22:40:55 LoggingManagedHttpClientConnection.java DEBUG [Forwarding isElementSelected on session 5e3bc184-7a33-4897-be3c-42f3725c7fda to remote] http.headers 124 - http-outgoing-18 &lt;&lt; HTTP/1.1 200 OK
08-01-2019 22:40:55 LoggingManagedHttpClientConnection.java DEBUG [Forwarding isElementSelected on session 5e3bc184-7a33-4897-be3c-42f3725c7fda to remote] http.headers 127 - http-outgoing-18 &lt;&lt; content-type: application/json; charset=UTF-8
08-01-2019 22:40:55 LoggingManagedHttpClientConnection.java DEBUG [Forwarding isElementSelected on session 5e3bc184-7a33-4897-be3c-42f3725c7fda to remote] http.headers 127 - http-outgoing-18 &lt;&lt; connection: close
08-01-2019 22:40:55 LoggingManagedHttpClientConnection.java DEBUG [Forwarding isElementSelected on session 5e3bc184-7a33-4897-be3c-42f3725c7fda to remote] http.headers 127 - http-outgoing-18 &lt;&lt; content-length: 104
08-01-2019 22:40:55 LoggingManagedHttpClientConnection.java DEBUG [Forwarding isElementSelected on session 5e3bc184-7a33-4897-be3c-42f3725c7fda to remote] http.headers 127 - http-outgoing-18 &lt;&lt; server: httpd.js
08-01-2019 22:40:55 LoggingManagedHttpClientConnection.java DEBUG [Forwarding isElementSelected on session 5e3bc184-7a33-4897-be3c-42f3725c7fda to remote] http.headers 127 - http-outgoing-18 &lt;&lt; date: Thu, 01 Aug 2019 17:10:55 GMT
08-01-2019 22:40:55 Wire.java DEBUG [Forwarding isElementSelected on session 5e3bc184-7a33-4897-be3c-42f3725c7fda to remote] http.wire 86 - http-outgoing-18 &lt;&lt; &quot;{&quot;name&quot;:&quot;isElementSelected&quot;,&quot;sessionId&quot;:&quot;5e3bc184-7a33-4897-be3c-42f3725c7fda&quot;,&quot;status&quot;:0,&quot;value&quot;:false}&quot;
08-01-2019 22:40:55 LoggingManagedHttpClientConnection.java DEBUG [Forwarding isElementSelected on session 5e3bc184-7a33-4897-be3c-42f3725c7fda to remote] conn.DefaultManagedHttpClientConnection 81 - http-outgoing-18: Close connection
08-01-2019 22:40:55 ConnectionHolder.java DEBUG [Forwarding isElementSelected on session 5e3bc184-7a33-4897-be3c-42f3725c7fda to remote] execchain.MainClientExec 103 - Connection discarded
08-01-2019 22:40:55 PoolingHttpClientConnectionManager.java DEBUG [Forwarding isElementSelected on session 5e3bc184-7a33-4897-be3c-42f3725c7fda to remote] conn.PoolingHttpClientConnectionManager 320 - Connection released: [id: 18][route: {}-&gt;http://127.0.0.1:7055][total kept alive: 0; route allocated: 0 of 2000; total allocated: 0 of 2000]
08-01-2019 22:40:55 RequestAddCookies.java DEBUG [Forwarding clickElement on session 5e3bc184-7a33-4897-be3c-42f3725c7fda to remote] protocol.RequestAddCookies 122 - CookieSpec selected: default
08-01-2019 22:40:55 RequestAuthCache.java DEBUG [Forwarding clickElement on session 5e3bc184-7a33-4897-be3c-42f3725c7fda to remote] protocol.RequestAuthCache 76 - Auth cache not set in the context
08-01-2019 22:40:55 PoolingHttpClientConnectionManager.java DEBUG [Forwarding clickElement on session 5e3bc184-7a33-4897-be3c-42f3725c7fda to remote] conn.PoolingHttpClientConnectionManager 249 - Connection request: [route: {}-&gt;http://127.0.0.1:7055][total kept alive: 0; route allocated: 0 of 2000; total allocated: 0 of 2000]
08-01-2019 22:40:55 PoolingHttpClientConnectionManager.java DEBUG [Forwarding clickElement on session 5e3bc184-7a33-4897-be3c-42f3725c7fda to remote] conn.PoolingHttpClientConnectionManager 282 - Connection leased: [id: 19][route: {}-&gt;http://127.0.0.1:7055][total kept alive: 0; route allocated: 1 of 2000; total allocated: 1 of 2000]
08-01-2019 22:40:55 MainClientExec.java DEBUG [Forwarding clickElement on session 5e3bc184-7a33-4897-be3c-42f3725c7fda to remote] execchain.MainClientExec 234 - Opening connection {}-&gt;http://127.0.0.1:7055
08-01-2019 22:40:55 DefaultHttpClientConnectionOperator.java DEBUG [Forwarding clickElement on session 5e3bc184-7a33-4897-be3c-42f3725c7fda to remote] conn.DefaultHttpClientConnectionOperator 131 - Connecting to /127.0.0.1:7055
08-01-2019 22:40:55 DefaultHttpClientConnectionOperator.java DEBUG [Forwarding clickElement on session 5e3bc184-7a33-4897-be3c-42f3725c7fda to remote] conn.DefaultHttpClientConnectionOperator 138 - Connection established 127.0.0.1:56735&lt;-&gt;127.0.0.1:7055
08-01-2019 22:40:55 LoggingManagedHttpClientConnection.java DEBUG [Forwarding clickElement on session 5e3bc184-7a33-4897-be3c-42f3725c7fda to remote] conn.DefaultManagedHttpClientConnection 90 - http-outgoing-19: set socket timeout to 10800000
08-01-2019 22:40:55 MainClientExec.java DEBUG [Forwarding clickElement on session 5e3bc184-7a33-4897-be3c-42f3725c7fda to remote] execchain.MainClientExec 255 - Executing request POST /hub/session/5e3bc184-7a33-4897-be3c-42f3725c7fda/element/%7B83bffb34-9f7b-40ad-8dd2-7550119ca540%7D/click HTTP/1.1
08-01-2019 22:40:55 MainClientExec.java DEBUG [Forwarding clickElement on session 5e3bc184-7a33-4897-be3c-42f3725c7fda to remote] execchain.MainClientExec 260 - Target auth state: UNCHALLENGED
08-01-2019 22:40:55 MainClientExec.java DEBUG [Forwarding clickElement on session 5e3bc184-7a33-4897-be3c-42f3725c7fda to remote] execchain.MainClientExec 266 - Proxy auth state: UNCHALLENGED
08-01-2019 22:40:55 LoggingManagedHttpClientConnection.java DEBUG [Forwarding clickElement on session 5e3bc184-7a33-4897-be3c-42f3725c7fda to remote] http.headers 135 - http-outgoing-19 &gt;&gt; POST /hub/session/5e3bc184-7a33-4897-be3c-42f3725c7fda/element/%7B83bffb34-9f7b-40ad-8dd2-7550119ca540%7D/click HTTP/1.1
08-01-2019 22:40:55 LoggingManagedHttpClientConnection.java DEBUG [Forwarding clickElement on session 5e3bc184-7a33-4897-be3c-42f3725c7fda to remote] http.headers 138 - http-outgoing-19 &gt;&gt; Content-Type: application/json; charset=utf-8
08-01-2019 22:40:55 LoggingManagedHttpClientConnection.java DEBUG [Forwarding clickElement on session 5e3bc184-7a33-4897-be3c-42f3725c7fda to remote] http.headers 138 - http-outgoing-19 &gt;&gt; Content-Length: 47
08-01-2019 22:40:55 LoggingManagedHttpClientConnection.java DEBUG [Forwarding clickElement on session 5e3bc184-7a33-4897-be3c-42f3725c7fda to remote] http.headers 138 - http-outgoing-19 &gt;&gt; Host: 127.0.0.1:7055
08-01-2019 22:40:55 LoggingManagedHttpClientConnection.java DEBUG [Forwarding clickElement on session 5e3bc184-7a33-4897-be3c-42f3725c7fda to remote] http.headers 138 - http-outgoing-19 &gt;&gt; Connection: Keep-Alive
08-01-2019 22:40:55 LoggingManagedHttpClientConnection.java DEBUG [Forwarding clickElement on session 5e3bc184-7a33-4897-be3c-42f3725c7fda to remote] http.headers 138 - http-outgoing-19 &gt;&gt; User-Agent: Apache-HttpClient/4.5.1 (Java/1.8.0_101)
08-01-2019 22:40:55 LoggingManagedHttpClientConnection.java DEBUG [Forwarding clickElement on session 5e3bc184-7a33-4897-be3c-42f3725c7fda to remote] http.headers 138 - http-outgoing-19 &gt;&gt; Accept-Encoding: gzip,deflate
08-01-2019 22:40:55 Wire.java DEBUG [Forwarding clickElement on session 5e3bc184-7a33-4897-be3c-42f3725c7fda to remote] http.wire 72 - http-outgoing-19 &gt;&gt; &quot;POST /hub/session/5e3bc184-7a33-4897-be3c-42f3725c7fda/element/%7B83bffb34-9f7b-40ad-8dd2-7550119ca540%7D/click HTTP/1.1[\r][\n]&quot;
08-01-2019 22:40:55 Wire.java DEBUG [Forwarding clickElement on session 5e3bc184-7a33-4897-be3c-42f3725c7fda to remote] http.wire 72 - http-outgoing-19 &gt;&gt; &quot;Content-Type: application/json; charset=utf-8[\r][\n]&quot;
08-01-2019 22:40:55 Wire.java DEBUG [Forwarding clickElement on session 5e3bc184-7a33-4897-be3c-42f3725c7fda to remote] http.wire 72 - http-outgoing-19 &gt;&gt; &quot;Content-Length: 47[\r][\n]&quot;
08-01-2019 22:40:55 Wire.java DEBUG [Forwarding clickElement on session 5e3bc184-7a33-4897-be3c-42f3725c7fda to remote] http.wire 72 - http-outgoing-19 &gt;&gt; &quot;Host: 127.0.0.1:7055[\r][\n]&quot;
08-01-2019 22:40:55 Wire.java DEBUG [Forwarding clickElement on session 5e3bc184-7a33-4897-be3c-42f3725c7fda to remote] http.wire 72 - http-outgoing-19 &gt;&gt; &quot;Connection: Keep-Alive[\r][\n]&quot;
08-01-2019 22:40:55 Wire.java DEBUG [Forwarding clickElement on session 5e3bc184-7a33-4897-be3c-42f3725c7fda to remote] http.wire 72 - http-outgoing-19 &gt;&gt; &quot;User-Agent: Apache-HttpClient/4.5.1 (Java/1.8.0_101)[\r][\n]&quot;
08-01-2019 22:40:55 Wire.java DEBUG [Forwarding clickElement on session 5e3bc184-7a33-4897-be3c-42f3725c7fda to remote] http.wire 72 - http-outgoing-19 &gt;&gt; &quot;Accept-Encoding: gzip,deflate[\r][\n]&quot;
08-01-2019 22:40:55 Wire.java DEBUG [Forwarding clickElement on session 5e3bc184-7a33-4897-be3c-42f3725c7fda to remote] http.wire 72 - http-outgoing-19 &gt;&gt; &quot;[\r][\n]&quot;
08-01-2019 22:40:55 Wire.java DEBUG [Forwarding clickElement on session 5e3bc184-7a33-4897-be3c-42f3725c7fda to remote] http.wire 86 - http-outgoing-19 &gt;&gt; &quot;{&quot;id&quot;:&quot;{83bffb34-9f7b-40ad-8dd2-7550119ca540}&quot;}&quot;
08-01-2019 22:40:56 Wire.java DEBUG [Forwarding clickElement on session 5e3bc184-7a33-4897-be3c-42f3725c7fda to remote] http.wire 72 - http-outgoing-19 &lt;&lt; &quot;HTTP/1.1 200 OK[\r][\n]&quot;
08-01-2019 22:40:56 Wire.java DEBUG [Forwarding clickElement on session 5e3bc184-7a33-4897-be3c-42f3725c7fda to remote] http.wire 72 - http-outgoing-19 &lt;&lt; &quot;content-type: application/json; charset=UTF-8[\r][\n]&quot;
08-01-2019 22:40:56 Wire.java DEBUG [Forwarding clickElement on session 5e3bc184-7a33-4897-be3c-42f3725c7fda to remote] http.wire 72 - http-outgoing-19 &lt;&lt; &quot;connection: close[\r][\n]&quot;
08-01-2019 22:40:56 Wire.java DEBUG [Forwarding clickElement on session 5e3bc184-7a33-4897-be3c-42f3725c7fda to remote] http.wire 72 - http-outgoing-19 &lt;&lt; &quot;content-length: 98[\r][\n]&quot;
08-01-2019 22:40:56 Wire.java DEBUG [Forwarding clickElement on session 5e3bc184-7a33-4897-be3c-42f3725c7fda to remote] http.wire 72 - http-outgoing-19 &lt;&lt; &quot;server: httpd.js[\r][\n]&quot;
08-01-2019 22:40:56 Wire.java DEBUG [Forwarding clickElement on session 5e3bc184-7a33-4897-be3c-42f3725c7fda to remote] http.wire 72 - http-outgoing-19 &lt;&lt; &quot;date: Thu, 01 Aug 2019 17:10:56 GMT[\r][\n]&quot;
08-01-2019 22:40:56 Wire.java DEBUG [Forwarding clickElement on session 5e3bc184-7a33-4897-be3c-42f3725c7fda to remote] http.wire 72 - http-outgoing-19 &lt;&lt; &quot;[\r][\n]&quot;
08-01-2019 22:40:56 LoggingManagedHttpClientConnection.java DEBUG [Forwarding clickElement on session 5e3bc184-7a33-4897-be3c-42f3725c7fda to remote] http.headers 124 - http-outgoing-19 &lt;&lt; HTTP/1.1 200 OK
08-01-2019 22:40:56 LoggingManagedHttpClientConnection.java DEBUG [Forwarding clickElement on session 5e3bc184-7a33-4897-be3c-42f3725c7fda to remote] http.headers 127 - http-outgoing-19 &lt;&lt; content-type: application/json; charset=UTF-8
08-01-2019 22:40:56 LoggingManagedHttpClientConnection.java DEBUG [Forwarding clickElement on session 5e3bc184-7a33-4897-be3c-42f3725c7fda to remote] http.headers 127 - http-outgoing-19 &lt;&lt; connection: close
08-01-2019 22:40:56 LoggingManagedHttpClientConnection.java DEBUG [Forwarding clickElement on session 5e3bc184-7a33-4897-be3c-42f3725c7fda to remote] http.headers 127 - http-outgoing-19 &lt;&lt; content-length: 98
08-01-2019 22:40:56 LoggingManagedHttpClientConnection.java DEBUG [Forwarding clickElement on session 5e3bc184-7a33-4897-be3c-42f3725c7fda to remote] http.headers 127 - http-outgoing-19 &lt;&lt; server: httpd.js
08-01-2019 22:40:56 LoggingManagedHttpClientConnection.java DEBUG [Forwarding clickElement on session 5e3bc184-7a33-4897-be3c-42f3725c7fda to remote] http.headers 127 - http-outgoing-19 &lt;&lt; date: Thu, 01 Aug 2019 17:10:56 GMT
08-01-2019 22:40:56 Wire.java DEBUG [Forwarding clickElement on session 5e3bc184-7a33-4897-be3c-42f3725c7fda to remote] http.wire 86 - http-outgoing-19 &lt;&lt; &quot;{&quot;name&quot;:&quot;clickElement&quot;,&quot;sessionId&quot;:&quot;5e3bc184-7a33-4897-be3c-42f3725c7fda&quot;,&quot;status&quot;:0,&quot;value&quot;:&quot;ok&quot;}&quot;
08-01-2019 22:40:56 LoggingManagedHttpClientConnection.java DEBUG [Forwarding clickElement on session 5e3bc184-7a33-4897-be3c-42f3725c7fda to remote] conn.DefaultManagedHttpClientConnection 81 - http-outgoing-19: Close connection
08-01-2019 22:40:56 ConnectionHolder.java DEBUG [Forwarding clickElement on session 5e3bc184-7a33-4897-be3c-42f3725c7fda to remote] execchain.MainClientExec 103 - Connection discarded
08-01-2019 22:40:56 PoolingHttpClientConnectionManager.java DEBUG [Forwarding clickElement on session 5e3bc184-7a33-4897-be3c-42f3725c7fda to remote] conn.PoolingHttpClientConnectionManager 320 - Connection released: [id: 19][route: {}-&gt;http://127.0.0.1:7055][total kept alive: 0; route allocated: 0 of 2000; total allocated: 0 of 2000]
Value selected
08-01-2019 22:40:56 RequestAddCookies.java DEBUG [Forwarding findElement on session 5e3bc184-7a33-4897-be3c-42f3725c7fda to remote] protocol.RequestAddCookies 122 - CookieSpec selected: default
08-01-2019 22:40:56 RequestAuthCache.java DEBUG [Forwarding findElement on session 5e3bc184-7a33-4897-be3c-42f3725c7fda to remote] protocol.RequestAuthCache 76 - Auth cache not set in the context
08-01-2019 22:40:56 PoolingHttpClientConnectionManager.java DEBUG [Forwarding findElement on session 5e3bc184-7a33-4897-be3c-42f3725c7fda to remote] conn.PoolingHttpClientConnectionManager 249 - Connection request: [route: {}-&gt;http://127.0.0.1:7055][total kept alive: 0; route allocated: 0 of 2000; total allocated: 0 of 2000]
08-01-2019 22:40:56 PoolingHttpClientConnectionManager.java DEBUG [Forwarding findElement on session 5e3bc184-7a33-4897-be3c-42f3725c7fda to remote] conn.PoolingHttpClientConnectionManager 282 - Connection leased: [id: 20][route: {}-&gt;http://127.0.0.1:7055][total kept alive: 0; route allocated: 1 of 2000; total allocated: 1 of 2000]
08-01-2019 22:40:56 MainClientExec.java DEBUG [Forwarding findElement on session 5e3bc184-7a33-4897-be3c-42f3725c7fda to remote] execchain.MainClientExec 234 - Opening connection {}-&gt;http://127.0.0.1:7055
08-01-2019 22:40:56 DefaultHttpClientConnectionOperator.java DEBUG [Forwarding findElement on session 5e3bc184-7a33-4897-be3c-42f3725c7fda to remote] conn.DefaultHttpClientConnectionOperator 131 - Connecting to /127.0.0.1:7055
08-01-2019 22:40:56 DefaultHttpClientConnectionOperator.java DEBUG [Forwarding findElement on session 5e3bc184-7a33-4897-be3c-42f3725c7fda to remote] conn.DefaultHttpClientConnectionOperator 138 - Connection established 127.0.0.1:56737&lt;-&gt;127.0.0.1:7055
08-01-2019 22:40:56 LoggingManagedHttpClientConnection.java DEBUG [Forwarding findElement on session 5e3bc184-7a33-4897-be3c-42f3725c7fda to remote] conn.DefaultManagedHttpClientConnection 90 - http-outgoing-20: set socket timeout to 10800000
08-01-2019 22:40:56 MainClientExec.java DEBUG [Forwarding findElement on session 5e3bc184-7a33-4897-be3c-42f3725c7fda to remote] execchain.MainClientExec 255 - Executing request POST /hub/session/5e3bc184-7a33-4897-be3c-42f3725c7fda/element HTTP/1.1
08-01-2019 22:40:56 MainClientExec.java DEBUG [Forwarding findElement on session 5e3bc184-7a33-4897-be3c-42f3725c7fda to remote] execchain.MainClientExec 260 - Target auth state: UNCHALLENGED
08-01-2019 22:40:56 MainClientExec.java DEBUG [Forwarding findElement on session 5e3bc184-7a33-4897-be3c-42f3725c7fda to remote] execchain.MainClientExec 266 - Proxy auth state: UNCHALLENGED
08-01-2019 22:40:56 LoggingManagedHttpClientConnection.java DEBUG [Forwarding findElement on session 5e3bc184-7a33-4897-be3c-42f3725c7fda to remote] http.headers 135 - http-outgoing-20 &gt;&gt; POST /hub/session/5e3bc184-7a33-4897-be3c-42f3725c7fda/element HTTP/1.1
08-01-2019 22:40:56 LoggingManagedHttpClientConnection.java DEBUG [Forwarding findElement on session 5e3bc184-7a33-4897-be3c-42f3725c7fda to remote] http.headers 138 - http-outgoing-20 &gt;&gt; Content-Type: application/json; charset=utf-8
08-01-2019 22:40:56 LoggingManagedHttpClientConnection.java DEBUG [Forwarding findElement on session 5e3bc184-7a33-4897-be3c-42f3725c7fda to remote] http.headers 138 - http-outgoing-20 &gt;&gt; Content-Length: 55
08-01-2019 22:40:56 LoggingManagedHttpClientConnection.java DEBUG [Forwarding findElement on session 5e3bc184-7a33-4897-be3c-42f3725c7fda to remote] http.headers 138 - http-outgoing-20 &gt;&gt; Host: 127.0.0.1:7055
08-01-2019 22:40:56 LoggingManagedHttpClientConnection.java DEBUG [Forwarding findElement on session 5e3bc184-7a33-4897-be3c-42f3725c7fda to remote] http.headers 138 - http-outgoing-20 &gt;&gt; Connection: Keep-Alive
08-01-2019 22:40:56 LoggingManagedHttpClientConnection.java DEBUG [Forwarding findElement on session 5e3bc184-7a33-4897-be3c-42f3725c7fda to remote] http.headers 138 - http-outgoing-20 &gt;&gt; User-Agent: Apache-HttpClient/4.5.1 (Java/1.8.0_101)
08-01-2019 22:40:56 LoggingManagedHttpClientConnection.java DEBUG [Forwarding findElement on session 5e3bc184-7a33-4897-be3c-42f3725c7fda to remote] http.headers 138 - http-outgoing-20 &gt;&gt; Accept-Encoding: gzip,deflate
08-01-2019 22:40:56 Wire.java DEBUG [Forwarding findElement on session 5e3bc184-7a33-4897-be3c-42f3725c7fda to remote] http.wire 72 - http-outgoing-20 &gt;&gt; &quot;POST /hub/session/5e3bc184-7a33-4897-be3c-42f3725c7fda/element HTTP/1.1[\r][\n]&quot;
08-01-2019 22:40:56 Wire.java DEBUG [Forwarding findElement on session 5e3bc184-7a33-4897-be3c-42f3725c7fda to remote] http.wire 72 - http-outgoing-20 &gt;&gt; &quot;Content-Type: application/json; charset=utf-8[\r][\n]&quot;
08-01-2019 22:40:56 Wire.java DEBUG [Forwarding findElement on session 5e3bc184-7a33-4897-be3c-42f3725c7fda to remote] http.wire 72 - http-outgoing-20 &gt;&gt; &quot;Content-Length: 55[\r][\n]&quot;
08-01-2019 22:40:56 Wire.java DEBUG [Forwarding findElement on session 5e3bc184-7a33-4897-be3c-42f3725c7fda to remote] http.wire 72 - http-outgoing-20 &gt;&gt; &quot;Host: 127.0.0.1:7055[\r][\n]&quot;
08-01-2019 22:40:56 Wire.java DEBUG [Forwarding findElement on session 5e3bc184-7a33-4897-be3c-42f3725c7fda to remote] http.wire 72 - http-outgoing-20 &gt;&gt; &quot;Connection: Keep-Alive[\r][\n]&quot;
08-01-2019 22:40:56 Wire.java DEBUG [Forwarding findElement on session 5e3bc184-7a33-4897-be3c-42f3725c7fda to remote] http.wire 72 - http-outgoing-20 &gt;&gt; &quot;User-Agent: Apache-HttpClient/4.5.1 (Java/1.8.0_101)[\r][\n]&quot;
08-01-2019 22:40:56 Wire.java DEBUG [Forwarding findElement on session 5e3bc184-7a33-4897-be3c-42f3725c7fda to remote] http.wire 72 - http-outgoing-20 &gt;&gt; &quot;Accept-Encoding: gzip,deflate[\r][\n]&quot;
08-01-2019 22:40:56 Wire.java DEBUG [Forwarding findElement on session 5e3bc184-7a33-4897-be3c-42f3725c7fda to remote] http.wire 72 - http-outgoing-20 &gt;&gt; &quot;[\r][\n]&quot;
08-01-2019 22:40:56 Wire.java DEBUG [Forwarding findElement on session 5e3bc184-7a33-4897-be3c-42f3725c7fda to remote] http.wire 86 - http-outgoing-20 &gt;&gt; &quot;{&quot;using&quot;:&quot;xpath&quot;,&quot;value&quot;:&quot;//input[@name=&apos;first_name&apos;]&quot;}&quot;
08-01-2019 22:40:57 Wire.java DEBUG [Forwarding findElement on session 5e3bc184-7a33-4897-be3c-42f3725c7fda to remote] http.wire 72 - http-outgoing-20 &lt;&lt; &quot;HTTP/1.1 200 OK[\r][\n]&quot;
08-01-2019 22:40:57 Wire.java DEBUG [Forwarding findElement on session 5e3bc184-7a33-4897-be3c-42f3725c7fda to remote] http.wire 72 - http-outgoing-20 &lt;&lt; &quot;content-type: application/json; charset=UTF-8[\r][\n]&quot;
08-01-2019 22:40:57 Wire.java DEBUG [Forwarding findElement on session 5e3bc184-7a33-4897-be3c-42f3725c7fda to remote] http.wire 72 - http-outgoing-20 &lt;&lt; &quot;connection: close[\r][\n]&quot;
08-01-2019 22:40:57 Wire.java DEBUG [Forwarding findElement on session 5e3bc184-7a33-4897-be3c-42f3725c7fda to remote] http.wire 72 - http-outgoing-20 &lt;&lt; &quot;content-length: 224[\r][\n]&quot;
08-01-2019 22:40:57 Wire.java DEBUG [Forwarding findElement on session 5e3bc184-7a33-4897-be3c-42f3725c7fda to remote] http.wire 72 - http-outgoing-20 &lt;&lt; &quot;server: httpd.js[\r][\n]&quot;
08-01-2019 22:40:57 Wire.java DEBUG [Forwarding findElement on session 5e3bc184-7a33-4897-be3c-42f3725c7fda to remote] http.wire 72 - http-outgoing-20 &lt;&lt; &quot;date: Thu, 01 Aug 2019 17:10:57 GMT[\r][\n]&quot;
08-01-2019 22:40:57 Wire.java DEBUG [Forwarding findElement on session 5e3bc184-7a33-4897-be3c-42f3725c7fda to remote] http.wire 72 - http-outgoing-20 &lt;&lt; &quot;[\r][\n]&quot;
08-01-2019 22:40:57 Wire.java DEBUG [Forwarding findElement on session 5e3bc184-7a33-4897-be3c-42f3725c7fda to remote] http.wire 86 - http-outgoing-20 &lt;&lt; &quot;{&quot;name&quot;:&quot;findElement&quot;,&quot;sessionId&quot;:&quot;5e3bc184-7a33-4897-be3c-42f3725c7fda&quot;,&quot;status&quot;:0,&quot;value&quot;:{&quot;ELEMENT&quot;:&quot;{e6ef8e5d-9e3d-470d-b045-1520914fc10b}&quot;,&quot;element-6066-11e4-a52e-4f735466cecf&quot;:&quot;{e6ef8e5d-9e3d-470d-b045-1520914fc10b}&quot;}}&quot;
08-01-2019 22:40:57 LoggingManagedHttpClientConnection.java DEBUG [Forwarding findElement on session 5e3bc184-7a33-4897-be3c-42f3725c7fda to remote] http.headers 124 - http-outgoing-20 &lt;&lt; HTTP/1.1 200 OK
08-01-2019 22:40:57 LoggingManagedHttpClientConnection.java DEBUG [Forwarding findElement on session 5e3bc184-7a33-4897-be3c-42f3725c7fda to remote] http.headers 127 - http-outgoing-20 &lt;&lt; content-type: application/json; charset=UTF-8
08-01-2019 22:40:57 LoggingManagedHttpClientConnection.java DEBUG [Forwarding findElement on session 5e3bc184-7a33-4897-be3c-42f3725c7fda to remote] http.headers 127 - http-outgoing-20 &lt;&lt; connection: close
08-01-2019 22:40:57 LoggingManagedHttpClientConnection.java DEBUG [Forwarding findElement on session 5e3bc184-7a33-4897-be3c-42f3725c7fda to remote] http.headers 127 - http-outgoing-20 &lt;&lt; content-length: 224
08-01-2019 22:40:57 LoggingManagedHttpClientConnection.java DEBUG [Forwarding findElement on session 5e3bc184-7a33-4897-be3c-42f3725c7fda to remote] http.headers 127 - http-outgoing-20 &lt;&lt; server: httpd.js
08-01-2019 22:40:57 LoggingManagedHttpClientConnection.java DEBUG [Forwarding findElement on session 5e3bc184-7a33-4897-be3c-42f3725c7fda to remote] http.headers 127 - http-outgoing-20 &lt;&lt; date: Thu, 01 Aug 2019 17:10:57 GMT
08-01-2019 22:40:57 LoggingManagedHttpClientConnection.java DEBUG [Forwarding findElement on session 5e3bc184-7a33-4897-be3c-42f3725c7fda to remote] conn.DefaultManagedHttpClientConnection 81 - http-outgoing-20: Close connection
08-01-2019 22:40:57 ConnectionHolder.java DEBUG [Forwarding findElement on session 5e3bc184-7a33-4897-be3c-42f3725c7fda to remote] execchain.MainClientExec 103 - Connection discarded
08-01-2019 22:40:57 PoolingHttpClientConnectionManager.java DEBUG [Forwarding findElement on session 5e3bc184-7a33-4897-be3c-42f3725c7fda to remote] conn.PoolingHttpClientConnectionManager 320 - Connection released: [id: 20][route: {}-&gt;http://127.0.0.1:7055][total kept alive: 0; route allocated: 0 of 2000; total allocated: 0 of 2000]
08-01-2019 22:40:57 RequestAddCookies.java DEBUG [Forwarding sendKeysToElement on session 5e3bc184-7a33-4897-be3c-42f3725c7fda to remote] protocol.RequestAddCookies 122 - CookieSpec selected: default
08-01-2019 22:40:57 RequestAuthCache.java DEBUG [Forwarding sendKeysToElement on session 5e3bc184-7a33-4897-be3c-42f3725c7fda to remote] protocol.RequestAuthCache 76 - Auth cache not set in the context
08-01-2019 22:40:57 PoolingHttpClientConnectionManager.java DEBUG [Forwarding sendKeysToElement on session 5e3bc184-7a33-4897-be3c-42f3725c7fda to remote] conn.PoolingHttpClientConnectionManager 249 - Connection request: [route: {}-&gt;http://127.0.0.1:7055][total kept alive: 0; route allocated: 0 of 2000; total allocated: 0 of 2000]
08-01-2019 22:40:57 PoolingHttpClientConnectionManager.java DEBUG [Forwarding sendKeysToElement on session 5e3bc184-7a33-4897-be3c-42f3725c7fda to remote] conn.PoolingHttpClientConnectionManager 282 - Connection leased: [id: 21][route: {}-&gt;http://127.0.0.1:7055][total kept alive: 0; route allocated: 1 of 2000; total allocated: 1 of 2000]
08-01-2019 22:40:57 MainClientExec.java DEBUG [Forwarding sendKeysToElement on session 5e3bc184-7a33-4897-be3c-42f3725c7fda to remote] execchain.MainClientExec 234 - Opening connection {}-&gt;http://127.0.0.1:7055
08-01-2019 22:40:57 DefaultHttpClientConnectionOperator.java DEBUG [Forwarding sendKeysToElement on session 5e3bc184-7a33-4897-be3c-42f3725c7fda to remote] conn.DefaultHttpClientConnectionOperator 131 - Connecting to /127.0.0.1:7055
08-01-2019 22:40:57 DefaultHttpClientConnectionOperator.java DEBUG [Forwarding sendKeysToElement on session 5e3bc184-7a33-4897-be3c-42f3725c7fda to remote] conn.DefaultHttpClientConnectionOperator 138 - Connection established 127.0.0.1:56739&lt;-&gt;127.0.0.1:7055
08-01-2019 22:40:57 LoggingManagedHttpClientConnection.java DEBUG [Forwarding sendKeysToElement on session 5e3bc184-7a33-4897-be3c-42f3725c7fda to remote] conn.DefaultManagedHttpClientConnection 90 - http-outgoing-21: set socket timeout to 10800000
08-01-2019 22:40:57 MainClientExec.java DEBUG [Forwarding sendKeysToElement on session 5e3bc184-7a33-4897-be3c-42f3725c7fda to remote] execchain.MainClientExec 255 - Executing request POST /hub/session/5e3bc184-7a33-4897-be3c-42f3725c7fda/element/%7Be6ef8e5d-9e3d-470d-b045-1520914fc10b%7D/value HTTP/1.1
08-01-2019 22:40:57 MainClientExec.java DEBUG [Forwarding sendKeysToElement on session 5e3bc184-7a33-4897-be3c-42f3725c7fda to remote] execchain.MainClientExec 260 - Target auth state: UNCHALLENGED
08-01-2019 22:40:57 MainClientExec.java DEBUG [Forwarding sendKeysToElement on session 5e3bc184-7a33-4897-be3c-42f3725c7fda to remote] execchain.MainClientExec 266 - Proxy auth state: UNCHALLENGED
08-01-2019 22:40:57 LoggingManagedHttpClientConnection.java DEBUG [Forwarding sendKeysToElement on session 5e3bc184-7a33-4897-be3c-42f3725c7fda to remote] http.headers 135 - http-outgoing-21 &gt;&gt; POST /hub/session/5e3bc184-7a33-4897-be3c-42f3725c7fda/element/%7Be6ef8e5d-9e3d-470d-b045-1520914fc10b%7D/value HTTP/1.1
08-01-2019 22:40:57 LoggingManagedHttpClientConnection.java DEBUG [Forwarding sendKeysToElement on session 5e3bc184-7a33-4897-be3c-42f3725c7fda to remote] http.headers 138 - http-outgoing-21 &gt;&gt; Content-Type: application/json; charset=utf-8
08-01-2019 22:40:57 LoggingManagedHttpClientConnection.java DEBUG [Forwarding sendKeysToElement on session 5e3bc184-7a33-4897-be3c-42f3725c7fda to remote] http.headers 138 - http-outgoing-21 &gt;&gt; Content-Length: 66
08-01-2019 22:40:57 LoggingManagedHttpClientConnection.java DEBUG [Forwarding sendKeysToElement on session 5e3bc184-7a33-4897-be3c-42f3725c7fda to remote] http.headers 138 - http-outgoing-21 &gt;&gt; Host: 127.0.0.1:7055
08-01-2019 22:40:57 LoggingManagedHttpClientConnection.java DEBUG [Forwarding sendKeysToElement on session 5e3bc184-7a33-4897-be3c-42f3725c7fda to remote] http.headers 138 - http-outgoing-21 &gt;&gt; Connection: Keep-Alive
08-01-2019 22:40:57 LoggingManagedHttpClientConnection.java DEBUG [Forwarding sendKeysToElement on session 5e3bc184-7a33-4897-be3c-42f3725c7fda to remote] http.headers 138 - http-outgoing-21 &gt;&gt; User-Agent: Apache-HttpClient/4.5.1 (Java/1.8.0_101)
08-01-2019 22:40:57 LoggingManagedHttpClientConnection.java DEBUG [Forwarding sendKeysToElement on session 5e3bc184-7a33-4897-be3c-42f3725c7fda to remote] http.headers 138 - http-outgoing-21 &gt;&gt; Accept-Encoding: gzip,deflate
08-01-2019 22:40:57 Wire.java DEBUG [Forwarding sendKeysToElement on session 5e3bc184-7a33-4897-be3c-42f3725c7fda to remote] http.wire 72 - http-outgoing-21 &gt;&gt; &quot;POST /hub/session/5e3bc184-7a33-4897-be3c-42f3725c7fda/element/%7Be6ef8e5d-9e3d-470d-b045-1520914fc10b%7D/value HTTP/1.1[\r][\n]&quot;
08-01-2019 22:40:57 Wire.java DEBUG [Forwarding sendKeysToElement on session 5e3bc184-7a33-4897-be3c-42f3725c7fda to remote] http.wire 72 - http-outgoing-21 &gt;&gt; &quot;Content-Type: application/json; charset=utf-8[\r][\n]&quot;
08-01-2019 22:40:57 Wire.java DEBUG [Forwarding sendKeysToElement on session 5e3bc184-7a33-4897-be3c-42f3725c7fda to remote] http.wire 72 - http-outgoing-21 &gt;&gt; &quot;Content-Length: 66[\r][\n]&quot;
08-01-2019 22:40:57 Wire.java DEBUG [Forwarding sendKeysToElement on session 5e3bc184-7a33-4897-be3c-42f3725c7fda to remote] http.wire 72 - http-outgoing-21 &gt;&gt; &quot;Host: 127.0.0.1:7055[\r][\n]&quot;
08-01-2019 22:40:57 Wire.java DEBUG [Forwarding sendKeysToElement on session 5e3bc184-7a33-4897-be3c-42f3725c7fda to remote] http.wire 72 - http-outgoing-21 &gt;&gt; &quot;Connection: Keep-Alive[\r][\n]&quot;
08-01-2019 22:40:57 Wire.java DEBUG [Forwarding sendKeysToElement on session 5e3bc184-7a33-4897-be3c-42f3725c7fda to remote] http.wire 72 - http-outgoing-21 &gt;&gt; &quot;User-Agent: Apache-HttpClient/4.5.1 (Java/1.8.0_101)[\r][\n]&quot;
08-01-2019 22:40:57 Wire.java DEBUG [Forwarding sendKeysToElement on session 5e3bc184-7a33-4897-be3c-42f3725c7fda to remote] http.wire 72 - http-outgoing-21 &gt;&gt; &quot;Accept-Encoding: gzip,deflate[\r][\n]&quot;
08-01-2019 22:40:57 Wire.java DEBUG [Forwarding sendKeysToElement on session 5e3bc184-7a33-4897-be3c-42f3725c7fda to remote] http.wire 72 - http-outgoing-21 &gt;&gt; &quot;[\r][\n]&quot;
08-01-2019 22:40:57 Wire.java DEBUG [Forwarding sendKeysToElement on session 5e3bc184-7a33-4897-be3c-42f3725c7fda to remote] http.wire 86 - http-outgoing-21 &gt;&gt; &quot;{&quot;id&quot;:&quot;{e6ef8e5d-9e3d-470d-b045-1520914fc10b}&quot;,&quot;value&quot;:[&quot;nitesh&quot;]}&quot;
08-01-2019 22:40:57 Wire.java DEBUG [Forwarding sendKeysToElement on session 5e3bc184-7a33-4897-be3c-42f3725c7fda to remote] http.wire 72 - http-outgoing-21 &lt;&lt; &quot;HTTP/1.1 200 OK[\r][\n]&quot;
08-01-2019 22:40:57 Wire.java DEBUG [Forwarding sendKeysToElement on session 5e3bc184-7a33-4897-be3c-42f3725c7fda to remote] http.wire 72 - http-outgoing-21 &lt;&lt; &quot;content-type: application/json; charset=UTF-8[\r][\n]&quot;
08-01-2019 22:40:57 Wire.java DEBUG [Forwarding sendKeysToElement on session 5e3bc184-7a33-4897-be3c-42f3725c7fda to remote] http.wire 72 - http-outgoing-21 &lt;&lt; &quot;connection: close[\r][\n]&quot;
08-01-2019 22:40:57 Wire.java DEBUG [Forwarding sendKeysToElement on session 5e3bc184-7a33-4897-be3c-42f3725c7fda to remote] http.wire 72 - http-outgoing-21 &lt;&lt; &quot;content-length: 101[\r][\n]&quot;
08-01-2019 22:40:57 Wire.java DEBUG [Forwarding sendKeysToElement on session 5e3bc184-7a33-4897-be3c-42f3725c7fda to remote] http.wire 72 - http-outgoing-21 &lt;&lt; &quot;server: httpd.js[\r][\n]&quot;
08-01-2019 22:40:57 Wire.java DEBUG [Forwarding sendKeysToElement on session 5e3bc184-7a33-4897-be3c-42f3725c7fda to remote] http.wire 72 - http-outgoing-21 &lt;&lt; &quot;date: Thu, 01 Aug 2019 17:10:57 GMT[\r][\n]&quot;
08-01-2019 22:40:57 Wire.java DEBUG [Forwarding sendKeysToElement on session 5e3bc184-7a33-4897-be3c-42f3725c7fda to remote] http.wire 72 - http-outgoing-21 &lt;&lt; &quot;[\r][\n]&quot;
08-01-2019 22:40:57 LoggingManagedHttpClientConnection.java DEBUG [Forwarding sendKeysToElement on session 5e3bc184-7a33-4897-be3c-42f3725c7fda to remote] http.headers 124 - http-outgoing-21 &lt;&lt; HTTP/1.1 200 OK
08-01-2019 22:40:57 LoggingManagedHttpClientConnection.java DEBUG [Forwarding sendKeysToElement on session 5e3bc184-7a33-4897-be3c-42f3725c7fda to remote] http.headers 127 - http-outgoing-21 &lt;&lt; content-type: application/json; charset=UTF-8
08-01-2019 22:40:57 LoggingManagedHttpClientConnection.java DEBUG [Forwarding sendKeysToElement on session 5e3bc184-7a33-4897-be3c-42f3725c7fda to remote] http.headers 127 - http-outgoing-21 &lt;&lt; connection: close
08-01-2019 22:40:57 LoggingManagedHttpClientConnection.java DEBUG [Forwarding sendKeysToElement on session 5e3bc184-7a33-4897-be3c-42f3725c7fda to remote] http.headers 127 - http-outgoing-21 &lt;&lt; content-length: 101
08-01-2019 22:40:57 LoggingManagedHttpClientConnection.java DEBUG [Forwarding sendKeysToElement on session 5e3bc184-7a33-4897-be3c-42f3725c7fda to remote] http.headers 127 - http-outgoing-21 &lt;&lt; server: httpd.js
08-01-2019 22:40:57 LoggingManagedHttpClientConnection.java DEBUG [Forwarding sendKeysToElement on session 5e3bc184-7a33-4897-be3c-42f3725c7fda to remote] http.headers 127 - http-outgoing-21 &lt;&lt; date: Thu, 01 Aug 2019 17:10:57 GMT
08-01-2019 22:40:57 Wire.java DEBUG [Forwarding sendKeysToElement on session 5e3bc184-7a33-4897-be3c-42f3725c7fda to remote] http.wire 86 - http-outgoing-21 &lt;&lt; &quot;{&quot;name&quot;:&quot;sendKeysToElement&quot;,&quot;sessionId&quot;:&quot;5e3bc184-7a33-4897-be3c-42f3725c7fda&quot;,&quot;status&quot;:0,&quot;value&quot;:&quot;&quot;}&quot;
08-01-2019 22:40:57 LoggingManagedHttpClientConnection.java DEBUG [Forwarding sendKeysToElement on session 5e3bc184-7a33-4897-be3c-42f3725c7fda to remote] conn.DefaultManagedHttpClientConnection 81 - http-outgoing-21: Close connection
08-01-2019 22:40:57 ConnectionHolder.java DEBUG [Forwarding sendKeysToElement on session 5e3bc184-7a33-4897-be3c-42f3725c7fda to remote] execchain.MainClientExec 103 - Connection discarded
08-01-2019 22:40:57 PoolingHttpClientConnectionManager.java DEBUG [Forwarding sendKeysToElement on session 5e3bc184-7a33-4897-be3c-42f3725c7fda to remote] conn.PoolingHttpClientConnectionManager 320 - Connection released: [id: 21][route: {}-&gt;http://127.0.0.1:7055][total kept alive: 0; route allocated: 0 of 2000; total allocated: 0 of 2000]
08-01-2019 22:40:57 RequestAddCookies.java DEBUG [Forwarding findElement on session 5e3bc184-7a33-4897-be3c-42f3725c7fda to remote] protocol.RequestAddCookies 122 - CookieSpec selected: default
08-01-2019 22:40:57 RequestAuthCache.java DEBUG [Forwarding findElement on session 5e3bc184-7a33-4897-be3c-42f3725c7fda to remote] protocol.RequestAuthCache 76 - Auth cache not set in the context
08-01-2019 22:40:57 PoolingHttpClientConnectionManager.java DEBUG [Forwarding findElement on session 5e3bc184-7a33-4897-be3c-42f3725c7fda to remote] conn.PoolingHttpClientConnectionManager 249 - Connection request: [route: {}-&gt;http://127.0.0.1:7055][total kept alive: 0; route allocated: 0 of 2000; total allocated: 0 of 2000]
08-01-2019 22:40:57 PoolingHttpClientConnectionManager.java DEBUG [Forwarding findElement on session 5e3bc184-7a33-4897-be3c-42f3725c7fda to remote] conn.PoolingHttpClientConnectionManager 282 - Connection leased: [id: 22][route: {}-&gt;http://127.0.0.1:7055][total kept alive: 0; route allocated: 1 of 2000; total allocated: 1 of 2000]
08-01-2019 22:40:57 MainClientExec.java DEBUG [Forwarding findElement on session 5e3bc184-7a33-4897-be3c-42f3725c7fda to remote] execchain.MainClientExec 234 - Opening connection {}-&gt;http://127.0.0.1:7055
08-01-2019 22:40:57 DefaultHttpClientConnectionOperator.java DEBUG [Forwarding findElement on session 5e3bc184-7a33-4897-be3c-42f3725c7fda to remote] conn.DefaultHttpClientConnectionOperator 131 - Connecting to /127.0.0.1:7055
08-01-2019 22:40:57 DefaultHttpClientConnectionOperator.java DEBUG [Forwarding findElement on session 5e3bc184-7a33-4897-be3c-42f3725c7fda to remote] conn.DefaultHttpClientConnectionOperator 138 - Connection established 127.0.0.1:56740&lt;-&gt;127.0.0.1:7055
08-01-2019 22:40:57 LoggingManagedHttpClientConnection.java DEBUG [Forwarding findElement on session 5e3bc184-7a33-4897-be3c-42f3725c7fda to remote] conn.DefaultManagedHttpClientConnection 90 - http-outgoing-22: set socket timeout to 10800000
08-01-2019 22:40:57 MainClientExec.java DEBUG [Forwarding findElement on session 5e3bc184-7a33-4897-be3c-42f3725c7fda to remote] execchain.MainClientExec 255 - Executing request POST /hub/session/5e3bc184-7a33-4897-be3c-42f3725c7fda/element HTTP/1.1
08-01-2019 22:40:57 MainClientExec.java DEBUG [Forwarding findElement on session 5e3bc184-7a33-4897-be3c-42f3725c7fda to remote] execchain.MainClientExec 260 - Target auth state: UNCHALLENGED
08-01-2019 22:40:57 MainClientExec.java DEBUG [Forwarding findElement on session 5e3bc184-7a33-4897-be3c-42f3725c7fda to remote] execchain.MainClientExec 266 - Proxy auth state: UNCHALLENGED
08-01-2019 22:40:57 LoggingManagedHttpClientConnection.java DEBUG [Forwarding findElement on session 5e3bc184-7a33-4897-be3c-42f3725c7fda to remote] http.headers 135 - http-outgoing-22 &gt;&gt; POST /hub/session/5e3bc184-7a33-4897-be3c-42f3725c7fda/element HTTP/1.1
08-01-2019 22:40:57 LoggingManagedHttpClientConnection.java DEBUG [Forwarding findElement on session 5e3bc184-7a33-4897-be3c-42f3725c7fda to remote] http.headers 138 - http-outgoing-22 &gt;&gt; Content-Type: application/json; charset=utf-8
08-01-2019 22:40:57 LoggingManagedHttpClientConnection.java DEBUG [Forwarding findElement on session 5e3bc184-7a33-4897-be3c-42f3725c7fda to remote] http.headers 138 - http-outgoing-22 &gt;&gt; Content-Length: 52
08-01-2019 22:40:57 LoggingManagedHttpClientConnection.java DEBUG [Forwarding findElement on session 5e3bc184-7a33-4897-be3c-42f3725c7fda to remote] http.headers 138 - http-outgoing-22 &gt;&gt; Host: 127.0.0.1:7055
08-01-2019 22:40:57 LoggingManagedHttpClientConnection.java DEBUG [Forwarding findElement on session 5e3bc184-7a33-4897-be3c-42f3725c7fda to remote] http.headers 138 - http-outgoing-22 &gt;&gt; Connection: Keep-Alive
08-01-2019 22:40:57 LoggingManagedHttpClientConnection.java DEBUG [Forwarding findElement on session 5e3bc184-7a33-4897-be3c-42f3725c7fda to remote] http.headers 138 - http-outgoing-22 &gt;&gt; User-Agent: Apache-HttpClient/4.5.1 (Java/1.8.0_101)
08-01-2019 22:40:57 LoggingManagedHttpClientConnection.java DEBUG [Forwarding findElement on session 5e3bc184-7a33-4897-be3c-42f3725c7fda to remote] http.headers 138 - http-outgoing-22 &gt;&gt; Accept-Encoding: gzip,deflate
08-01-2019 22:40:57 Wire.java DEBUG [Forwarding findElement on session 5e3bc184-7a33-4897-be3c-42f3725c7fda to remote] http.wire 72 - http-outgoing-22 &gt;&gt; &quot;POST /hub/session/5e3bc184-7a33-4897-be3c-42f3725c7fda/element HTTP/1.1[\r][\n]&quot;
08-01-2019 22:40:57 Wire.java DEBUG [Forwarding findElement on session 5e3bc184-7a33-4897-be3c-42f3725c7fda to remote] http.wire 72 - http-outgoing-22 &gt;&gt; &quot;Content-Type: application/json; charset=utf-8[\r][\n]&quot;
08-01-2019 22:40:57 Wire.java DEBUG [Forwarding findElement on session 5e3bc184-7a33-4897-be3c-42f3725c7fda to remote] http.wire 72 - http-outgoing-22 &gt;&gt; &quot;Content-Length: 52[\r][\n]&quot;
08-01-2019 22:40:57 Wire.java DEBUG [Forwarding findElement on session 5e3bc184-7a33-4897-be3c-42f3725c7fda to remote] http.wire 72 - http-outgoing-22 &gt;&gt; &quot;Host: 127.0.0.1:7055[\r][\n]&quot;
08-01-2019 22:40:57 Wire.java DEBUG [Forwarding findElement on session 5e3bc184-7a33-4897-be3c-42f3725c7fda to remote] http.wire 72 - http-outgoing-22 &gt;&gt; &quot;Connection: Keep-Alive[\r][\n]&quot;
08-01-2019 22:40:57 Wire.java DEBUG [Forwarding findElement on session 5e3bc184-7a33-4897-be3c-42f3725c7fda to remote] http.wire 72 - http-outgoing-22 &gt;&gt; &quot;User-Agent: Apache-HttpClient/4.5.1 (Java/1.8.0_101)[\r][\n]&quot;
08-01-2019 22:40:57 Wire.java DEBUG [Forwarding findElement on session 5e3bc184-7a33-4897-be3c-42f3725c7fda to remote] http.wire 72 - http-outgoing-22 &gt;&gt; &quot;Accept-Encoding: gzip,deflate[\r][\n]&quot;
08-01-2019 22:40:57 Wire.java DEBUG [Forwarding findElement on session 5e3bc184-7a33-4897-be3c-42f3725c7fda to remote] http.wire 72 - http-outgoing-22 &gt;&gt; &quot;[\r][\n]&quot;
08-01-2019 22:40:57 Wire.java DEBUG [Forwarding findElement on session 5e3bc184-7a33-4897-be3c-42f3725c7fda to remote] http.wire 86 - http-outgoing-22 &gt;&gt; &quot;{&quot;using&quot;:&quot;xpath&quot;,&quot;value&quot;:&quot;//input[@name=&apos;surname&apos;]&quot;}&quot;
08-01-2019 22:40:57 Wire.java DEBUG [Forwarding findElement on session 5e3bc184-7a33-4897-be3c-42f3725c7fda to remote] http.wire 72 - http-outgoing-22 &lt;&lt; &quot;HTTP/1.1 200 OK[\r][\n]&quot;
08-01-2019 22:40:57 Wire.java DEBUG [Forwarding findElement on session 5e3bc184-7a33-4897-be3c-42f3725c7fda to remote] http.wire 72 - http-outgoing-22 &lt;&lt; &quot;content-type: application/json; charset=UTF-8[\r][\n]&quot;
08-01-2019 22:40:57 Wire.java DEBUG [Forwarding findElement on session 5e3bc184-7a33-4897-be3c-42f3725c7fda to remote] http.wire 72 - http-outgoing-22 &lt;&lt; &quot;connection: close[\r][\n]&quot;
08-01-2019 22:40:57 Wire.java DEBUG [Forwarding findElement on session 5e3bc184-7a33-4897-be3c-42f3725c7fda to remote] http.wire 72 - http-outgoing-22 &lt;&lt; &quot;content-length: 224[\r][\n]&quot;
08-01-2019 22:40:57 Wire.java DEBUG [Forwarding findElement on session 5e3bc184-7a33-4897-be3c-42f3725c7fda to remote] http.wire 72 - http-outgoing-22 &lt;&lt; &quot;server: httpd.js[\r][\n]&quot;
08-01-2019 22:40:57 Wire.java DEBUG [Forwarding findElement on session 5e3bc184-7a33-4897-be3c-42f3725c7fda to remote] http.wire 72 - http-outgoing-22 &lt;&lt; &quot;date: Thu, 01 Aug 2019 17:10:57 GMT[\r][\n]&quot;
08-01-2019 22:40:57 Wire.java DEBUG [Forwarding findElement on session 5e3bc184-7a33-4897-be3c-42f3725c7fda to remote] http.wire 72 - http-outgoing-22 &lt;&lt; &quot;[\r][\n]&quot;
08-01-2019 22:40:57 LoggingManagedHttpClientConnection.java DEBUG [Forwarding findElement on session 5e3bc184-7a33-4897-be3c-42f3725c7fda to remote] http.headers 124 - http-outgoing-22 &lt;&lt; HTTP/1.1 200 OK
08-01-2019 22:40:57 LoggingManagedHttpClientConnection.java DEBUG [Forwarding findElement on session 5e3bc184-7a33-4897-be3c-42f3725c7fda to remote] http.headers 127 - http-outgoing-22 &lt;&lt; content-type: application/json; charset=UTF-8
08-01-2019 22:40:57 LoggingManagedHttpClientConnection.java DEBUG [Forwarding findElement on session 5e3bc184-7a33-4897-be3c-42f3725c7fda to remote] http.headers 127 - http-outgoing-22 &lt;&lt; connection: close
08-01-2019 22:40:57 LoggingManagedHttpClientConnection.java DEBUG [Forwarding findElement on session 5e3bc184-7a33-4897-be3c-42f3725c7fda to remote] http.headers 127 - http-outgoing-22 &lt;&lt; content-length: 224
08-01-2019 22:40:57 LoggingManagedHttpClientConnection.java DEBUG [Forwarding findElement on session 5e3bc184-7a33-4897-be3c-42f3725c7fda to remote] http.headers 127 - http-outgoing-22 &lt;&lt; server: httpd.js
08-01-2019 22:40:57 LoggingManagedHttpClientConnection.java DEBUG [Forwarding findElement on session 5e3bc184-7a33-4897-be3c-42f3725c7fda to remote] http.headers 127 - http-outgoing-22 &lt;&lt; date: Thu, 01 Aug 2019 17:10:57 GMT
08-01-2019 22:40:57 Wire.java DEBUG [Forwarding findElement on session 5e3bc184-7a33-4897-be3c-42f3725c7fda to remote] http.wire 86 - http-outgoing-22 &lt;&lt; &quot;{&quot;name&quot;:&quot;findElement&quot;,&quot;sessionId&quot;:&quot;5e3bc184-7a33-4897-be3c-42f3725c7fda&quot;,&quot;status&quot;:0,&quot;value&quot;:{&quot;ELEMENT&quot;:&quot;{cdf18d69-c5a7-4e88-9ea0-8cae1438f11a}&quot;,&quot;element-6066-11e4-a52e-4f735466cecf&quot;:&quot;{cdf18d69-c5a7-4e88-9ea0-8cae1438f11a}&quot;}}&quot;
08-01-2019 22:40:57 LoggingManagedHttpClientConnection.java DEBUG [Forwarding findElement on session 5e3bc184-7a33-4897-be3c-42f3725c7fda to remote] conn.DefaultManagedHttpClientConnection 81 - http-outgoing-22: Close connection
08-01-2019 22:40:57 ConnectionHolder.java DEBUG [Forwarding findElement on session 5e3bc184-7a33-4897-be3c-42f3725c7fda to remote] execchain.MainClientExec 103 - Connection discarded
08-01-2019 22:40:57 PoolingHttpClientConnectionManager.java DEBUG [Forwarding findElement on session 5e3bc184-7a33-4897-be3c-42f3725c7fda to remote] conn.PoolingHttpClientConnectionManager 320 - Connection released: [id: 22][route: {}-&gt;http://127.0.0.1:7055][total kept alive: 0; route allocated: 0 of 2000; total allocated: 0 of 2000]
08-01-2019 22:40:57 RequestAddCookies.java DEBUG [Forwarding sendKeysToElement on session 5e3bc184-7a33-4897-be3c-42f3725c7fda to remote] protocol.RequestAddCookies 122 - CookieSpec selected: default
08-01-2019 22:40:57 RequestAuthCache.java DEBUG [Forwarding sendKeysToElement on session 5e3bc184-7a33-4897-be3c-42f3725c7fda to remote] protocol.RequestAuthCache 76 - Auth cache not set in the context
08-01-2019 22:40:57 PoolingHttpClientConnectionManager.java DEBUG [Forwarding sendKeysToElement on session 5e3bc184-7a33-4897-be3c-42f3725c7fda to remote] conn.PoolingHttpClientConnectionManager 249 - Connection request: [route: {}-&gt;http://127.0.0.1:7055][total kept alive: 0; route allocated: 0 of 2000; total allocated: 0 of 2000]
08-01-2019 22:40:57 PoolingHttpClientConnectionManager.java DEBUG [Forwarding sendKeysToElement on session 5e3bc184-7a33-4897-be3c-42f3725c7fda to remote] conn.PoolingHttpClientConnectionManager 282 - Connection leased: [id: 23][route: {}-&gt;http://127.0.0.1:7055][total kept alive: 0; route allocated: 1 of 2000; total allocated: 1 of 2000]
08-01-2019 22:40:57 MainClientExec.java DEBUG [Forwarding sendKeysToElement on session 5e3bc184-7a33-4897-be3c-42f3725c7fda to remote] execchain.MainClientExec 234 - Opening connection {}-&gt;http://127.0.0.1:7055
08-01-2019 22:40:57 DefaultHttpClientConnectionOperator.java DEBUG [Forwarding sendKeysToElement on session 5e3bc184-7a33-4897-be3c-42f3725c7fda to remote] conn.DefaultHttpClientConnectionOperator 131 - Connecting to /127.0.0.1:7055
08-01-2019 22:40:57 DefaultHttpClientConnectionOperator.java DEBUG [Forwarding sendKeysToElement on session 5e3bc184-7a33-4897-be3c-42f3725c7fda to remote] conn.DefaultHttpClientConnectionOperator 138 - Connection established 127.0.0.1:56741&lt;-&gt;127.0.0.1:7055
08-01-2019 22:40:57 LoggingManagedHttpClientConnection.java DEBUG [Forwarding sendKeysToElement on session 5e3bc184-7a33-4897-be3c-42f3725c7fda to remote] conn.DefaultManagedHttpClientConnection 90 - http-outgoing-23: set socket timeout to 10800000
08-01-2019 22:40:57 MainClientExec.java DEBUG [Forwarding sendKeysToElement on session 5e3bc184-7a33-4897-be3c-42f3725c7fda to remote] execchain.MainClientExec 255 - Executing request POST /hub/session/5e3bc184-7a33-4897-be3c-42f3725c7fda/element/%7Bcdf18d69-c5a7-4e88-9ea0-8cae1438f11a%7D/value HTTP/1.1
08-01-2019 22:40:57 MainClientExec.java DEBUG [Forwarding sendKeysToElement on session 5e3bc184-7a33-4897-be3c-42f3725c7fda to remote] execchain.MainClientExec 260 - Target auth state: UNCHALLENGED
08-01-2019 22:40:57 MainClientExec.java DEBUG [Forwarding sendKeysToElement on session 5e3bc184-7a33-4897-be3c-42f3725c7fda to remote] execchain.MainClientExec 266 - Proxy auth state: UNCHALLENGED
08-01-2019 22:40:57 LoggingManagedHttpClientConnection.java DEBUG [Forwarding sendKeysToElement on session 5e3bc184-7a33-4897-be3c-42f3725c7fda to remote] http.headers 135 - http-outgoing-23 &gt;&gt; POST /hub/session/5e3bc184-7a33-4897-be3c-42f3725c7fda/element/%7Bcdf18d69-c5a7-4e88-9ea0-8cae1438f11a%7D/value HTTP/1.1
08-01-2019 22:40:57 LoggingManagedHttpClientConnection.java DEBUG [Forwarding sendKeysToElement on session 5e3bc184-7a33-4897-be3c-42f3725c7fda to remote] http.headers 138 - http-outgoing-23 &gt;&gt; Content-Type: application/json; charset=utf-8
08-01-2019 22:40:57 LoggingManagedHttpClientConnection.java DEBUG [Forwarding sendKeysToElement on session 5e3bc184-7a33-4897-be3c-42f3725c7fda to remote] http.headers 138 - http-outgoing-23 &gt;&gt; Content-Length: 70
08-01-2019 22:40:57 LoggingManagedHttpClientConnection.java DEBUG [Forwarding sendKeysToElement on session 5e3bc184-7a33-4897-be3c-42f3725c7fda to remote] http.headers 138 - http-outgoing-23 &gt;&gt; Host: 127.0.0.1:7055
08-01-2019 22:40:57 LoggingManagedHttpClientConnection.java DEBUG [Forwarding sendKeysToElement on session 5e3bc184-7a33-4897-be3c-42f3725c7fda to remote] http.headers 138 - http-outgoing-23 &gt;&gt; Connection: Keep-Alive
08-01-2019 22:40:57 LoggingManagedHttpClientConnection.java DEBUG [Forwarding sendKeysToElement on session 5e3bc184-7a33-4897-be3c-42f3725c7fda to remote] http.headers 138 - http-outgoing-23 &gt;&gt; User-Agent: Apache-HttpClient/4.5.1 (Java/1.8.0_101)
08-01-2019 22:40:57 LoggingManagedHttpClientConnection.java DEBUG [Forwarding sendKeysToElement on session 5e3bc184-7a33-4897-be3c-42f3725c7fda to remote] http.headers 138 - http-outgoing-23 &gt;&gt; Accept-Encoding: gzip,deflate
08-01-2019 22:40:57 Wire.java DEBUG [Forwarding sendKeysToElement on session 5e3bc184-7a33-4897-be3c-42f3725c7fda to remote] http.wire 72 - http-outgoing-23 &gt;&gt; &quot;POST /hub/session/5e3bc184-7a33-4897-be3c-42f3725c7fda/element/%7Bcdf18d69-c5a7-4e88-9ea0-8cae1438f11a%7D/value HTTP/1.1[\r][\n]&quot;
08-01-2019 22:40:57 Wire.java DEBUG [Forwarding sendKeysToElement on session 5e3bc184-7a33-4897-be3c-42f3725c7fda to remote] http.wire 72 - http-outgoing-23 &gt;&gt; &quot;Content-Type: application/json; charset=utf-8[\r][\n]&quot;
08-01-2019 22:40:57 Wire.java DEBUG [Forwarding sendKeysToElement on session 5e3bc184-7a33-4897-be3c-42f3725c7fda to remote] http.wire 72 - http-outgoing-23 &gt;&gt; &quot;Content-Length: 70[\r][\n]&quot;
08-01-2019 22:40:57 Wire.java DEBUG [Forwarding sendKeysToElement on session 5e3bc184-7a33-4897-be3c-42f3725c7fda to remote] http.wire 72 - http-outgoing-23 &gt;&gt; &quot;Host: 127.0.0.1:7055[\r][\n]&quot;
08-01-2019 22:40:57 Wire.java DEBUG [Forwarding sendKeysToElement on session 5e3bc184-7a33-4897-be3c-42f3725c7fda to remote] http.wire 72 - http-outgoing-23 &gt;&gt; &quot;Connection: Keep-Alive[\r][\n]&quot;
08-01-2019 22:40:57 Wire.java DEBUG [Forwarding sendKeysToElement on session 5e3bc184-7a33-4897-be3c-42f3725c7fda to remote] http.wire 72 - http-outgoing-23 &gt;&gt; &quot;User-Agent: Apache-HttpClient/4.5.1 (Java/1.8.0_101)[\r][\n]&quot;
08-01-2019 22:40:57 Wire.java DEBUG [Forwarding sendKeysToElement on session 5e3bc184-7a33-4897-be3c-42f3725c7fda to remote] http.wire 72 - http-outgoing-23 &gt;&gt; &quot;Accept-Encoding: gzip,deflate[\r][\n]&quot;
08-01-2019 22:40:57 Wire.java DEBUG [Forwarding sendKeysToElement on session 5e3bc184-7a33-4897-be3c-42f3725c7fda to remote] http.wire 72 - http-outgoing-23 &gt;&gt; &quot;[\r][\n]&quot;
08-01-2019 22:40:57 Wire.java DEBUG [Forwarding sendKeysToElement on session 5e3bc184-7a33-4897-be3c-42f3725c7fda to remote] http.wire 86 - http-outgoing-23 &gt;&gt; &quot;{&quot;id&quot;:&quot;{cdf18d69-c5a7-4e88-9ea0-8cae1438f11a}&quot;,&quot;value&quot;:[&quot;wayafalkar&quot;]}&quot;
08-01-2019 22:40:58 Wire.java DEBUG [Forwarding sendKeysToElement on session 5e3bc184-7a33-4897-be3c-42f3725c7fda to remote] http.wire 72 - http-outgoing-23 &lt;&lt; &quot;HTTP/1.1 200 OK[\r][\n]&quot;
08-01-2019 22:40:58 Wire.java DEBUG [Forwarding sendKeysToElement on session 5e3bc184-7a33-4897-be3c-42f3725c7fda to remote] http.wire 72 - http-outgoing-23 &lt;&lt; &quot;content-type: application/json; charset=UTF-8[\r][\n]&quot;
08-01-2019 22:40:58 Wire.java DEBUG [Forwarding sendKeysToElement on session 5e3bc184-7a33-4897-be3c-42f3725c7fda to remote] http.wire 72 - http-outgoing-23 &lt;&lt; &quot;connection: close[\r][\n]&quot;
08-01-2019 22:40:58 Wire.java DEBUG [Forwarding sendKeysToElement on session 5e3bc184-7a33-4897-be3c-42f3725c7fda to remote] http.wire 72 - http-outgoing-23 &lt;&lt; &quot;content-length: 101[\r][\n]&quot;
08-01-2019 22:40:58 Wire.java DEBUG [Forwarding sendKeysToElement on session 5e3bc184-7a33-4897-be3c-42f3725c7fda to remote] http.wire 72 - http-outgoing-23 &lt;&lt; &quot;server: httpd.js[\r][\n]&quot;
08-01-2019 22:40:58 Wire.java DEBUG [Forwarding sendKeysToElement on session 5e3bc184-7a33-4897-be3c-42f3725c7fda to remote] http.wire 72 - http-outgoing-23 &lt;&lt; &quot;date: Thu, 01 Aug 2019 17:10:58 GMT[\r][\n]&quot;
08-01-2019 22:40:58 Wire.java DEBUG [Forwarding sendKeysToElement on session 5e3bc184-7a33-4897-be3c-42f3725c7fda to remote] http.wire 72 - http-outgoing-23 &lt;&lt; &quot;[\r][\n]&quot;
08-01-2019 22:40:58 LoggingManagedHttpClientConnection.java DEBUG [Forwarding sendKeysToElement on session 5e3bc184-7a33-4897-be3c-42f3725c7fda to remote] http.headers 124 - http-outgoing-23 &lt;&lt; HTTP/1.1 200 OK
08-01-2019 22:40:58 LoggingManagedHttpClientConnection.java DEBUG [Forwarding sendKeysToElement on session 5e3bc184-7a33-4897-be3c-42f3725c7fda to remote] http.headers 127 - http-outgoing-23 &lt;&lt; content-type: application/json; charset=UTF-8
08-01-2019 22:40:58 LoggingManagedHttpClientConnection.java DEBUG [Forwarding sendKeysToElement on session 5e3bc184-7a33-4897-be3c-42f3725c7fda to remote] http.headers 127 - http-outgoing-23 &lt;&lt; connection: close
08-01-2019 22:40:58 LoggingManagedHttpClientConnection.java DEBUG [Forwarding sendKeysToElement on session 5e3bc184-7a33-4897-be3c-42f3725c7fda to remote] http.headers 127 - http-outgoing-23 &lt;&lt; content-length: 101
08-01-2019 22:40:58 LoggingManagedHttpClientConnection.java DEBUG [Forwarding sendKeysToElement on session 5e3bc184-7a33-4897-be3c-42f3725c7fda to remote] http.headers 127 - http-outgoing-23 &lt;&lt; server: httpd.js
08-01-2019 22:40:58 LoggingManagedHttpClientConnection.java DEBUG [Forwarding sendKeysToElement on session 5e3bc184-7a33-4897-be3c-42f3725c7fda to remote] http.headers 127 - http-outgoing-23 &lt;&lt; date: Thu, 01 Aug 2019 17:10:58 GMT
08-01-2019 22:40:58 Wire.java DEBUG [Forwarding sendKeysToElement on session 5e3bc184-7a33-4897-be3c-42f3725c7fda to remote] http.wire 86 - http-outgoing-23 &lt;&lt; &quot;{&quot;name&quot;:&quot;sendKeysToElement&quot;,&quot;sessionId&quot;:&quot;5e3bc184-7a33-4897-be3c-42f3725c7fda&quot;,&quot;status&quot;:0,&quot;value&quot;:&quot;&quot;}&quot;
08-01-2019 22:40:58 LoggingManagedHttpClientConnection.java DEBUG [Forwarding sendKeysToElement on session 5e3bc184-7a33-4897-be3c-42f3725c7fda to remote] conn.DefaultManagedHttpClientConnection 81 - http-outgoing-23: Close connection
08-01-2019 22:40:58 ConnectionHolder.java DEBUG [Forwarding sendKeysToElement on session 5e3bc184-7a33-4897-be3c-42f3725c7fda to remote] execchain.MainClientExec 103 - Connection discarded
08-01-2019 22:40:58 PoolingHttpClientConnectionManager.java DEBUG [Forwarding sendKeysToElement on session 5e3bc184-7a33-4897-be3c-42f3725c7fda to remote] conn.PoolingHttpClientConnectionManager 320 - Connection released: [id: 23][route: {}-&gt;http://127.0.0.1:7055][total kept alive: 0; route allocated: 0 of 2000; total allocated: 0 of 2000]
08-01-2019 22:40:58 RequestAddCookies.java DEBUG [Forwarding findElement on session 5e3bc184-7a33-4897-be3c-42f3725c7fda to remote] protocol.RequestAddCookies 122 - CookieSpec selected: default
08-01-2019 22:40:58 RequestAuthCache.java DEBUG [Forwarding findElement on session 5e3bc184-7a33-4897-be3c-42f3725c7fda to remote] protocol.RequestAuthCache 76 - Auth cache not set in the context
08-01-2019 22:40:58 PoolingHttpClientConnectionManager.java DEBUG [Forwarding findElement on session 5e3bc184-7a33-4897-be3c-42f3725c7fda to remote] conn.PoolingHttpClientConnectionManager 249 - Connection request: [route: {}-&gt;http://127.0.0.1:7055][total kept alive: 0; route allocated: 0 of 2000; total allocated: 0 of 2000]
08-01-2019 22:40:58 PoolingHttpClientConnectionManager.java DEBUG [Forwarding findElement on session 5e3bc184-7a33-4897-be3c-42f3725c7fda to remote] conn.PoolingHttpClientConnectionManager 282 - Connection leased: [id: 24][route: {}-&gt;http://127.0.0.1:7055][total kept alive: 0; route allocated: 1 of 2000; total allocated: 1 of 2000]
08-01-2019 22:40:58 MainClientExec.java DEBUG [Forwarding findElement on session 5e3bc184-7a33-4897-be3c-42f3725c7fda to remote] execchain.MainClientExec 234 - Opening connection {}-&gt;http://127.0.0.1:7055
08-01-2019 22:40:58 DefaultHttpClientConnectionOperator.java DEBUG [Forwarding findElement on session 5e3bc184-7a33-4897-be3c-42f3725c7fda to remote] conn.DefaultHttpClientConnectionOperator 131 - Connecting to /127.0.0.1:7055
08-01-2019 22:40:58 DefaultHttpClientConnectionOperator.java DEBUG [Forwarding findElement on session 5e3bc184-7a33-4897-be3c-42f3725c7fda to remote] conn.DefaultHttpClientConnectionOperator 138 - Connection established 127.0.0.1:56742&lt;-&gt;127.0.0.1:7055
08-01-2019 22:40:58 LoggingManagedHttpClientConnection.java DEBUG [Forwarding findElement on session 5e3bc184-7a33-4897-be3c-42f3725c7fda to remote] conn.DefaultManagedHttpClientConnection 90 - http-outgoing-24: set socket timeout to 10800000
08-01-2019 22:40:58 MainClientExec.java DEBUG [Forwarding findElement on session 5e3bc184-7a33-4897-be3c-42f3725c7fda to remote] execchain.MainClientExec 255 - Executing request POST /hub/session/5e3bc184-7a33-4897-be3c-42f3725c7fda/element HTTP/1.1
08-01-2019 22:40:58 MainClientExec.java DEBUG [Forwarding findElement on session 5e3bc184-7a33-4897-be3c-42f3725c7fda to remote] execchain.MainClientExec 260 - Target auth state: UNCHALLENGED
08-01-2019 22:40:58 MainClientExec.java DEBUG [Forwarding findElement on session 5e3bc184-7a33-4897-be3c-42f3725c7fda to remote] execchain.MainClientExec 266 - Proxy auth state: UNCHALLENGED
08-01-2019 22:40:58 LoggingManagedHttpClientConnection.java DEBUG [Forwarding findElement on session 5e3bc184-7a33-4897-be3c-42f3725c7fda to remote] http.headers 135 - http-outgoing-24 &gt;&gt; POST /hub/session/5e3bc184-7a33-4897-be3c-42f3725c7fda/element HTTP/1.1
08-01-2019 22:40:58 LoggingManagedHttpClientConnection.java DEBUG [Forwarding findElement on session 5e3bc184-7a33-4897-be3c-42f3725c7fda to remote] http.headers 138 - http-outgoing-24 &gt;&gt; Content-Type: application/json; charset=utf-8
08-01-2019 22:40:58 LoggingManagedHttpClientConnection.java DEBUG [Forwarding findElement on session 5e3bc184-7a33-4897-be3c-42f3725c7fda to remote] http.headers 138 - http-outgoing-24 &gt;&gt; Content-Length: 32
08-01-2019 22:40:58 LoggingManagedHttpClientConnection.java DEBUG [Forwarding findElement on session 5e3bc184-7a33-4897-be3c-42f3725c7fda to remote] http.headers 138 - http-outgoing-24 &gt;&gt; Host: 127.0.0.1:7055
08-01-2019 22:40:58 LoggingManagedHttpClientConnection.java DEBUG [Forwarding findElement on session 5e3bc184-7a33-4897-be3c-42f3725c7fda to remote] http.headers 138 - http-outgoing-24 &gt;&gt; Connection: Keep-Alive
08-01-2019 22:40:58 LoggingManagedHttpClientConnection.java DEBUG [Forwarding findElement on session 5e3bc184-7a33-4897-be3c-42f3725c7fda to remote] http.headers 138 - http-outgoing-24 &gt;&gt; User-Agent: Apache-HttpClient/4.5.1 (Java/1.8.0_101)
08-01-2019 22:40:58 LoggingManagedHttpClientConnection.java DEBUG [Forwarding findElement on session 5e3bc184-7a33-4897-be3c-42f3725c7fda to remote] http.headers 138 - http-outgoing-24 &gt;&gt; Accept-Encoding: gzip,deflate
08-01-2019 22:40:58 Wire.java DEBUG [Forwarding findElement on session 5e3bc184-7a33-4897-be3c-42f3725c7fda to remote] http.wire 72 - http-outgoing-24 &gt;&gt; &quot;POST /hub/session/5e3bc184-7a33-4897-be3c-42f3725c7fda/element HTTP/1.1[\r][\n]&quot;
08-01-2019 22:40:58 Wire.java DEBUG [Forwarding findElement on session 5e3bc184-7a33-4897-be3c-42f3725c7fda to remote] http.wire 72 - http-outgoing-24 &gt;&gt; &quot;Content-Type: application/json; charset=utf-8[\r][\n]&quot;
08-01-2019 22:40:58 Wire.java DEBUG [Forwarding findElement on session 5e3bc184-7a33-4897-be3c-42f3725c7fda to remote] http.wire 72 - http-outgoing-24 &gt;&gt; &quot;Content-Length: 32[\r][\n]&quot;
08-01-2019 22:40:58 Wire.java DEBUG [Forwarding findElement on session 5e3bc184-7a33-4897-be3c-42f3725c7fda to remote] http.wire 72 - http-outgoing-24 &gt;&gt; &quot;Host: 127.0.0.1:7055[\r][\n]&quot;
08-01-2019 22:40:58 Wire.java DEBUG [Forwarding findElement on session 5e3bc184-7a33-4897-be3c-42f3725c7fda to remote] http.wire 72 - http-outgoing-24 &gt;&gt; &quot;Connection: Keep-Alive[\r][\n]&quot;
08-01-2019 22:40:58 Wire.java DEBUG [Forwarding findElement on session 5e3bc184-7a33-4897-be3c-42f3725c7fda to remote] http.wire 72 - http-outgoing-24 &gt;&gt; &quot;User-Agent: Apache-HttpClient/4.5.1 (Java/1.8.0_101)[\r][\n]&quot;
08-01-2019 22:40:58 Wire.java DEBUG [Forwarding findElement on session 5e3bc184-7a33-4897-be3c-42f3725c7fda to remote] http.wire 72 - http-outgoing-24 &gt;&gt; &quot;Accept-Encoding: gzip,deflate[\r][\n]&quot;
08-01-2019 22:40:58 Wire.java DEBUG [Forwarding findElement on session 5e3bc184-7a33-4897-be3c-42f3725c7fda to remote] http.wire 72 - http-outgoing-24 &gt;&gt; &quot;[\r][\n]&quot;
08-01-2019 22:40:58 Wire.java DEBUG [Forwarding findElement on session 5e3bc184-7a33-4897-be3c-42f3725c7fda to remote] http.wire 86 - http-outgoing-24 &gt;&gt; &quot;{&quot;using&quot;:&quot;name&quot;,&quot;value&quot;:&quot;email&quot;}&quot;
08-01-2019 22:40:58 Wire.java DEBUG [Forwarding findElement on session 5e3bc184-7a33-4897-be3c-42f3725c7fda to remote] http.wire 72 - http-outgoing-24 &lt;&lt; &quot;HTTP/1.1 200 OK[\r][\n]&quot;
08-01-2019 22:40:58 Wire.java DEBUG [Forwarding findElement on session 5e3bc184-7a33-4897-be3c-42f3725c7fda to remote] http.wire 72 - http-outgoing-24 &lt;&lt; &quot;content-type: application/json; charset=UTF-8[\r][\n]&quot;
08-01-2019 22:40:58 Wire.java DEBUG [Forwarding findElement on session 5e3bc184-7a33-4897-be3c-42f3725c7fda to remote] http.wire 72 - http-outgoing-24 &lt;&lt; &quot;connection: close[\r][\n]&quot;
08-01-2019 22:40:58 Wire.java DEBUG [Forwarding findElement on session 5e3bc184-7a33-4897-be3c-42f3725c7fda to remote] http.wire 72 - http-outgoing-24 &lt;&lt; &quot;content-length: 224[\r][\n]&quot;
08-01-2019 22:40:58 Wire.java DEBUG [Forwarding findElement on session 5e3bc184-7a33-4897-be3c-42f3725c7fda to remote] http.wire 72 - http-outgoing-24 &lt;&lt; &quot;server: httpd.js[\r][\n]&quot;
08-01-2019 22:40:58 Wire.java DEBUG [Forwarding findElement on session 5e3bc184-7a33-4897-be3c-42f3725c7fda to remote] http.wire 72 - http-outgoing-24 &lt;&lt; &quot;date: Thu, 01 Aug 2019 17:10:58 GMT[\r][\n]&quot;
08-01-2019 22:40:58 Wire.java DEBUG [Forwarding findElement on session 5e3bc184-7a33-4897-be3c-42f3725c7fda to remote] http.wire 72 - http-outgoing-24 &lt;&lt; &quot;[\r][\n]&quot;
08-01-2019 22:40:58 LoggingManagedHttpClientConnection.java DEBUG [Forwarding findElement on session 5e3bc184-7a33-4897-be3c-42f3725c7fda to remote] http.headers 124 - http-outgoing-24 &lt;&lt; HTTP/1.1 200 OK
08-01-2019 22:40:58 LoggingManagedHttpClientConnection.java DEBUG [Forwarding findElement on session 5e3bc184-7a33-4897-be3c-42f3725c7fda to remote] http.headers 127 - http-outgoing-24 &lt;&lt; content-type: application/json; charset=UTF-8
08-01-2019 22:40:58 LoggingManagedHttpClientConnection.java DEBUG [Forwarding findElement on session 5e3bc184-7a33-4897-be3c-42f3725c7fda to remote] http.headers 127 - http-outgoing-24 &lt;&lt; connection: close
08-01-2019 22:40:58 LoggingManagedHttpClientConnection.java DEBUG [Forwarding findElement on session 5e3bc184-7a33-4897-be3c-42f3725c7fda to remote] http.headers 127 - http-outgoing-24 &lt;&lt; content-length: 224
08-01-2019 22:40:58 LoggingManagedHttpClientConnection.java DEBUG [Forwarding findElement on session 5e3bc184-7a33-4897-be3c-42f3725c7fda to remote] http.headers 127 - http-outgoing-24 &lt;&lt; server: httpd.js
08-01-2019 22:40:58 LoggingManagedHttpClientConnection.java DEBUG [Forwarding findElement on session 5e3bc184-7a33-4897-be3c-42f3725c7fda to remote] http.headers 127 - http-outgoing-24 &lt;&lt; date: Thu, 01 Aug 2019 17:10:58 GMT
08-01-2019 22:40:58 Wire.java DEBUG [Forwarding findElement on session 5e3bc184-7a33-4897-be3c-42f3725c7fda to remote] http.wire 86 - http-outgoing-24 &lt;&lt; &quot;{&quot;name&quot;:&quot;findElement&quot;,&quot;sessionId&quot;:&quot;5e3bc184-7a33-4897-be3c-42f3725c7fda&quot;,&quot;status&quot;:0,&quot;value&quot;:{&quot;ELEMENT&quot;:&quot;{8bdff113-16ec-4cbb-8bfe-9535aa7636fc}&quot;,&quot;element-6066-11e4-a52e-4f735466cecf&quot;:&quot;{8bdff113-16ec-4cbb-8bfe-9535aa7636fc}&quot;}}&quot;
08-01-2019 22:40:58 LoggingManagedHttpClientConnection.java DEBUG [Forwarding findElement on session 5e3bc184-7a33-4897-be3c-42f3725c7fda to remote] conn.DefaultManagedHttpClientConnection 81 - http-outgoing-24: Close connection
08-01-2019 22:40:58 ConnectionHolder.java DEBUG [Forwarding findElement on session 5e3bc184-7a33-4897-be3c-42f3725c7fda to remote] execchain.MainClientExec 103 - Connection discarded
08-01-2019 22:40:58 PoolingHttpClientConnectionManager.java DEBUG [Forwarding findElement on session 5e3bc184-7a33-4897-be3c-42f3725c7fda to remote] conn.PoolingHttpClientConnectionManager 320 - Connection released: [id: 24][route: {}-&gt;http://127.0.0.1:7055][total kept alive: 0; route allocated: 0 of 2000; total allocated: 0 of 2000]
08-01-2019 22:40:58 RequestAddCookies.java DEBUG [Forwarding sendKeysToElement on session 5e3bc184-7a33-4897-be3c-42f3725c7fda to remote] protocol.RequestAddCookies 122 - CookieSpec selected: default
08-01-2019 22:40:58 RequestAuthCache.java DEBUG [Forwarding sendKeysToElement on session 5e3bc184-7a33-4897-be3c-42f3725c7fda to remote] protocol.RequestAuthCache 76 - Auth cache not set in the context
08-01-2019 22:40:58 PoolingHttpClientConnectionManager.java DEBUG [Forwarding sendKeysToElement on session 5e3bc184-7a33-4897-be3c-42f3725c7fda to remote] conn.PoolingHttpClientConnectionManager 249 - Connection request: [route: {}-&gt;http://127.0.0.1:7055][total kept alive: 0; route allocated: 0 of 2000; total allocated: 0 of 2000]
08-01-2019 22:40:58 PoolingHttpClientConnectionManager.java DEBUG [Forwarding sendKeysToElement on session 5e3bc184-7a33-4897-be3c-42f3725c7fda to remote] conn.PoolingHttpClientConnectionManager 282 - Connection leased: [id: 25][route: {}-&gt;http://127.0.0.1:7055][total kept alive: 0; route allocated: 1 of 2000; total allocated: 1 of 2000]
08-01-2019 22:40:58 MainClientExec.java DEBUG [Forwarding sendKeysToElement on session 5e3bc184-7a33-4897-be3c-42f3725c7fda to remote] execchain.MainClientExec 234 - Opening connection {}-&gt;http://127.0.0.1:7055
08-01-2019 22:40:58 DefaultHttpClientConnectionOperator.java DEBUG [Forwarding sendKeysToElement on session 5e3bc184-7a33-4897-be3c-42f3725c7fda to remote] conn.DefaultHttpClientConnectionOperator 131 - Connecting to /127.0.0.1:7055
08-01-2019 22:40:58 DefaultHttpClientConnectionOperator.java DEBUG [Forwarding sendKeysToElement on session 5e3bc184-7a33-4897-be3c-42f3725c7fda to remote] conn.DefaultHttpClientConnectionOperator 138 - Connection established 127.0.0.1:56743&lt;-&gt;127.0.0.1:7055
08-01-2019 22:40:58 LoggingManagedHttpClientConnection.java DEBUG [Forwarding sendKeysToElement on session 5e3bc184-7a33-4897-be3c-42f3725c7fda to remote] conn.DefaultManagedHttpClientConnection 90 - http-outgoing-25: set socket timeout to 10800000
08-01-2019 22:40:58 MainClientExec.java DEBUG [Forwarding sendKeysToElement on session 5e3bc184-7a33-4897-be3c-42f3725c7fda to remote] execchain.MainClientExec 255 - Executing request POST /hub/session/5e3bc184-7a33-4897-be3c-42f3725c7fda/element/%7B8bdff113-16ec-4cbb-8bfe-9535aa7636fc%7D/value HTTP/1.1
08-01-2019 22:40:58 MainClientExec.java DEBUG [Forwarding sendKeysToElement on session 5e3bc184-7a33-4897-be3c-42f3725c7fda to remote] execchain.MainClientExec 260 - Target auth state: UNCHALLENGED
08-01-2019 22:40:58 MainClientExec.java DEBUG [Forwarding sendKeysToElement on session 5e3bc184-7a33-4897-be3c-42f3725c7fda to remote] execchain.MainClientExec 266 - Proxy auth state: UNCHALLENGED
08-01-2019 22:40:58 LoggingManagedHttpClientConnection.java DEBUG [Forwarding sendKeysToElement on session 5e3bc184-7a33-4897-be3c-42f3725c7fda to remote] http.headers 135 - http-outgoing-25 &gt;&gt; POST /hub/session/5e3bc184-7a33-4897-be3c-42f3725c7fda/element/%7B8bdff113-16ec-4cbb-8bfe-9535aa7636fc%7D/value HTTP/1.1
08-01-2019 22:40:58 LoggingManagedHttpClientConnection.java DEBUG [Forwarding sendKeysToElement on session 5e3bc184-7a33-4897-be3c-42f3725c7fda to remote] http.headers 138 - http-outgoing-25 &gt;&gt; Content-Type: application/json; charset=utf-8
08-01-2019 22:40:58 LoggingManagedHttpClientConnection.java DEBUG [Forwarding sendKeysToElement on session 5e3bc184-7a33-4897-be3c-42f3725c7fda to remote] http.headers 138 - http-outgoing-25 &gt;&gt; Content-Length: 87
08-01-2019 22:40:58 LoggingManagedHttpClientConnection.java DEBUG [Forwarding sendKeysToElement on session 5e3bc184-7a33-4897-be3c-42f3725c7fda to remote] http.headers 138 - http-outgoing-25 &gt;&gt; Host: 127.0.0.1:7055
08-01-2019 22:40:58 LoggingManagedHttpClientConnection.java DEBUG [Forwarding sendKeysToElement on session 5e3bc184-7a33-4897-be3c-42f3725c7fda to remote] http.headers 138 - http-outgoing-25 &gt;&gt; Connection: Keep-Alive
08-01-2019 22:40:58 LoggingManagedHttpClientConnection.java DEBUG [Forwarding sendKeysToElement on session 5e3bc184-7a33-4897-be3c-42f3725c7fda to remote] http.headers 138 - http-outgoing-25 &gt;&gt; User-Agent: Apache-HttpClient/4.5.1 (Java/1.8.0_101)
08-01-2019 22:40:58 LoggingManagedHttpClientConnection.java DEBUG [Forwarding sendKeysToElement on session 5e3bc184-7a33-4897-be3c-42f3725c7fda to remote] http.headers 138 - http-outgoing-25 &gt;&gt; Accept-Encoding: gzip,deflate
08-01-2019 22:40:58 Wire.java DEBUG [Forwarding sendKeysToElement on session 5e3bc184-7a33-4897-be3c-42f3725c7fda to remote] http.wire 72 - http-outgoing-25 &gt;&gt; &quot;POST /hub/session/5e3bc184-7a33-4897-be3c-42f3725c7fda/element/%7B8bdff113-16ec-4cbb-8bfe-9535aa7636fc%7D/value HTTP/1.1[\r][\n]&quot;
08-01-2019 22:40:58 Wire.java DEBUG [Forwarding sendKeysToElement on session 5e3bc184-7a33-4897-be3c-42f3725c7fda to remote] http.wire 72 - http-outgoing-25 &gt;&gt; &quot;Content-Type: application/json; charset=utf-8[\r][\n]&quot;
08-01-2019 22:40:58 Wire.java DEBUG [Forwarding sendKeysToElement on session 5e3bc184-7a33-4897-be3c-42f3725c7fda to remote] http.wire 72 - http-outgoing-25 &gt;&gt; &quot;Content-Length: 87[\r][\n]&quot;
08-01-2019 22:40:58 Wire.java DEBUG [Forwarding sendKeysToElement on session 5e3bc184-7a33-4897-be3c-42f3725c7fda to remote] http.wire 72 - http-outgoing-25 &gt;&gt; &quot;Host: 127.0.0.1:7055[\r][\n]&quot;
08-01-2019 22:40:58 Wire.java DEBUG [Forwarding sendKeysToElement on session 5e3bc184-7a33-4897-be3c-42f3725c7fda to remote] http.wire 72 - http-outgoing-25 &gt;&gt; &quot;Connection: Keep-Alive[\r][\n]&quot;
08-01-2019 22:40:58 Wire.java DEBUG [Forwarding sendKeysToElement on session 5e3bc184-7a33-4897-be3c-42f3725c7fda to remote] http.wire 72 - http-outgoing-25 &gt;&gt; &quot;User-Agent: Apache-HttpClient/4.5.1 (Java/1.8.0_101)[\r][\n]&quot;
08-01-2019 22:40:58 Wire.java DEBUG [Forwarding sendKeysToElement on session 5e3bc184-7a33-4897-be3c-42f3725c7fda to remote] http.wire 72 - http-outgoing-25 &gt;&gt; &quot;Accept-Encoding: gzip,deflate[\r][\n]&quot;
08-01-2019 22:40:58 Wire.java DEBUG [Forwarding sendKeysToElement on session 5e3bc184-7a33-4897-be3c-42f3725c7fda to remote] http.wire 72 - http-outgoing-25 &gt;&gt; &quot;[\r][\n]&quot;
08-01-2019 22:40:58 Wire.java DEBUG [Forwarding sendKeysToElement on session 5e3bc184-7a33-4897-be3c-42f3725c7fda to remote] http.wire 86 - http-outgoing-25 &gt;&gt; &quot;{&quot;id&quot;:&quot;{8bdff113-16ec-4cbb-8bfe-9535aa7636fc}&quot;,&quot;value&quot;:[&quot;niteshwayafalkar2@yahoo.com&quot;]}&quot;
08-01-2019 22:40:58 Wire.java DEBUG [Forwarding sendKeysToElement on session 5e3bc184-7a33-4897-be3c-42f3725c7fda to remote] http.wire 72 - http-outgoing-25 &lt;&lt; &quot;HTTP/1.1 200 OK[\r][\n]&quot;
08-01-2019 22:40:58 Wire.java DEBUG [Forwarding sendKeysToElement on session 5e3bc184-7a33-4897-be3c-42f3725c7fda to remote] http.wire 72 - http-outgoing-25 &lt;&lt; &quot;content-type: application/json; charset=UTF-8[\r][\n]&quot;
08-01-2019 22:40:58 Wire.java DEBUG [Forwarding sendKeysToElement on session 5e3bc184-7a33-4897-be3c-42f3725c7fda to remote] http.wire 72 - http-outgoing-25 &lt;&lt; &quot;connection: close[\r][\n]&quot;
08-01-2019 22:40:58 Wire.java DEBUG [Forwarding sendKeysToElement on session 5e3bc184-7a33-4897-be3c-42f3725c7fda to remote] http.wire 72 - http-outgoing-25 &lt;&lt; &quot;content-length: 101[\r][\n]&quot;
08-01-2019 22:40:58 Wire.java DEBUG [Forwarding sendKeysToElement on session 5e3bc184-7a33-4897-be3c-42f3725c7fda to remote] http.wire 72 - http-outgoing-25 &lt;&lt; &quot;server: httpd.js[\r][\n]&quot;
08-01-2019 22:40:58 Wire.java DEBUG [Forwarding sendKeysToElement on session 5e3bc184-7a33-4897-be3c-42f3725c7fda to remote] http.wire 72 - http-outgoing-25 &lt;&lt; &quot;date: Thu, 01 Aug 2019 17:10:58 GMT[\r][\n]&quot;
08-01-2019 22:40:58 Wire.java DEBUG [Forwarding sendKeysToElement on session 5e3bc184-7a33-4897-be3c-42f3725c7fda to remote] http.wire 72 - http-outgoing-25 &lt;&lt; &quot;[\r][\n]&quot;
08-01-2019 22:40:58 LoggingManagedHttpClientConnection.java DEBUG [Forwarding sendKeysToElement on session 5e3bc184-7a33-4897-be3c-42f3725c7fda to remote] http.headers 124 - http-outgoing-25 &lt;&lt; HTTP/1.1 200 OK
08-01-2019 22:40:58 LoggingManagedHttpClientConnection.java DEBUG [Forwarding sendKeysToElement on session 5e3bc184-7a33-4897-be3c-42f3725c7fda to remote] http.headers 127 - http-outgoing-25 &lt;&lt; content-type: application/json; charset=UTF-8
08-01-2019 22:40:58 LoggingManagedHttpClientConnection.java DEBUG [Forwarding sendKeysToElement on session 5e3bc184-7a33-4897-be3c-42f3725c7fda to remote] http.headers 127 - http-outgoing-25 &lt;&lt; connection: close
08-01-2019 22:40:58 LoggingManagedHttpClientConnection.java DEBUG [Forwarding sendKeysToElement on session 5e3bc184-7a33-4897-be3c-42f3725c7fda to remote] http.headers 127 - http-outgoing-25 &lt;&lt; content-length: 101
08-01-2019 22:40:58 LoggingManagedHttpClientConnection.java DEBUG [Forwarding sendKeysToElement on session 5e3bc184-7a33-4897-be3c-42f3725c7fda to remote] http.headers 127 - http-outgoing-25 &lt;&lt; server: httpd.js
08-01-2019 22:40:58 LoggingManagedHttpClientConnection.java DEBUG [Forwarding sendKeysToElement on session 5e3bc184-7a33-4897-be3c-42f3725c7fda to remote] http.headers 127 - http-outgoing-25 &lt;&lt; date: Thu, 01 Aug 2019 17:10:58 GMT
08-01-2019 22:40:58 Wire.java DEBUG [Forwarding sendKeysToElement on session 5e3bc184-7a33-4897-be3c-42f3725c7fda to remote] http.wire 86 - http-outgoing-25 &lt;&lt; &quot;{&quot;name&quot;:&quot;sendKeysToElement&quot;,&quot;sessionId&quot;:&quot;5e3bc184-7a33-4897-be3c-42f3725c7fda&quot;,&quot;status&quot;:0,&quot;value&quot;:&quot;&quot;}&quot;
08-01-2019 22:40:58 LoggingManagedHttpClientConnection.java DEBUG [Forwarding sendKeysToElement on session 5e3bc184-7a33-4897-be3c-42f3725c7fda to remote] conn.DefaultManagedHttpClientConnection 81 - http-outgoing-25: Close connection
08-01-2019 22:40:58 ConnectionHolder.java DEBUG [Forwarding sendKeysToElement on session 5e3bc184-7a33-4897-be3c-42f3725c7fda to remote] execchain.MainClientExec 103 - Connection discarded
08-01-2019 22:40:58 PoolingHttpClientConnectionManager.java DEBUG [Forwarding sendKeysToElement on session 5e3bc184-7a33-4897-be3c-42f3725c7fda to remote] conn.PoolingHttpClientConnectionManager 320 - Connection released: [id: 25][route: {}-&gt;http://127.0.0.1:7055][total kept alive: 0; route allocated: 0 of 2000; total allocated: 0 of 2000]
08-01-2019 22:40:58 RequestAddCookies.java DEBUG [Forwarding findElement on session 5e3bc184-7a33-4897-be3c-42f3725c7fda to remote] protocol.RequestAddCookies 122 - CookieSpec selected: default
08-01-2019 22:40:58 RequestAuthCache.java DEBUG [Forwarding findElement on session 5e3bc184-7a33-4897-be3c-42f3725c7fda to remote] protocol.RequestAuthCache 76 - Auth cache not set in the context
08-01-2019 22:40:58 PoolingHttpClientConnectionManager.java DEBUG [Forwarding findElement on session 5e3bc184-7a33-4897-be3c-42f3725c7fda to remote] conn.PoolingHttpClientConnectionManager 249 - Connection request: [route: {}-&gt;http://127.0.0.1:7055][total kept alive: 0; route allocated: 0 of 2000; total allocated: 0 of 2000]
08-01-2019 22:40:58 PoolingHttpClientConnectionManager.java DEBUG [Forwarding findElement on session 5e3bc184-7a33-4897-be3c-42f3725c7fda to remote] conn.PoolingHttpClientConnectionManager 282 - Connection leased: [id: 26][route: {}-&gt;http://127.0.0.1:7055][total kept alive: 0; route allocated: 1 of 2000; total allocated: 1 of 2000]
08-01-2019 22:40:58 MainClientExec.java DEBUG [Forwarding findElement on session 5e3bc184-7a33-4897-be3c-42f3725c7fda to remote] execchain.MainClientExec 234 - Opening connection {}-&gt;http://127.0.0.1:7055
08-01-2019 22:40:58 DefaultHttpClientConnectionOperator.java DEBUG [Forwarding findElement on session 5e3bc184-7a33-4897-be3c-42f3725c7fda to remote] conn.DefaultHttpClientConnectionOperator 131 - Connecting to /127.0.0.1:7055
08-01-2019 22:40:58 DefaultHttpClientConnectionOperator.java DEBUG [Forwarding findElement on session 5e3bc184-7a33-4897-be3c-42f3725c7fda to remote] conn.DefaultHttpClientConnectionOperator 138 - Connection established 127.0.0.1:56744&lt;-&gt;127.0.0.1:7055
08-01-2019 22:40:58 LoggingManagedHttpClientConnection.java DEBUG [Forwarding findElement on session 5e3bc184-7a33-4897-be3c-42f3725c7fda to remote] conn.DefaultManagedHttpClientConnection 90 - http-outgoing-26: set socket timeout to 10800000
08-01-2019 22:40:58 MainClientExec.java DEBUG [Forwarding findElement on session 5e3bc184-7a33-4897-be3c-42f3725c7fda to remote] execchain.MainClientExec 255 - Executing request POST /hub/session/5e3bc184-7a33-4897-be3c-42f3725c7fda/element HTTP/1.1
08-01-2019 22:40:58 MainClientExec.java DEBUG [Forwarding findElement on session 5e3bc184-7a33-4897-be3c-42f3725c7fda to remote] execchain.MainClientExec 260 - Target auth state: UNCHALLENGED
08-01-2019 22:40:58 MainClientExec.java DEBUG [Forwarding findElement on session 5e3bc184-7a33-4897-be3c-42f3725c7fda to remote] execchain.MainClientExec 266 - Proxy auth state: UNCHALLENGED
08-01-2019 22:40:58 LoggingManagedHttpClientConnection.java DEBUG [Forwarding findElement on session 5e3bc184-7a33-4897-be3c-42f3725c7fda to remote] http.headers 135 - http-outgoing-26 &gt;&gt; POST /hub/session/5e3bc184-7a33-4897-be3c-42f3725c7fda/element HTTP/1.1
08-01-2019 22:40:58 LoggingManagedHttpClientConnection.java DEBUG [Forwarding findElement on session 5e3bc184-7a33-4897-be3c-42f3725c7fda to remote] http.headers 138 - http-outgoing-26 &gt;&gt; Content-Type: application/json; charset=utf-8
08-01-2019 22:40:58 LoggingManagedHttpClientConnection.java DEBUG [Forwarding findElement on session 5e3bc184-7a33-4897-be3c-42f3725c7fda to remote] http.headers 138 - http-outgoing-26 &gt;&gt; Content-Length: 58
08-01-2019 22:40:58 LoggingManagedHttpClientConnection.java DEBUG [Forwarding findElement on session 5e3bc184-7a33-4897-be3c-42f3725c7fda to remote] http.headers 138 - http-outgoing-26 &gt;&gt; Host: 127.0.0.1:7055
08-01-2019 22:40:58 LoggingManagedHttpClientConnection.java DEBUG [Forwarding findElement on session 5e3bc184-7a33-4897-be3c-42f3725c7fda to remote] http.headers 138 - http-outgoing-26 &gt;&gt; Connection: Keep-Alive
08-01-2019 22:40:58 LoggingManagedHttpClientConnection.java DEBUG [Forwarding findElement on session 5e3bc184-7a33-4897-be3c-42f3725c7fda to remote] http.headers 138 - http-outgoing-26 &gt;&gt; User-Agent: Apache-HttpClient/4.5.1 (Java/1.8.0_101)
08-01-2019 22:40:58 LoggingManagedHttpClientConnection.java DEBUG [Forwarding findElement on session 5e3bc184-7a33-4897-be3c-42f3725c7fda to remote] http.headers 138 - http-outgoing-26 &gt;&gt; Accept-Encoding: gzip,deflate
08-01-2019 22:40:58 Wire.java DEBUG [Forwarding findElement on session 5e3bc184-7a33-4897-be3c-42f3725c7fda to remote] http.wire 72 - http-outgoing-26 &gt;&gt; &quot;POST /hub/session/5e3bc184-7a33-4897-be3c-42f3725c7fda/element HTTP/1.1[\r][\n]&quot;
08-01-2019 22:40:58 Wire.java DEBUG [Forwarding findElement on session 5e3bc184-7a33-4897-be3c-42f3725c7fda to remote] http.wire 72 - http-outgoing-26 &gt;&gt; &quot;Content-Type: application/json; charset=utf-8[\r][\n]&quot;
08-01-2019 22:40:58 Wire.java DEBUG [Forwarding findElement on session 5e3bc184-7a33-4897-be3c-42f3725c7fda to remote] http.wire 72 - http-outgoing-26 &gt;&gt; &quot;Content-Length: 58[\r][\n]&quot;
08-01-2019 22:40:58 Wire.java DEBUG [Forwarding findElement on session 5e3bc184-7a33-4897-be3c-42f3725c7fda to remote] http.wire 72 - http-outgoing-26 &gt;&gt; &quot;Host: 127.0.0.1:7055[\r][\n]&quot;
08-01-2019 22:40:58 Wire.java DEBUG [Forwarding findElement on session 5e3bc184-7a33-4897-be3c-42f3725c7fda to remote] http.wire 72 - http-outgoing-26 &gt;&gt; &quot;Connection: Keep-Alive[\r][\n]&quot;
08-01-2019 22:40:58 Wire.java DEBUG [Forwarding findElement on session 5e3bc184-7a33-4897-be3c-42f3725c7fda to remote] http.wire 72 - http-outgoing-26 &gt;&gt; &quot;User-Agent: Apache-HttpClient/4.5.1 (Java/1.8.0_101)[\r][\n]&quot;
08-01-2019 22:40:58 Wire.java DEBUG [Forwarding findElement on session 5e3bc184-7a33-4897-be3c-42f3725c7fda to remote] http.wire 72 - http-outgoing-26 &gt;&gt; &quot;Accept-Encoding: gzip,deflate[\r][\n]&quot;
08-01-2019 22:40:58 Wire.java DEBUG [Forwarding findElement on session 5e3bc184-7a33-4897-be3c-42f3725c7fda to remote] http.wire 72 - http-outgoing-26 &gt;&gt; &quot;[\r][\n]&quot;
08-01-2019 22:40:58 Wire.java DEBUG [Forwarding findElement on session 5e3bc184-7a33-4897-be3c-42f3725c7fda to remote] http.wire 86 - http-outgoing-26 &gt;&gt; &quot;{&quot;using&quot;:&quot;xpath&quot;,&quot;value&quot;:&quot;//input[@name=&apos;email_confirm&apos;]&quot;}&quot;
08-01-2019 22:40:58 Wire.java DEBUG [Forwarding findElement on session 5e3bc184-7a33-4897-be3c-42f3725c7fda to remote] http.wire 72 - http-outgoing-26 &lt;&lt; &quot;HTTP/1.1 200 OK[\r][\n]&quot;
08-01-2019 22:40:58 Wire.java DEBUG [Forwarding findElement on session 5e3bc184-7a33-4897-be3c-42f3725c7fda to remote] http.wire 72 - http-outgoing-26 &lt;&lt; &quot;content-type: application/json; charset=UTF-8[\r][\n]&quot;
08-01-2019 22:40:58 Wire.java DEBUG [Forwarding findElement on session 5e3bc184-7a33-4897-be3c-42f3725c7fda to remote] http.wire 72 - http-outgoing-26 &lt;&lt; &quot;connection: close[\r][\n]&quot;
08-01-2019 22:40:58 Wire.java DEBUG [Forwarding findElement on session 5e3bc184-7a33-4897-be3c-42f3725c7fda to remote] http.wire 72 - http-outgoing-26 &lt;&lt; &quot;content-length: 224[\r][\n]&quot;
08-01-2019 22:40:58 Wire.java DEBUG [Forwarding findElement on session 5e3bc184-7a33-4897-be3c-42f3725c7fda to remote] http.wire 72 - http-outgoing-26 &lt;&lt; &quot;server: httpd.js[\r][\n]&quot;
08-01-2019 22:40:58 Wire.java DEBUG [Forwarding findElement on session 5e3bc184-7a33-4897-be3c-42f3725c7fda to remote] http.wire 72 - http-outgoing-26 &lt;&lt; &quot;date: Thu, 01 Aug 2019 17:10:58 GMT[\r][\n]&quot;
08-01-2019 22:40:58 Wire.java DEBUG [Forwarding findElement on session 5e3bc184-7a33-4897-be3c-42f3725c7fda to remote] http.wire 72 - http-outgoing-26 &lt;&lt; &quot;[\r][\n]&quot;
08-01-2019 22:40:58 LoggingManagedHttpClientConnection.java DEBUG [Forwarding findElement on session 5e3bc184-7a33-4897-be3c-42f3725c7fda to remote] http.headers 124 - http-outgoing-26 &lt;&lt; HTTP/1.1 200 OK
08-01-2019 22:40:58 LoggingManagedHttpClientConnection.java DEBUG [Forwarding findElement on session 5e3bc184-7a33-4897-be3c-42f3725c7fda to remote] http.headers 127 - http-outgoing-26 &lt;&lt; content-type: application/json; charset=UTF-8
08-01-2019 22:40:58 LoggingManagedHttpClientConnection.java DEBUG [Forwarding findElement on session 5e3bc184-7a33-4897-be3c-42f3725c7fda to remote] http.headers 127 - http-outgoing-26 &lt;&lt; connection: close
08-01-2019 22:40:58 LoggingManagedHttpClientConnection.java DEBUG [Forwarding findElement on session 5e3bc184-7a33-4897-be3c-42f3725c7fda to remote] http.headers 127 - http-outgoing-26 &lt;&lt; content-length: 224
08-01-2019 22:40:58 LoggingManagedHttpClientConnection.java DEBUG [Forwarding findElement on session 5e3bc184-7a33-4897-be3c-42f3725c7fda to remote] http.headers 127 - http-outgoing-26 &lt;&lt; server: httpd.js
08-01-2019 22:40:58 LoggingManagedHttpClientConnection.java DEBUG [Forwarding findElement on session 5e3bc184-7a33-4897-be3c-42f3725c7fda to remote] http.headers 127 - http-outgoing-26 &lt;&lt; date: Thu, 01 Aug 2019 17:10:58 GMT
08-01-2019 22:40:58 Wire.java DEBUG [Forwarding findElement on session 5e3bc184-7a33-4897-be3c-42f3725c7fda to remote] http.wire 86 - http-outgoing-26 &lt;&lt; &quot;{&quot;name&quot;:&quot;findElement&quot;,&quot;sessionId&quot;:&quot;5e3bc184-7a33-4897-be3c-42f3725c7fda&quot;,&quot;status&quot;:0,&quot;value&quot;:{&quot;ELEMENT&quot;:&quot;{d48908f8-e973-4d0b-b402-b02335f2e4d1}&quot;,&quot;element-6066-11e4-a52e-4f735466cecf&quot;:&quot;{d48908f8-e973-4d0b-b402-b02335f2e4d1}&quot;}}&quot;
08-01-2019 22:40:58 LoggingManagedHttpClientConnection.java DEBUG [Forwarding findElement on session 5e3bc184-7a33-4897-be3c-42f3725c7fda to remote] conn.DefaultManagedHttpClientConnection 81 - http-outgoing-26: Close connection
08-01-2019 22:40:58 ConnectionHolder.java DEBUG [Forwarding findElement on session 5e3bc184-7a33-4897-be3c-42f3725c7fda to remote] execchain.MainClientExec 103 - Connection discarded
08-01-2019 22:40:58 PoolingHttpClientConnectionManager.java DEBUG [Forwarding findElement on session 5e3bc184-7a33-4897-be3c-42f3725c7fda to remote] conn.PoolingHttpClientConnectionManager 320 - Connection released: [id: 26][route: {}-&gt;http://127.0.0.1:7055][total kept alive: 0; route allocated: 0 of 2000; total allocated: 0 of 2000]
08-01-2019 22:40:58 RequestAddCookies.java DEBUG [Forwarding sendKeysToElement on session 5e3bc184-7a33-4897-be3c-42f3725c7fda to remote] protocol.RequestAddCookies 122 - CookieSpec selected: default
08-01-2019 22:40:58 RequestAuthCache.java DEBUG [Forwarding sendKeysToElement on session 5e3bc184-7a33-4897-be3c-42f3725c7fda to remote] protocol.RequestAuthCache 76 - Auth cache not set in the context
08-01-2019 22:40:58 PoolingHttpClientConnectionManager.java DEBUG [Forwarding sendKeysToElement on session 5e3bc184-7a33-4897-be3c-42f3725c7fda to remote] conn.PoolingHttpClientConnectionManager 249 - Connection request: [route: {}-&gt;http://127.0.0.1:7055][total kept alive: 0; route allocated: 0 of 2000; total allocated: 0 of 2000]
08-01-2019 22:40:58 PoolingHttpClientConnectionManager.java DEBUG [Forwarding sendKeysToElement on session 5e3bc184-7a33-4897-be3c-42f3725c7fda to remote] conn.PoolingHttpClientConnectionManager 282 - Connection leased: [id: 27][route: {}-&gt;http://127.0.0.1:7055][total kept alive: 0; route allocated: 1 of 2000; total allocated: 1 of 2000]
08-01-2019 22:40:58 MainClientExec.java DEBUG [Forwarding sendKeysToElement on session 5e3bc184-7a33-4897-be3c-42f3725c7fda to remote] execchain.MainClientExec 234 - Opening connection {}-&gt;http://127.0.0.1:7055
08-01-2019 22:40:58 DefaultHttpClientConnectionOperator.java DEBUG [Forwarding sendKeysToElement on session 5e3bc184-7a33-4897-be3c-42f3725c7fda to remote] conn.DefaultHttpClientConnectionOperator 131 - Connecting to /127.0.0.1:7055
08-01-2019 22:40:58 DefaultHttpClientConnectionOperator.java DEBUG [Forwarding sendKeysToElement on session 5e3bc184-7a33-4897-be3c-42f3725c7fda to remote] conn.DefaultHttpClientConnectionOperator 138 - Connection established 127.0.0.1:56745&lt;-&gt;127.0.0.1:7055
08-01-2019 22:40:58 LoggingManagedHttpClientConnection.java DEBUG [Forwarding sendKeysToElement on session 5e3bc184-7a33-4897-be3c-42f3725c7fda to remote] conn.DefaultManagedHttpClientConnection 90 - http-outgoing-27: set socket timeout to 10800000
08-01-2019 22:40:58 MainClientExec.java DEBUG [Forwarding sendKeysToElement on session 5e3bc184-7a33-4897-be3c-42f3725c7fda to remote] execchain.MainClientExec 255 - Executing request POST /hub/session/5e3bc184-7a33-4897-be3c-42f3725c7fda/element/%7Bd48908f8-e973-4d0b-b402-b02335f2e4d1%7D/value HTTP/1.1
08-01-2019 22:40:58 MainClientExec.java DEBUG [Forwarding sendKeysToElement on session 5e3bc184-7a33-4897-be3c-42f3725c7fda to remote] execchain.MainClientExec 260 - Target auth state: UNCHALLENGED
08-01-2019 22:40:58 MainClientExec.java DEBUG [Forwarding sendKeysToElement on session 5e3bc184-7a33-4897-be3c-42f3725c7fda to remote] execchain.MainClientExec 266 - Proxy auth state: UNCHALLENGED
08-01-2019 22:40:58 LoggingManagedHttpClientConnection.java DEBUG [Forwarding sendKeysToElement on session 5e3bc184-7a33-4897-be3c-42f3725c7fda to remote] http.headers 135 - http-outgoing-27 &gt;&gt; POST /hub/session/5e3bc184-7a33-4897-be3c-42f3725c7fda/element/%7Bd48908f8-e973-4d0b-b402-b02335f2e4d1%7D/value HTTP/1.1
08-01-2019 22:40:58 LoggingManagedHttpClientConnection.java DEBUG [Forwarding sendKeysToElement on session 5e3bc184-7a33-4897-be3c-42f3725c7fda to remote] http.headers 138 - http-outgoing-27 &gt;&gt; Content-Type: application/json; charset=utf-8
08-01-2019 22:40:58 LoggingManagedHttpClientConnection.java DEBUG [Forwarding sendKeysToElement on session 5e3bc184-7a33-4897-be3c-42f3725c7fda to remote] http.headers 138 - http-outgoing-27 &gt;&gt; Content-Length: 87
08-01-2019 22:40:58 LoggingManagedHttpClientConnection.java DEBUG [Forwarding sendKeysToElement on session 5e3bc184-7a33-4897-be3c-42f3725c7fda to remote] http.headers 138 - http-outgoing-27 &gt;&gt; Host: 127.0.0.1:7055
08-01-2019 22:40:58 LoggingManagedHttpClientConnection.java DEBUG [Forwarding sendKeysToElement on session 5e3bc184-7a33-4897-be3c-42f3725c7fda to remote] http.headers 138 - http-outgoing-27 &gt;&gt; Connection: Keep-Alive
08-01-2019 22:40:58 LoggingManagedHttpClientConnection.java DEBUG [Forwarding sendKeysToElement on session 5e3bc184-7a33-4897-be3c-42f3725c7fda to remote] http.headers 138 - http-outgoing-27 &gt;&gt; User-Agent: Apache-HttpClient/4.5.1 (Java/1.8.0_101)
08-01-2019 22:40:58 LoggingManagedHttpClientConnection.java DEBUG [Forwarding sendKeysToElement on session 5e3bc184-7a33-4897-be3c-42f3725c7fda to remote] http.headers 138 - http-outgoing-27 &gt;&gt; Accept-Encoding: gzip,deflate
08-01-2019 22:40:58 Wire.java DEBUG [Forwarding sendKeysToElement on session 5e3bc184-7a33-4897-be3c-42f3725c7fda to remote] http.wire 72 - http-outgoing-27 &gt;&gt; &quot;POST /hub/session/5e3bc184-7a33-4897-be3c-42f3725c7fda/element/%7Bd48908f8-e973-4d0b-b402-b02335f2e4d1%7D/value HTTP/1.1[\r][\n]&quot;
08-01-2019 22:40:58 Wire.java DEBUG [Forwarding sendKeysToElement on session 5e3bc184-7a33-4897-be3c-42f3725c7fda to remote] http.wire 72 - http-outgoing-27 &gt;&gt; &quot;Content-Type: application/json; charset=utf-8[\r][\n]&quot;
08-01-2019 22:40:58 Wire.java DEBUG [Forwarding sendKeysToElement on session 5e3bc184-7a33-4897-be3c-42f3725c7fda to remote] http.wire 72 - http-outgoing-27 &gt;&gt; &quot;Content-Length: 87[\r][\n]&quot;
08-01-2019 22:40:58 Wire.java DEBUG [Forwarding sendKeysToElement on session 5e3bc184-7a33-4897-be3c-42f3725c7fda to remote] http.wire 72 - http-outgoing-27 &gt;&gt; &quot;Host: 127.0.0.1:7055[\r][\n]&quot;
08-01-2019 22:40:58 Wire.java DEBUG [Forwarding sendKeysToElement on session 5e3bc184-7a33-4897-be3c-42f3725c7fda to remote] http.wire 72 - http-outgoing-27 &gt;&gt; &quot;Connection: Keep-Alive[\r][\n]&quot;
08-01-2019 22:40:58 Wire.java DEBUG [Forwarding sendKeysToElement on session 5e3bc184-7a33-4897-be3c-42f3725c7fda to remote] http.wire 72 - http-outgoing-27 &gt;&gt; &quot;User-Agent: Apache-HttpClient/4.5.1 (Java/1.8.0_101)[\r][\n]&quot;
08-01-2019 22:40:58 Wire.java DEBUG [Forwarding sendKeysToElement on session 5e3bc184-7a33-4897-be3c-42f3725c7fda to remote] http.wire 72 - http-outgoing-27 &gt;&gt; &quot;Accept-Encoding: gzip,deflate[\r][\n]&quot;
08-01-2019 22:40:58 Wire.java DEBUG [Forwarding sendKeysToElement on session 5e3bc184-7a33-4897-be3c-42f3725c7fda to remote] http.wire 72 - http-outgoing-27 &gt;&gt; &quot;[\r][\n]&quot;
08-01-2019 22:40:58 Wire.java DEBUG [Forwarding sendKeysToElement on session 5e3bc184-7a33-4897-be3c-42f3725c7fda to remote] http.wire 86 - http-outgoing-27 &gt;&gt; &quot;{&quot;id&quot;:&quot;{d48908f8-e973-4d0b-b402-b02335f2e4d1}&quot;,&quot;value&quot;:[&quot;niteshwayafalkar2@yahoo.com&quot;]}&quot;
08-01-2019 22:40:58 Wire.java DEBUG [Forwarding sendKeysToElement on session 5e3bc184-7a33-4897-be3c-42f3725c7fda to remote] http.wire 72 - http-outgoing-27 &lt;&lt; &quot;HTTP/1.1 200 OK[\r][\n]&quot;
08-01-2019 22:40:58 Wire.java DEBUG [Forwarding sendKeysToElement on session 5e3bc184-7a33-4897-be3c-42f3725c7fda to remote] http.wire 72 - http-outgoing-27 &lt;&lt; &quot;content-type: application/json; charset=UTF-8[\r][\n]&quot;
08-01-2019 22:40:58 Wire.java DEBUG [Forwarding sendKeysToElement on session 5e3bc184-7a33-4897-be3c-42f3725c7fda to remote] http.wire 72 - http-outgoing-27 &lt;&lt; &quot;connection: close[\r][\n]&quot;
08-01-2019 22:40:58 Wire.java DEBUG [Forwarding sendKeysToElement on session 5e3bc184-7a33-4897-be3c-42f3725c7fda to remote] http.wire 72 - http-outgoing-27 &lt;&lt; &quot;content-length: 101[\r][\n]&quot;
08-01-2019 22:40:58 Wire.java DEBUG [Forwarding sendKeysToElement on session 5e3bc184-7a33-4897-be3c-42f3725c7fda to remote] http.wire 72 - http-outgoing-27 &lt;&lt; &quot;server: httpd.js[\r][\n]&quot;
08-01-2019 22:40:58 Wire.java DEBUG [Forwarding sendKeysToElement on session 5e3bc184-7a33-4897-be3c-42f3725c7fda to remote] http.wire 72 - http-outgoing-27 &lt;&lt; &quot;date: Thu, 01 Aug 2019 17:10:58 GMT[\r][\n]&quot;
08-01-2019 22:40:58 Wire.java DEBUG [Forwarding sendKeysToElement on session 5e3bc184-7a33-4897-be3c-42f3725c7fda to remote] http.wire 72 - http-outgoing-27 &lt;&lt; &quot;[\r][\n]&quot;
08-01-2019 22:40:58 LoggingManagedHttpClientConnection.java DEBUG [Forwarding sendKeysToElement on session 5e3bc184-7a33-4897-be3c-42f3725c7fda to remote] http.headers 124 - http-outgoing-27 &lt;&lt; HTTP/1.1 200 OK
08-01-2019 22:40:58 LoggingManagedHttpClientConnection.java DEBUG [Forwarding sendKeysToElement on session 5e3bc184-7a33-4897-be3c-42f3725c7fda to remote] http.headers 127 - http-outgoing-27 &lt;&lt; content-type: application/json; charset=UTF-8
08-01-2019 22:40:58 LoggingManagedHttpClientConnection.java DEBUG [Forwarding sendKeysToElement on session 5e3bc184-7a33-4897-be3c-42f3725c7fda to remote] http.headers 127 - http-outgoing-27 &lt;&lt; connection: close
08-01-2019 22:40:58 LoggingManagedHttpClientConnection.java DEBUG [Forwarding sendKeysToElement on session 5e3bc184-7a33-4897-be3c-42f3725c7fda to remote] http.headers 127 - http-outgoing-27 &lt;&lt; content-length: 101
08-01-2019 22:40:58 LoggingManagedHttpClientConnection.java DEBUG [Forwarding sendKeysToElement on session 5e3bc184-7a33-4897-be3c-42f3725c7fda to remote] http.headers 127 - http-outgoing-27 &lt;&lt; server: httpd.js
08-01-2019 22:40:58 LoggingManagedHttpClientConnection.java DEBUG [Forwarding sendKeysToElement on session 5e3bc184-7a33-4897-be3c-42f3725c7fda to remote] http.headers 127 - http-outgoing-27 &lt;&lt; date: Thu, 01 Aug 2019 17:10:58 GMT
08-01-2019 22:40:58 Wire.java DEBUG [Forwarding sendKeysToElement on session 5e3bc184-7a33-4897-be3c-42f3725c7fda to remote] http.wire 86 - http-outgoing-27 &lt;&lt; &quot;{&quot;name&quot;:&quot;sendKeysToElement&quot;,&quot;sessionId&quot;:&quot;5e3bc184-7a33-4897-be3c-42f3725c7fda&quot;,&quot;status&quot;:0,&quot;value&quot;:&quot;&quot;}&quot;
08-01-2019 22:40:58 LoggingManagedHttpClientConnection.java DEBUG [Forwarding sendKeysToElement on session 5e3bc184-7a33-4897-be3c-42f3725c7fda to remote] conn.DefaultManagedHttpClientConnection 81 - http-outgoing-27: Close connection
08-01-2019 22:40:58 ConnectionHolder.java DEBUG [Forwarding sendKeysToElement on session 5e3bc184-7a33-4897-be3c-42f3725c7fda to remote] execchain.MainClientExec 103 - Connection discarded
08-01-2019 22:40:58 PoolingHttpClientConnectionManager.java DEBUG [Forwarding sendKeysToElement on session 5e3bc184-7a33-4897-be3c-42f3725c7fda to remote] conn.PoolingHttpClientConnectionManager 320 - Connection released: [id: 27][route: {}-&gt;http://127.0.0.1:7055][total kept alive: 0; route allocated: 0 of 2000; total allocated: 0 of 2000]
08-01-2019 22:40:58 RequestAddCookies.java DEBUG [Forwarding findElement on session 5e3bc184-7a33-4897-be3c-42f3725c7fda to remote] protocol.RequestAddCookies 122 - CookieSpec selected: default
08-01-2019 22:40:58 RequestAuthCache.java DEBUG [Forwarding findElement on session 5e3bc184-7a33-4897-be3c-42f3725c7fda to remote] protocol.RequestAuthCache 76 - Auth cache not set in the context
08-01-2019 22:40:58 PoolingHttpClientConnectionManager.java DEBUG [Forwarding findElement on session 5e3bc184-7a33-4897-be3c-42f3725c7fda to remote] conn.PoolingHttpClientConnectionManager 249 - Connection request: [route: {}-&gt;http://127.0.0.1:7055][total kept alive: 0; route allocated: 0 of 2000; total allocated: 0 of 2000]
08-01-2019 22:40:58 PoolingHttpClientConnectionManager.java DEBUG [Forwarding findElement on session 5e3bc184-7a33-4897-be3c-42f3725c7fda to remote] conn.PoolingHttpClientConnectionManager 282 - Connection leased: [id: 28][route: {}-&gt;http://127.0.0.1:7055][total kept alive: 0; route allocated: 1 of 2000; total allocated: 1 of 2000]
08-01-2019 22:40:58 MainClientExec.java DEBUG [Forwarding findElement on session 5e3bc184-7a33-4897-be3c-42f3725c7fda to remote] execchain.MainClientExec 234 - Opening connection {}-&gt;http://127.0.0.1:7055
08-01-2019 22:40:58 DefaultHttpClientConnectionOperator.java DEBUG [Forwarding findElement on session 5e3bc184-7a33-4897-be3c-42f3725c7fda to remote] conn.DefaultHttpClientConnectionOperator 131 - Connecting to /127.0.0.1:7055
08-01-2019 22:40:58 DefaultHttpClientConnectionOperator.java DEBUG [Forwarding findElement on session 5e3bc184-7a33-4897-be3c-42f3725c7fda to remote] conn.DefaultHttpClientConnectionOperator 138 - Connection established 127.0.0.1:56746&lt;-&gt;127.0.0.1:7055
08-01-2019 22:40:58 LoggingManagedHttpClientConnection.java DEBUG [Forwarding findElement on session 5e3bc184-7a33-4897-be3c-42f3725c7fda to remote] conn.DefaultManagedHttpClientConnection 90 - http-outgoing-28: set socket timeout to 10800000
08-01-2019 22:40:58 MainClientExec.java DEBUG [Forwarding findElement on session 5e3bc184-7a33-4897-be3c-42f3725c7fda to remote] execchain.MainClientExec 255 - Executing request POST /hub/session/5e3bc184-7a33-4897-be3c-42f3725c7fda/element HTTP/1.1
08-01-2019 22:40:58 MainClientExec.java DEBUG [Forwarding findElement on session 5e3bc184-7a33-4897-be3c-42f3725c7fda to remote] execchain.MainClientExec 260 - Target auth state: UNCHALLENGED
08-01-2019 22:40:58 MainClientExec.java DEBUG [Forwarding findElement on session 5e3bc184-7a33-4897-be3c-42f3725c7fda to remote] execchain.MainClientExec 266 - Proxy auth state: UNCHALLENGED
08-01-2019 22:40:58 LoggingManagedHttpClientConnection.java DEBUG [Forwarding findElement on session 5e3bc184-7a33-4897-be3c-42f3725c7fda to remote] http.headers 135 - http-outgoing-28 &gt;&gt; POST /hub/session/5e3bc184-7a33-4897-be3c-42f3725c7fda/element HTTP/1.1
08-01-2019 22:40:58 LoggingManagedHttpClientConnection.java DEBUG [Forwarding findElement on session 5e3bc184-7a33-4897-be3c-42f3725c7fda to remote] http.headers 138 - http-outgoing-28 &gt;&gt; Content-Type: application/json; charset=utf-8
08-01-2019 22:40:58 LoggingManagedHttpClientConnection.java DEBUG [Forwarding findElement on session 5e3bc184-7a33-4897-be3c-42f3725c7fda to remote] http.headers 138 - http-outgoing-28 &gt;&gt; Content-Length: 53
08-01-2019 22:40:58 LoggingManagedHttpClientConnection.java DEBUG [Forwarding findElement on session 5e3bc184-7a33-4897-be3c-42f3725c7fda to remote] http.headers 138 - http-outgoing-28 &gt;&gt; Host: 127.0.0.1:7055
08-01-2019 22:40:58 LoggingManagedHttpClientConnection.java DEBUG [Forwarding findElement on session 5e3bc184-7a33-4897-be3c-42f3725c7fda to remote] http.headers 138 - http-outgoing-28 &gt;&gt; Connection: Keep-Alive
08-01-2019 22:40:58 LoggingManagedHttpClientConnection.java DEBUG [Forwarding findElement on session 5e3bc184-7a33-4897-be3c-42f3725c7fda to remote] http.headers 138 - http-outgoing-28 &gt;&gt; User-Agent: Apache-HttpClient/4.5.1 (Java/1.8.0_101)
08-01-2019 22:40:58 LoggingManagedHttpClientConnection.java DEBUG [Forwarding findElement on session 5e3bc184-7a33-4897-be3c-42f3725c7fda to remote] http.headers 138 - http-outgoing-28 &gt;&gt; Accept-Encoding: gzip,deflate
08-01-2019 22:40:58 Wire.java DEBUG [Forwarding findElement on session 5e3bc184-7a33-4897-be3c-42f3725c7fda to remote] http.wire 72 - http-outgoing-28 &gt;&gt; &quot;POST /hub/session/5e3bc184-7a33-4897-be3c-42f3725c7fda/element HTTP/1.1[\r][\n]&quot;
08-01-2019 22:40:58 Wire.java DEBUG [Forwarding findElement on session 5e3bc184-7a33-4897-be3c-42f3725c7fda to remote] http.wire 72 - http-outgoing-28 &gt;&gt; &quot;Content-Type: application/json; charset=utf-8[\r][\n]&quot;
08-01-2019 22:40:58 Wire.java DEBUG [Forwarding findElement on session 5e3bc184-7a33-4897-be3c-42f3725c7fda to remote] http.wire 72 - http-outgoing-28 &gt;&gt; &quot;Content-Length: 53[\r][\n]&quot;
08-01-2019 22:40:58 Wire.java DEBUG [Forwarding findElement on session 5e3bc184-7a33-4897-be3c-42f3725c7fda to remote] http.wire 72 - http-outgoing-28 &gt;&gt; &quot;Host: 127.0.0.1:7055[\r][\n]&quot;
08-01-2019 22:40:58 Wire.java DEBUG [Forwarding findElement on session 5e3bc184-7a33-4897-be3c-42f3725c7fda to remote] http.wire 72 - http-outgoing-28 &gt;&gt; &quot;Connection: Keep-Alive[\r][\n]&quot;
08-01-2019 22:40:58 Wire.java DEBUG [Forwarding findElement on session 5e3bc184-7a33-4897-be3c-42f3725c7fda to remote] http.wire 72 - http-outgoing-28 &gt;&gt; &quot;User-Agent: Apache-HttpClient/4.5.1 (Java/1.8.0_101)[\r][\n]&quot;
08-01-2019 22:40:58 Wire.java DEBUG [Forwarding findElement on session 5e3bc184-7a33-4897-be3c-42f3725c7fda to remote] http.wire 72 - http-outgoing-28 &gt;&gt; &quot;Accept-Encoding: gzip,deflate[\r][\n]&quot;
08-01-2019 22:40:58 Wire.java DEBUG [Forwarding findElement on session 5e3bc184-7a33-4897-be3c-42f3725c7fda to remote] http.wire 72 - http-outgoing-28 &gt;&gt; &quot;[\r][\n]&quot;
08-01-2019 22:40:58 Wire.java DEBUG [Forwarding findElement on session 5e3bc184-7a33-4897-be3c-42f3725c7fda to remote] http.wire 86 - http-outgoing-28 &gt;&gt; &quot;{&quot;using&quot;:&quot;xpath&quot;,&quot;value&quot;:&quot;//input[@name=&apos;username&apos;]&quot;}&quot;
08-01-2019 22:40:58 Wire.java DEBUG [Forwarding findElement on session 5e3bc184-7a33-4897-be3c-42f3725c7fda to remote] http.wire 72 - http-outgoing-28 &lt;&lt; &quot;HTTP/1.1 200 OK[\r][\n]&quot;
08-01-2019 22:40:58 Wire.java DEBUG [Forwarding findElement on session 5e3bc184-7a33-4897-be3c-42f3725c7fda to remote] http.wire 72 - http-outgoing-28 &lt;&lt; &quot;content-type: application/json; charset=UTF-8[\r][\n]&quot;
08-01-2019 22:40:58 Wire.java DEBUG [Forwarding findElement on session 5e3bc184-7a33-4897-be3c-42f3725c7fda to remote] http.wire 72 - http-outgoing-28 &lt;&lt; &quot;connection: close[\r][\n]&quot;
08-01-2019 22:40:58 Wire.java DEBUG [Forwarding findElement on session 5e3bc184-7a33-4897-be3c-42f3725c7fda to remote] http.wire 72 - http-outgoing-28 &lt;&lt; &quot;content-length: 224[\r][\n]&quot;
08-01-2019 22:40:58 Wire.java DEBUG [Forwarding findElement on session 5e3bc184-7a33-4897-be3c-42f3725c7fda to remote] http.wire 72 - http-outgoing-28 &lt;&lt; &quot;server: httpd.js[\r][\n]&quot;
08-01-2019 22:40:58 Wire.java DEBUG [Forwarding findElement on session 5e3bc184-7a33-4897-be3c-42f3725c7fda to remote] http.wire 72 - http-outgoing-28 &lt;&lt; &quot;date: Thu, 01 Aug 2019 17:10:58 GMT[\r][\n]&quot;
08-01-2019 22:40:58 Wire.java DEBUG [Forwarding findElement on session 5e3bc184-7a33-4897-be3c-42f3725c7fda to remote] http.wire 72 - http-outgoing-28 &lt;&lt; &quot;[\r][\n]&quot;
08-01-2019 22:40:58 LoggingManagedHttpClientConnection.java DEBUG [Forwarding findElement on session 5e3bc184-7a33-4897-be3c-42f3725c7fda to remote] http.headers 124 - http-outgoing-28 &lt;&lt; HTTP/1.1 200 OK
08-01-2019 22:40:58 LoggingManagedHttpClientConnection.java DEBUG [Forwarding findElement on session 5e3bc184-7a33-4897-be3c-42f3725c7fda to remote] http.headers 127 - http-outgoing-28 &lt;&lt; content-type: application/json; charset=UTF-8
08-01-2019 22:40:58 LoggingManagedHttpClientConnection.java DEBUG [Forwarding findElement on session 5e3bc184-7a33-4897-be3c-42f3725c7fda to remote] http.headers 127 - http-outgoing-28 &lt;&lt; connection: close
08-01-2019 22:40:58 LoggingManagedHttpClientConnection.java DEBUG [Forwarding findElement on session 5e3bc184-7a33-4897-be3c-42f3725c7fda to remote] http.headers 127 - http-outgoing-28 &lt;&lt; content-length: 224
08-01-2019 22:40:58 LoggingManagedHttpClientConnection.java DEBUG [Forwarding findElement on session 5e3bc184-7a33-4897-be3c-42f3725c7fda to remote] http.headers 127 - http-outgoing-28 &lt;&lt; server: httpd.js
08-01-2019 22:40:58 LoggingManagedHttpClientConnection.java DEBUG [Forwarding findElement on session 5e3bc184-7a33-4897-be3c-42f3725c7fda to remote] http.headers 127 - http-outgoing-28 &lt;&lt; date: Thu, 01 Aug 2019 17:10:58 GMT
08-01-2019 22:40:58 Wire.java DEBUG [Forwarding findElement on session 5e3bc184-7a33-4897-be3c-42f3725c7fda to remote] http.wire 86 - http-outgoing-28 &lt;&lt; &quot;{&quot;name&quot;:&quot;findElement&quot;,&quot;sessionId&quot;:&quot;5e3bc184-7a33-4897-be3c-42f3725c7fda&quot;,&quot;status&quot;:0,&quot;value&quot;:{&quot;ELEMENT&quot;:&quot;{9f3e17ee-db12-4d19-85ec-fb09ef98c050}&quot;,&quot;element-6066-11e4-a52e-4f735466cecf&quot;:&quot;{9f3e17ee-db12-4d19-85ec-fb09ef98c050}&quot;}}&quot;
08-01-2019 22:40:58 LoggingManagedHttpClientConnection.java DEBUG [Forwarding findElement on session 5e3bc184-7a33-4897-be3c-42f3725c7fda to remote] conn.DefaultManagedHttpClientConnection 81 - http-outgoing-28: Close connection
08-01-2019 22:40:58 ConnectionHolder.java DEBUG [Forwarding findElement on session 5e3bc184-7a33-4897-be3c-42f3725c7fda to remote] execchain.MainClientExec 103 - Connection discarded
08-01-2019 22:40:58 PoolingHttpClientConnectionManager.java DEBUG [Forwarding findElement on session 5e3bc184-7a33-4897-be3c-42f3725c7fda to remote] conn.PoolingHttpClientConnectionManager 320 - Connection released: [id: 28][route: {}-&gt;http://127.0.0.1:7055][total kept alive: 0; route allocated: 0 of 2000; total allocated: 0 of 2000]
08-01-2019 22:40:58 RequestAddCookies.java DEBUG [Forwarding sendKeysToElement on session 5e3bc184-7a33-4897-be3c-42f3725c7fda to remote] protocol.RequestAddCookies 122 - CookieSpec selected: default
08-01-2019 22:40:58 RequestAuthCache.java DEBUG [Forwarding sendKeysToElement on session 5e3bc184-7a33-4897-be3c-42f3725c7fda to remote] protocol.RequestAuthCache 76 - Auth cache not set in the context
08-01-2019 22:40:58 PoolingHttpClientConnectionManager.java DEBUG [Forwarding sendKeysToElement on session 5e3bc184-7a33-4897-be3c-42f3725c7fda to remote] conn.PoolingHttpClientConnectionManager 249 - Connection request: [route: {}-&gt;http://127.0.0.1:7055][total kept alive: 0; route allocated: 0 of 2000; total allocated: 0 of 2000]
08-01-2019 22:40:58 PoolingHttpClientConnectionManager.java DEBUG [Forwarding sendKeysToElement on session 5e3bc184-7a33-4897-be3c-42f3725c7fda to remote] conn.PoolingHttpClientConnectionManager 282 - Connection leased: [id: 29][route: {}-&gt;http://127.0.0.1:7055][total kept alive: 0; route allocated: 1 of 2000; total allocated: 1 of 2000]
08-01-2019 22:40:58 MainClientExec.java DEBUG [Forwarding sendKeysToElement on session 5e3bc184-7a33-4897-be3c-42f3725c7fda to remote] execchain.MainClientExec 234 - Opening connection {}-&gt;http://127.0.0.1:7055
08-01-2019 22:40:58 DefaultHttpClientConnectionOperator.java DEBUG [Forwarding sendKeysToElement on session 5e3bc184-7a33-4897-be3c-42f3725c7fda to remote] conn.DefaultHttpClientConnectionOperator 131 - Connecting to /127.0.0.1:7055
08-01-2019 22:40:58 DefaultHttpClientConnectionOperator.java DEBUG [Forwarding sendKeysToElement on session 5e3bc184-7a33-4897-be3c-42f3725c7fda to remote] conn.DefaultHttpClientConnectionOperator 138 - Connection established 127.0.0.1:56747&lt;-&gt;127.0.0.1:7055
08-01-2019 22:40:58 LoggingManagedHttpClientConnection.java DEBUG [Forwarding sendKeysToElement on session 5e3bc184-7a33-4897-be3c-42f3725c7fda to remote] conn.DefaultManagedHttpClientConnection 90 - http-outgoing-29: set socket timeout to 10800000
08-01-2019 22:40:58 MainClientExec.java DEBUG [Forwarding sendKeysToElement on session 5e3bc184-7a33-4897-be3c-42f3725c7fda to remote] execchain.MainClientExec 255 - Executing request POST /hub/session/5e3bc184-7a33-4897-be3c-42f3725c7fda/element/%7B9f3e17ee-db12-4d19-85ec-fb09ef98c050%7D/value HTTP/1.1
08-01-2019 22:40:58 MainClientExec.java DEBUG [Forwarding sendKeysToElement on session 5e3bc184-7a33-4897-be3c-42f3725c7fda to remote] execchain.MainClientExec 260 - Target auth state: UNCHALLENGED
08-01-2019 22:40:58 MainClientExec.java DEBUG [Forwarding sendKeysToElement on session 5e3bc184-7a33-4897-be3c-42f3725c7fda to remote] execchain.MainClientExec 266 - Proxy auth state: UNCHALLENGED
08-01-2019 22:40:58 LoggingManagedHttpClientConnection.java DEBUG [Forwarding sendKeysToElement on session 5e3bc184-7a33-4897-be3c-42f3725c7fda to remote] http.headers 135 - http-outgoing-29 &gt;&gt; POST /hub/session/5e3bc184-7a33-4897-be3c-42f3725c7fda/element/%7B9f3e17ee-db12-4d19-85ec-fb09ef98c050%7D/value HTTP/1.1
08-01-2019 22:40:58 LoggingManagedHttpClientConnection.java DEBUG [Forwarding sendKeysToElement on session 5e3bc184-7a33-4897-be3c-42f3725c7fda to remote] http.headers 138 - http-outgoing-29 &gt;&gt; Content-Type: application/json; charset=utf-8
08-01-2019 22:40:58 LoggingManagedHttpClientConnection.java DEBUG [Forwarding sendKeysToElement on session 5e3bc184-7a33-4897-be3c-42f3725c7fda to remote] http.headers 138 - http-outgoing-29 &gt;&gt; Content-Length: 67
08-01-2019 22:40:58 LoggingManagedHttpClientConnection.java DEBUG [Forwarding sendKeysToElement on session 5e3bc184-7a33-4897-be3c-42f3725c7fda to remote] http.headers 138 - http-outgoing-29 &gt;&gt; Host: 127.0.0.1:7055
08-01-2019 22:40:58 LoggingManagedHttpClientConnection.java DEBUG [Forwarding sendKeysToElement on session 5e3bc184-7a33-4897-be3c-42f3725c7fda to remote] http.headers 138 - http-outgoing-29 &gt;&gt; Connection: Keep-Alive
08-01-2019 22:40:58 LoggingManagedHttpClientConnection.java DEBUG [Forwarding sendKeysToElement on session 5e3bc184-7a33-4897-be3c-42f3725c7fda to remote] http.headers 138 - http-outgoing-29 &gt;&gt; User-Agent: Apache-HttpClient/4.5.1 (Java/1.8.0_101)
08-01-2019 22:40:58 LoggingManagedHttpClientConnection.java DEBUG [Forwarding sendKeysToElement on session 5e3bc184-7a33-4897-be3c-42f3725c7fda to remote] http.headers 138 - http-outgoing-29 &gt;&gt; Accept-Encoding: gzip,deflate
08-01-2019 22:40:58 Wire.java DEBUG [Forwarding sendKeysToElement on session 5e3bc184-7a33-4897-be3c-42f3725c7fda to remote] http.wire 72 - http-outgoing-29 &gt;&gt; &quot;POST /hub/session/5e3bc184-7a33-4897-be3c-42f3725c7fda/element/%7B9f3e17ee-db12-4d19-85ec-fb09ef98c050%7D/value HTTP/1.1[\r][\n]&quot;
08-01-2019 22:40:58 Wire.java DEBUG [Forwarding sendKeysToElement on session 5e3bc184-7a33-4897-be3c-42f3725c7fda to remote] http.wire 72 - http-outgoing-29 &gt;&gt; &quot;Content-Type: application/json; charset=utf-8[\r][\n]&quot;
08-01-2019 22:40:58 Wire.java DEBUG [Forwarding sendKeysToElement on session 5e3bc184-7a33-4897-be3c-42f3725c7fda to remote] http.wire 72 - http-outgoing-29 &gt;&gt; &quot;Content-Length: 67[\r][\n]&quot;
08-01-2019 22:40:58 Wire.java DEBUG [Forwarding sendKeysToElement on session 5e3bc184-7a33-4897-be3c-42f3725c7fda to remote] http.wire 72 - http-outgoing-29 &gt;&gt; &quot;Host: 127.0.0.1:7055[\r][\n]&quot;
08-01-2019 22:40:58 Wire.java DEBUG [Forwarding sendKeysToElement on session 5e3bc184-7a33-4897-be3c-42f3725c7fda to remote] http.wire 72 - http-outgoing-29 &gt;&gt; &quot;Connection: Keep-Alive[\r][\n]&quot;
08-01-2019 22:40:58 Wire.java DEBUG [Forwarding sendKeysToElement on session 5e3bc184-7a33-4897-be3c-42f3725c7fda to remote] http.wire 72 - http-outgoing-29 &gt;&gt; &quot;User-Agent: Apache-HttpClient/4.5.1 (Java/1.8.0_101)[\r][\n]&quot;
08-01-2019 22:40:58 Wire.java DEBUG [Forwarding sendKeysToElement on session 5e3bc184-7a33-4897-be3c-42f3725c7fda to remote] http.wire 72 - http-outgoing-29 &gt;&gt; &quot;Accept-Encoding: gzip,deflate[\r][\n]&quot;
08-01-2019 22:40:58 Wire.java DEBUG [Forwarding sendKeysToElement on session 5e3bc184-7a33-4897-be3c-42f3725c7fda to remote] http.wire 72 - http-outgoing-29 &gt;&gt; &quot;[\r][\n]&quot;
08-01-2019 22:40:58 Wire.java DEBUG [Forwarding sendKeysToElement on session 5e3bc184-7a33-4897-be3c-42f3725c7fda to remote] http.wire 86 - http-outgoing-29 &gt;&gt; &quot;{&quot;id&quot;:&quot;{9f3e17ee-db12-4d19-85ec-fb09ef98c050}&quot;,&quot;value&quot;:[&quot;nitesh6&quot;]}&quot;
08-01-2019 22:40:58 Wire.java DEBUG [Forwarding sendKeysToElement on session 5e3bc184-7a33-4897-be3c-42f3725c7fda to remote] http.wire 72 - http-outgoing-29 &lt;&lt; &quot;HTTP/1.1 200 OK[\r][\n]&quot;
08-01-2019 22:40:58 Wire.java DEBUG [Forwarding sendKeysToElement on session 5e3bc184-7a33-4897-be3c-42f3725c7fda to remote] http.wire 72 - http-outgoing-29 &lt;&lt; &quot;content-type: application/json; charset=UTF-8[\r][\n]&quot;
08-01-2019 22:40:58 Wire.java DEBUG [Forwarding sendKeysToElement on session 5e3bc184-7a33-4897-be3c-42f3725c7fda to remote] http.wire 72 - http-outgoing-29 &lt;&lt; &quot;connection: close[\r][\n]&quot;
08-01-2019 22:40:58 Wire.java DEBUG [Forwarding sendKeysToElement on session 5e3bc184-7a33-4897-be3c-42f3725c7fda to remote] http.wire 72 - http-outgoing-29 &lt;&lt; &quot;content-length: 101[\r][\n]&quot;
08-01-2019 22:40:58 Wire.java DEBUG [Forwarding sendKeysToElement on session 5e3bc184-7a33-4897-be3c-42f3725c7fda to remote] http.wire 72 - http-outgoing-29 &lt;&lt; &quot;server: httpd.js[\r][\n]&quot;
08-01-2019 22:40:58 Wire.java DEBUG [Forwarding sendKeysToElement on session 5e3bc184-7a33-4897-be3c-42f3725c7fda to remote] http.wire 72 - http-outgoing-29 &lt;&lt; &quot;date: Thu, 01 Aug 2019 17:10:58 GMT[\r][\n]&quot;
08-01-2019 22:40:58 Wire.java DEBUG [Forwarding sendKeysToElement on session 5e3bc184-7a33-4897-be3c-42f3725c7fda to remote] http.wire 72 - http-outgoing-29 &lt;&lt; &quot;[\r][\n]&quot;
08-01-2019 22:40:58 LoggingManagedHttpClientConnection.java DEBUG [Forwarding sendKeysToElement on session 5e3bc184-7a33-4897-be3c-42f3725c7fda to remote] http.headers 124 - http-outgoing-29 &lt;&lt; HTTP/1.1 200 OK
08-01-2019 22:40:58 LoggingManagedHttpClientConnection.java DEBUG [Forwarding sendKeysToElement on session 5e3bc184-7a33-4897-be3c-42f3725c7fda to remote] http.headers 127 - http-outgoing-29 &lt;&lt; content-type: application/json; charset=UTF-8
08-01-2019 22:40:58 LoggingManagedHttpClientConnection.java DEBUG [Forwarding sendKeysToElement on session 5e3bc184-7a33-4897-be3c-42f3725c7fda to remote] http.headers 127 - http-outgoing-29 &lt;&lt; connection: close
08-01-2019 22:40:58 LoggingManagedHttpClientConnection.java DEBUG [Forwarding sendKeysToElement on session 5e3bc184-7a33-4897-be3c-42f3725c7fda to remote] http.headers 127 - http-outgoing-29 &lt;&lt; content-length: 101
08-01-2019 22:40:58 LoggingManagedHttpClientConnection.java DEBUG [Forwarding sendKeysToElement on session 5e3bc184-7a33-4897-be3c-42f3725c7fda to remote] http.headers 127 - http-outgoing-29 &lt;&lt; server: httpd.js
08-01-2019 22:40:58 LoggingManagedHttpClientConnection.java DEBUG [Forwarding sendKeysToElement on session 5e3bc184-7a33-4897-be3c-42f3725c7fda to remote] http.headers 127 - http-outgoing-29 &lt;&lt; date: Thu, 01 Aug 2019 17:10:58 GMT
08-01-2019 22:40:58 Wire.java DEBUG [Forwarding sendKeysToElement on session 5e3bc184-7a33-4897-be3c-42f3725c7fda to remote] http.wire 86 - http-outgoing-29 &lt;&lt; &quot;{&quot;name&quot;:&quot;sendKeysToElement&quot;,&quot;sessionId&quot;:&quot;5e3bc184-7a33-4897-be3c-42f3725c7fda&quot;,&quot;status&quot;:0,&quot;value&quot;:&quot;&quot;}&quot;
08-01-2019 22:40:58 LoggingManagedHttpClientConnection.java DEBUG [Forwarding sendKeysToElement on session 5e3bc184-7a33-4897-be3c-42f3725c7fda to remote] conn.DefaultManagedHttpClientConnection 81 - http-outgoing-29: Close connection
08-01-2019 22:40:58 ConnectionHolder.java DEBUG [Forwarding sendKeysToElement on session 5e3bc184-7a33-4897-be3c-42f3725c7fda to remote] execchain.MainClientExec 103 - Connection discarded
08-01-2019 22:40:58 PoolingHttpClientConnectionManager.java DEBUG [Forwarding sendKeysToElement on session 5e3bc184-7a33-4897-be3c-42f3725c7fda to remote] conn.PoolingHttpClientConnectionManager 320 - Connection released: [id: 29][route: {}-&gt;http://127.0.0.1:7055][total kept alive: 0; route allocated: 0 of 2000; total allocated: 0 of 2000]
08-01-2019 22:40:58 RequestAddCookies.java DEBUG [Forwarding findElement on session 5e3bc184-7a33-4897-be3c-42f3725c7fda to remote] protocol.RequestAddCookies 122 - CookieSpec selected: default
08-01-2019 22:40:58 RequestAuthCache.java DEBUG [Forwarding findElement on session 5e3bc184-7a33-4897-be3c-42f3725c7fda to remote] protocol.RequestAuthCache 76 - Auth cache not set in the context
08-01-2019 22:40:58 PoolingHttpClientConnectionManager.java DEBUG [Forwarding findElement on session 5e3bc184-7a33-4897-be3c-42f3725c7fda to remote] conn.PoolingHttpClientConnectionManager 249 - Connection request: [route: {}-&gt;http://127.0.0.1:7055][total kept alive: 0; route allocated: 0 of 2000; total allocated: 0 of 2000]
08-01-2019 22:40:58 PoolingHttpClientConnectionManager.java DEBUG [Forwarding findElement on session 5e3bc184-7a33-4897-be3c-42f3725c7fda to remote] conn.PoolingHttpClientConnectionManager 282 - Connection leased: [id: 30][route: {}-&gt;http://127.0.0.1:7055][total kept alive: 0; route allocated: 1 of 2000; total allocated: 1 of 2000]
08-01-2019 22:40:58 MainClientExec.java DEBUG [Forwarding findElement on session 5e3bc184-7a33-4897-be3c-42f3725c7fda to remote] execchain.MainClientExec 234 - Opening connection {}-&gt;http://127.0.0.1:7055
08-01-2019 22:40:58 DefaultHttpClientConnectionOperator.java DEBUG [Forwarding findElement on session 5e3bc184-7a33-4897-be3c-42f3725c7fda to remote] conn.DefaultHttpClientConnectionOperator 131 - Connecting to /127.0.0.1:7055
08-01-2019 22:40:58 DefaultHttpClientConnectionOperator.java DEBUG [Forwarding findElement on session 5e3bc184-7a33-4897-be3c-42f3725c7fda to remote] conn.DefaultHttpClientConnectionOperator 138 - Connection established 127.0.0.1:56748&lt;-&gt;127.0.0.1:7055
08-01-2019 22:40:58 LoggingManagedHttpClientConnection.java DEBUG [Forwarding findElement on session 5e3bc184-7a33-4897-be3c-42f3725c7fda to remote] conn.DefaultManagedHttpClientConnection 90 - http-outgoing-30: set socket timeout to 10800000
08-01-2019 22:40:58 MainClientExec.java DEBUG [Forwarding findElement on session 5e3bc184-7a33-4897-be3c-42f3725c7fda to remote] execchain.MainClientExec 255 - Executing request POST /hub/session/5e3bc184-7a33-4897-be3c-42f3725c7fda/element HTTP/1.1
08-01-2019 22:40:58 MainClientExec.java DEBUG [Forwarding findElement on session 5e3bc184-7a33-4897-be3c-42f3725c7fda to remote] execchain.MainClientExec 260 - Target auth state: UNCHALLENGED
08-01-2019 22:40:58 MainClientExec.java DEBUG [Forwarding findElement on session 5e3bc184-7a33-4897-be3c-42f3725c7fda to remote] execchain.MainClientExec 266 - Proxy auth state: UNCHALLENGED
08-01-2019 22:40:58 LoggingManagedHttpClientConnection.java DEBUG [Forwarding findElement on session 5e3bc184-7a33-4897-be3c-42f3725c7fda to remote] http.headers 135 - http-outgoing-30 &gt;&gt; POST /hub/session/5e3bc184-7a33-4897-be3c-42f3725c7fda/element HTTP/1.1
08-01-2019 22:40:58 LoggingManagedHttpClientConnection.java DEBUG [Forwarding findElement on session 5e3bc184-7a33-4897-be3c-42f3725c7fda to remote] http.headers 138 - http-outgoing-30 &gt;&gt; Content-Type: application/json; charset=utf-8
08-01-2019 22:40:58 LoggingManagedHttpClientConnection.java DEBUG [Forwarding findElement on session 5e3bc184-7a33-4897-be3c-42f3725c7fda to remote] http.headers 138 - http-outgoing-30 &gt;&gt; Content-Length: 53
08-01-2019 22:40:58 LoggingManagedHttpClientConnection.java DEBUG [Forwarding findElement on session 5e3bc184-7a33-4897-be3c-42f3725c7fda to remote] http.headers 138 - http-outgoing-30 &gt;&gt; Host: 127.0.0.1:7055
08-01-2019 22:40:58 LoggingManagedHttpClientConnection.java DEBUG [Forwarding findElement on session 5e3bc184-7a33-4897-be3c-42f3725c7fda to remote] http.headers 138 - http-outgoing-30 &gt;&gt; Connection: Keep-Alive
08-01-2019 22:40:58 LoggingManagedHttpClientConnection.java DEBUG [Forwarding findElement on session 5e3bc184-7a33-4897-be3c-42f3725c7fda to remote] http.headers 138 - http-outgoing-30 &gt;&gt; User-Agent: Apache-HttpClient/4.5.1 (Java/1.8.0_101)
08-01-2019 22:40:58 LoggingManagedHttpClientConnection.java DEBUG [Forwarding findElement on session 5e3bc184-7a33-4897-be3c-42f3725c7fda to remote] http.headers 138 - http-outgoing-30 &gt;&gt; Accept-Encoding: gzip,deflate
08-01-2019 22:40:58 Wire.java DEBUG [Forwarding findElement on session 5e3bc184-7a33-4897-be3c-42f3725c7fda to remote] http.wire 72 - http-outgoing-30 &gt;&gt; &quot;POST /hub/session/5e3bc184-7a33-4897-be3c-42f3725c7fda/element HTTP/1.1[\r][\n]&quot;
08-01-2019 22:40:58 Wire.java DEBUG [Forwarding findElement on session 5e3bc184-7a33-4897-be3c-42f3725c7fda to remote] http.wire 72 - http-outgoing-30 &gt;&gt; &quot;Content-Type: application/json; charset=utf-8[\r][\n]&quot;
08-01-2019 22:40:58 Wire.java DEBUG [Forwarding findElement on session 5e3bc184-7a33-4897-be3c-42f3725c7fda to remote] http.wire 72 - http-outgoing-30 &gt;&gt; &quot;Content-Length: 53[\r][\n]&quot;
08-01-2019 22:40:58 Wire.java DEBUG [Forwarding findElement on session 5e3bc184-7a33-4897-be3c-42f3725c7fda to remote] http.wire 72 - http-outgoing-30 &gt;&gt; &quot;Host: 127.0.0.1:7055[\r][\n]&quot;
08-01-2019 22:40:58 Wire.java DEBUG [Forwarding findElement on session 5e3bc184-7a33-4897-be3c-42f3725c7fda to remote] http.wire 72 - http-outgoing-30 &gt;&gt; &quot;Connection: Keep-Alive[\r][\n]&quot;
08-01-2019 22:40:58 Wire.java DEBUG [Forwarding findElement on session 5e3bc184-7a33-4897-be3c-42f3725c7fda to remote] http.wire 72 - http-outgoing-30 &gt;&gt; &quot;User-Agent: Apache-HttpClient/4.5.1 (Java/1.8.0_101)[\r][\n]&quot;
08-01-2019 22:40:58 Wire.java DEBUG [Forwarding findElement on session 5e3bc184-7a33-4897-be3c-42f3725c7fda to remote] http.wire 72 - http-outgoing-30 &gt;&gt; &quot;Accept-Encoding: gzip,deflate[\r][\n]&quot;
08-01-2019 22:40:58 Wire.java DEBUG [Forwarding findElement on session 5e3bc184-7a33-4897-be3c-42f3725c7fda to remote] http.wire 72 - http-outgoing-30 &gt;&gt; &quot;[\r][\n]&quot;
08-01-2019 22:40:58 Wire.java DEBUG [Forwarding findElement on session 5e3bc184-7a33-4897-be3c-42f3725c7fda to remote] http.wire 86 - http-outgoing-30 &gt;&gt; &quot;{&quot;using&quot;:&quot;xpath&quot;,&quot;value&quot;:&quot;//input[@name=&apos;password&apos;]&quot;}&quot;
08-01-2019 22:40:58 Wire.java DEBUG [Forwarding findElement on session 5e3bc184-7a33-4897-be3c-42f3725c7fda to remote] http.wire 72 - http-outgoing-30 &lt;&lt; &quot;HTTP/1.1 200 OK[\r][\n]&quot;
08-01-2019 22:40:58 Wire.java DEBUG [Forwarding findElement on session 5e3bc184-7a33-4897-be3c-42f3725c7fda to remote] http.wire 72 - http-outgoing-30 &lt;&lt; &quot;content-type: application/json; charset=UTF-8[\r][\n]&quot;
08-01-2019 22:40:58 Wire.java DEBUG [Forwarding findElement on session 5e3bc184-7a33-4897-be3c-42f3725c7fda to remote] http.wire 72 - http-outgoing-30 &lt;&lt; &quot;connection: close[\r][\n]&quot;
08-01-2019 22:40:58 Wire.java DEBUG [Forwarding findElement on session 5e3bc184-7a33-4897-be3c-42f3725c7fda to remote] http.wire 72 - http-outgoing-30 &lt;&lt; &quot;content-length: 224[\r][\n]&quot;
08-01-2019 22:40:58 Wire.java DEBUG [Forwarding findElement on session 5e3bc184-7a33-4897-be3c-42f3725c7fda to remote] http.wire 72 - http-outgoing-30 &lt;&lt; &quot;server: httpd.js[\r][\n]&quot;
08-01-2019 22:40:58 Wire.java DEBUG [Forwarding findElement on session 5e3bc184-7a33-4897-be3c-42f3725c7fda to remote] http.wire 72 - http-outgoing-30 &lt;&lt; &quot;date: Thu, 01 Aug 2019 17:10:58 GMT[\r][\n]&quot;
08-01-2019 22:40:58 Wire.java DEBUG [Forwarding findElement on session 5e3bc184-7a33-4897-be3c-42f3725c7fda to remote] http.wire 72 - http-outgoing-30 &lt;&lt; &quot;[\r][\n]&quot;
08-01-2019 22:40:58 LoggingManagedHttpClientConnection.java DEBUG [Forwarding findElement on session 5e3bc184-7a33-4897-be3c-42f3725c7fda to remote] http.headers 124 - http-outgoing-30 &lt;&lt; HTTP/1.1 200 OK
08-01-2019 22:40:58 LoggingManagedHttpClientConnection.java DEBUG [Forwarding findElement on session 5e3bc184-7a33-4897-be3c-42f3725c7fda to remote] http.headers 127 - http-outgoing-30 &lt;&lt; content-type: application/json; charset=UTF-8
08-01-2019 22:40:58 LoggingManagedHttpClientConnection.java DEBUG [Forwarding findElement on session 5e3bc184-7a33-4897-be3c-42f3725c7fda to remote] http.headers 127 - http-outgoing-30 &lt;&lt; connection: close
08-01-2019 22:40:58 LoggingManagedHttpClientConnection.java DEBUG [Forwarding findElement on session 5e3bc184-7a33-4897-be3c-42f3725c7fda to remote] http.headers 127 - http-outgoing-30 &lt;&lt; content-length: 224
08-01-2019 22:40:58 LoggingManagedHttpClientConnection.java DEBUG [Forwarding findElement on session 5e3bc184-7a33-4897-be3c-42f3725c7fda to remote] http.headers 127 - http-outgoing-30 &lt;&lt; server: httpd.js
08-01-2019 22:40:58 LoggingManagedHttpClientConnection.java DEBUG [Forwarding findElement on session 5e3bc184-7a33-4897-be3c-42f3725c7fda to remote] http.headers 127 - http-outgoing-30 &lt;&lt; date: Thu, 01 Aug 2019 17:10:58 GMT
08-01-2019 22:40:59 Wire.java DEBUG [Forwarding findElement on session 5e3bc184-7a33-4897-be3c-42f3725c7fda to remote] http.wire 86 - http-outgoing-30 &lt;&lt; &quot;{&quot;name&quot;:&quot;findElement&quot;,&quot;sessionId&quot;:&quot;5e3bc184-7a33-4897-be3c-42f3725c7fda&quot;,&quot;status&quot;:0,&quot;value&quot;:{&quot;ELEMENT&quot;:&quot;{ea5d796e-cf42-4669-8951-36fa94a73a6c}&quot;,&quot;element-6066-11e4-a52e-4f735466cecf&quot;:&quot;{ea5d796e-cf42-4669-8951-36fa94a73a6c}&quot;}}&quot;
08-01-2019 22:40:59 LoggingManagedHttpClientConnection.java DEBUG [Forwarding findElement on session 5e3bc184-7a33-4897-be3c-42f3725c7fda to remote] conn.DefaultManagedHttpClientConnection 81 - http-outgoing-30: Close connection
08-01-2019 22:40:59 ConnectionHolder.java DEBUG [Forwarding findElement on session 5e3bc184-7a33-4897-be3c-42f3725c7fda to remote] execchain.MainClientExec 103 - Connection discarded
08-01-2019 22:40:59 PoolingHttpClientConnectionManager.java DEBUG [Forwarding findElement on session 5e3bc184-7a33-4897-be3c-42f3725c7fda to remote] conn.PoolingHttpClientConnectionManager 320 - Connection released: [id: 30][route: {}-&gt;http://127.0.0.1:7055][total kept alive: 0; route allocated: 0 of 2000; total allocated: 0 of 2000]
08-01-2019 22:40:59 RequestAddCookies.java DEBUG [Forwarding sendKeysToElement on session 5e3bc184-7a33-4897-be3c-42f3725c7fda to remote] protocol.RequestAddCookies 122 - CookieSpec selected: default
08-01-2019 22:40:59 RequestAuthCache.java DEBUG [Forwarding sendKeysToElement on session 5e3bc184-7a33-4897-be3c-42f3725c7fda to remote] protocol.RequestAuthCache 76 - Auth cache not set in the context
08-01-2019 22:40:59 PoolingHttpClientConnectionManager.java DEBUG [Forwarding sendKeysToElement on session 5e3bc184-7a33-4897-be3c-42f3725c7fda to remote] conn.PoolingHttpClientConnectionManager 249 - Connection request: [route: {}-&gt;http://127.0.0.1:7055][total kept alive: 0; route allocated: 0 of 2000; total allocated: 0 of 2000]
08-01-2019 22:40:59 PoolingHttpClientConnectionManager.java DEBUG [Forwarding sendKeysToElement on session 5e3bc184-7a33-4897-be3c-42f3725c7fda to remote] conn.PoolingHttpClientConnectionManager 282 - Connection leased: [id: 31][route: {}-&gt;http://127.0.0.1:7055][total kept alive: 0; route allocated: 1 of 2000; total allocated: 1 of 2000]
08-01-2019 22:40:59 MainClientExec.java DEBUG [Forwarding sendKeysToElement on session 5e3bc184-7a33-4897-be3c-42f3725c7fda to remote] execchain.MainClientExec 234 - Opening connection {}-&gt;http://127.0.0.1:7055
08-01-2019 22:40:59 DefaultHttpClientConnectionOperator.java DEBUG [Forwarding sendKeysToElement on session 5e3bc184-7a33-4897-be3c-42f3725c7fda to remote] conn.DefaultHttpClientConnectionOperator 131 - Connecting to /127.0.0.1:7055
08-01-2019 22:40:59 DefaultHttpClientConnectionOperator.java DEBUG [Forwarding sendKeysToElement on session 5e3bc184-7a33-4897-be3c-42f3725c7fda to remote] conn.DefaultHttpClientConnectionOperator 138 - Connection established 127.0.0.1:56749&lt;-&gt;127.0.0.1:7055
08-01-2019 22:40:59 LoggingManagedHttpClientConnection.java DEBUG [Forwarding sendKeysToElement on session 5e3bc184-7a33-4897-be3c-42f3725c7fda to remote] conn.DefaultManagedHttpClientConnection 90 - http-outgoing-31: set socket timeout to 10800000
08-01-2019 22:40:59 MainClientExec.java DEBUG [Forwarding sendKeysToElement on session 5e3bc184-7a33-4897-be3c-42f3725c7fda to remote] execchain.MainClientExec 255 - Executing request POST /hub/session/5e3bc184-7a33-4897-be3c-42f3725c7fda/element/%7Bea5d796e-cf42-4669-8951-36fa94a73a6c%7D/value HTTP/1.1
08-01-2019 22:40:59 MainClientExec.java DEBUG [Forwarding sendKeysToElement on session 5e3bc184-7a33-4897-be3c-42f3725c7fda to remote] execchain.MainClientExec 260 - Target auth state: UNCHALLENGED
08-01-2019 22:40:59 MainClientExec.java DEBUG [Forwarding sendKeysToElement on session 5e3bc184-7a33-4897-be3c-42f3725c7fda to remote] execchain.MainClientExec 266 - Proxy auth state: UNCHALLENGED
08-01-2019 22:40:59 LoggingManagedHttpClientConnection.java DEBUG [Forwarding sendKeysToElement on session 5e3bc184-7a33-4897-be3c-42f3725c7fda to remote] http.headers 135 - http-outgoing-31 &gt;&gt; POST /hub/session/5e3bc184-7a33-4897-be3c-42f3725c7fda/element/%7Bea5d796e-cf42-4669-8951-36fa94a73a6c%7D/value HTTP/1.1
08-01-2019 22:40:59 LoggingManagedHttpClientConnection.java DEBUG [Forwarding sendKeysToElement on session 5e3bc184-7a33-4897-be3c-42f3725c7fda to remote] http.headers 138 - http-outgoing-31 &gt;&gt; Content-Type: application/json; charset=utf-8
08-01-2019 22:40:59 LoggingManagedHttpClientConnection.java DEBUG [Forwarding sendKeysToElement on session 5e3bc184-7a33-4897-be3c-42f3725c7fda to remote] http.headers 138 - http-outgoing-31 &gt;&gt; Content-Length: 68
08-01-2019 22:40:59 LoggingManagedHttpClientConnection.java DEBUG [Forwarding sendKeysToElement on session 5e3bc184-7a33-4897-be3c-42f3725c7fda to remote] http.headers 138 - http-outgoing-31 &gt;&gt; Host: 127.0.0.1:7055
08-01-2019 22:40:59 LoggingManagedHttpClientConnection.java DEBUG [Forwarding sendKeysToElement on session 5e3bc184-7a33-4897-be3c-42f3725c7fda to remote] http.headers 138 - http-outgoing-31 &gt;&gt; Connection: Keep-Alive
08-01-2019 22:40:59 LoggingManagedHttpClientConnection.java DEBUG [Forwarding sendKeysToElement on session 5e3bc184-7a33-4897-be3c-42f3725c7fda to remote] http.headers 138 - http-outgoing-31 &gt;&gt; User-Agent: Apache-HttpClient/4.5.1 (Java/1.8.0_101)
08-01-2019 22:40:59 LoggingManagedHttpClientConnection.java DEBUG [Forwarding sendKeysToElement on session 5e3bc184-7a33-4897-be3c-42f3725c7fda to remote] http.headers 138 - http-outgoing-31 &gt;&gt; Accept-Encoding: gzip,deflate
08-01-2019 22:40:59 Wire.java DEBUG [Forwarding sendKeysToElement on session 5e3bc184-7a33-4897-be3c-42f3725c7fda to remote] http.wire 72 - http-outgoing-31 &gt;&gt; &quot;POST /hub/session/5e3bc184-7a33-4897-be3c-42f3725c7fda/element/%7Bea5d796e-cf42-4669-8951-36fa94a73a6c%7D/value HTTP/1.1[\r][\n]&quot;
08-01-2019 22:40:59 Wire.java DEBUG [Forwarding sendKeysToElement on session 5e3bc184-7a33-4897-be3c-42f3725c7fda to remote] http.wire 72 - http-outgoing-31 &gt;&gt; &quot;Content-Type: application/json; charset=utf-8[\r][\n]&quot;
08-01-2019 22:40:59 Wire.java DEBUG [Forwarding sendKeysToElement on session 5e3bc184-7a33-4897-be3c-42f3725c7fda to remote] http.wire 72 - http-outgoing-31 &gt;&gt; &quot;Content-Length: 68[\r][\n]&quot;
08-01-2019 22:40:59 Wire.java DEBUG [Forwarding sendKeysToElement on session 5e3bc184-7a33-4897-be3c-42f3725c7fda to remote] http.wire 72 - http-outgoing-31 &gt;&gt; &quot;Host: 127.0.0.1:7055[\r][\n]&quot;
08-01-2019 22:40:59 Wire.java DEBUG [Forwarding sendKeysToElement on session 5e3bc184-7a33-4897-be3c-42f3725c7fda to remote] http.wire 72 - http-outgoing-31 &gt;&gt; &quot;Connection: Keep-Alive[\r][\n]&quot;
08-01-2019 22:40:59 Wire.java DEBUG [Forwarding sendKeysToElement on session 5e3bc184-7a33-4897-be3c-42f3725c7fda to remote] http.wire 72 - http-outgoing-31 &gt;&gt; &quot;User-Agent: Apache-HttpClient/4.5.1 (Java/1.8.0_101)[\r][\n]&quot;
08-01-2019 22:40:59 Wire.java DEBUG [Forwarding sendKeysToElement on session 5e3bc184-7a33-4897-be3c-42f3725c7fda to remote] http.wire 72 - http-outgoing-31 &gt;&gt; &quot;Accept-Encoding: gzip,deflate[\r][\n]&quot;
08-01-2019 22:40:59 Wire.java DEBUG [Forwarding sendKeysToElement on session 5e3bc184-7a33-4897-be3c-42f3725c7fda to remote] http.wire 72 - http-outgoing-31 &gt;&gt; &quot;[\r][\n]&quot;
08-01-2019 22:40:59 Wire.java DEBUG [Forwarding sendKeysToElement on session 5e3bc184-7a33-4897-be3c-42f3725c7fda to remote] http.wire 86 - http-outgoing-31 &gt;&gt; &quot;{&quot;id&quot;:&quot;{ea5d796e-cf42-4669-8951-36fa94a73a6c}&quot;,&quot;value&quot;:[&quot;test@123&quot;]}&quot;
08-01-2019 22:40:59 Wire.java DEBUG [Forwarding sendKeysToElement on session 5e3bc184-7a33-4897-be3c-42f3725c7fda to remote] http.wire 72 - http-outgoing-31 &lt;&lt; &quot;HTTP/1.1 200 OK[\r][\n]&quot;
08-01-2019 22:40:59 Wire.java DEBUG [Forwarding sendKeysToElement on session 5e3bc184-7a33-4897-be3c-42f3725c7fda to remote] http.wire 72 - http-outgoing-31 &lt;&lt; &quot;content-type: application/json; charset=UTF-8[\r][\n]&quot;
08-01-2019 22:40:59 Wire.java DEBUG [Forwarding sendKeysToElement on session 5e3bc184-7a33-4897-be3c-42f3725c7fda to remote] http.wire 72 - http-outgoing-31 &lt;&lt; &quot;connection: close[\r][\n]&quot;
08-01-2019 22:40:59 Wire.java DEBUG [Forwarding sendKeysToElement on session 5e3bc184-7a33-4897-be3c-42f3725c7fda to remote] http.wire 72 - http-outgoing-31 &lt;&lt; &quot;content-length: 101[\r][\n]&quot;
08-01-2019 22:40:59 Wire.java DEBUG [Forwarding sendKeysToElement on session 5e3bc184-7a33-4897-be3c-42f3725c7fda to remote] http.wire 72 - http-outgoing-31 &lt;&lt; &quot;server: httpd.js[\r][\n]&quot;
08-01-2019 22:40:59 Wire.java DEBUG [Forwarding sendKeysToElement on session 5e3bc184-7a33-4897-be3c-42f3725c7fda to remote] http.wire 72 - http-outgoing-31 &lt;&lt; &quot;date: Thu, 01 Aug 2019 17:10:59 GMT[\r][\n]&quot;
08-01-2019 22:40:59 Wire.java DEBUG [Forwarding sendKeysToElement on session 5e3bc184-7a33-4897-be3c-42f3725c7fda to remote] http.wire 72 - http-outgoing-31 &lt;&lt; &quot;[\r][\n]&quot;
08-01-2019 22:40:59 LoggingManagedHttpClientConnection.java DEBUG [Forwarding sendKeysToElement on session 5e3bc184-7a33-4897-be3c-42f3725c7fda to remote] http.headers 124 - http-outgoing-31 &lt;&lt; HTTP/1.1 200 OK
08-01-2019 22:40:59 LoggingManagedHttpClientConnection.java DEBUG [Forwarding sendKeysToElement on session 5e3bc184-7a33-4897-be3c-42f3725c7fda to remote] http.headers 127 - http-outgoing-31 &lt;&lt; content-type: application/json; charset=UTF-8
08-01-2019 22:40:59 LoggingManagedHttpClientConnection.java DEBUG [Forwarding sendKeysToElement on session 5e3bc184-7a33-4897-be3c-42f3725c7fda to remote] http.headers 127 - http-outgoing-31 &lt;&lt; connection: close
08-01-2019 22:40:59 LoggingManagedHttpClientConnection.java DEBUG [Forwarding sendKeysToElement on session 5e3bc184-7a33-4897-be3c-42f3725c7fda to remote] http.headers 127 - http-outgoing-31 &lt;&lt; content-length: 101
08-01-2019 22:40:59 LoggingManagedHttpClientConnection.java DEBUG [Forwarding sendKeysToElement on session 5e3bc184-7a33-4897-be3c-42f3725c7fda to remote] http.headers 127 - http-outgoing-31 &lt;&lt; server: httpd.js
08-01-2019 22:40:59 LoggingManagedHttpClientConnection.java DEBUG [Forwarding sendKeysToElement on session 5e3bc184-7a33-4897-be3c-42f3725c7fda to remote] http.headers 127 - http-outgoing-31 &lt;&lt; date: Thu, 01 Aug 2019 17:10:59 GMT
08-01-2019 22:40:59 Wire.java DEBUG [Forwarding sendKeysToElement on session 5e3bc184-7a33-4897-be3c-42f3725c7fda to remote] http.wire 86 - http-outgoing-31 &lt;&lt; &quot;{&quot;name&quot;:&quot;sendKeysToElement&quot;,&quot;sessionId&quot;:&quot;5e3bc184-7a33-4897-be3c-42f3725c7fda&quot;,&quot;status&quot;:0,&quot;value&quot;:&quot;&quot;}&quot;
08-01-2019 22:40:59 LoggingManagedHttpClientConnection.java DEBUG [Forwarding sendKeysToElement on session 5e3bc184-7a33-4897-be3c-42f3725c7fda to remote] conn.DefaultManagedHttpClientConnection 81 - http-outgoing-31: Close connection
08-01-2019 22:40:59 ConnectionHolder.java DEBUG [Forwarding sendKeysToElement on session 5e3bc184-7a33-4897-be3c-42f3725c7fda to remote] execchain.MainClientExec 103 - Connection discarded
08-01-2019 22:40:59 PoolingHttpClientConnectionManager.java DEBUG [Forwarding sendKeysToElement on session 5e3bc184-7a33-4897-be3c-42f3725c7fda to remote] conn.PoolingHttpClientConnectionManager 320 - Connection released: [id: 31][route: {}-&gt;http://127.0.0.1:7055][total kept alive: 0; route allocated: 0 of 2000; total allocated: 0 of 2000]
08-01-2019 22:40:59 RequestAddCookies.java DEBUG [Forwarding findElement on session 5e3bc184-7a33-4897-be3c-42f3725c7fda to remote] protocol.RequestAddCookies 122 - CookieSpec selected: default
08-01-2019 22:40:59 RequestAuthCache.java DEBUG [Forwarding findElement on session 5e3bc184-7a33-4897-be3c-42f3725c7fda to remote] protocol.RequestAuthCache 76 - Auth cache not set in the context
08-01-2019 22:40:59 PoolingHttpClientConnectionManager.java DEBUG [Forwarding findElement on session 5e3bc184-7a33-4897-be3c-42f3725c7fda to remote] conn.PoolingHttpClientConnectionManager 249 - Connection request: [route: {}-&gt;http://127.0.0.1:7055][total kept alive: 0; route allocated: 0 of 2000; total allocated: 0 of 2000]
08-01-2019 22:40:59 PoolingHttpClientConnectionManager.java DEBUG [Forwarding findElement on session 5e3bc184-7a33-4897-be3c-42f3725c7fda to remote] conn.PoolingHttpClientConnectionManager 282 - Connection leased: [id: 32][route: {}-&gt;http://127.0.0.1:7055][total kept alive: 0; route allocated: 1 of 2000; total allocated: 1 of 2000]
08-01-2019 22:40:59 MainClientExec.java DEBUG [Forwarding findElement on session 5e3bc184-7a33-4897-be3c-42f3725c7fda to remote] execchain.MainClientExec 234 - Opening connection {}-&gt;http://127.0.0.1:7055
08-01-2019 22:40:59 DefaultHttpClientConnectionOperator.java DEBUG [Forwarding findElement on session 5e3bc184-7a33-4897-be3c-42f3725c7fda to remote] conn.DefaultHttpClientConnectionOperator 131 - Connecting to /127.0.0.1:7055
08-01-2019 22:40:59 DefaultHttpClientConnectionOperator.java DEBUG [Forwarding findElement on session 5e3bc184-7a33-4897-be3c-42f3725c7fda to remote] conn.DefaultHttpClientConnectionOperator 138 - Connection established 127.0.0.1:56751&lt;-&gt;127.0.0.1:7055
08-01-2019 22:40:59 LoggingManagedHttpClientConnection.java DEBUG [Forwarding findElement on session 5e3bc184-7a33-4897-be3c-42f3725c7fda to remote] conn.DefaultManagedHttpClientConnection 90 - http-outgoing-32: set socket timeout to 10800000
08-01-2019 22:40:59 MainClientExec.java DEBUG [Forwarding findElement on session 5e3bc184-7a33-4897-be3c-42f3725c7fda to remote] execchain.MainClientExec 255 - Executing request POST /hub/session/5e3bc184-7a33-4897-be3c-42f3725c7fda/element HTTP/1.1
08-01-2019 22:40:59 MainClientExec.java DEBUG [Forwarding findElement on session 5e3bc184-7a33-4897-be3c-42f3725c7fda to remote] execchain.MainClientExec 260 - Target auth state: UNCHALLENGED
08-01-2019 22:40:59 MainClientExec.java DEBUG [Forwarding findElement on session 5e3bc184-7a33-4897-be3c-42f3725c7fda to remote] execchain.MainClientExec 266 - Proxy auth state: UNCHALLENGED
08-01-2019 22:40:59 LoggingManagedHttpClientConnection.java DEBUG [Forwarding findElement on session 5e3bc184-7a33-4897-be3c-42f3725c7fda to remote] http.headers 135 - http-outgoing-32 &gt;&gt; POST /hub/session/5e3bc184-7a33-4897-be3c-42f3725c7fda/element HTTP/1.1
08-01-2019 22:40:59 LoggingManagedHttpClientConnection.java DEBUG [Forwarding findElement on session 5e3bc184-7a33-4897-be3c-42f3725c7fda to remote] http.headers 138 - http-outgoing-32 &gt;&gt; Content-Type: application/json; charset=utf-8
08-01-2019 22:40:59 LoggingManagedHttpClientConnection.java DEBUG [Forwarding findElement on session 5e3bc184-7a33-4897-be3c-42f3725c7fda to remote] http.headers 138 - http-outgoing-32 &gt;&gt; Content-Length: 60
08-01-2019 22:40:59 LoggingManagedHttpClientConnection.java DEBUG [Forwarding findElement on session 5e3bc184-7a33-4897-be3c-42f3725c7fda to remote] http.headers 138 - http-outgoing-32 &gt;&gt; Host: 127.0.0.1:7055
08-01-2019 22:40:59 LoggingManagedHttpClientConnection.java DEBUG [Forwarding findElement on session 5e3bc184-7a33-4897-be3c-42f3725c7fda to remote] http.headers 138 - http-outgoing-32 &gt;&gt; Connection: Keep-Alive
08-01-2019 22:40:59 LoggingManagedHttpClientConnection.java DEBUG [Forwarding findElement on session 5e3bc184-7a33-4897-be3c-42f3725c7fda to remote] http.headers 138 - http-outgoing-32 &gt;&gt; User-Agent: Apache-HttpClient/4.5.1 (Java/1.8.0_101)
08-01-2019 22:40:59 LoggingManagedHttpClientConnection.java DEBUG [Forwarding findElement on session 5e3bc184-7a33-4897-be3c-42f3725c7fda to remote] http.headers 138 - http-outgoing-32 &gt;&gt; Accept-Encoding: gzip,deflate
08-01-2019 22:40:59 Wire.java DEBUG [Forwarding findElement on session 5e3bc184-7a33-4897-be3c-42f3725c7fda to remote] http.wire 72 - http-outgoing-32 &gt;&gt; &quot;POST /hub/session/5e3bc184-7a33-4897-be3c-42f3725c7fda/element HTTP/1.1[\r][\n]&quot;
08-01-2019 22:40:59 Wire.java DEBUG [Forwarding findElement on session 5e3bc184-7a33-4897-be3c-42f3725c7fda to remote] http.wire 72 - http-outgoing-32 &gt;&gt; &quot;Content-Type: application/json; charset=utf-8[\r][\n]&quot;
08-01-2019 22:40:59 Wire.java DEBUG [Forwarding findElement on session 5e3bc184-7a33-4897-be3c-42f3725c7fda to remote] http.wire 72 - http-outgoing-32 &gt;&gt; &quot;Content-Length: 60[\r][\n]&quot;
08-01-2019 22:40:59 Wire.java DEBUG [Forwarding findElement on session 5e3bc184-7a33-4897-be3c-42f3725c7fda to remote] http.wire 72 - http-outgoing-32 &gt;&gt; &quot;Host: 127.0.0.1:7055[\r][\n]&quot;
08-01-2019 22:40:59 Wire.java DEBUG [Forwarding findElement on session 5e3bc184-7a33-4897-be3c-42f3725c7fda to remote] http.wire 72 - http-outgoing-32 &gt;&gt; &quot;Connection: Keep-Alive[\r][\n]&quot;
08-01-2019 22:40:59 Wire.java DEBUG [Forwarding findElement on session 5e3bc184-7a33-4897-be3c-42f3725c7fda to remote] http.wire 72 - http-outgoing-32 &gt;&gt; &quot;User-Agent: Apache-HttpClient/4.5.1 (Java/1.8.0_101)[\r][\n]&quot;
08-01-2019 22:40:59 Wire.java DEBUG [Forwarding findElement on session 5e3bc184-7a33-4897-be3c-42f3725c7fda to remote] http.wire 72 - http-outgoing-32 &gt;&gt; &quot;Accept-Encoding: gzip,deflate[\r][\n]&quot;
08-01-2019 22:40:59 Wire.java DEBUG [Forwarding findElement on session 5e3bc184-7a33-4897-be3c-42f3725c7fda to remote] http.wire 72 - http-outgoing-32 &gt;&gt; &quot;[\r][\n]&quot;
08-01-2019 22:40:59 Wire.java DEBUG [Forwarding findElement on session 5e3bc184-7a33-4897-be3c-42f3725c7fda to remote] http.wire 86 - http-outgoing-32 &gt;&gt; &quot;{&quot;using&quot;:&quot;xpath&quot;,&quot;value&quot;:&quot;//input[@name=&apos;passwordconfirm&apos;]&quot;}&quot;
08-01-2019 22:40:59 Wire.java DEBUG [Forwarding findElement on session 5e3bc184-7a33-4897-be3c-42f3725c7fda to remote] http.wire 72 - http-outgoing-32 &lt;&lt; &quot;HTTP/1.1 200 OK[\r][\n]&quot;
08-01-2019 22:40:59 Wire.java DEBUG [Forwarding findElement on session 5e3bc184-7a33-4897-be3c-42f3725c7fda to remote] http.wire 72 - http-outgoing-32 &lt;&lt; &quot;content-type: application/json; charset=UTF-8[\r][\n]&quot;
08-01-2019 22:40:59 Wire.java DEBUG [Forwarding findElement on session 5e3bc184-7a33-4897-be3c-42f3725c7fda to remote] http.wire 72 - http-outgoing-32 &lt;&lt; &quot;connection: close[\r][\n]&quot;
08-01-2019 22:40:59 Wire.java DEBUG [Forwarding findElement on session 5e3bc184-7a33-4897-be3c-42f3725c7fda to remote] http.wire 72 - http-outgoing-32 &lt;&lt; &quot;content-length: 224[\r][\n]&quot;
08-01-2019 22:40:59 Wire.java DEBUG [Forwarding findElement on session 5e3bc184-7a33-4897-be3c-42f3725c7fda to remote] http.wire 72 - http-outgoing-32 &lt;&lt; &quot;server: httpd.js[\r][\n]&quot;
08-01-2019 22:40:59 Wire.java DEBUG [Forwarding findElement on session 5e3bc184-7a33-4897-be3c-42f3725c7fda to remote] http.wire 72 - http-outgoing-32 &lt;&lt; &quot;date: Thu, 01 Aug 2019 17:10:59 GMT[\r][\n]&quot;
08-01-2019 22:40:59 Wire.java DEBUG [Forwarding findElement on session 5e3bc184-7a33-4897-be3c-42f3725c7fda to remote] http.wire 72 - http-outgoing-32 &lt;&lt; &quot;[\r][\n]&quot;
08-01-2019 22:40:59 LoggingManagedHttpClientConnection.java DEBUG [Forwarding findElement on session 5e3bc184-7a33-4897-be3c-42f3725c7fda to remote] http.headers 124 - http-outgoing-32 &lt;&lt; HTTP/1.1 200 OK
08-01-2019 22:40:59 LoggingManagedHttpClientConnection.java DEBUG [Forwarding findElement on session 5e3bc184-7a33-4897-be3c-42f3725c7fda to remote] http.headers 127 - http-outgoing-32 &lt;&lt; content-type: application/json; charset=UTF-8
08-01-2019 22:40:59 LoggingManagedHttpClientConnection.java DEBUG [Forwarding findElement on session 5e3bc184-7a33-4897-be3c-42f3725c7fda to remote] http.headers 127 - http-outgoing-32 &lt;&lt; connection: close
08-01-2019 22:40:59 LoggingManagedHttpClientConnection.java DEBUG [Forwarding findElement on session 5e3bc184-7a33-4897-be3c-42f3725c7fda to remote] http.headers 127 - http-outgoing-32 &lt;&lt; content-length: 224
08-01-2019 22:40:59 LoggingManagedHttpClientConnection.java DEBUG [Forwarding findElement on session 5e3bc184-7a33-4897-be3c-42f3725c7fda to remote] http.headers 127 - http-outgoing-32 &lt;&lt; server: httpd.js
08-01-2019 22:40:59 LoggingManagedHttpClientConnection.java DEBUG [Forwarding findElement on session 5e3bc184-7a33-4897-be3c-42f3725c7fda to remote] http.headers 127 - http-outgoing-32 &lt;&lt; date: Thu, 01 Aug 2019 17:10:59 GMT
08-01-2019 22:40:59 Wire.java DEBUG [Forwarding findElement on session 5e3bc184-7a33-4897-be3c-42f3725c7fda to remote] http.wire 86 - http-outgoing-32 &lt;&lt; &quot;{&quot;name&quot;:&quot;findElement&quot;,&quot;sessionId&quot;:&quot;5e3bc184-7a33-4897-be3c-42f3725c7fda&quot;,&quot;status&quot;:0,&quot;value&quot;:{&quot;ELEMENT&quot;:&quot;{ac8a7c9c-db15-4638-adb9-42a242f06dca}&quot;,&quot;element-6066-11e4-a52e-4f735466cecf&quot;:&quot;{ac8a7c9c-db15-4638-adb9-42a242f06dca}&quot;}}&quot;
08-01-2019 22:40:59 LoggingManagedHttpClientConnection.java DEBUG [Forwarding findElement on session 5e3bc184-7a33-4897-be3c-42f3725c7fda to remote] conn.DefaultManagedHttpClientConnection 81 - http-outgoing-32: Close connection
08-01-2019 22:40:59 ConnectionHolder.java DEBUG [Forwarding findElement on session 5e3bc184-7a33-4897-be3c-42f3725c7fda to remote] execchain.MainClientExec 103 - Connection discarded
08-01-2019 22:40:59 PoolingHttpClientConnectionManager.java DEBUG [Forwarding findElement on session 5e3bc184-7a33-4897-be3c-42f3725c7fda to remote] conn.PoolingHttpClientConnectionManager 320 - Connection released: [id: 32][route: {}-&gt;http://127.0.0.1:7055][total kept alive: 0; route allocated: 0 of 2000; total allocated: 0 of 2000]
08-01-2019 22:40:59 RequestAddCookies.java DEBUG [Forwarding sendKeysToElement on session 5e3bc184-7a33-4897-be3c-42f3725c7fda to remote] protocol.RequestAddCookies 122 - CookieSpec selected: default
08-01-2019 22:40:59 RequestAuthCache.java DEBUG [Forwarding sendKeysToElement on session 5e3bc184-7a33-4897-be3c-42f3725c7fda to remote] protocol.RequestAuthCache 76 - Auth cache not set in the context
08-01-2019 22:40:59 PoolingHttpClientConnectionManager.java DEBUG [Forwarding sendKeysToElement on session 5e3bc184-7a33-4897-be3c-42f3725c7fda to remote] conn.PoolingHttpClientConnectionManager 249 - Connection request: [route: {}-&gt;http://127.0.0.1:7055][total kept alive: 0; route allocated: 0 of 2000; total allocated: 0 of 2000]
08-01-2019 22:40:59 PoolingHttpClientConnectionManager.java DEBUG [Forwarding sendKeysToElement on session 5e3bc184-7a33-4897-be3c-42f3725c7fda to remote] conn.PoolingHttpClientConnectionManager 282 - Connection leased: [id: 33][route: {}-&gt;http://127.0.0.1:7055][total kept alive: 0; route allocated: 1 of 2000; total allocated: 1 of 2000]
08-01-2019 22:40:59 MainClientExec.java DEBUG [Forwarding sendKeysToElement on session 5e3bc184-7a33-4897-be3c-42f3725c7fda to remote] execchain.MainClientExec 234 - Opening connection {}-&gt;http://127.0.0.1:7055
08-01-2019 22:40:59 DefaultHttpClientConnectionOperator.java DEBUG [Forwarding sendKeysToElement on session 5e3bc184-7a33-4897-be3c-42f3725c7fda to remote] conn.DefaultHttpClientConnectionOperator 131 - Connecting to /127.0.0.1:7055
08-01-2019 22:40:59 DefaultHttpClientConnectionOperator.java DEBUG [Forwarding sendKeysToElement on session 5e3bc184-7a33-4897-be3c-42f3725c7fda to remote] conn.DefaultHttpClientConnectionOperator 138 - Connection established 127.0.0.1:56752&lt;-&gt;127.0.0.1:7055
08-01-2019 22:40:59 LoggingManagedHttpClientConnection.java DEBUG [Forwarding sendKeysToElement on session 5e3bc184-7a33-4897-be3c-42f3725c7fda to remote] conn.DefaultManagedHttpClientConnection 90 - http-outgoing-33: set socket timeout to 10800000
08-01-2019 22:40:59 MainClientExec.java DEBUG [Forwarding sendKeysToElement on session 5e3bc184-7a33-4897-be3c-42f3725c7fda to remote] execchain.MainClientExec 255 - Executing request POST /hub/session/5e3bc184-7a33-4897-be3c-42f3725c7fda/element/%7Bac8a7c9c-db15-4638-adb9-42a242f06dca%7D/value HTTP/1.1
08-01-2019 22:40:59 MainClientExec.java DEBUG [Forwarding sendKeysToElement on session 5e3bc184-7a33-4897-be3c-42f3725c7fda to remote] execchain.MainClientExec 260 - Target auth state: UNCHALLENGED
08-01-2019 22:40:59 MainClientExec.java DEBUG [Forwarding sendKeysToElement on session 5e3bc184-7a33-4897-be3c-42f3725c7fda to remote] execchain.MainClientExec 266 - Proxy auth state: UNCHALLENGED
08-01-2019 22:40:59 LoggingManagedHttpClientConnection.java DEBUG [Forwarding sendKeysToElement on session 5e3bc184-7a33-4897-be3c-42f3725c7fda to remote] http.headers 135 - http-outgoing-33 &gt;&gt; POST /hub/session/5e3bc184-7a33-4897-be3c-42f3725c7fda/element/%7Bac8a7c9c-db15-4638-adb9-42a242f06dca%7D/value HTTP/1.1
08-01-2019 22:40:59 LoggingManagedHttpClientConnection.java DEBUG [Forwarding sendKeysToElement on session 5e3bc184-7a33-4897-be3c-42f3725c7fda to remote] http.headers 138 - http-outgoing-33 &gt;&gt; Content-Type: application/json; charset=utf-8
08-01-2019 22:40:59 LoggingManagedHttpClientConnection.java DEBUG [Forwarding sendKeysToElement on session 5e3bc184-7a33-4897-be3c-42f3725c7fda to remote] http.headers 138 - http-outgoing-33 &gt;&gt; Content-Length: 68
08-01-2019 22:40:59 LoggingManagedHttpClientConnection.java DEBUG [Forwarding sendKeysToElement on session 5e3bc184-7a33-4897-be3c-42f3725c7fda to remote] http.headers 138 - http-outgoing-33 &gt;&gt; Host: 127.0.0.1:7055
08-01-2019 22:40:59 LoggingManagedHttpClientConnection.java DEBUG [Forwarding sendKeysToElement on session 5e3bc184-7a33-4897-be3c-42f3725c7fda to remote] http.headers 138 - http-outgoing-33 &gt;&gt; Connection: Keep-Alive
08-01-2019 22:40:59 LoggingManagedHttpClientConnection.java DEBUG [Forwarding sendKeysToElement on session 5e3bc184-7a33-4897-be3c-42f3725c7fda to remote] http.headers 138 - http-outgoing-33 &gt;&gt; User-Agent: Apache-HttpClient/4.5.1 (Java/1.8.0_101)
08-01-2019 22:40:59 LoggingManagedHttpClientConnection.java DEBUG [Forwarding sendKeysToElement on session 5e3bc184-7a33-4897-be3c-42f3725c7fda to remote] http.headers 138 - http-outgoing-33 &gt;&gt; Accept-Encoding: gzip,deflate
08-01-2019 22:40:59 Wire.java DEBUG [Forwarding sendKeysToElement on session 5e3bc184-7a33-4897-be3c-42f3725c7fda to remote] http.wire 72 - http-outgoing-33 &gt;&gt; &quot;POST /hub/session/5e3bc184-7a33-4897-be3c-42f3725c7fda/element/%7Bac8a7c9c-db15-4638-adb9-42a242f06dca%7D/value HTTP/1.1[\r][\n]&quot;
08-01-2019 22:40:59 Wire.java DEBUG [Forwarding sendKeysToElement on session 5e3bc184-7a33-4897-be3c-42f3725c7fda to remote] http.wire 72 - http-outgoing-33 &gt;&gt; &quot;Content-Type: application/json; charset=utf-8[\r][\n]&quot;
08-01-2019 22:40:59 Wire.java DEBUG [Forwarding sendKeysToElement on session 5e3bc184-7a33-4897-be3c-42f3725c7fda to remote] http.wire 72 - http-outgoing-33 &gt;&gt; &quot;Content-Length: 68[\r][\n]&quot;
08-01-2019 22:40:59 Wire.java DEBUG [Forwarding sendKeysToElement on session 5e3bc184-7a33-4897-be3c-42f3725c7fda to remote] http.wire 72 - http-outgoing-33 &gt;&gt; &quot;Host: 127.0.0.1:7055[\r][\n]&quot;
08-01-2019 22:40:59 Wire.java DEBUG [Forwarding sendKeysToElement on session 5e3bc184-7a33-4897-be3c-42f3725c7fda to remote] http.wire 72 - http-outgoing-33 &gt;&gt; &quot;Connection: Keep-Alive[\r][\n]&quot;
08-01-2019 22:40:59 Wire.java DEBUG [Forwarding sendKeysToElement on session 5e3bc184-7a33-4897-be3c-42f3725c7fda to remote] http.wire 72 - http-outgoing-33 &gt;&gt; &quot;User-Agent: Apache-HttpClient/4.5.1 (Java/1.8.0_101)[\r][\n]&quot;
08-01-2019 22:40:59 Wire.java DEBUG [Forwarding sendKeysToElement on session 5e3bc184-7a33-4897-be3c-42f3725c7fda to remote] http.wire 72 - http-outgoing-33 &gt;&gt; &quot;Accept-Encoding: gzip,deflate[\r][\n]&quot;
08-01-2019 22:40:59 Wire.java DEBUG [Forwarding sendKeysToElement on session 5e3bc184-7a33-4897-be3c-42f3725c7fda to remote] http.wire 72 - http-outgoing-33 &gt;&gt; &quot;[\r][\n]&quot;
08-01-2019 22:40:59 Wire.java DEBUG [Forwarding sendKeysToElement on session 5e3bc184-7a33-4897-be3c-42f3725c7fda to remote] http.wire 86 - http-outgoing-33 &gt;&gt; &quot;{&quot;id&quot;:&quot;{ac8a7c9c-db15-4638-adb9-42a242f06dca}&quot;,&quot;value&quot;:[&quot;test@123&quot;]}&quot;
08-01-2019 22:40:59 Wire.java DEBUG [Forwarding sendKeysToElement on session 5e3bc184-7a33-4897-be3c-42f3725c7fda to remote] http.wire 72 - http-outgoing-33 &lt;&lt; &quot;HTTP/1.1 200 OK[\r][\n]&quot;
08-01-2019 22:40:59 Wire.java DEBUG [Forwarding sendKeysToElement on session 5e3bc184-7a33-4897-be3c-42f3725c7fda to remote] http.wire 72 - http-outgoing-33 &lt;&lt; &quot;content-type: application/json; charset=UTF-8[\r][\n]&quot;
08-01-2019 22:40:59 Wire.java DEBUG [Forwarding sendKeysToElement on session 5e3bc184-7a33-4897-be3c-42f3725c7fda to remote] http.wire 72 - http-outgoing-33 &lt;&lt; &quot;connection: close[\r][\n]&quot;
08-01-2019 22:40:59 Wire.java DEBUG [Forwarding sendKeysToElement on session 5e3bc184-7a33-4897-be3c-42f3725c7fda to remote] http.wire 72 - http-outgoing-33 &lt;&lt; &quot;content-length: 101[\r][\n]&quot;
08-01-2019 22:40:59 Wire.java DEBUG [Forwarding sendKeysToElement on session 5e3bc184-7a33-4897-be3c-42f3725c7fda to remote] http.wire 72 - http-outgoing-33 &lt;&lt; &quot;server: httpd.js[\r][\n]&quot;
08-01-2019 22:40:59 Wire.java DEBUG [Forwarding sendKeysToElement on session 5e3bc184-7a33-4897-be3c-42f3725c7fda to remote] http.wire 72 - http-outgoing-33 &lt;&lt; &quot;date: Thu, 01 Aug 2019 17:10:59 GMT[\r][\n]&quot;
08-01-2019 22:40:59 Wire.java DEBUG [Forwarding sendKeysToElement on session 5e3bc184-7a33-4897-be3c-42f3725c7fda to remote] http.wire 72 - http-outgoing-33 &lt;&lt; &quot;[\r][\n]&quot;
08-01-2019 22:40:59 LoggingManagedHttpClientConnection.java DEBUG [Forwarding sendKeysToElement on session 5e3bc184-7a33-4897-be3c-42f3725c7fda to remote] http.headers 124 - http-outgoing-33 &lt;&lt; HTTP/1.1 200 OK
08-01-2019 22:40:59 LoggingManagedHttpClientConnection.java DEBUG [Forwarding sendKeysToElement on session 5e3bc184-7a33-4897-be3c-42f3725c7fda to remote] http.headers 127 - http-outgoing-33 &lt;&lt; content-type: application/json; charset=UTF-8
08-01-2019 22:40:59 LoggingManagedHttpClientConnection.java DEBUG [Forwarding sendKeysToElement on session 5e3bc184-7a33-4897-be3c-42f3725c7fda to remote] http.headers 127 - http-outgoing-33 &lt;&lt; connection: close
08-01-2019 22:40:59 LoggingManagedHttpClientConnection.java DEBUG [Forwarding sendKeysToElement on session 5e3bc184-7a33-4897-be3c-42f3725c7fda to remote] http.headers 127 - http-outgoing-33 &lt;&lt; content-length: 101
08-01-2019 22:40:59 LoggingManagedHttpClientConnection.java DEBUG [Forwarding sendKeysToElement on session 5e3bc184-7a33-4897-be3c-42f3725c7fda to remote] http.headers 127 - http-outgoing-33 &lt;&lt; server: httpd.js
08-01-2019 22:40:59 LoggingManagedHttpClientConnection.java DEBUG [Forwarding sendKeysToElement on session 5e3bc184-7a33-4897-be3c-42f3725c7fda to remote] http.headers 127 - http-outgoing-33 &lt;&lt; date: Thu, 01 Aug 2019 17:10:59 GMT
08-01-2019 22:40:59 Wire.java DEBUG [Forwarding sendKeysToElement on session 5e3bc184-7a33-4897-be3c-42f3725c7fda to remote] http.wire 86 - http-outgoing-33 &lt;&lt; &quot;{&quot;name&quot;:&quot;sendKeysToElement&quot;,&quot;sessionId&quot;:&quot;5e3bc184-7a33-4897-be3c-42f3725c7fda&quot;,&quot;status&quot;:0,&quot;value&quot;:&quot;&quot;}&quot;
08-01-2019 22:40:59 LoggingManagedHttpClientConnection.java DEBUG [Forwarding sendKeysToElement on session 5e3bc184-7a33-4897-be3c-42f3725c7fda to remote] conn.DefaultManagedHttpClientConnection 81 - http-outgoing-33: Close connection
08-01-2019 22:40:59 ConnectionHolder.java DEBUG [Forwarding sendKeysToElement on session 5e3bc184-7a33-4897-be3c-42f3725c7fda to remote] execchain.MainClientExec 103 - Connection discarded
08-01-2019 22:40:59 PoolingHttpClientConnectionManager.java DEBUG [Forwarding sendKeysToElement on session 5e3bc184-7a33-4897-be3c-42f3725c7fda to remote] conn.PoolingHttpClientConnectionManager 320 - Connection released: [id: 33][route: {}-&gt;http://127.0.0.1:7055][total kept alive: 0; route allocated: 0 of 2000; total allocated: 0 of 2000]
08-01-2019 22:40:59 RequestAddCookies.java DEBUG [Forwarding findElement on session 5e3bc184-7a33-4897-be3c-42f3725c7fda to remote] protocol.RequestAddCookies 122 - CookieSpec selected: default
08-01-2019 22:40:59 RequestAuthCache.java DEBUG [Forwarding findElement on session 5e3bc184-7a33-4897-be3c-42f3725c7fda to remote] protocol.RequestAuthCache 76 - Auth cache not set in the context
08-01-2019 22:40:59 PoolingHttpClientConnectionManager.java DEBUG [Forwarding findElement on session 5e3bc184-7a33-4897-be3c-42f3725c7fda to remote] conn.PoolingHttpClientConnectionManager 249 - Connection request: [route: {}-&gt;http://127.0.0.1:7055][total kept alive: 0; route allocated: 0 of 2000; total allocated: 0 of 2000]
08-01-2019 22:40:59 PoolingHttpClientConnectionManager.java DEBUG [Forwarding findElement on session 5e3bc184-7a33-4897-be3c-42f3725c7fda to remote] conn.PoolingHttpClientConnectionManager 282 - Connection leased: [id: 34][route: {}-&gt;http://127.0.0.1:7055][total kept alive: 0; route allocated: 1 of 2000; total allocated: 1 of 2000]
08-01-2019 22:40:59 MainClientExec.java DEBUG [Forwarding findElement on session 5e3bc184-7a33-4897-be3c-42f3725c7fda to remote] execchain.MainClientExec 234 - Opening connection {}-&gt;http://127.0.0.1:7055
08-01-2019 22:40:59 DefaultHttpClientConnectionOperator.java DEBUG [Forwarding findElement on session 5e3bc184-7a33-4897-be3c-42f3725c7fda to remote] conn.DefaultHttpClientConnectionOperator 131 - Connecting to /127.0.0.1:7055
08-01-2019 22:40:59 DefaultHttpClientConnectionOperator.java DEBUG [Forwarding findElement on session 5e3bc184-7a33-4897-be3c-42f3725c7fda to remote] conn.DefaultHttpClientConnectionOperator 138 - Connection established 127.0.0.1:56753&lt;-&gt;127.0.0.1:7055
08-01-2019 22:40:59 LoggingManagedHttpClientConnection.java DEBUG [Forwarding findElement on session 5e3bc184-7a33-4897-be3c-42f3725c7fda to remote] conn.DefaultManagedHttpClientConnection 90 - http-outgoing-34: set socket timeout to 10800000
08-01-2019 22:40:59 MainClientExec.java DEBUG [Forwarding findElement on session 5e3bc184-7a33-4897-be3c-42f3725c7fda to remote] execchain.MainClientExec 255 - Executing request POST /hub/session/5e3bc184-7a33-4897-be3c-42f3725c7fda/element HTTP/1.1
08-01-2019 22:40:59 MainClientExec.java DEBUG [Forwarding findElement on session 5e3bc184-7a33-4897-be3c-42f3725c7fda to remote] execchain.MainClientExec 260 - Target auth state: UNCHALLENGED
08-01-2019 22:40:59 MainClientExec.java DEBUG [Forwarding findElement on session 5e3bc184-7a33-4897-be3c-42f3725c7fda to remote] execchain.MainClientExec 266 - Proxy auth state: UNCHALLENGED
08-01-2019 22:40:59 LoggingManagedHttpClientConnection.java DEBUG [Forwarding findElement on session 5e3bc184-7a33-4897-be3c-42f3725c7fda to remote] http.headers 135 - http-outgoing-34 &gt;&gt; POST /hub/session/5e3bc184-7a33-4897-be3c-42f3725c7fda/element HTTP/1.1
08-01-2019 22:40:59 LoggingManagedHttpClientConnection.java DEBUG [Forwarding findElement on session 5e3bc184-7a33-4897-be3c-42f3725c7fda to remote] http.headers 138 - http-outgoing-34 &gt;&gt; Content-Type: application/json; charset=utf-8
08-01-2019 22:40:59 LoggingManagedHttpClientConnection.java DEBUG [Forwarding findElement on session 5e3bc184-7a33-4897-be3c-42f3725c7fda to remote] http.headers 138 - http-outgoing-34 &gt;&gt; Content-Length: 55
08-01-2019 22:40:59 LoggingManagedHttpClientConnection.java DEBUG [Forwarding findElement on session 5e3bc184-7a33-4897-be3c-42f3725c7fda to remote] http.headers 138 - http-outgoing-34 &gt;&gt; Host: 127.0.0.1:7055
08-01-2019 22:40:59 LoggingManagedHttpClientConnection.java DEBUG [Forwarding findElement on session 5e3bc184-7a33-4897-be3c-42f3725c7fda to remote] http.headers 138 - http-outgoing-34 &gt;&gt; Connection: Keep-Alive
08-01-2019 22:40:59 LoggingManagedHttpClientConnection.java DEBUG [Forwarding findElement on session 5e3bc184-7a33-4897-be3c-42f3725c7fda to remote] http.headers 138 - http-outgoing-34 &gt;&gt; User-Agent: Apache-HttpClient/4.5.1 (Java/1.8.0_101)
08-01-2019 22:40:59 LoggingManagedHttpClientConnection.java DEBUG [Forwarding findElement on session 5e3bc184-7a33-4897-be3c-42f3725c7fda to remote] http.headers 138 - http-outgoing-34 &gt;&gt; Accept-Encoding: gzip,deflate
08-01-2019 22:40:59 Wire.java DEBUG [Forwarding findElement on session 5e3bc184-7a33-4897-be3c-42f3725c7fda to remote] http.wire 72 - http-outgoing-34 &gt;&gt; &quot;POST /hub/session/5e3bc184-7a33-4897-be3c-42f3725c7fda/element HTTP/1.1[\r][\n]&quot;
08-01-2019 22:40:59 Wire.java DEBUG [Forwarding findElement on session 5e3bc184-7a33-4897-be3c-42f3725c7fda to remote] http.wire 72 - http-outgoing-34 &gt;&gt; &quot;Content-Type: application/json; charset=utf-8[\r][\n]&quot;
08-01-2019 22:40:59 Wire.java DEBUG [Forwarding findElement on session 5e3bc184-7a33-4897-be3c-42f3725c7fda to remote] http.wire 72 - http-outgoing-34 &gt;&gt; &quot;Content-Length: 55[\r][\n]&quot;
08-01-2019 22:40:59 Wire.java DEBUG [Forwarding findElement on session 5e3bc184-7a33-4897-be3c-42f3725c7fda to remote] http.wire 72 - http-outgoing-34 &gt;&gt; &quot;Host: 127.0.0.1:7055[\r][\n]&quot;
08-01-2019 22:40:59 Wire.java DEBUG [Forwarding findElement on session 5e3bc184-7a33-4897-be3c-42f3725c7fda to remote] http.wire 72 - http-outgoing-34 &gt;&gt; &quot;Connection: Keep-Alive[\r][\n]&quot;
08-01-2019 22:40:59 Wire.java DEBUG [Forwarding findElement on session 5e3bc184-7a33-4897-be3c-42f3725c7fda to remote] http.wire 72 - http-outgoing-34 &gt;&gt; &quot;User-Agent: Apache-HttpClient/4.5.1 (Java/1.8.0_101)[\r][\n]&quot;
08-01-2019 22:40:59 Wire.java DEBUG [Forwarding findElement on session 5e3bc184-7a33-4897-be3c-42f3725c7fda to remote] http.wire 72 - http-outgoing-34 &gt;&gt; &quot;Accept-Encoding: gzip,deflate[\r][\n]&quot;
08-01-2019 22:40:59 Wire.java DEBUG [Forwarding findElement on session 5e3bc184-7a33-4897-be3c-42f3725c7fda to remote] http.wire 72 - http-outgoing-34 &gt;&gt; &quot;[\r][\n]&quot;
08-01-2019 22:40:59 Wire.java DEBUG [Forwarding findElement on session 5e3bc184-7a33-4897-be3c-42f3725c7fda to remote] http.wire 86 - http-outgoing-34 &gt;&gt; &quot;{&quot;using&quot;:&quot;xpath&quot;,&quot;value&quot;:&quot;//input[@name=&apos;agreeTerms&apos;]&quot;}&quot;
08-01-2019 22:40:59 Wire.java DEBUG [Forwarding findElement on session 5e3bc184-7a33-4897-be3c-42f3725c7fda to remote] http.wire 72 - http-outgoing-34 &lt;&lt; &quot;HTTP/1.1 200 OK[\r][\n]&quot;
08-01-2019 22:40:59 Wire.java DEBUG [Forwarding findElement on session 5e3bc184-7a33-4897-be3c-42f3725c7fda to remote] http.wire 72 - http-outgoing-34 &lt;&lt; &quot;content-type: application/json; charset=UTF-8[\r][\n]&quot;
08-01-2019 22:40:59 Wire.java DEBUG [Forwarding findElement on session 5e3bc184-7a33-4897-be3c-42f3725c7fda to remote] http.wire 72 - http-outgoing-34 &lt;&lt; &quot;connection: close[\r][\n]&quot;
08-01-2019 22:40:59 Wire.java DEBUG [Forwarding findElement on session 5e3bc184-7a33-4897-be3c-42f3725c7fda to remote] http.wire 72 - http-outgoing-34 &lt;&lt; &quot;content-length: 224[\r][\n]&quot;
08-01-2019 22:40:59 Wire.java DEBUG [Forwarding findElement on session 5e3bc184-7a33-4897-be3c-42f3725c7fda to remote] http.wire 72 - http-outgoing-34 &lt;&lt; &quot;server: httpd.js[\r][\n]&quot;
08-01-2019 22:40:59 Wire.java DEBUG [Forwarding findElement on session 5e3bc184-7a33-4897-be3c-42f3725c7fda to remote] http.wire 72 - http-outgoing-34 &lt;&lt; &quot;date: Thu, 01 Aug 2019 17:10:59 GMT[\r][\n]&quot;
08-01-2019 22:40:59 Wire.java DEBUG [Forwarding findElement on session 5e3bc184-7a33-4897-be3c-42f3725c7fda to remote] http.wire 72 - http-outgoing-34 &lt;&lt; &quot;[\r][\n]&quot;
08-01-2019 22:40:59 LoggingManagedHttpClientConnection.java DEBUG [Forwarding findElement on session 5e3bc184-7a33-4897-be3c-42f3725c7fda to remote] http.headers 124 - http-outgoing-34 &lt;&lt; HTTP/1.1 200 OK
08-01-2019 22:40:59 LoggingManagedHttpClientConnection.java DEBUG [Forwarding findElement on session 5e3bc184-7a33-4897-be3c-42f3725c7fda to remote] http.headers 127 - http-outgoing-34 &lt;&lt; content-type: application/json; charset=UTF-8
08-01-2019 22:40:59 LoggingManagedHttpClientConnection.java DEBUG [Forwarding findElement on session 5e3bc184-7a33-4897-be3c-42f3725c7fda to remote] http.headers 127 - http-outgoing-34 &lt;&lt; connection: close
08-01-2019 22:40:59 LoggingManagedHttpClientConnection.java DEBUG [Forwarding findElement on session 5e3bc184-7a33-4897-be3c-42f3725c7fda to remote] http.headers 127 - http-outgoing-34 &lt;&lt; content-length: 224
08-01-2019 22:40:59 LoggingManagedHttpClientConnection.java DEBUG [Forwarding findElement on session 5e3bc184-7a33-4897-be3c-42f3725c7fda to remote] http.headers 127 - http-outgoing-34 &lt;&lt; server: httpd.js
08-01-2019 22:40:59 LoggingManagedHttpClientConnection.java DEBUG [Forwarding findElement on session 5e3bc184-7a33-4897-be3c-42f3725c7fda to remote] http.headers 127 - http-outgoing-34 &lt;&lt; date: Thu, 01 Aug 2019 17:10:59 GMT
08-01-2019 22:40:59 Wire.java DEBUG [Forwarding findElement on session 5e3bc184-7a33-4897-be3c-42f3725c7fda to remote] http.wire 86 - http-outgoing-34 &lt;&lt; &quot;{&quot;name&quot;:&quot;findElement&quot;,&quot;sessionId&quot;:&quot;5e3bc184-7a33-4897-be3c-42f3725c7fda&quot;,&quot;status&quot;:0,&quot;value&quot;:{&quot;ELEMENT&quot;:&quot;{9d2f4be8-d5dd-4030-8b9e-2fb0041b6d9b}&quot;,&quot;element-6066-11e4-a52e-4f735466cecf&quot;:&quot;{9d2f4be8-d5dd-4030-8b9e-2fb0041b6d9b}&quot;}}&quot;
08-01-2019 22:40:59 LoggingManagedHttpClientConnection.java DEBUG [Forwarding findElement on session 5e3bc184-7a33-4897-be3c-42f3725c7fda to remote] conn.DefaultManagedHttpClientConnection 81 - http-outgoing-34: Close connection
08-01-2019 22:40:59 ConnectionHolder.java DEBUG [Forwarding findElement on session 5e3bc184-7a33-4897-be3c-42f3725c7fda to remote] execchain.MainClientExec 103 - Connection discarded
08-01-2019 22:40:59 PoolingHttpClientConnectionManager.java DEBUG [Forwarding findElement on session 5e3bc184-7a33-4897-be3c-42f3725c7fda to remote] conn.PoolingHttpClientConnectionManager 320 - Connection released: [id: 34][route: {}-&gt;http://127.0.0.1:7055][total kept alive: 0; route allocated: 0 of 2000; total allocated: 0 of 2000]
08-01-2019 22:40:59 RequestAddCookies.java DEBUG [Forwarding clickElement on session 5e3bc184-7a33-4897-be3c-42f3725c7fda to remote] protocol.RequestAddCookies 122 - CookieSpec selected: default
08-01-2019 22:40:59 RequestAuthCache.java DEBUG [Forwarding clickElement on session 5e3bc184-7a33-4897-be3c-42f3725c7fda to remote] protocol.RequestAuthCache 76 - Auth cache not set in the context
08-01-2019 22:40:59 PoolingHttpClientConnectionManager.java DEBUG [Forwarding clickElement on session 5e3bc184-7a33-4897-be3c-42f3725c7fda to remote] conn.PoolingHttpClientConnectionManager 249 - Connection request: [route: {}-&gt;http://127.0.0.1:7055][total kept alive: 0; route allocated: 0 of 2000; total allocated: 0 of 2000]
08-01-2019 22:40:59 PoolingHttpClientConnectionManager.java DEBUG [Forwarding clickElement on session 5e3bc184-7a33-4897-be3c-42f3725c7fda to remote] conn.PoolingHttpClientConnectionManager 282 - Connection leased: [id: 35][route: {}-&gt;http://127.0.0.1:7055][total kept alive: 0; route allocated: 1 of 2000; total allocated: 1 of 2000]
08-01-2019 22:40:59 MainClientExec.java DEBUG [Forwarding clickElement on session 5e3bc184-7a33-4897-be3c-42f3725c7fda to remote] execchain.MainClientExec 234 - Opening connection {}-&gt;http://127.0.0.1:7055
08-01-2019 22:40:59 DefaultHttpClientConnectionOperator.java DEBUG [Forwarding clickElement on session 5e3bc184-7a33-4897-be3c-42f3725c7fda to remote] conn.DefaultHttpClientConnectionOperator 131 - Connecting to /127.0.0.1:7055
08-01-2019 22:40:59 DefaultHttpClientConnectionOperator.java DEBUG [Forwarding clickElement on session 5e3bc184-7a33-4897-be3c-42f3725c7fda to remote] conn.DefaultHttpClientConnectionOperator 138 - Connection established 127.0.0.1:56754&lt;-&gt;127.0.0.1:7055
08-01-2019 22:40:59 LoggingManagedHttpClientConnection.java DEBUG [Forwarding clickElement on session 5e3bc184-7a33-4897-be3c-42f3725c7fda to remote] conn.DefaultManagedHttpClientConnection 90 - http-outgoing-35: set socket timeout to 10800000
08-01-2019 22:40:59 MainClientExec.java DEBUG [Forwarding clickElement on session 5e3bc184-7a33-4897-be3c-42f3725c7fda to remote] execchain.MainClientExec 255 - Executing request POST /hub/session/5e3bc184-7a33-4897-be3c-42f3725c7fda/element/%7B9d2f4be8-d5dd-4030-8b9e-2fb0041b6d9b%7D/click HTTP/1.1
08-01-2019 22:40:59 MainClientExec.java DEBUG [Forwarding clickElement on session 5e3bc184-7a33-4897-be3c-42f3725c7fda to remote] execchain.MainClientExec 260 - Target auth state: UNCHALLENGED
08-01-2019 22:40:59 MainClientExec.java DEBUG [Forwarding clickElement on session 5e3bc184-7a33-4897-be3c-42f3725c7fda to remote] execchain.MainClientExec 266 - Proxy auth state: UNCHALLENGED
08-01-2019 22:40:59 LoggingManagedHttpClientConnection.java DEBUG [Forwarding clickElement on session 5e3bc184-7a33-4897-be3c-42f3725c7fda to remote] http.headers 135 - http-outgoing-35 &gt;&gt; POST /hub/session/5e3bc184-7a33-4897-be3c-42f3725c7fda/element/%7B9d2f4be8-d5dd-4030-8b9e-2fb0041b6d9b%7D/click HTTP/1.1
08-01-2019 22:40:59 LoggingManagedHttpClientConnection.java DEBUG [Forwarding clickElement on session 5e3bc184-7a33-4897-be3c-42f3725c7fda to remote] http.headers 138 - http-outgoing-35 &gt;&gt; Content-Type: application/json; charset=utf-8
08-01-2019 22:40:59 LoggingManagedHttpClientConnection.java DEBUG [Forwarding clickElement on session 5e3bc184-7a33-4897-be3c-42f3725c7fda to remote] http.headers 138 - http-outgoing-35 &gt;&gt; Content-Length: 47
08-01-2019 22:40:59 LoggingManagedHttpClientConnection.java DEBUG [Forwarding clickElement on session 5e3bc184-7a33-4897-be3c-42f3725c7fda to remote] http.headers 138 - http-outgoing-35 &gt;&gt; Host: 127.0.0.1:7055
08-01-2019 22:40:59 LoggingManagedHttpClientConnection.java DEBUG [Forwarding clickElement on session 5e3bc184-7a33-4897-be3c-42f3725c7fda to remote] http.headers 138 - http-outgoing-35 &gt;&gt; Connection: Keep-Alive
08-01-2019 22:40:59 LoggingManagedHttpClientConnection.java DEBUG [Forwarding clickElement on session 5e3bc184-7a33-4897-be3c-42f3725c7fda to remote] http.headers 138 - http-outgoing-35 &gt;&gt; User-Agent: Apache-HttpClient/4.5.1 (Java/1.8.0_101)
08-01-2019 22:40:59 LoggingManagedHttpClientConnection.java DEBUG [Forwarding clickElement on session 5e3bc184-7a33-4897-be3c-42f3725c7fda to remote] http.headers 138 - http-outgoing-35 &gt;&gt; Accept-Encoding: gzip,deflate
08-01-2019 22:40:59 Wire.java DEBUG [Forwarding clickElement on session 5e3bc184-7a33-4897-be3c-42f3725c7fda to remote] http.wire 72 - http-outgoing-35 &gt;&gt; &quot;POST /hub/session/5e3bc184-7a33-4897-be3c-42f3725c7fda/element/%7B9d2f4be8-d5dd-4030-8b9e-2fb0041b6d9b%7D/click HTTP/1.1[\r][\n]&quot;
08-01-2019 22:40:59 Wire.java DEBUG [Forwarding clickElement on session 5e3bc184-7a33-4897-be3c-42f3725c7fda to remote] http.wire 72 - http-outgoing-35 &gt;&gt; &quot;Content-Type: application/json; charset=utf-8[\r][\n]&quot;
08-01-2019 22:40:59 Wire.java DEBUG [Forwarding clickElement on session 5e3bc184-7a33-4897-be3c-42f3725c7fda to remote] http.wire 72 - http-outgoing-35 &gt;&gt; &quot;Content-Length: 47[\r][\n]&quot;
08-01-2019 22:40:59 Wire.java DEBUG [Forwarding clickElement on session 5e3bc184-7a33-4897-be3c-42f3725c7fda to remote] http.wire 72 - http-outgoing-35 &gt;&gt; &quot;Host: 127.0.0.1:7055[\r][\n]&quot;
08-01-2019 22:40:59 Wire.java DEBUG [Forwarding clickElement on session 5e3bc184-7a33-4897-be3c-42f3725c7fda to remote] http.wire 72 - http-outgoing-35 &gt;&gt; &quot;Connection: Keep-Alive[\r][\n]&quot;
08-01-2019 22:40:59 Wire.java DEBUG [Forwarding clickElement on session 5e3bc184-7a33-4897-be3c-42f3725c7fda to remote] http.wire 72 - http-outgoing-35 &gt;&gt; &quot;User-Agent: Apache-HttpClient/4.5.1 (Java/1.8.0_101)[\r][\n]&quot;
08-01-2019 22:40:59 Wire.java DEBUG [Forwarding clickElement on session 5e3bc184-7a33-4897-be3c-42f3725c7fda to remote] http.wire 72 - http-outgoing-35 &gt;&gt; &quot;Accept-Encoding: gzip,deflate[\r][\n]&quot;
08-01-2019 22:40:59 Wire.java DEBUG [Forwarding clickElement on session 5e3bc184-7a33-4897-be3c-42f3725c7fda to remote] http.wire 72 - http-outgoing-35 &gt;&gt; &quot;[\r][\n]&quot;
08-01-2019 22:40:59 Wire.java DEBUG [Forwarding clickElement on session 5e3bc184-7a33-4897-be3c-42f3725c7fda to remote] http.wire 86 - http-outgoing-35 &gt;&gt; &quot;{&quot;id&quot;:&quot;{9d2f4be8-d5dd-4030-8b9e-2fb0041b6d9b}&quot;}&quot;
08-01-2019 22:40:59 Wire.java DEBUG [Forwarding clickElement on session 5e3bc184-7a33-4897-be3c-42f3725c7fda to remote] http.wire 72 - http-outgoing-35 &lt;&lt; &quot;HTTP/1.1 200 OK[\r][\n]&quot;
08-01-2019 22:40:59 Wire.java DEBUG [Forwarding clickElement on session 5e3bc184-7a33-4897-be3c-42f3725c7fda to remote] http.wire 72 - http-outgoing-35 &lt;&lt; &quot;content-type: application/json; charset=UTF-8[\r][\n]&quot;
08-01-2019 22:40:59 Wire.java DEBUG [Forwarding clickElement on session 5e3bc184-7a33-4897-be3c-42f3725c7fda to remote] http.wire 72 - http-outgoing-35 &lt;&lt; &quot;connection: close[\r][\n]&quot;
08-01-2019 22:40:59 Wire.java DEBUG [Forwarding clickElement on session 5e3bc184-7a33-4897-be3c-42f3725c7fda to remote] http.wire 72 - http-outgoing-35 &lt;&lt; &quot;content-length: 98[\r][\n]&quot;
08-01-2019 22:40:59 Wire.java DEBUG [Forwarding clickElement on session 5e3bc184-7a33-4897-be3c-42f3725c7fda to remote] http.wire 72 - http-outgoing-35 &lt;&lt; &quot;server: httpd.js[\r][\n]&quot;
08-01-2019 22:40:59 Wire.java DEBUG [Forwarding clickElement on session 5e3bc184-7a33-4897-be3c-42f3725c7fda to remote] http.wire 72 - http-outgoing-35 &lt;&lt; &quot;date: Thu, 01 Aug 2019 17:10:59 GMT[\r][\n]&quot;
08-01-2019 22:40:59 Wire.java DEBUG [Forwarding clickElement on session 5e3bc184-7a33-4897-be3c-42f3725c7fda to remote] http.wire 72 - http-outgoing-35 &lt;&lt; &quot;[\r][\n]&quot;
08-01-2019 22:40:59 LoggingManagedHttpClientConnection.java DEBUG [Forwarding clickElement on session 5e3bc184-7a33-4897-be3c-42f3725c7fda to remote] http.headers 124 - http-outgoing-35 &lt;&lt; HTTP/1.1 200 OK
08-01-2019 22:40:59 LoggingManagedHttpClientConnection.java DEBUG [Forwarding clickElement on session 5e3bc184-7a33-4897-be3c-42f3725c7fda to remote] http.headers 127 - http-outgoing-35 &lt;&lt; content-type: application/json; charset=UTF-8
08-01-2019 22:40:59 LoggingManagedHttpClientConnection.java DEBUG [Forwarding clickElement on session 5e3bc184-7a33-4897-be3c-42f3725c7fda to remote] http.headers 127 - http-outgoing-35 &lt;&lt; connection: close
08-01-2019 22:40:59 LoggingManagedHttpClientConnection.java DEBUG [Forwarding clickElement on session 5e3bc184-7a33-4897-be3c-42f3725c7fda to remote] http.headers 127 - http-outgoing-35 &lt;&lt; content-length: 98
08-01-2019 22:40:59 LoggingManagedHttpClientConnection.java DEBUG [Forwarding clickElement on session 5e3bc184-7a33-4897-be3c-42f3725c7fda to remote] http.headers 127 - http-outgoing-35 &lt;&lt; server: httpd.js
08-01-2019 22:40:59 LoggingManagedHttpClientConnection.java DEBUG [Forwarding clickElement on session 5e3bc184-7a33-4897-be3c-42f3725c7fda to remote] http.headers 127 - http-outgoing-35 &lt;&lt; date: Thu, 01 Aug 2019 17:10:59 GMT
08-01-2019 22:40:59 Wire.java DEBUG [Forwarding clickElement on session 5e3bc184-7a33-4897-be3c-42f3725c7fda to remote] http.wire 86 - http-outgoing-35 &lt;&lt; &quot;{&quot;name&quot;:&quot;clickElement&quot;,&quot;sessionId&quot;:&quot;5e3bc184-7a33-4897-be3c-42f3725c7fda&quot;,&quot;status&quot;:0,&quot;value&quot;:&quot;ok&quot;}&quot;
08-01-2019 22:40:59 LoggingManagedHttpClientConnection.java DEBUG [Forwarding clickElement on session 5e3bc184-7a33-4897-be3c-42f3725c7fda to remote] conn.DefaultManagedHttpClientConnection 81 - http-outgoing-35: Close connection
08-01-2019 22:40:59 ConnectionHolder.java DEBUG [Forwarding clickElement on session 5e3bc184-7a33-4897-be3c-42f3725c7fda to remote] execchain.MainClientExec 103 - Connection discarded
08-01-2019 22:40:59 PoolingHttpClientConnectionManager.java DEBUG [Forwarding clickElement on session 5e3bc184-7a33-4897-be3c-42f3725c7fda to remote] conn.PoolingHttpClientConnectionManager 320 - Connection released: [id: 35][route: {}-&gt;http://127.0.0.1:7055][total kept alive: 0; route allocated: 0 of 2000; total allocated: 0 of 2000]
08-01-2019 22:40:59 RequestAddCookies.java DEBUG [Forwarding findElement on session 5e3bc184-7a33-4897-be3c-42f3725c7fda to remote] protocol.RequestAddCookies 122 - CookieSpec selected: default
08-01-2019 22:40:59 RequestAuthCache.java DEBUG [Forwarding findElement on session 5e3bc184-7a33-4897-be3c-42f3725c7fda to remote] protocol.RequestAuthCache 76 - Auth cache not set in the context
08-01-2019 22:40:59 PoolingHttpClientConnectionManager.java DEBUG [Forwarding findElement on session 5e3bc184-7a33-4897-be3c-42f3725c7fda to remote] conn.PoolingHttpClientConnectionManager 249 - Connection request: [route: {}-&gt;http://127.0.0.1:7055][total kept alive: 0; route allocated: 0 of 2000; total allocated: 0 of 2000]
08-01-2019 22:40:59 PoolingHttpClientConnectionManager.java DEBUG [Forwarding findElement on session 5e3bc184-7a33-4897-be3c-42f3725c7fda to remote] conn.PoolingHttpClientConnectionManager 282 - Connection leased: [id: 36][route: {}-&gt;http://127.0.0.1:7055][total kept alive: 0; route allocated: 1 of 2000; total allocated: 1 of 2000]
08-01-2019 22:40:59 MainClientExec.java DEBUG [Forwarding findElement on session 5e3bc184-7a33-4897-be3c-42f3725c7fda to remote] execchain.MainClientExec 234 - Opening connection {}-&gt;http://127.0.0.1:7055
08-01-2019 22:40:59 DefaultHttpClientConnectionOperator.java DEBUG [Forwarding findElement on session 5e3bc184-7a33-4897-be3c-42f3725c7fda to remote] conn.DefaultHttpClientConnectionOperator 131 - Connecting to /127.0.0.1:7055
08-01-2019 22:40:59 DefaultHttpClientConnectionOperator.java DEBUG [Forwarding findElement on session 5e3bc184-7a33-4897-be3c-42f3725c7fda to remote] conn.DefaultHttpClientConnectionOperator 138 - Connection established 127.0.0.1:56755&lt;-&gt;127.0.0.1:7055
08-01-2019 22:40:59 LoggingManagedHttpClientConnection.java DEBUG [Forwarding findElement on session 5e3bc184-7a33-4897-be3c-42f3725c7fda to remote] conn.DefaultManagedHttpClientConnection 90 - http-outgoing-36: set socket timeout to 10800000
08-01-2019 22:40:59 MainClientExec.java DEBUG [Forwarding findElement on session 5e3bc184-7a33-4897-be3c-42f3725c7fda to remote] execchain.MainClientExec 255 - Executing request POST /hub/session/5e3bc184-7a33-4897-be3c-42f3725c7fda/element HTTP/1.1
08-01-2019 22:40:59 MainClientExec.java DEBUG [Forwarding findElement on session 5e3bc184-7a33-4897-be3c-42f3725c7fda to remote] execchain.MainClientExec 260 - Target auth state: UNCHALLENGED
08-01-2019 22:40:59 MainClientExec.java DEBUG [Forwarding findElement on session 5e3bc184-7a33-4897-be3c-42f3725c7fda to remote] execchain.MainClientExec 266 - Proxy auth state: UNCHALLENGED
08-01-2019 22:40:59 LoggingManagedHttpClientConnection.java DEBUG [Forwarding findElement on session 5e3bc184-7a33-4897-be3c-42f3725c7fda to remote] http.headers 135 - http-outgoing-36 &gt;&gt; POST /hub/session/5e3bc184-7a33-4897-be3c-42f3725c7fda/element HTTP/1.1
08-01-2019 22:40:59 LoggingManagedHttpClientConnection.java DEBUG [Forwarding findElement on session 5e3bc184-7a33-4897-be3c-42f3725c7fda to remote] http.headers 138 - http-outgoing-36 &gt;&gt; Content-Type: application/json; charset=utf-8
08-01-2019 22:40:59 LoggingManagedHttpClientConnection.java DEBUG [Forwarding findElement on session 5e3bc184-7a33-4897-be3c-42f3725c7fda to remote] http.headers 138 - http-outgoing-36 &gt;&gt; Content-Length: 58
08-01-2019 22:40:59 LoggingManagedHttpClientConnection.java DEBUG [Forwarding findElement on session 5e3bc184-7a33-4897-be3c-42f3725c7fda to remote] http.headers 138 - http-outgoing-36 &gt;&gt; Host: 127.0.0.1:7055
08-01-2019 22:40:59 LoggingManagedHttpClientConnection.java DEBUG [Forwarding findElement on session 5e3bc184-7a33-4897-be3c-42f3725c7fda to remote] http.headers 138 - http-outgoing-36 &gt;&gt; Connection: Keep-Alive
08-01-2019 22:40:59 LoggingManagedHttpClientConnection.java DEBUG [Forwarding findElement on session 5e3bc184-7a33-4897-be3c-42f3725c7fda to remote] http.headers 138 - http-outgoing-36 &gt;&gt; User-Agent: Apache-HttpClient/4.5.1 (Java/1.8.0_101)
08-01-2019 22:40:59 LoggingManagedHttpClientConnection.java DEBUG [Forwarding findElement on session 5e3bc184-7a33-4897-be3c-42f3725c7fda to remote] http.headers 138 - http-outgoing-36 &gt;&gt; Accept-Encoding: gzip,deflate
08-01-2019 22:40:59 Wire.java DEBUG [Forwarding findElement on session 5e3bc184-7a33-4897-be3c-42f3725c7fda to remote] http.wire 72 - http-outgoing-36 &gt;&gt; &quot;POST /hub/session/5e3bc184-7a33-4897-be3c-42f3725c7fda/element HTTP/1.1[\r][\n]&quot;
08-01-2019 22:40:59 Wire.java DEBUG [Forwarding findElement on session 5e3bc184-7a33-4897-be3c-42f3725c7fda to remote] http.wire 72 - http-outgoing-36 &gt;&gt; &quot;Content-Type: application/json; charset=utf-8[\r][\n]&quot;
08-01-2019 22:40:59 Wire.java DEBUG [Forwarding findElement on session 5e3bc184-7a33-4897-be3c-42f3725c7fda to remote] http.wire 72 - http-outgoing-36 &gt;&gt; &quot;Content-Length: 58[\r][\n]&quot;
08-01-2019 22:40:59 Wire.java DEBUG [Forwarding findElement on session 5e3bc184-7a33-4897-be3c-42f3725c7fda to remote] http.wire 72 - http-outgoing-36 &gt;&gt; &quot;Host: 127.0.0.1:7055[\r][\n]&quot;
08-01-2019 22:40:59 Wire.java DEBUG [Forwarding findElement on session 5e3bc184-7a33-4897-be3c-42f3725c7fda to remote] http.wire 72 - http-outgoing-36 &gt;&gt; &quot;Connection: Keep-Alive[\r][\n]&quot;
08-01-2019 22:40:59 Wire.java DEBUG [Forwarding findElement on session 5e3bc184-7a33-4897-be3c-42f3725c7fda to remote] http.wire 72 - http-outgoing-36 &gt;&gt; &quot;User-Agent: Apache-HttpClient/4.5.1 (Java/1.8.0_101)[\r][\n]&quot;
08-01-2019 22:40:59 Wire.java DEBUG [Forwarding findElement on session 5e3bc184-7a33-4897-be3c-42f3725c7fda to remote] http.wire 72 - http-outgoing-36 &gt;&gt; &quot;Accept-Encoding: gzip,deflate[\r][\n]&quot;
08-01-2019 22:40:59 Wire.java DEBUG [Forwarding findElement on session 5e3bc184-7a33-4897-be3c-42f3725c7fda to remote] http.wire 72 - http-outgoing-36 &gt;&gt; &quot;[\r][\n]&quot;
08-01-2019 22:40:59 Wire.java DEBUG [Forwarding findElement on session 5e3bc184-7a33-4897-be3c-42f3725c7fda to remote] http.wire 86 - http-outgoing-36 &gt;&gt; &quot;{&quot;using&quot;:&quot;xpath&quot;,&quot;value&quot;:&quot;//button[@name=&apos;submitButton&apos;]&quot;}&quot;
08-01-2019 22:40:59 Wire.java DEBUG [Forwarding findElement on session 5e3bc184-7a33-4897-be3c-42f3725c7fda to remote] http.wire 72 - http-outgoing-36 &lt;&lt; &quot;HTTP/1.1 200 OK[\r][\n]&quot;
08-01-2019 22:40:59 Wire.java DEBUG [Forwarding findElement on session 5e3bc184-7a33-4897-be3c-42f3725c7fda to remote] http.wire 72 - http-outgoing-36 &lt;&lt; &quot;content-type: application/json; charset=UTF-8[\r][\n]&quot;
08-01-2019 22:40:59 Wire.java DEBUG [Forwarding findElement on session 5e3bc184-7a33-4897-be3c-42f3725c7fda to remote] http.wire 72 - http-outgoing-36 &lt;&lt; &quot;connection: close[\r][\n]&quot;
08-01-2019 22:40:59 Wire.java DEBUG [Forwarding findElement on session 5e3bc184-7a33-4897-be3c-42f3725c7fda to remote] http.wire 72 - http-outgoing-36 &lt;&lt; &quot;content-length: 224[\r][\n]&quot;
08-01-2019 22:40:59 Wire.java DEBUG [Forwarding findElement on session 5e3bc184-7a33-4897-be3c-42f3725c7fda to remote] http.wire 72 - http-outgoing-36 &lt;&lt; &quot;server: httpd.js[\r][\n]&quot;
08-01-2019 22:40:59 Wire.java DEBUG [Forwarding findElement on session 5e3bc184-7a33-4897-be3c-42f3725c7fda to remote] http.wire 72 - http-outgoing-36 &lt;&lt; &quot;date: Thu, 01 Aug 2019 17:10:59 GMT[\r][\n]&quot;
08-01-2019 22:40:59 Wire.java DEBUG [Forwarding findElement on session 5e3bc184-7a33-4897-be3c-42f3725c7fda to remote] http.wire 72 - http-outgoing-36 &lt;&lt; &quot;[\r][\n]&quot;
08-01-2019 22:40:59 LoggingManagedHttpClientConnection.java DEBUG [Forwarding findElement on session 5e3bc184-7a33-4897-be3c-42f3725c7fda to remote] http.headers 124 - http-outgoing-36 &lt;&lt; HTTP/1.1 200 OK
08-01-2019 22:40:59 LoggingManagedHttpClientConnection.java DEBUG [Forwarding findElement on session 5e3bc184-7a33-4897-be3c-42f3725c7fda to remote] http.headers 127 - http-outgoing-36 &lt;&lt; content-type: application/json; charset=UTF-8
08-01-2019 22:40:59 LoggingManagedHttpClientConnection.java DEBUG [Forwarding findElement on session 5e3bc184-7a33-4897-be3c-42f3725c7fda to remote] http.headers 127 - http-outgoing-36 &lt;&lt; connection: close
08-01-2019 22:40:59 LoggingManagedHttpClientConnection.java DEBUG [Forwarding findElement on session 5e3bc184-7a33-4897-be3c-42f3725c7fda to remote] http.headers 127 - http-outgoing-36 &lt;&lt; content-length: 224
08-01-2019 22:40:59 LoggingManagedHttpClientConnection.java DEBUG [Forwarding findElement on session 5e3bc184-7a33-4897-be3c-42f3725c7fda to remote] http.headers 127 - http-outgoing-36 &lt;&lt; server: httpd.js
08-01-2019 22:40:59 LoggingManagedHttpClientConnection.java DEBUG [Forwarding findElement on session 5e3bc184-7a33-4897-be3c-42f3725c7fda to remote] http.headers 127 - http-outgoing-36 &lt;&lt; date: Thu, 01 Aug 2019 17:10:59 GMT
08-01-2019 22:40:59 Wire.java DEBUG [Forwarding findElement on session 5e3bc184-7a33-4897-be3c-42f3725c7fda to remote] http.wire 86 - http-outgoing-36 &lt;&lt; &quot;{&quot;name&quot;:&quot;findElement&quot;,&quot;sessionId&quot;:&quot;5e3bc184-7a33-4897-be3c-42f3725c7fda&quot;,&quot;status&quot;:0,&quot;value&quot;:{&quot;ELEMENT&quot;:&quot;{cc0c3cdc-7d79-41d1-8a59-a1393d3cc145}&quot;,&quot;element-6066-11e4-a52e-4f735466cecf&quot;:&quot;{cc0c3cdc-7d79-41d1-8a59-a1393d3cc145}&quot;}}&quot;
08-01-2019 22:40:59 LoggingManagedHttpClientConnection.java DEBUG [Forwarding findElement on session 5e3bc184-7a33-4897-be3c-42f3725c7fda to remote] conn.DefaultManagedHttpClientConnection 81 - http-outgoing-36: Close connection
08-01-2019 22:40:59 ConnectionHolder.java DEBUG [Forwarding findElement on session 5e3bc184-7a33-4897-be3c-42f3725c7fda to remote] execchain.MainClientExec 103 - Connection discarded
08-01-2019 22:40:59 PoolingHttpClientConnectionManager.java DEBUG [Forwarding findElement on session 5e3bc184-7a33-4897-be3c-42f3725c7fda to remote] conn.PoolingHttpClientConnectionManager 320 - Connection released: [id: 36][route: {}-&gt;http://127.0.0.1:7055][total kept alive: 0; route allocated: 0 of 2000; total allocated: 0 of 2000]
08-01-2019 22:40:59 RequestAddCookies.java DEBUG [Forwarding clickElement on session 5e3bc184-7a33-4897-be3c-42f3725c7fda to remote] protocol.RequestAddCookies 122 - CookieSpec selected: default
08-01-2019 22:40:59 RequestAuthCache.java DEBUG [Forwarding clickElement on session 5e3bc184-7a33-4897-be3c-42f3725c7fda to remote] protocol.RequestAuthCache 76 - Auth cache not set in the context
08-01-2019 22:40:59 PoolingHttpClientConnectionManager.java DEBUG [Forwarding clickElement on session 5e3bc184-7a33-4897-be3c-42f3725c7fda to remote] conn.PoolingHttpClientConnectionManager 249 - Connection request: [route: {}-&gt;http://127.0.0.1:7055][total kept alive: 0; route allocated: 0 of 2000; total allocated: 0 of 2000]
08-01-2019 22:40:59 PoolingHttpClientConnectionManager.java DEBUG [Forwarding clickElement on session 5e3bc184-7a33-4897-be3c-42f3725c7fda to remote] conn.PoolingHttpClientConnectionManager 282 - Connection leased: [id: 37][route: {}-&gt;http://127.0.0.1:7055][total kept alive: 0; route allocated: 1 of 2000; total allocated: 1 of 2000]
08-01-2019 22:40:59 MainClientExec.java DEBUG [Forwarding clickElement on session 5e3bc184-7a33-4897-be3c-42f3725c7fda to remote] execchain.MainClientExec 234 - Opening connection {}-&gt;http://127.0.0.1:7055
08-01-2019 22:40:59 DefaultHttpClientConnectionOperator.java DEBUG [Forwarding clickElement on session 5e3bc184-7a33-4897-be3c-42f3725c7fda to remote] conn.DefaultHttpClientConnectionOperator 131 - Connecting to /127.0.0.1:7055
08-01-2019 22:40:59 DefaultHttpClientConnectionOperator.java DEBUG [Forwarding clickElement on session 5e3bc184-7a33-4897-be3c-42f3725c7fda to remote] conn.DefaultHttpClientConnectionOperator 138 - Connection established 127.0.0.1:56756&lt;-&gt;127.0.0.1:7055
08-01-2019 22:40:59 LoggingManagedHttpClientConnection.java DEBUG [Forwarding clickElement on session 5e3bc184-7a33-4897-be3c-42f3725c7fda to remote] conn.DefaultManagedHttpClientConnection 90 - http-outgoing-37: set socket timeout to 10800000
08-01-2019 22:40:59 MainClientExec.java DEBUG [Forwarding clickElement on session 5e3bc184-7a33-4897-be3c-42f3725c7fda to remote] execchain.MainClientExec 255 - Executing request POST /hub/session/5e3bc184-7a33-4897-be3c-42f3725c7fda/element/%7Bcc0c3cdc-7d79-41d1-8a59-a1393d3cc145%7D/click HTTP/1.1
08-01-2019 22:40:59 MainClientExec.java DEBUG [Forwarding clickElement on session 5e3bc184-7a33-4897-be3c-42f3725c7fda to remote] execchain.MainClientExec 260 - Target auth state: UNCHALLENGED
08-01-2019 22:40:59 MainClientExec.java DEBUG [Forwarding clickElement on session 5e3bc184-7a33-4897-be3c-42f3725c7fda to remote] execchain.MainClientExec 266 - Proxy auth state: UNCHALLENGED
08-01-2019 22:40:59 LoggingManagedHttpClientConnection.java DEBUG [Forwarding clickElement on session 5e3bc184-7a33-4897-be3c-42f3725c7fda to remote] http.headers 135 - http-outgoing-37 &gt;&gt; POST /hub/session/5e3bc184-7a33-4897-be3c-42f3725c7fda/element/%7Bcc0c3cdc-7d79-41d1-8a59-a1393d3cc145%7D/click HTTP/1.1
08-01-2019 22:40:59 LoggingManagedHttpClientConnection.java DEBUG [Forwarding clickElement on session 5e3bc184-7a33-4897-be3c-42f3725c7fda to remote] http.headers 138 - http-outgoing-37 &gt;&gt; Content-Type: application/json; charset=utf-8
08-01-2019 22:40:59 LoggingManagedHttpClientConnection.java DEBUG [Forwarding clickElement on session 5e3bc184-7a33-4897-be3c-42f3725c7fda to remote] http.headers 138 - http-outgoing-37 &gt;&gt; Content-Length: 47
08-01-2019 22:40:59 LoggingManagedHttpClientConnection.java DEBUG [Forwarding clickElement on session 5e3bc184-7a33-4897-be3c-42f3725c7fda to remote] http.headers 138 - http-outgoing-37 &gt;&gt; Host: 127.0.0.1:7055
08-01-2019 22:40:59 LoggingManagedHttpClientConnection.java DEBUG [Forwarding clickElement on session 5e3bc184-7a33-4897-be3c-42f3725c7fda to remote] http.headers 138 - http-outgoing-37 &gt;&gt; Connection: Keep-Alive
08-01-2019 22:40:59 LoggingManagedHttpClientConnection.java DEBUG [Forwarding clickElement on session 5e3bc184-7a33-4897-be3c-42f3725c7fda to remote] http.headers 138 - http-outgoing-37 &gt;&gt; User-Agent: Apache-HttpClient/4.5.1 (Java/1.8.0_101)
08-01-2019 22:40:59 LoggingManagedHttpClientConnection.java DEBUG [Forwarding clickElement on session 5e3bc184-7a33-4897-be3c-42f3725c7fda to remote] http.headers 138 - http-outgoing-37 &gt;&gt; Accept-Encoding: gzip,deflate
08-01-2019 22:40:59 Wire.java DEBUG [Forwarding clickElement on session 5e3bc184-7a33-4897-be3c-42f3725c7fda to remote] http.wire 72 - http-outgoing-37 &gt;&gt; &quot;POST /hub/session/5e3bc184-7a33-4897-be3c-42f3725c7fda/element/%7Bcc0c3cdc-7d79-41d1-8a59-a1393d3cc145%7D/click HTTP/1.1[\r][\n]&quot;
08-01-2019 22:40:59 Wire.java DEBUG [Forwarding clickElement on session 5e3bc184-7a33-4897-be3c-42f3725c7fda to remote] http.wire 72 - http-outgoing-37 &gt;&gt; &quot;Content-Type: application/json; charset=utf-8[\r][\n]&quot;
08-01-2019 22:40:59 Wire.java DEBUG [Forwarding clickElement on session 5e3bc184-7a33-4897-be3c-42f3725c7fda to remote] http.wire 72 - http-outgoing-37 &gt;&gt; &quot;Content-Length: 47[\r][\n]&quot;
08-01-2019 22:40:59 Wire.java DEBUG [Forwarding clickElement on session 5e3bc184-7a33-4897-be3c-42f3725c7fda to remote] http.wire 72 - http-outgoing-37 &gt;&gt; &quot;Host: 127.0.0.1:7055[\r][\n]&quot;
08-01-2019 22:40:59 Wire.java DEBUG [Forwarding clickElement on session 5e3bc184-7a33-4897-be3c-42f3725c7fda to remote] http.wire 72 - http-outgoing-37 &gt;&gt; &quot;Connection: Keep-Alive[\r][\n]&quot;
08-01-2019 22:40:59 Wire.java DEBUG [Forwarding clickElement on session 5e3bc184-7a33-4897-be3c-42f3725c7fda to remote] http.wire 72 - http-outgoing-37 &gt;&gt; &quot;User-Agent: Apache-HttpClient/4.5.1 (Java/1.8.0_101)[\r][\n]&quot;
08-01-2019 22:40:59 Wire.java DEBUG [Forwarding clickElement on session 5e3bc184-7a33-4897-be3c-42f3725c7fda to remote] http.wire 72 - http-outgoing-37 &gt;&gt; &quot;Accept-Encoding: gzip,deflate[\r][\n]&quot;
08-01-2019 22:40:59 Wire.java DEBUG [Forwarding clickElement on session 5e3bc184-7a33-4897-be3c-42f3725c7fda to remote] http.wire 72 - http-outgoing-37 &gt;&gt; &quot;[\r][\n]&quot;
08-01-2019 22:40:59 Wire.java DEBUG [Forwarding clickElement on session 5e3bc184-7a33-4897-be3c-42f3725c7fda to remote] http.wire 86 - http-outgoing-37 &gt;&gt; &quot;{&quot;id&quot;:&quot;{cc0c3cdc-7d79-41d1-8a59-a1393d3cc145}&quot;}&quot;
08-01-2019 22:41:00 Wire.java DEBUG [Forwarding clickElement on session 5e3bc184-7a33-4897-be3c-42f3725c7fda to remote] http.wire 72 - http-outgoing-37 &lt;&lt; &quot;HTTP/1.1 200 OK[\r][\n]&quot;
08-01-2019 22:41:00 Wire.java DEBUG [Forwarding clickElement on session 5e3bc184-7a33-4897-be3c-42f3725c7fda to remote] http.wire 72 - http-outgoing-37 &lt;&lt; &quot;content-type: application/json; charset=UTF-8[\r][\n]&quot;
08-01-2019 22:41:00 Wire.java DEBUG [Forwarding clickElement on session 5e3bc184-7a33-4897-be3c-42f3725c7fda to remote] http.wire 72 - http-outgoing-37 &lt;&lt; &quot;connection: close[\r][\n]&quot;
08-01-2019 22:41:00 Wire.java DEBUG [Forwarding clickElement on session 5e3bc184-7a33-4897-be3c-42f3725c7fda to remote] http.wire 72 - http-outgoing-37 &lt;&lt; &quot;content-length: 211[\r][\n]&quot;
08-01-2019 22:41:00 Wire.java DEBUG [Forwarding clickElement on session 5e3bc184-7a33-4897-be3c-42f3725c7fda to remote] http.wire 72 - http-outgoing-37 &lt;&lt; &quot;server: httpd.js[\r][\n]&quot;
08-01-2019 22:41:00 Wire.java DEBUG [Forwarding clickElement on session 5e3bc184-7a33-4897-be3c-42f3725c7fda to remote] http.wire 72 - http-outgoing-37 &lt;&lt; &quot;date: Thu, 01 Aug 2019 17:11:00 GMT[\r][\n]&quot;
08-01-2019 22:41:00 Wire.java DEBUG [Forwarding clickElement on session 5e3bc184-7a33-4897-be3c-42f3725c7fda to remote] http.wire 72 - http-outgoing-37 &lt;&lt; &quot;[\r][\n]&quot;
08-01-2019 22:41:00 Wire.java DEBUG [Forwarding clickElement on session 5e3bc184-7a33-4897-be3c-42f3725c7fda to remote] http.wire 86 - http-outgoing-37 &lt;&lt; &quot;{&quot;name&quot;:&quot;clickElement&quot;,&quot;sessionId&quot;:&quot;5e3bc184-7a33-4897-be3c-42f3725c7fda&quot;,&quot;status&quot;:0,&quot;value&quot;:&quot;Errors were encountered: \n\nThis username is already in use by another user. Please select a different username.\n&quot;}&quot;
08-01-2019 22:41:00 LoggingManagedHttpClientConnection.java DEBUG [Forwarding clickElement on session 5e3bc184-7a33-4897-be3c-42f3725c7fda to remote] http.headers 124 - http-outgoing-37 &lt;&lt; HTTP/1.1 200 OK
08-01-2019 22:41:00 LoggingManagedHttpClientConnection.java DEBUG [Forwarding clickElement on session 5e3bc184-7a33-4897-be3c-42f3725c7fda to remote] http.headers 127 - http-outgoing-37 &lt;&lt; content-type: application/json; charset=UTF-8
08-01-2019 22:41:00 LoggingManagedHttpClientConnection.java DEBUG [Forwarding clickElement on session 5e3bc184-7a33-4897-be3c-42f3725c7fda to remote] http.headers 127 - http-outgoing-37 &lt;&lt; connection: close
08-01-2019 22:41:00 LoggingManagedHttpClientConnection.java DEBUG [Forwarding clickElement on session 5e3bc184-7a33-4897-be3c-42f3725c7fda to remote] http.headers 127 - http-outgoing-37 &lt;&lt; content-length: 211
08-01-2019 22:41:00 LoggingManagedHttpClientConnection.java DEBUG [Forwarding clickElement on session 5e3bc184-7a33-4897-be3c-42f3725c7fda to remote] http.headers 127 - http-outgoing-37 &lt;&lt; server: httpd.js
08-01-2019 22:41:00 LoggingManagedHttpClientConnection.java DEBUG [Forwarding clickElement on session 5e3bc184-7a33-4897-be3c-42f3725c7fda to remote] http.headers 127 - http-outgoing-37 &lt;&lt; date: Thu, 01 Aug 2019 17:11:00 GMT
08-01-2019 22:41:00 LoggingManagedHttpClientConnection.java DEBUG [Forwarding clickElement on session 5e3bc184-7a33-4897-be3c-42f3725c7fda to remote] conn.DefaultManagedHttpClientConnection 81 - http-outgoing-37: Close connection
08-01-2019 22:41:00 ConnectionHolder.java DEBUG [Forwarding clickElement on session 5e3bc184-7a33-4897-be3c-42f3725c7fda to remote] execchain.MainClientExec 103 - Connection discarded
08-01-2019 22:41:00 PoolingHttpClientConnectionManager.java DEBUG [Forwarding clickElement on session 5e3bc184-7a33-4897-be3c-42f3725c7fda to remote] conn.PoolingHttpClientConnectionManager 320 - Connection released: [id: 37][route: {}-&gt;http://127.0.0.1:7055][total kept alive: 0; route allocated: 0 of 2000; total allocated: 0 of 2000]
08-01-2019 22:41:00 RequestAddCookies.java DEBUG [Forwarding findElement on session 5e3bc184-7a33-4897-be3c-42f3725c7fda to remote] protocol.RequestAddCookies 122 - CookieSpec selected: default
08-01-2019 22:41:00 RequestAuthCache.java DEBUG [Forwarding findElement on session 5e3bc184-7a33-4897-be3c-42f3725c7fda to remote] protocol.RequestAuthCache 76 - Auth cache not set in the context
08-01-2019 22:41:00 PoolingHttpClientConnectionManager.java DEBUG [Forwarding findElement on session 5e3bc184-7a33-4897-be3c-42f3725c7fda to remote] conn.PoolingHttpClientConnectionManager 249 - Connection request: [route: {}-&gt;http://127.0.0.1:7055][total kept alive: 0; route allocated: 0 of 2000; total allocated: 0 of 2000]
08-01-2019 22:41:00 PoolingHttpClientConnectionManager.java DEBUG [Forwarding findElement on session 5e3bc184-7a33-4897-be3c-42f3725c7fda to remote] conn.PoolingHttpClientConnectionManager 282 - Connection leased: [id: 38][route: {}-&gt;http://127.0.0.1:7055][total kept alive: 0; route allocated: 1 of 2000; total allocated: 1 of 2000]
08-01-2019 22:41:00 MainClientExec.java DEBUG [Forwarding findElement on session 5e3bc184-7a33-4897-be3c-42f3725c7fda to remote] execchain.MainClientExec 234 - Opening connection {}-&gt;http://127.0.0.1:7055
08-01-2019 22:41:00 DefaultHttpClientConnectionOperator.java DEBUG [Forwarding findElement on session 5e3bc184-7a33-4897-be3c-42f3725c7fda to remote] conn.DefaultHttpClientConnectionOperator 131 - Connecting to /127.0.0.1:7055
08-01-2019 22:41:00 DefaultHttpClientConnectionOperator.java DEBUG [Forwarding findElement on session 5e3bc184-7a33-4897-be3c-42f3725c7fda to remote] conn.DefaultHttpClientConnectionOperator 138 - Connection established 127.0.0.1:56758&lt;-&gt;127.0.0.1:7055
08-01-2019 22:41:00 LoggingManagedHttpClientConnection.java DEBUG [Forwarding findElement on session 5e3bc184-7a33-4897-be3c-42f3725c7fda to remote] conn.DefaultManagedHttpClientConnection 90 - http-outgoing-38: set socket timeout to 10800000
08-01-2019 22:41:00 MainClientExec.java DEBUG [Forwarding findElement on session 5e3bc184-7a33-4897-be3c-42f3725c7fda to remote] execchain.MainClientExec 255 - Executing request POST /hub/session/5e3bc184-7a33-4897-be3c-42f3725c7fda/element HTTP/1.1
08-01-2019 22:41:00 MainClientExec.java DEBUG [Forwarding findElement on session 5e3bc184-7a33-4897-be3c-42f3725c7fda to remote] execchain.MainClientExec 260 - Target auth state: UNCHALLENGED
08-01-2019 22:41:00 MainClientExec.java DEBUG [Forwarding findElement on session 5e3bc184-7a33-4897-be3c-42f3725c7fda to remote] execchain.MainClientExec 266 - Proxy auth state: UNCHALLENGED
08-01-2019 22:41:00 LoggingManagedHttpClientConnection.java DEBUG [Forwarding findElement on session 5e3bc184-7a33-4897-be3c-42f3725c7fda to remote] http.headers 135 - http-outgoing-38 &gt;&gt; POST /hub/session/5e3bc184-7a33-4897-be3c-42f3725c7fda/element HTTP/1.1
08-01-2019 22:41:00 LoggingManagedHttpClientConnection.java DEBUG [Forwarding findElement on session 5e3bc184-7a33-4897-be3c-42f3725c7fda to remote] http.headers 138 - http-outgoing-38 &gt;&gt; Content-Type: application/json; charset=utf-8
08-01-2019 22:41:00 LoggingManagedHttpClientConnection.java DEBUG [Forwarding findElement on session 5e3bc184-7a33-4897-be3c-42f3725c7fda to remote] http.headers 138 - http-outgoing-38 &gt;&gt; Content-Length: 57
08-01-2019 22:41:00 LoggingManagedHttpClientConnection.java DEBUG [Forwarding findElement on session 5e3bc184-7a33-4897-be3c-42f3725c7fda to remote] http.headers 138 - http-outgoing-38 &gt;&gt; Host: 127.0.0.1:7055
08-01-2019 22:41:00 LoggingManagedHttpClientConnection.java DEBUG [Forwarding findElement on session 5e3bc184-7a33-4897-be3c-42f3725c7fda to remote] http.headers 138 - http-outgoing-38 &gt;&gt; Connection: Keep-Alive
08-01-2019 22:41:00 LoggingManagedHttpClientConnection.java DEBUG [Forwarding findElement on session 5e3bc184-7a33-4897-be3c-42f3725c7fda to remote] http.headers 138 - http-outgoing-38 &gt;&gt; User-Agent: Apache-HttpClient/4.5.1 (Java/1.8.0_101)
08-01-2019 22:41:00 LoggingManagedHttpClientConnection.java DEBUG [Forwarding findElement on session 5e3bc184-7a33-4897-be3c-42f3725c7fda to remote] http.headers 138 - http-outgoing-38 &gt;&gt; Accept-Encoding: gzip,deflate
08-01-2019 22:41:00 Wire.java DEBUG [Forwarding findElement on session 5e3bc184-7a33-4897-be3c-42f3725c7fda to remote] http.wire 72 - http-outgoing-38 &gt;&gt; &quot;POST /hub/session/5e3bc184-7a33-4897-be3c-42f3725c7fda/element HTTP/1.1[\r][\n]&quot;
08-01-2019 22:41:00 Wire.java DEBUG [Forwarding findElement on session 5e3bc184-7a33-4897-be3c-42f3725c7fda to remote] http.wire 72 - http-outgoing-38 &gt;&gt; &quot;Content-Type: application/json; charset=utf-8[\r][\n]&quot;
08-01-2019 22:41:00 Wire.java DEBUG [Forwarding findElement on session 5e3bc184-7a33-4897-be3c-42f3725c7fda to remote] http.wire 72 - http-outgoing-38 &gt;&gt; &quot;Content-Length: 57[\r][\n]&quot;
08-01-2019 22:41:00 Wire.java DEBUG [Forwarding findElement on session 5e3bc184-7a33-4897-be3c-42f3725c7fda to remote] http.wire 72 - http-outgoing-38 &gt;&gt; &quot;Host: 127.0.0.1:7055[\r][\n]&quot;
08-01-2019 22:41:00 Wire.java DEBUG [Forwarding findElement on session 5e3bc184-7a33-4897-be3c-42f3725c7fda to remote] http.wire 72 - http-outgoing-38 &gt;&gt; &quot;Connection: Keep-Alive[\r][\n]&quot;
08-01-2019 22:41:00 Wire.java DEBUG [Forwarding findElement on session 5e3bc184-7a33-4897-be3c-42f3725c7fda to remote] http.wire 72 - http-outgoing-38 &gt;&gt; &quot;User-Agent: Apache-HttpClient/4.5.1 (Java/1.8.0_101)[\r][\n]&quot;
08-01-2019 22:41:00 Wire.java DEBUG [Forwarding findElement on session 5e3bc184-7a33-4897-be3c-42f3725c7fda to remote] http.wire 72 - http-outgoing-38 &gt;&gt; &quot;Accept-Encoding: gzip,deflate[\r][\n]&quot;
08-01-2019 22:41:00 Wire.java DEBUG [Forwarding findElement on session 5e3bc184-7a33-4897-be3c-42f3725c7fda to remote] http.wire 72 - http-outgoing-38 &gt;&gt; &quot;[\r][\n]&quot;
08-01-2019 22:41:00 Wire.java DEBUG [Forwarding findElement on session 5e3bc184-7a33-4897-be3c-42f3725c7fda to remote] http.wire 86 - http-outgoing-38 &gt;&gt; &quot;{&quot;using&quot;:&quot;xpath&quot;,&quot;value&quot;:&quot;//input[@name=&apos;company_name&apos;]&quot;}&quot;
08-01-2019 22:41:00 Wire.java DEBUG [Forwarding findElement on session 5e3bc184-7a33-4897-be3c-42f3725c7fda to remote] http.wire 72 - http-outgoing-38 &lt;&lt; &quot;HTTP/1.1 500 Internal Server Error[\r][\n]&quot;
08-01-2019 22:41:00 Wire.java DEBUG [Forwarding findElement on session 5e3bc184-7a33-4897-be3c-42f3725c7fda to remote] http.wire 72 - http-outgoing-38 &lt;&lt; &quot;content-type: application/json; charset=UTF-8[\r][\n]&quot;
08-01-2019 22:41:00 Wire.java DEBUG [Forwarding findElement on session 5e3bc184-7a33-4897-be3c-42f3725c7fda to remote] http.wire 72 - http-outgoing-38 &lt;&lt; &quot;connection: close[\r][\n]&quot;
08-01-2019 22:41:00 Wire.java DEBUG [Forwarding findElement on session 5e3bc184-7a33-4897-be3c-42f3725c7fda to remote] http.wire 72 - http-outgoing-38 &lt;&lt; &quot;content-length: 5355[\r][\n]&quot;
08-01-2019 22:41:00 Wire.java DEBUG [Forwarding findElement on session 5e3bc184-7a33-4897-be3c-42f3725c7fda to remote] http.wire 72 - http-outgoing-38 &lt;&lt; &quot;server: httpd.js[\r][\n]&quot;
08-01-2019 22:41:00 Wire.java DEBUG [Forwarding findElement on session 5e3bc184-7a33-4897-be3c-42f3725c7fda to remote] http.wire 72 - http-outgoing-38 &lt;&lt; &quot;date: Thu, 01 Aug 2019 17:11:00 GMT[\r][\n]&quot;
08-01-2019 22:41:00 Wire.java DEBUG [Forwarding findElement on session 5e3bc184-7a33-4897-be3c-42f3725c7fda to remote] http.wire 72 - http-outgoing-38 &lt;&lt; &quot;[\r][\n]&quot;
08-01-2019 22:41:00 LoggingManagedHttpClientConnection.java DEBUG [Forwarding findElement on session 5e3bc184-7a33-4897-be3c-42f3725c7fda to remote] http.headers 124 - http-outgoing-38 &lt;&lt; HTTP/1.1 500 Internal Server Error
08-01-2019 22:41:00 LoggingManagedHttpClientConnection.java DEBUG [Forwarding findElement on session 5e3bc184-7a33-4897-be3c-42f3725c7fda to remote] http.headers 127 - http-outgoing-38 &lt;&lt; content-type: application/json; charset=UTF-8
08-01-2019 22:41:00 LoggingManagedHttpClientConnection.java DEBUG [Forwarding findElement on session 5e3bc184-7a33-4897-be3c-42f3725c7fda to remote] http.headers 127 - http-outgoing-38 &lt;&lt; connection: close
08-01-2019 22:41:00 LoggingManagedHttpClientConnection.java DEBUG [Forwarding findElement on session 5e3bc184-7a33-4897-be3c-42f3725c7fda to remote] http.headers 127 - http-outgoing-38 &lt;&lt; content-length: 5355
08-01-2019 22:41:00 LoggingManagedHttpClientConnection.java DEBUG [Forwarding findElement on session 5e3bc184-7a33-4897-be3c-42f3725c7fda to remote] http.headers 127 - http-outgoing-38 &lt;&lt; server: httpd.js
08-01-2019 22:41:00 LoggingManagedHttpClientConnection.java DEBUG [Forwarding findElement on session 5e3bc184-7a33-4897-be3c-42f3725c7fda to remote] http.headers 127 - http-outgoing-38 &lt;&lt; date: Thu, 01 Aug 2019 17:11:00 GMT
08-01-2019 22:41:00 Wire.java DEBUG [Forwarding findElement on session 5e3bc184-7a33-4897-be3c-42f3725c7fda to remote] http.wire 86 - http-outgoing-38 &lt;&lt; &quot;{&quot;name&quot;:&quot;findElement&quot;,&quot;sessionId&quot;:&quot;5e3bc184-7a33-4897-be3c-42f3725c7fda&quot;,&quot;status&quot;:26,&quot;value&quot;:{&quot;message&quot;:&quot;Unexpected modal dialog (text: Errors were encountered: \n\nThis username is already in use by another user. Please select a different username.\n)&quot;,&quot;stackTrace&quot;:[{&quot;methodName&quot;:&quot;fxdriver.modals.closeUnhandledAlert/&lt;&quot;,&quot;fileName&quot;:&quot;file:///C:/Users/nites/AppData/Local/Temp/anonymous155488911048298946webdriver-profile/extensions/fxdriver@googlecode.com/components/command-processor.js&quot;,&quot;lineNumber&quot;:10085,&quot;columnNumber&quot;:17},{&quot;methodName&quot;:&quot;fxdriver.modals.isModalPresent/&lt;&quot;,&quot;fileName&quot;:&quot;file:///C:/Users/nites/AppData/Local/Temp/anonymous155488911048298946webdriver-profile/extensions/fxdriver@googlecode.com/components/command-processor.js&quot;,&quot;lineNumber&quot;:9993,&quot;columnNumber&quot;:5},{&quot;methodName&quot;:&quot;fxdriver.Timer.prototype.runWhenTrue/g&quot;,&quot;fileName&quot;:&quot;file:///C:/Users/nites/AppData/Local/Temp/anonymous155488911048298946webdriver-profile/extensions/fxdriver@googlecode.com/components/command-processor.js&quot;,&quot;lineNumber&quot;:631,&quot;columnNumber&quot;:70},{&quot;methodName&quot;:&quot;fxdriver.Timer.prototype.runWhenTrue&quot;,&quot;fileName&quot;:&quot;file:///C:/Users/nites/AppData/Local/Temp/anonymous155488911048298946webdriver-profile/extensions/fxdriver@googlecode.com/components/command-processor.js&quot;,&quot;lineNumber&quot;:633,&quot;columnNumber&quot;:3},{&quot;methodName&quot;:&quot;fxdriver.modals.isModalPresent&quot;,&quot;fileName&quot;:&quot;file:///C:/Users/nites/AppData/Local/Temp/anonymous155488911048298946webdriver-profile/extensions/fxdriver@googlecode.com/components/command-processor.js&quot;,&quot;lineNumber&quot;:9989,&quot;columnNumber&quot;:3},{&quot;methodName&quot;:&quot;fxdriver.modals.closeUnhandledAlert&quot;,&quot;fileName&quot;:&quot;file:///C:/Users/nites/AppData/Local/Temp/anonymous155488911048298946webdriver-profile/extensions/fxdriver@googlecode.com/components/command-processor.js&quot;,&quot;lineNumber&quot;:10074,&quot;columnNumber&quot;:3},{&quot;methodName&quot;:&quot;nsCommandProcessor.prototype.execute&quot;,&quot;fileName&quot;:&quot;file:///C:/Users/nites/AppData/Local/Temp/anonymous155488911048298946webdriver-profile/extensions/fxdriver@googlecode.com/components/command-processor.js&quot;,&quot;lineNumber&quot;:12731,&quot;columnNumber&quot;:15},{&quot;methodName&quot;:&quot;Dispatcher.executeAs/&lt;&quot;,&quot;fileName&quot;:&quot;file:///C:/Users/nites/AppData/Local/Temp/anonymous155488911048298946webdriver-profile/extensions/fxdriver@googlecode.com/components/driver-component.js&quot;,&quot;lineNumber&quot;:9558,&quot;columnNumber&quot;:5},{&quot;methodName&quot;:&quot;Resource.prototype.handle&quot;,&quot;fileName&quot;:&quot;file:///C:/Users/nites/AppData/Local/Temp/anonymous155488911048298946webdriver-profile/extensions/fxdriver@googlecode.com/components/driver-component.js&quot;,&quot;lineNumber&quot;:9705,&quot;columnNumber&quot;:255},{&quot;methodName&quot;:&quot;Dispatcher.prototype.dispatch&quot;,&quot;fileName&quot;:&quot;file:///C:/Users/nites/AppData/Local/Temp/anonymous155488911048298946webdriver-profile/extensions/fxdriver@googlecode.com/components/driver-component.js&quot;,&quot;lineNumber&quot;:9652,&quot;columnNumber&quot;:36},{&quot;methodName&quot;:&quot;WebDriverServer/&lt;.handle&quot;,&quot;fileName&quot;:&quot;file:///C:/Users/nites/AppData/Local/Temp/anonymous155488911048298946webdriver-profile/extensions/fxdriver@googlecode.com/components/driver-component.js&quot;,&quot;lineNumber&quot;:12517,&quot;columnNumber&quot;:5},{&quot;methodName&quot;:&quot;createHandlerFunc/&lt;&quot;,&quot;fileName&quot;:&quot;file:///C:/Users/nites/AppData/Local/Temp/anonymous155488911048298946webdriver-profile/extensions/fxdriver@googlecode.com/components/httpd.js&quot;,&quot;lineNumber&quot;:2054,&quot;columnNumber&quot;:41},{&quot;methodName&quot;:&quot;ServerHandler.prototype.handleResponse&quot;,&quot;fileName&quot;:&quot;file:///C:/Users/nites/AppData/Local/Temp/anonymous155488911048298946webdriver-profile/extensions/fxdriver@googlecode.com/components/httpd.js&quot;,&quot;lineNumber&quot;:2387,&quot;columnNumber&quot;:13},{&quot;methodName&quot;:&quot;Connection.prototype.process&quot;,&quot;fileName&quot;:&quot;file:///C:/Users/nites/AppData/Local/Temp/anonymous155488911048298946webdriver-profile/extensions/fxdriver@googlecode.com/components/httpd.js&quot;,&quot;lineNumber&quot;:1223,&quot;columnNumber&quot;:5},{&quot;methodName&quot;:&quot;RequestReader.prototype._handleResponse&quot;,&quot;fileName&quot;:&quot;file:///C:/Users/nites/AppData/Local/Temp/anonymous155488911048298946webdriver-profile/extensions/fxdriver@googlecode.com/components/httpd.js&quot;,&quot;lineNumber&quot;:1677,&quot;columnNumber&quot;:5},{&quot;methodName&quot;:&quot;RequestReader.prototype._processBody&quot;,&quot;fileName&quot;:&quot;file:///C:/Users/nites/AppData/Local/&quot;
08-01-2019 22:41:00 Wire.java DEBUG [Forwarding findElement on session 5e3bc184-7a33-4897-be3c-42f3725c7fda to remote] http.wire 86 - http-outgoing-38 &lt;&lt; &quot;Temp/anonymous155488911048298946webdriver-profile/extensions/fxdriver@googlecode.com/components/httpd.js&quot;,&quot;lineNumber&quot;:1525,&quot;columnNumber&quot;:9},{&quot;methodName&quot;:&quot;RequestReader.prototype.onInputStreamReady&quot;,&quot;fileName&quot;:&quot;file:///C:/Users/nites/AppData/Local/Temp/anonymous155488911048298946webdriver-profile/extensions/fxdriver@googlecode.com/components/httpd.js&quot;,&quot;lineNumber&quot;:1393,&quot;columnNumber&quot;:9},{&quot;methodName&quot;:&quot;openModalWindow&quot;,&quot;fileName&quot;:&quot;resource://gre/components/nsPrompter.js&quot;,&quot;lineNumber&quot;:360,&quot;columnNumber&quot;:5},{&quot;methodName&quot;:&quot;ModalPrompter.prototype.openPrompt&quot;,&quot;fileName&quot;:&quot;resource://gre/components/nsPrompter.js&quot;,&quot;lineNumber&quot;:550,&quot;columnNumber&quot;:9},{&quot;methodName&quot;:&quot;ModalPrompter.prototype.alert&quot;,&quot;fileName&quot;:&quot;resource://gre/components/nsPrompter.js&quot;,&quot;lineNumber&quot;:602,&quot;columnNumber&quot;:9},{&quot;methodName&quot;:&quot;ObservingAlert.prototype.alert&quot;,&quot;fileName&quot;:&quot;file:///C:/Users/nites/AppData/Local/Temp/anonymous155488911048298946webdriver-profile/extensions/fxdriver@googlecode.com/components/prompt-service.js&quot;,&quot;lineNumber&quot;:4745,&quot;columnNumber&quot;:3},{&quot;fileName&quot;:&quot;https://classic.crmpro.com/register/?m=F&quot;,&quot;lineNumber&quot;:250,&quot;columnNumber&quot;:2}],&quot;alert&quot;:{&quot;text&quot;:&quot;Errors were encountered: \n\nThis username is already in use by another user. Please select a different username.\n&quot;}}}&quot;
08-01-2019 22:41:00 LoggingManagedHttpClientConnection.java DEBUG [Forwarding findElement on session 5e3bc184-7a33-4897-be3c-42f3725c7fda to remote] conn.DefaultManagedHttpClientConnection 81 - http-outgoing-38: Close connection
08-01-2019 22:41:00 ConnectionHolder.java DEBUG [Forwarding findElement on session 5e3bc184-7a33-4897-be3c-42f3725c7fda to remote] execchain.MainClientExec 103 - Connection discarded
08-01-2019 22:41:00 PoolingHttpClientConnectionManager.java DEBUG [Forwarding findElement on session 5e3bc184-7a33-4897-be3c-42f3725c7fda to remote] conn.PoolingHttpClientConnectionManager 320 - Connection released: [id: 38][route: {}-&gt;http://127.0.0.1:7055][total kept alive: 0; route allocated: 0 of 2000; total allocated: 0 of 2000]
</system-out>
  </testcase>
  <testcase classname="com.qa.tests.ConfirmRegistrationTest" name="setUp" time="62.952">
    <failure message="Unexpected modal dialog (text: Errors were encountered: 

This username is already in use by another user. Please select a different username.
): Errors were encountered: 

This username is already in use by another user. Please select a different username.

Build info: version: &apos;2.53.1&apos;, revision: &apos;a36b8b1cd5757287168e54b817830adce9b0158d&apos;, time: &apos;2016-06-30 19:26:09&apos;
System info: host: &apos;DESKTOP-MUE1MC5&apos;, ip: &apos;192.168.0.7&apos;, os.name: &apos;Windows 10&apos;, os.arch: &apos;amd64&apos;, os.version: &apos;10.0&apos;, java.version: &apos;1.8.0_101&apos;
Driver info: org.openqa.selenium.firefox.FirefoxDriver
Capabilities [{applicationCacheEnabled=true, rotatable=false, handlesAlerts=true, databaseEnabled=true, version=47.0.2, platform=WINDOWS, nativeEvents=false, acceptSslCerts=true, webStorageEnabled=true, locationContextEnabled=true, browserName=firefox, takesScreenshot=true, javascriptEnabled=true, cssSelectorsEnabled=true}]
Session ID: a68226d3-9e5a-4a6f-abc4-8051288c1b7f
*** Element info: {Using=xpath, value=//input[@name=&apos;company_name&apos;]}" type="org.openqa.selenium.UnhandledAlertException">org.openqa.selenium.UnhandledAlertException: Unexpected modal dialog (text: Errors were encountered: 
This username is already in use by another user. Please select a different username.
): Errors were encountered: 
This username is already in use by another user. Please select a different username.
Build info: version: &apos;2.53.1&apos;, revision: &apos;a36b8b1cd5757287168e54b817830adce9b0158d&apos;, time: &apos;2016-06-30 19:26:09&apos;
System info: host: &apos;DESKTOP-MUE1MC5&apos;, ip: &apos;192.168.0.7&apos;, os.name: &apos;Windows 10&apos;, os.arch: &apos;amd64&apos;, os.version: &apos;10.0&apos;, java.version: &apos;1.8.0_101&apos;
Driver info: org.openqa.selenium.firefox.FirefoxDriver
Capabilities [{applicationCacheEnabled=true, rotatable=false, handlesAlerts=true, databaseEnabled=true, version=47.0.2, platform=WINDOWS, nativeEvents=false, acceptSslCerts=true, webStorageEnabled=true, locationContextEnabled=true, browserName=firefox, takesScreenshot=true, javascriptEnabled=true, cssSelectorsEnabled=true}]
Session ID: a68226d3-9e5a-4a6f-abc4-8051288c1b7f
*** Element info: {Using=xpath, value=//input[@name=&apos;company_name&apos;]}
	at sun.reflect.NativeConstructorAccessorImpl.newInstance0(Native Method)
	at sun.reflect.NativeConstructorAccessorImpl.newInstance(NativeConstructorAccessorImpl.java:62)
	at sun.reflect.DelegatingConstructorAccessorImpl.newInstance(DelegatingConstructorAccessorImpl.java:45)
	at java.lang.reflect.Constructor.newInstance(Constructor.java:423)
	at org.openqa.selenium.remote.ErrorHandler.createThrowable(ErrorHandler.java:206)
	at org.openqa.selenium.remote.ErrorHandler.createUnhandledAlertException(ErrorHandler.java:187)
	at org.openqa.selenium.remote.ErrorHandler.throwIfResponseFailed(ErrorHandler.java:154)
	at org.openqa.selenium.remote.RemoteWebDriver.execute(RemoteWebDriver.java:678)
	at org.openqa.selenium.remote.RemoteWebDriver.findElement(RemoteWebDriver.java:363)
	at org.openqa.selenium.remote.RemoteWebDriver.findElementByXPath(RemoteWebDriver.java:500)
	at org.openqa.selenium.By$ByXPath.findElement(By.java:361)
	at org.openqa.selenium.remote.RemoteWebDriver.findElement(RemoteWebDriver.java:355)
	at org.openqa.selenium.support.pagefactory.DefaultElementLocator.findElement(DefaultElementLocator.java:69)
	at org.openqa.selenium.support.pagefactory.internal.LocatingElementHandler.invoke(LocatingElementHandler.java:38)
	at com.sun.proxy.$Proxy5.sendKeys(Unknown Source)
	at com.qa.pages.CompanyAndProfileDetailsPage.verifyProfileDataSubmit(CompanyAndProfileDetailsPage.java:48)
	at com.qa.tests.ConfirmRegistrationTest.setUp(ConfirmRegistrationTest.java:33)
</failure>
    <system-out>08-01-2019 22:41:00 RequestAddCookies.java DEBUG [Forwarding close on session 5e3bc184-7a33-4897-be3c-42f3725c7fda to remote] protocol.RequestAddCookies 122 - CookieSpec selected: default
08-01-2019 22:41:00 RequestAuthCache.java DEBUG [Forwarding close on session 5e3bc184-7a33-4897-be3c-42f3725c7fda to remote] protocol.RequestAuthCache 76 - Auth cache not set in the context
08-01-2019 22:41:00 PoolingHttpClientConnectionManager.java DEBUG [Forwarding close on session 5e3bc184-7a33-4897-be3c-42f3725c7fda to remote] conn.PoolingHttpClientConnectionManager 249 - Connection request: [route: {}-&gt;http://127.0.0.1:7055][total kept alive: 0; route allocated: 0 of 2000; total allocated: 0 of 2000]
08-01-2019 22:41:00 PoolingHttpClientConnectionManager.java DEBUG [Forwarding close on session 5e3bc184-7a33-4897-be3c-42f3725c7fda to remote] conn.PoolingHttpClientConnectionManager 282 - Connection leased: [id: 39][route: {}-&gt;http://127.0.0.1:7055][total kept alive: 0; route allocated: 1 of 2000; total allocated: 1 of 2000]
08-01-2019 22:41:00 MainClientExec.java DEBUG [Forwarding close on session 5e3bc184-7a33-4897-be3c-42f3725c7fda to remote] execchain.MainClientExec 234 - Opening connection {}-&gt;http://127.0.0.1:7055
08-01-2019 22:41:00 DefaultHttpClientConnectionOperator.java DEBUG [Forwarding close on session 5e3bc184-7a33-4897-be3c-42f3725c7fda to remote] conn.DefaultHttpClientConnectionOperator 131 - Connecting to /127.0.0.1:7055
08-01-2019 22:41:00 DefaultHttpClientConnectionOperator.java DEBUG [Forwarding close on session 5e3bc184-7a33-4897-be3c-42f3725c7fda to remote] conn.DefaultHttpClientConnectionOperator 138 - Connection established 127.0.0.1:56759&lt;-&gt;127.0.0.1:7055
08-01-2019 22:41:00 LoggingManagedHttpClientConnection.java DEBUG [Forwarding close on session 5e3bc184-7a33-4897-be3c-42f3725c7fda to remote] conn.DefaultManagedHttpClientConnection 90 - http-outgoing-39: set socket timeout to 10800000
08-01-2019 22:41:00 MainClientExec.java DEBUG [Forwarding close on session 5e3bc184-7a33-4897-be3c-42f3725c7fda to remote] execchain.MainClientExec 255 - Executing request DELETE /hub/session/5e3bc184-7a33-4897-be3c-42f3725c7fda/window HTTP/1.1
08-01-2019 22:41:00 MainClientExec.java DEBUG [Forwarding close on session 5e3bc184-7a33-4897-be3c-42f3725c7fda to remote] execchain.MainClientExec 260 - Target auth state: UNCHALLENGED
08-01-2019 22:41:00 MainClientExec.java DEBUG [Forwarding close on session 5e3bc184-7a33-4897-be3c-42f3725c7fda to remote] execchain.MainClientExec 266 - Proxy auth state: UNCHALLENGED
08-01-2019 22:41:00 LoggingManagedHttpClientConnection.java DEBUG [Forwarding close on session 5e3bc184-7a33-4897-be3c-42f3725c7fda to remote] http.headers 135 - http-outgoing-39 &gt;&gt; DELETE /hub/session/5e3bc184-7a33-4897-be3c-42f3725c7fda/window HTTP/1.1
08-01-2019 22:41:00 LoggingManagedHttpClientConnection.java DEBUG [Forwarding close on session 5e3bc184-7a33-4897-be3c-42f3725c7fda to remote] http.headers 138 - http-outgoing-39 &gt;&gt; Host: 127.0.0.1:7055
08-01-2019 22:41:00 LoggingManagedHttpClientConnection.java DEBUG [Forwarding close on session 5e3bc184-7a33-4897-be3c-42f3725c7fda to remote] http.headers 138 - http-outgoing-39 &gt;&gt; Connection: Keep-Alive
08-01-2019 22:41:00 LoggingManagedHttpClientConnection.java DEBUG [Forwarding close on session 5e3bc184-7a33-4897-be3c-42f3725c7fda to remote] http.headers 138 - http-outgoing-39 &gt;&gt; User-Agent: Apache-HttpClient/4.5.1 (Java/1.8.0_101)
08-01-2019 22:41:00 LoggingManagedHttpClientConnection.java DEBUG [Forwarding close on session 5e3bc184-7a33-4897-be3c-42f3725c7fda to remote] http.headers 138 - http-outgoing-39 &gt;&gt; Accept-Encoding: gzip,deflate
08-01-2019 22:41:00 Wire.java DEBUG [Forwarding close on session 5e3bc184-7a33-4897-be3c-42f3725c7fda to remote] http.wire 72 - http-outgoing-39 &gt;&gt; &quot;DELETE /hub/session/5e3bc184-7a33-4897-be3c-42f3725c7fda/window HTTP/1.1[\r][\n]&quot;
08-01-2019 22:41:00 Wire.java DEBUG [Forwarding close on session 5e3bc184-7a33-4897-be3c-42f3725c7fda to remote] http.wire 72 - http-outgoing-39 &gt;&gt; &quot;Host: 127.0.0.1:7055[\r][\n]&quot;
08-01-2019 22:41:00 Wire.java DEBUG [Forwarding close on session 5e3bc184-7a33-4897-be3c-42f3725c7fda to remote] http.wire 72 - http-outgoing-39 &gt;&gt; &quot;Connection: Keep-Alive[\r][\n]&quot;
08-01-2019 22:41:00 Wire.java DEBUG [Forwarding close on session 5e3bc184-7a33-4897-be3c-42f3725c7fda to remote] http.wire 72 - http-outgoing-39 &gt;&gt; &quot;User-Agent: Apache-HttpClient/4.5.1 (Java/1.8.0_101)[\r][\n]&quot;
08-01-2019 22:41:00 Wire.java DEBUG [Forwarding close on session 5e3bc184-7a33-4897-be3c-42f3725c7fda to remote] http.wire 72 - http-outgoing-39 &gt;&gt; &quot;Accept-Encoding: gzip,deflate[\r][\n]&quot;
08-01-2019 22:41:00 Wire.java DEBUG [Forwarding close on session 5e3bc184-7a33-4897-be3c-42f3725c7fda to remote] http.wire 72 - http-outgoing-39 &gt;&gt; &quot;[\r][\n]&quot;
08-01-2019 22:41:00 Wire.java DEBUG [Forwarding close on session 5e3bc184-7a33-4897-be3c-42f3725c7fda to remote] http.wire 72 - http-outgoing-39 &lt;&lt; &quot;HTTP/1.1 200 OK[\r][\n]&quot;
08-01-2019 22:41:00 Wire.java DEBUG [Forwarding close on session 5e3bc184-7a33-4897-be3c-42f3725c7fda to remote] http.wire 72 - http-outgoing-39 &lt;&lt; &quot;content-type: application/json; charset=UTF-8[\r][\n]&quot;
08-01-2019 22:41:00 Wire.java DEBUG [Forwarding close on session 5e3bc184-7a33-4897-be3c-42f3725c7fda to remote] http.wire 72 - http-outgoing-39 &lt;&lt; &quot;connection: close[\r][\n]&quot;
08-01-2019 22:41:00 Wire.java DEBUG [Forwarding close on session 5e3bc184-7a33-4897-be3c-42f3725c7fda to remote] http.wire 72 - http-outgoing-39 &lt;&lt; &quot;content-length: 89[\r][\n]&quot;
08-01-2019 22:41:00 Wire.java DEBUG [Forwarding close on session 5e3bc184-7a33-4897-be3c-42f3725c7fda to remote] http.wire 72 - http-outgoing-39 &lt;&lt; &quot;server: httpd.js[\r][\n]&quot;
08-01-2019 22:41:00 Wire.java DEBUG [Forwarding close on session 5e3bc184-7a33-4897-be3c-42f3725c7fda to remote] http.wire 72 - http-outgoing-39 &lt;&lt; &quot;date: Thu, 01 Aug 2019 17:11:00 GMT[\r][\n]&quot;
08-01-2019 22:41:00 Wire.java DEBUG [Forwarding close on session 5e3bc184-7a33-4897-be3c-42f3725c7fda to remote] http.wire 72 - http-outgoing-39 &lt;&lt; &quot;[\r][\n]&quot;
08-01-2019 22:41:00 LoggingManagedHttpClientConnection.java DEBUG [Forwarding close on session 5e3bc184-7a33-4897-be3c-42f3725c7fda to remote] http.headers 124 - http-outgoing-39 &lt;&lt; HTTP/1.1 200 OK
08-01-2019 22:41:00 LoggingManagedHttpClientConnection.java DEBUG [Forwarding close on session 5e3bc184-7a33-4897-be3c-42f3725c7fda to remote] http.headers 127 - http-outgoing-39 &lt;&lt; content-type: application/json; charset=UTF-8
08-01-2019 22:41:00 LoggingManagedHttpClientConnection.java DEBUG [Forwarding close on session 5e3bc184-7a33-4897-be3c-42f3725c7fda to remote] http.headers 127 - http-outgoing-39 &lt;&lt; connection: close
08-01-2019 22:41:00 LoggingManagedHttpClientConnection.java DEBUG [Forwarding close on session 5e3bc184-7a33-4897-be3c-42f3725c7fda to remote] http.headers 127 - http-outgoing-39 &lt;&lt; content-length: 89
08-01-2019 22:41:00 LoggingManagedHttpClientConnection.java DEBUG [Forwarding close on session 5e3bc184-7a33-4897-be3c-42f3725c7fda to remote] http.headers 127 - http-outgoing-39 &lt;&lt; server: httpd.js
08-01-2019 22:41:00 LoggingManagedHttpClientConnection.java DEBUG [Forwarding close on session 5e3bc184-7a33-4897-be3c-42f3725c7fda to remote] http.headers 127 - http-outgoing-39 &lt;&lt; date: Thu, 01 Aug 2019 17:11:00 GMT
08-01-2019 22:41:00 Wire.java DEBUG [Forwarding close on session 5e3bc184-7a33-4897-be3c-42f3725c7fda to remote] http.wire 86 - http-outgoing-39 &lt;&lt; &quot;{&quot;name&quot;:&quot;close&quot;,&quot;sessionId&quot;:&quot;5e3bc184-7a33-4897-be3c-42f3725c7fda&quot;,&quot;status&quot;:0,&quot;value&quot;:&quot;&quot;}&quot;
08-01-2019 22:41:00 LoggingManagedHttpClientConnection.java DEBUG [Forwarding close on session 5e3bc184-7a33-4897-be3c-42f3725c7fda to remote] conn.DefaultManagedHttpClientConnection 81 - http-outgoing-39: Close connection
08-01-2019 22:41:00 ConnectionHolder.java DEBUG [Forwarding close on session 5e3bc184-7a33-4897-be3c-42f3725c7fda to remote] execchain.MainClientExec 103 - Connection discarded
08-01-2019 22:41:00 PoolingHttpClientConnectionManager.java DEBUG [Forwarding close on session 5e3bc184-7a33-4897-be3c-42f3725c7fda to remote] conn.PoolingHttpClientConnectionManager 320 - Connection released: [id: 39][route: {}-&gt;http://127.0.0.1:7055][total kept alive: 0; route allocated: 0 of 2000; total allocated: 0 of 2000]
08-01-2019 22:41:05 RequestAddCookies.java DEBUG [Forwarding newSession on session null to remote] protocol.RequestAddCookies 122 - CookieSpec selected: default
08-01-2019 22:41:05 RequestAuthCache.java DEBUG [Forwarding newSession on session null to remote] protocol.RequestAuthCache 76 - Auth cache not set in the context
08-01-2019 22:41:05 PoolingHttpClientConnectionManager.java DEBUG [Forwarding newSession on session null to remote] conn.PoolingHttpClientConnectionManager 249 - Connection request: [route: {}-&gt;http://127.0.0.1:7056][total kept alive: 0; route allocated: 0 of 2000; total allocated: 0 of 2000]
08-01-2019 22:41:05 PoolingHttpClientConnectionManager.java DEBUG [Forwarding newSession on session null to remote] conn.PoolingHttpClientConnectionManager 282 - Connection leased: [id: 40][route: {}-&gt;http://127.0.0.1:7056][total kept alive: 0; route allocated: 1 of 2000; total allocated: 1 of 2000]
08-01-2019 22:41:05 MainClientExec.java DEBUG [Forwarding newSession on session null to remote] execchain.MainClientExec 234 - Opening connection {}-&gt;http://127.0.0.1:7056
08-01-2019 22:41:05 DefaultHttpClientConnectionOperator.java DEBUG [Forwarding newSession on session null to remote] conn.DefaultHttpClientConnectionOperator 131 - Connecting to /127.0.0.1:7056
08-01-2019 22:41:05 DefaultHttpClientConnectionOperator.java DEBUG [Forwarding newSession on session null to remote] conn.DefaultHttpClientConnectionOperator 138 - Connection established 127.0.0.1:56768&lt;-&gt;127.0.0.1:7056
08-01-2019 22:41:05 LoggingManagedHttpClientConnection.java DEBUG [Forwarding newSession on session null to remote] conn.DefaultManagedHttpClientConnection 90 - http-outgoing-40: set socket timeout to 10800000
08-01-2019 22:41:05 MainClientExec.java DEBUG [Forwarding newSession on session null to remote] execchain.MainClientExec 255 - Executing request POST /hub/session HTTP/1.1
08-01-2019 22:41:05 MainClientExec.java DEBUG [Forwarding newSession on session null to remote] execchain.MainClientExec 260 - Target auth state: UNCHALLENGED
08-01-2019 22:41:05 MainClientExec.java DEBUG [Forwarding newSession on session null to remote] execchain.MainClientExec 266 - Proxy auth state: UNCHALLENGED
08-01-2019 22:41:05 LoggingManagedHttpClientConnection.java DEBUG [Forwarding newSession on session null to remote] http.headers 135 - http-outgoing-40 &gt;&gt; POST /hub/session HTTP/1.1
08-01-2019 22:41:05 LoggingManagedHttpClientConnection.java DEBUG [Forwarding newSession on session null to remote] http.headers 138 - http-outgoing-40 &gt;&gt; Content-Type: application/json; charset=utf-8
08-01-2019 22:41:05 LoggingManagedHttpClientConnection.java DEBUG [Forwarding newSession on session null to remote] http.headers 138 - http-outgoing-40 &gt;&gt; Content-Length: 105
08-01-2019 22:41:05 LoggingManagedHttpClientConnection.java DEBUG [Forwarding newSession on session null to remote] http.headers 138 - http-outgoing-40 &gt;&gt; Host: 127.0.0.1:7056
08-01-2019 22:41:05 LoggingManagedHttpClientConnection.java DEBUG [Forwarding newSession on session null to remote] http.headers 138 - http-outgoing-40 &gt;&gt; Connection: Keep-Alive
08-01-2019 22:41:05 LoggingManagedHttpClientConnection.java DEBUG [Forwarding newSession on session null to remote] http.headers 138 - http-outgoing-40 &gt;&gt; User-Agent: Apache-HttpClient/4.5.1 (Java/1.8.0_101)
08-01-2019 22:41:05 LoggingManagedHttpClientConnection.java DEBUG [Forwarding newSession on session null to remote] http.headers 138 - http-outgoing-40 &gt;&gt; Accept-Encoding: gzip,deflate
08-01-2019 22:41:05 Wire.java DEBUG [Forwarding newSession on session null to remote] http.wire 72 - http-outgoing-40 &gt;&gt; &quot;POST /hub/session HTTP/1.1[\r][\n]&quot;
08-01-2019 22:41:05 Wire.java DEBUG [Forwarding newSession on session null to remote] http.wire 72 - http-outgoing-40 &gt;&gt; &quot;Content-Type: application/json; charset=utf-8[\r][\n]&quot;
08-01-2019 22:41:05 Wire.java DEBUG [Forwarding newSession on session null to remote] http.wire 72 - http-outgoing-40 &gt;&gt; &quot;Content-Length: 105[\r][\n]&quot;
08-01-2019 22:41:05 Wire.java DEBUG [Forwarding newSession on session null to remote] http.wire 72 - http-outgoing-40 &gt;&gt; &quot;Host: 127.0.0.1:7056[\r][\n]&quot;
08-01-2019 22:41:05 Wire.java DEBUG [Forwarding newSession on session null to remote] http.wire 72 - http-outgoing-40 &gt;&gt; &quot;Connection: Keep-Alive[\r][\n]&quot;
08-01-2019 22:41:05 Wire.java DEBUG [Forwarding newSession on session null to remote] http.wire 72 - http-outgoing-40 &gt;&gt; &quot;User-Agent: Apache-HttpClient/4.5.1 (Java/1.8.0_101)[\r][\n]&quot;
08-01-2019 22:41:05 Wire.java DEBUG [Forwarding newSession on session null to remote] http.wire 72 - http-outgoing-40 &gt;&gt; &quot;Accept-Encoding: gzip,deflate[\r][\n]&quot;
08-01-2019 22:41:05 Wire.java DEBUG [Forwarding newSession on session null to remote] http.wire 72 - http-outgoing-40 &gt;&gt; &quot;[\r][\n]&quot;
08-01-2019 22:41:05 Wire.java DEBUG [Forwarding newSession on session null to remote] http.wire 86 - http-outgoing-40 &gt;&gt; &quot;{&quot;desiredCapabilities&quot;:{&quot;browserName&quot;:&quot;firefox&quot;,&quot;version&quot;:&quot;&quot;,&quot;platform&quot;:&quot;ANY&quot;},&quot;requiredCapabilities&quot;:{}}&quot;
08-01-2019 22:41:05 Wire.java DEBUG [Forwarding newSession on session null to remote] http.wire 72 - http-outgoing-40 &lt;&lt; &quot;HTTP/1.1 200 OK[\r][\n]&quot;
08-01-2019 22:41:05 Wire.java DEBUG [Forwarding newSession on session null to remote] http.wire 72 - http-outgoing-40 &lt;&lt; &quot;content-type: application/json; charset=UTF-8[\r][\n]&quot;
08-01-2019 22:41:05 Wire.java DEBUG [Forwarding newSession on session null to remote] http.wire 72 - http-outgoing-40 &lt;&lt; &quot;connection: close[\r][\n]&quot;
08-01-2019 22:41:05 Wire.java DEBUG [Forwarding newSession on session null to remote] http.wire 72 - http-outgoing-40 &lt;&lt; &quot;content-length: 423[\r][\n]&quot;
08-01-2019 22:41:05 Wire.java DEBUG [Forwarding newSession on session null to remote] http.wire 72 - http-outgoing-40 &lt;&lt; &quot;server: httpd.js[\r][\n]&quot;
08-01-2019 22:41:05 Wire.java DEBUG [Forwarding newSession on session null to remote] http.wire 72 - http-outgoing-40 &lt;&lt; &quot;date: Thu, 01 Aug 2019 17:11:05 GMT[\r][\n]&quot;
08-01-2019 22:41:05 Wire.java DEBUG [Forwarding newSession on session null to remote] http.wire 72 - http-outgoing-40 &lt;&lt; &quot;[\r][\n]&quot;
08-01-2019 22:41:05 LoggingManagedHttpClientConnection.java DEBUG [Forwarding newSession on session null to remote] http.headers 124 - http-outgoing-40 &lt;&lt; HTTP/1.1 200 OK
08-01-2019 22:41:05 LoggingManagedHttpClientConnection.java DEBUG [Forwarding newSession on session null to remote] http.headers 127 - http-outgoing-40 &lt;&lt; content-type: application/json; charset=UTF-8
08-01-2019 22:41:05 LoggingManagedHttpClientConnection.java DEBUG [Forwarding newSession on session null to remote] http.headers 127 - http-outgoing-40 &lt;&lt; connection: close
08-01-2019 22:41:05 LoggingManagedHttpClientConnection.java DEBUG [Forwarding newSession on session null to remote] http.headers 127 - http-outgoing-40 &lt;&lt; content-length: 423
08-01-2019 22:41:05 LoggingManagedHttpClientConnection.java DEBUG [Forwarding newSession on session null to remote] http.headers 127 - http-outgoing-40 &lt;&lt; server: httpd.js
08-01-2019 22:41:05 LoggingManagedHttpClientConnection.java DEBUG [Forwarding newSession on session null to remote] http.headers 127 - http-outgoing-40 &lt;&lt; date: Thu, 01 Aug 2019 17:11:05 GMT
08-01-2019 22:41:05 Wire.java DEBUG [Forwarding newSession on session null to remote] http.wire 86 - http-outgoing-40 &lt;&lt; &quot;{&quot;name&quot;:&quot;newSession&quot;,&quot;sessionId&quot;:&quot;a68226d3-9e5a-4a6f-abc4-8051288c1b7f&quot;,&quot;status&quot;:0,&quot;value&quot;:{&quot;cssSelectorsEnabled&quot;:true,&quot;browserName&quot;:&quot;firefox&quot;,&quot;handlesAlerts&quot;:true,&quot;javascriptEnabled&quot;:true,&quot;nativeEvents&quot;:false,&quot;platform&quot;:&quot;WINDOWS&quot;,&quot;rotatable&quot;:false,&quot;takesScreenshot&quot;:true,&quot;version&quot;:&quot;47.0.2&quot;,&quot;webStorageEnabled&quot;:true,&quot;applicationCacheEnabled&quot;:true,&quot;databaseEnabled&quot;:true,&quot;locationContextEnabled&quot;:true,&quot;acceptSslCerts&quot;:true}}&quot;
08-01-2019 22:41:05 LoggingManagedHttpClientConnection.java DEBUG [Forwarding newSession on session null to remote] conn.DefaultManagedHttpClientConnection 81 - http-outgoing-40: Close connection
08-01-2019 22:41:05 ConnectionHolder.java DEBUG [Forwarding newSession on session null to remote] execchain.MainClientExec 103 - Connection discarded
08-01-2019 22:41:05 PoolingHttpClientConnectionManager.java DEBUG [Forwarding newSession on session null to remote] conn.PoolingHttpClientConnectionManager 320 - Connection released: [id: 40][route: {}-&gt;http://127.0.0.1:7056][total kept alive: 0; route allocated: 0 of 2000; total allocated: 0 of 2000]
08-01-2019 22:41:05 RequestAddCookies.java DEBUG [Forwarding maximizeWindow on session a68226d3-9e5a-4a6f-abc4-8051288c1b7f to remote] protocol.RequestAddCookies 122 - CookieSpec selected: default
08-01-2019 22:41:05 RequestAuthCache.java DEBUG [Forwarding maximizeWindow on session a68226d3-9e5a-4a6f-abc4-8051288c1b7f to remote] protocol.RequestAuthCache 76 - Auth cache not set in the context
08-01-2019 22:41:05 PoolingHttpClientConnectionManager.java DEBUG [Forwarding maximizeWindow on session a68226d3-9e5a-4a6f-abc4-8051288c1b7f to remote] conn.PoolingHttpClientConnectionManager 249 - Connection request: [route: {}-&gt;http://127.0.0.1:7056][total kept alive: 0; route allocated: 0 of 2000; total allocated: 0 of 2000]
08-01-2019 22:41:05 PoolingHttpClientConnectionManager.java DEBUG [Forwarding maximizeWindow on session a68226d3-9e5a-4a6f-abc4-8051288c1b7f to remote] conn.PoolingHttpClientConnectionManager 282 - Connection leased: [id: 41][route: {}-&gt;http://127.0.0.1:7056][total kept alive: 0; route allocated: 1 of 2000; total allocated: 1 of 2000]
08-01-2019 22:41:05 MainClientExec.java DEBUG [Forwarding maximizeWindow on session a68226d3-9e5a-4a6f-abc4-8051288c1b7f to remote] execchain.MainClientExec 234 - Opening connection {}-&gt;http://127.0.0.1:7056
08-01-2019 22:41:05 DefaultHttpClientConnectionOperator.java DEBUG [Forwarding maximizeWindow on session a68226d3-9e5a-4a6f-abc4-8051288c1b7f to remote] conn.DefaultHttpClientConnectionOperator 131 - Connecting to /127.0.0.1:7056
08-01-2019 22:41:05 DefaultHttpClientConnectionOperator.java DEBUG [Forwarding maximizeWindow on session a68226d3-9e5a-4a6f-abc4-8051288c1b7f to remote] conn.DefaultHttpClientConnectionOperator 138 - Connection established 127.0.0.1:56771&lt;-&gt;127.0.0.1:7056
08-01-2019 22:41:05 LoggingManagedHttpClientConnection.java DEBUG [Forwarding maximizeWindow on session a68226d3-9e5a-4a6f-abc4-8051288c1b7f to remote] conn.DefaultManagedHttpClientConnection 90 - http-outgoing-41: set socket timeout to 10800000
08-01-2019 22:41:05 MainClientExec.java DEBUG [Forwarding maximizeWindow on session a68226d3-9e5a-4a6f-abc4-8051288c1b7f to remote] execchain.MainClientExec 255 - Executing request POST /hub/session/a68226d3-9e5a-4a6f-abc4-8051288c1b7f/window/current/maximize HTTP/1.1
08-01-2019 22:41:05 MainClientExec.java DEBUG [Forwarding maximizeWindow on session a68226d3-9e5a-4a6f-abc4-8051288c1b7f to remote] execchain.MainClientExec 260 - Target auth state: UNCHALLENGED
08-01-2019 22:41:05 MainClientExec.java DEBUG [Forwarding maximizeWindow on session a68226d3-9e5a-4a6f-abc4-8051288c1b7f to remote] execchain.MainClientExec 266 - Proxy auth state: UNCHALLENGED
08-01-2019 22:41:05 LoggingManagedHttpClientConnection.java DEBUG [Forwarding maximizeWindow on session a68226d3-9e5a-4a6f-abc4-8051288c1b7f to remote] http.headers 135 - http-outgoing-41 &gt;&gt; POST /hub/session/a68226d3-9e5a-4a6f-abc4-8051288c1b7f/window/current/maximize HTTP/1.1
08-01-2019 22:41:05 LoggingManagedHttpClientConnection.java DEBUG [Forwarding maximizeWindow on session a68226d3-9e5a-4a6f-abc4-8051288c1b7f to remote] http.headers 138 - http-outgoing-41 &gt;&gt; Content-Type: application/json; charset=utf-8
08-01-2019 22:41:05 LoggingManagedHttpClientConnection.java DEBUG [Forwarding maximizeWindow on session a68226d3-9e5a-4a6f-abc4-8051288c1b7f to remote] http.headers 138 - http-outgoing-41 &gt;&gt; Content-Length: 26
08-01-2019 22:41:05 LoggingManagedHttpClientConnection.java DEBUG [Forwarding maximizeWindow on session a68226d3-9e5a-4a6f-abc4-8051288c1b7f to remote] http.headers 138 - http-outgoing-41 &gt;&gt; Host: 127.0.0.1:7056
08-01-2019 22:41:05 LoggingManagedHttpClientConnection.java DEBUG [Forwarding maximizeWindow on session a68226d3-9e5a-4a6f-abc4-8051288c1b7f to remote] http.headers 138 - http-outgoing-41 &gt;&gt; Connection: Keep-Alive
08-01-2019 22:41:05 LoggingManagedHttpClientConnection.java DEBUG [Forwarding maximizeWindow on session a68226d3-9e5a-4a6f-abc4-8051288c1b7f to remote] http.headers 138 - http-outgoing-41 &gt;&gt; User-Agent: Apache-HttpClient/4.5.1 (Java/1.8.0_101)
08-01-2019 22:41:05 LoggingManagedHttpClientConnection.java DEBUG [Forwarding maximizeWindow on session a68226d3-9e5a-4a6f-abc4-8051288c1b7f to remote] http.headers 138 - http-outgoing-41 &gt;&gt; Accept-Encoding: gzip,deflate
08-01-2019 22:41:05 Wire.java DEBUG [Forwarding maximizeWindow on session a68226d3-9e5a-4a6f-abc4-8051288c1b7f to remote] http.wire 72 - http-outgoing-41 &gt;&gt; &quot;POST /hub/session/a68226d3-9e5a-4a6f-abc4-8051288c1b7f/window/current/maximize HTTP/1.1[\r][\n]&quot;
08-01-2019 22:41:05 Wire.java DEBUG [Forwarding maximizeWindow on session a68226d3-9e5a-4a6f-abc4-8051288c1b7f to remote] http.wire 72 - http-outgoing-41 &gt;&gt; &quot;Content-Type: application/json; charset=utf-8[\r][\n]&quot;
08-01-2019 22:41:05 Wire.java DEBUG [Forwarding maximizeWindow on session a68226d3-9e5a-4a6f-abc4-8051288c1b7f to remote] http.wire 72 - http-outgoing-41 &gt;&gt; &quot;Content-Length: 26[\r][\n]&quot;
08-01-2019 22:41:05 Wire.java DEBUG [Forwarding maximizeWindow on session a68226d3-9e5a-4a6f-abc4-8051288c1b7f to remote] http.wire 72 - http-outgoing-41 &gt;&gt; &quot;Host: 127.0.0.1:7056[\r][\n]&quot;
08-01-2019 22:41:05 Wire.java DEBUG [Forwarding maximizeWindow on session a68226d3-9e5a-4a6f-abc4-8051288c1b7f to remote] http.wire 72 - http-outgoing-41 &gt;&gt; &quot;Connection: Keep-Alive[\r][\n]&quot;
08-01-2019 22:41:05 Wire.java DEBUG [Forwarding maximizeWindow on session a68226d3-9e5a-4a6f-abc4-8051288c1b7f to remote] http.wire 72 - http-outgoing-41 &gt;&gt; &quot;User-Agent: Apache-HttpClient/4.5.1 (Java/1.8.0_101)[\r][\n]&quot;
08-01-2019 22:41:05 Wire.java DEBUG [Forwarding maximizeWindow on session a68226d3-9e5a-4a6f-abc4-8051288c1b7f to remote] http.wire 72 - http-outgoing-41 &gt;&gt; &quot;Accept-Encoding: gzip,deflate[\r][\n]&quot;
08-01-2019 22:41:05 Wire.java DEBUG [Forwarding maximizeWindow on session a68226d3-9e5a-4a6f-abc4-8051288c1b7f to remote] http.wire 72 - http-outgoing-41 &gt;&gt; &quot;[\r][\n]&quot;
08-01-2019 22:41:05 Wire.java DEBUG [Forwarding maximizeWindow on session a68226d3-9e5a-4a6f-abc4-8051288c1b7f to remote] http.wire 86 - http-outgoing-41 &gt;&gt; &quot;{&quot;windowHandle&quot;:&quot;current&quot;}&quot;
08-01-2019 22:41:05 Wire.java DEBUG [Forwarding maximizeWindow on session a68226d3-9e5a-4a6f-abc4-8051288c1b7f to remote] http.wire 72 - http-outgoing-41 &lt;&lt; &quot;HTTP/1.1 200 OK[\r][\n]&quot;
08-01-2019 22:41:05 Wire.java DEBUG [Forwarding maximizeWindow on session a68226d3-9e5a-4a6f-abc4-8051288c1b7f to remote] http.wire 72 - http-outgoing-41 &lt;&lt; &quot;content-type: application/json; charset=UTF-8[\r][\n]&quot;
08-01-2019 22:41:05 Wire.java DEBUG [Forwarding maximizeWindow on session a68226d3-9e5a-4a6f-abc4-8051288c1b7f to remote] http.wire 72 - http-outgoing-41 &lt;&lt; &quot;connection: close[\r][\n]&quot;
08-01-2019 22:41:05 Wire.java DEBUG [Forwarding maximizeWindow on session a68226d3-9e5a-4a6f-abc4-8051288c1b7f to remote] http.wire 72 - http-outgoing-41 &lt;&lt; &quot;content-length: 98[\r][\n]&quot;
08-01-2019 22:41:05 Wire.java DEBUG [Forwarding maximizeWindow on session a68226d3-9e5a-4a6f-abc4-8051288c1b7f to remote] http.wire 72 - http-outgoing-41 &lt;&lt; &quot;server: httpd.js[\r][\n]&quot;
08-01-2019 22:41:05 Wire.java DEBUG [Forwarding maximizeWindow on session a68226d3-9e5a-4a6f-abc4-8051288c1b7f to remote] http.wire 72 - http-outgoing-41 &lt;&lt; &quot;date: Thu, 01 Aug 2019 17:11:05 GMT[\r][\n]&quot;
08-01-2019 22:41:05 Wire.java DEBUG [Forwarding maximizeWindow on session a68226d3-9e5a-4a6f-abc4-8051288c1b7f to remote] http.wire 72 - http-outgoing-41 &lt;&lt; &quot;[\r][\n]&quot;
08-01-2019 22:41:05 LoggingManagedHttpClientConnection.java DEBUG [Forwarding maximizeWindow on session a68226d3-9e5a-4a6f-abc4-8051288c1b7f to remote] http.headers 124 - http-outgoing-41 &lt;&lt; HTTP/1.1 200 OK
08-01-2019 22:41:05 LoggingManagedHttpClientConnection.java DEBUG [Forwarding maximizeWindow on session a68226d3-9e5a-4a6f-abc4-8051288c1b7f to remote] http.headers 127 - http-outgoing-41 &lt;&lt; content-type: application/json; charset=UTF-8
08-01-2019 22:41:05 LoggingManagedHttpClientConnection.java DEBUG [Forwarding maximizeWindow on session a68226d3-9e5a-4a6f-abc4-8051288c1b7f to remote] http.headers 127 - http-outgoing-41 &lt;&lt; connection: close
08-01-2019 22:41:05 LoggingManagedHttpClientConnection.java DEBUG [Forwarding maximizeWindow on session a68226d3-9e5a-4a6f-abc4-8051288c1b7f to remote] http.headers 127 - http-outgoing-41 &lt;&lt; content-length: 98
08-01-2019 22:41:05 LoggingManagedHttpClientConnection.java DEBUG [Forwarding maximizeWindow on session a68226d3-9e5a-4a6f-abc4-8051288c1b7f to remote] http.headers 127 - http-outgoing-41 &lt;&lt; server: httpd.js
08-01-2019 22:41:05 LoggingManagedHttpClientConnection.java DEBUG [Forwarding maximizeWindow on session a68226d3-9e5a-4a6f-abc4-8051288c1b7f to remote] http.headers 127 - http-outgoing-41 &lt;&lt; date: Thu, 01 Aug 2019 17:11:05 GMT
08-01-2019 22:41:05 Wire.java DEBUG [Forwarding maximizeWindow on session a68226d3-9e5a-4a6f-abc4-8051288c1b7f to remote] http.wire 86 - http-outgoing-41 &lt;&lt; &quot;{&quot;name&quot;:&quot;maximizeWindow&quot;,&quot;sessionId&quot;:&quot;a68226d3-9e5a-4a6f-abc4-8051288c1b7f&quot;,&quot;status&quot;:0,&quot;value&quot;:&quot;&quot;}&quot;
08-01-2019 22:41:05 LoggingManagedHttpClientConnection.java DEBUG [Forwarding maximizeWindow on session a68226d3-9e5a-4a6f-abc4-8051288c1b7f to remote] conn.DefaultManagedHttpClientConnection 81 - http-outgoing-41: Close connection
08-01-2019 22:41:05 ConnectionHolder.java DEBUG [Forwarding maximizeWindow on session a68226d3-9e5a-4a6f-abc4-8051288c1b7f to remote] execchain.MainClientExec 103 - Connection discarded
08-01-2019 22:41:05 PoolingHttpClientConnectionManager.java DEBUG [Forwarding maximizeWindow on session a68226d3-9e5a-4a6f-abc4-8051288c1b7f to remote] conn.PoolingHttpClientConnectionManager 320 - Connection released: [id: 41][route: {}-&gt;http://127.0.0.1:7056][total kept alive: 0; route allocated: 0 of 2000; total allocated: 0 of 2000]
08-01-2019 22:41:05 RequestAddCookies.java DEBUG [Forwarding setTimeout on session a68226d3-9e5a-4a6f-abc4-8051288c1b7f to remote] protocol.RequestAddCookies 122 - CookieSpec selected: default
08-01-2019 22:41:05 RequestAuthCache.java DEBUG [Forwarding setTimeout on session a68226d3-9e5a-4a6f-abc4-8051288c1b7f to remote] protocol.RequestAuthCache 76 - Auth cache not set in the context
08-01-2019 22:41:05 PoolingHttpClientConnectionManager.java DEBUG [Forwarding setTimeout on session a68226d3-9e5a-4a6f-abc4-8051288c1b7f to remote] conn.PoolingHttpClientConnectionManager 249 - Connection request: [route: {}-&gt;http://127.0.0.1:7056][total kept alive: 0; route allocated: 0 of 2000; total allocated: 0 of 2000]
08-01-2019 22:41:05 PoolingHttpClientConnectionManager.java DEBUG [Forwarding setTimeout on session a68226d3-9e5a-4a6f-abc4-8051288c1b7f to remote] conn.PoolingHttpClientConnectionManager 282 - Connection leased: [id: 42][route: {}-&gt;http://127.0.0.1:7056][total kept alive: 0; route allocated: 1 of 2000; total allocated: 1 of 2000]
08-01-2019 22:41:05 MainClientExec.java DEBUG [Forwarding setTimeout on session a68226d3-9e5a-4a6f-abc4-8051288c1b7f to remote] execchain.MainClientExec 234 - Opening connection {}-&gt;http://127.0.0.1:7056
08-01-2019 22:41:05 DefaultHttpClientConnectionOperator.java DEBUG [Forwarding setTimeout on session a68226d3-9e5a-4a6f-abc4-8051288c1b7f to remote] conn.DefaultHttpClientConnectionOperator 131 - Connecting to /127.0.0.1:7056
08-01-2019 22:41:05 DefaultHttpClientConnectionOperator.java DEBUG [Forwarding setTimeout on session a68226d3-9e5a-4a6f-abc4-8051288c1b7f to remote] conn.DefaultHttpClientConnectionOperator 138 - Connection established 127.0.0.1:56772&lt;-&gt;127.0.0.1:7056
08-01-2019 22:41:05 LoggingManagedHttpClientConnection.java DEBUG [Forwarding setTimeout on session a68226d3-9e5a-4a6f-abc4-8051288c1b7f to remote] conn.DefaultManagedHttpClientConnection 90 - http-outgoing-42: set socket timeout to 10800000
08-01-2019 22:41:05 MainClientExec.java DEBUG [Forwarding setTimeout on session a68226d3-9e5a-4a6f-abc4-8051288c1b7f to remote] execchain.MainClientExec 255 - Executing request POST /hub/session/a68226d3-9e5a-4a6f-abc4-8051288c1b7f/timeouts HTTP/1.1
08-01-2019 22:41:05 MainClientExec.java DEBUG [Forwarding setTimeout on session a68226d3-9e5a-4a6f-abc4-8051288c1b7f to remote] execchain.MainClientExec 260 - Target auth state: UNCHALLENGED
08-01-2019 22:41:05 MainClientExec.java DEBUG [Forwarding setTimeout on session a68226d3-9e5a-4a6f-abc4-8051288c1b7f to remote] execchain.MainClientExec 266 - Proxy auth state: UNCHALLENGED
08-01-2019 22:41:05 LoggingManagedHttpClientConnection.java DEBUG [Forwarding setTimeout on session a68226d3-9e5a-4a6f-abc4-8051288c1b7f to remote] http.headers 135 - http-outgoing-42 &gt;&gt; POST /hub/session/a68226d3-9e5a-4a6f-abc4-8051288c1b7f/timeouts HTTP/1.1
08-01-2019 22:41:05 LoggingManagedHttpClientConnection.java DEBUG [Forwarding setTimeout on session a68226d3-9e5a-4a6f-abc4-8051288c1b7f to remote] http.headers 138 - http-outgoing-42 &gt;&gt; Content-Type: application/json; charset=utf-8
08-01-2019 22:41:05 LoggingManagedHttpClientConnection.java DEBUG [Forwarding setTimeout on session a68226d3-9e5a-4a6f-abc4-8051288c1b7f to remote] http.headers 138 - http-outgoing-42 &gt;&gt; Content-Length: 31
08-01-2019 22:41:05 LoggingManagedHttpClientConnection.java DEBUG [Forwarding setTimeout on session a68226d3-9e5a-4a6f-abc4-8051288c1b7f to remote] http.headers 138 - http-outgoing-42 &gt;&gt; Host: 127.0.0.1:7056
08-01-2019 22:41:05 LoggingManagedHttpClientConnection.java DEBUG [Forwarding setTimeout on session a68226d3-9e5a-4a6f-abc4-8051288c1b7f to remote] http.headers 138 - http-outgoing-42 &gt;&gt; Connection: Keep-Alive
08-01-2019 22:41:05 LoggingManagedHttpClientConnection.java DEBUG [Forwarding setTimeout on session a68226d3-9e5a-4a6f-abc4-8051288c1b7f to remote] http.headers 138 - http-outgoing-42 &gt;&gt; User-Agent: Apache-HttpClient/4.5.1 (Java/1.8.0_101)
08-01-2019 22:41:05 LoggingManagedHttpClientConnection.java DEBUG [Forwarding setTimeout on session a68226d3-9e5a-4a6f-abc4-8051288c1b7f to remote] http.headers 138 - http-outgoing-42 &gt;&gt; Accept-Encoding: gzip,deflate
08-01-2019 22:41:05 Wire.java DEBUG [Forwarding setTimeout on session a68226d3-9e5a-4a6f-abc4-8051288c1b7f to remote] http.wire 72 - http-outgoing-42 &gt;&gt; &quot;POST /hub/session/a68226d3-9e5a-4a6f-abc4-8051288c1b7f/timeouts HTTP/1.1[\r][\n]&quot;
08-01-2019 22:41:05 Wire.java DEBUG [Forwarding setTimeout on session a68226d3-9e5a-4a6f-abc4-8051288c1b7f to remote] http.wire 72 - http-outgoing-42 &gt;&gt; &quot;Content-Type: application/json; charset=utf-8[\r][\n]&quot;
08-01-2019 22:41:05 Wire.java DEBUG [Forwarding setTimeout on session a68226d3-9e5a-4a6f-abc4-8051288c1b7f to remote] http.wire 72 - http-outgoing-42 &gt;&gt; &quot;Content-Length: 31[\r][\n]&quot;
08-01-2019 22:41:05 Wire.java DEBUG [Forwarding setTimeout on session a68226d3-9e5a-4a6f-abc4-8051288c1b7f to remote] http.wire 72 - http-outgoing-42 &gt;&gt; &quot;Host: 127.0.0.1:7056[\r][\n]&quot;
08-01-2019 22:41:05 Wire.java DEBUG [Forwarding setTimeout on session a68226d3-9e5a-4a6f-abc4-8051288c1b7f to remote] http.wire 72 - http-outgoing-42 &gt;&gt; &quot;Connection: Keep-Alive[\r][\n]&quot;
08-01-2019 22:41:05 Wire.java DEBUG [Forwarding setTimeout on session a68226d3-9e5a-4a6f-abc4-8051288c1b7f to remote] http.wire 72 - http-outgoing-42 &gt;&gt; &quot;User-Agent: Apache-HttpClient/4.5.1 (Java/1.8.0_101)[\r][\n]&quot;
08-01-2019 22:41:05 Wire.java DEBUG [Forwarding setTimeout on session a68226d3-9e5a-4a6f-abc4-8051288c1b7f to remote] http.wire 72 - http-outgoing-42 &gt;&gt; &quot;Accept-Encoding: gzip,deflate[\r][\n]&quot;
08-01-2019 22:41:05 Wire.java DEBUG [Forwarding setTimeout on session a68226d3-9e5a-4a6f-abc4-8051288c1b7f to remote] http.wire 72 - http-outgoing-42 &gt;&gt; &quot;[\r][\n]&quot;
08-01-2019 22:41:05 Wire.java DEBUG [Forwarding setTimeout on session a68226d3-9e5a-4a6f-abc4-8051288c1b7f to remote] http.wire 86 - http-outgoing-42 &gt;&gt; &quot;{&quot;type&quot;:&quot;page load&quot;,&quot;ms&quot;:20000}&quot;
08-01-2019 22:41:05 Wire.java DEBUG [Forwarding setTimeout on session a68226d3-9e5a-4a6f-abc4-8051288c1b7f to remote] http.wire 72 - http-outgoing-42 &lt;&lt; &quot;HTTP/1.1 200 OK[\r][\n]&quot;
08-01-2019 22:41:05 Wire.java DEBUG [Forwarding setTimeout on session a68226d3-9e5a-4a6f-abc4-8051288c1b7f to remote] http.wire 72 - http-outgoing-42 &lt;&lt; &quot;content-type: application/json; charset=UTF-8[\r][\n]&quot;
08-01-2019 22:41:05 Wire.java DEBUG [Forwarding setTimeout on session a68226d3-9e5a-4a6f-abc4-8051288c1b7f to remote] http.wire 72 - http-outgoing-42 &lt;&lt; &quot;connection: close[\r][\n]&quot;
08-01-2019 22:41:05 Wire.java DEBUG [Forwarding setTimeout on session a68226d3-9e5a-4a6f-abc4-8051288c1b7f to remote] http.wire 72 - http-outgoing-42 &lt;&lt; &quot;content-length: 94[\r][\n]&quot;
08-01-2019 22:41:05 Wire.java DEBUG [Forwarding setTimeout on session a68226d3-9e5a-4a6f-abc4-8051288c1b7f to remote] http.wire 72 - http-outgoing-42 &lt;&lt; &quot;server: httpd.js[\r][\n]&quot;
08-01-2019 22:41:05 Wire.java DEBUG [Forwarding setTimeout on session a68226d3-9e5a-4a6f-abc4-8051288c1b7f to remote] http.wire 72 - http-outgoing-42 &lt;&lt; &quot;date: Thu, 01 Aug 2019 17:11:05 GMT[\r][\n]&quot;
08-01-2019 22:41:05 Wire.java DEBUG [Forwarding setTimeout on session a68226d3-9e5a-4a6f-abc4-8051288c1b7f to remote] http.wire 72 - http-outgoing-42 &lt;&lt; &quot;[\r][\n]&quot;
08-01-2019 22:41:05 LoggingManagedHttpClientConnection.java DEBUG [Forwarding setTimeout on session a68226d3-9e5a-4a6f-abc4-8051288c1b7f to remote] http.headers 124 - http-outgoing-42 &lt;&lt; HTTP/1.1 200 OK
08-01-2019 22:41:05 LoggingManagedHttpClientConnection.java DEBUG [Forwarding setTimeout on session a68226d3-9e5a-4a6f-abc4-8051288c1b7f to remote] http.headers 127 - http-outgoing-42 &lt;&lt; content-type: application/json; charset=UTF-8
08-01-2019 22:41:05 LoggingManagedHttpClientConnection.java DEBUG [Forwarding setTimeout on session a68226d3-9e5a-4a6f-abc4-8051288c1b7f to remote] http.headers 127 - http-outgoing-42 &lt;&lt; connection: close
08-01-2019 22:41:05 LoggingManagedHttpClientConnection.java DEBUG [Forwarding setTimeout on session a68226d3-9e5a-4a6f-abc4-8051288c1b7f to remote] http.headers 127 - http-outgoing-42 &lt;&lt; content-length: 94
08-01-2019 22:41:05 LoggingManagedHttpClientConnection.java DEBUG [Forwarding setTimeout on session a68226d3-9e5a-4a6f-abc4-8051288c1b7f to remote] http.headers 127 - http-outgoing-42 &lt;&lt; server: httpd.js
08-01-2019 22:41:05 LoggingManagedHttpClientConnection.java DEBUG [Forwarding setTimeout on session a68226d3-9e5a-4a6f-abc4-8051288c1b7f to remote] http.headers 127 - http-outgoing-42 &lt;&lt; date: Thu, 01 Aug 2019 17:11:05 GMT
08-01-2019 22:41:05 Wire.java DEBUG [Forwarding setTimeout on session a68226d3-9e5a-4a6f-abc4-8051288c1b7f to remote] http.wire 86 - http-outgoing-42 &lt;&lt; &quot;{&quot;name&quot;:&quot;setTimeout&quot;,&quot;sessionId&quot;:&quot;a68226d3-9e5a-4a6f-abc4-8051288c1b7f&quot;,&quot;status&quot;:0,&quot;value&quot;:&quot;&quot;}&quot;
08-01-2019 22:41:05 LoggingManagedHttpClientConnection.java DEBUG [Forwarding setTimeout on session a68226d3-9e5a-4a6f-abc4-8051288c1b7f to remote] conn.DefaultManagedHttpClientConnection 81 - http-outgoing-42: Close connection
08-01-2019 22:41:05 ConnectionHolder.java DEBUG [Forwarding setTimeout on session a68226d3-9e5a-4a6f-abc4-8051288c1b7f to remote] execchain.MainClientExec 103 - Connection discarded
08-01-2019 22:41:05 PoolingHttpClientConnectionManager.java DEBUG [Forwarding setTimeout on session a68226d3-9e5a-4a6f-abc4-8051288c1b7f to remote] conn.PoolingHttpClientConnectionManager 320 - Connection released: [id: 42][route: {}-&gt;http://127.0.0.1:7056][total kept alive: 0; route allocated: 0 of 2000; total allocated: 0 of 2000]
08-01-2019 22:41:05 RequestAddCookies.java DEBUG [Forwarding setTimeout on session a68226d3-9e5a-4a6f-abc4-8051288c1b7f to remote] protocol.RequestAddCookies 122 - CookieSpec selected: default
08-01-2019 22:41:05 RequestAuthCache.java DEBUG [Forwarding setTimeout on session a68226d3-9e5a-4a6f-abc4-8051288c1b7f to remote] protocol.RequestAuthCache 76 - Auth cache not set in the context
08-01-2019 22:41:05 PoolingHttpClientConnectionManager.java DEBUG [Forwarding setTimeout on session a68226d3-9e5a-4a6f-abc4-8051288c1b7f to remote] conn.PoolingHttpClientConnectionManager 249 - Connection request: [route: {}-&gt;http://127.0.0.1:7056][total kept alive: 0; route allocated: 0 of 2000; total allocated: 0 of 2000]
08-01-2019 22:41:05 PoolingHttpClientConnectionManager.java DEBUG [Forwarding setTimeout on session a68226d3-9e5a-4a6f-abc4-8051288c1b7f to remote] conn.PoolingHttpClientConnectionManager 282 - Connection leased: [id: 43][route: {}-&gt;http://127.0.0.1:7056][total kept alive: 0; route allocated: 1 of 2000; total allocated: 1 of 2000]
08-01-2019 22:41:05 MainClientExec.java DEBUG [Forwarding setTimeout on session a68226d3-9e5a-4a6f-abc4-8051288c1b7f to remote] execchain.MainClientExec 234 - Opening connection {}-&gt;http://127.0.0.1:7056
08-01-2019 22:41:05 DefaultHttpClientConnectionOperator.java DEBUG [Forwarding setTimeout on session a68226d3-9e5a-4a6f-abc4-8051288c1b7f to remote] conn.DefaultHttpClientConnectionOperator 131 - Connecting to /127.0.0.1:7056
08-01-2019 22:41:05 DefaultHttpClientConnectionOperator.java DEBUG [Forwarding setTimeout on session a68226d3-9e5a-4a6f-abc4-8051288c1b7f to remote] conn.DefaultHttpClientConnectionOperator 138 - Connection established 127.0.0.1:56773&lt;-&gt;127.0.0.1:7056
08-01-2019 22:41:05 LoggingManagedHttpClientConnection.java DEBUG [Forwarding setTimeout on session a68226d3-9e5a-4a6f-abc4-8051288c1b7f to remote] conn.DefaultManagedHttpClientConnection 90 - http-outgoing-43: set socket timeout to 10800000
08-01-2019 22:41:05 MainClientExec.java DEBUG [Forwarding setTimeout on session a68226d3-9e5a-4a6f-abc4-8051288c1b7f to remote] execchain.MainClientExec 255 - Executing request POST /hub/session/a68226d3-9e5a-4a6f-abc4-8051288c1b7f/timeouts HTTP/1.1
08-01-2019 22:41:05 MainClientExec.java DEBUG [Forwarding setTimeout on session a68226d3-9e5a-4a6f-abc4-8051288c1b7f to remote] execchain.MainClientExec 260 - Target auth state: UNCHALLENGED
08-01-2019 22:41:05 MainClientExec.java DEBUG [Forwarding setTimeout on session a68226d3-9e5a-4a6f-abc4-8051288c1b7f to remote] execchain.MainClientExec 266 - Proxy auth state: UNCHALLENGED
08-01-2019 22:41:05 LoggingManagedHttpClientConnection.java DEBUG [Forwarding setTimeout on session a68226d3-9e5a-4a6f-abc4-8051288c1b7f to remote] http.headers 135 - http-outgoing-43 &gt;&gt; POST /hub/session/a68226d3-9e5a-4a6f-abc4-8051288c1b7f/timeouts HTTP/1.1
08-01-2019 22:41:05 LoggingManagedHttpClientConnection.java DEBUG [Forwarding setTimeout on session a68226d3-9e5a-4a6f-abc4-8051288c1b7f to remote] http.headers 138 - http-outgoing-43 &gt;&gt; Content-Type: application/json; charset=utf-8
08-01-2019 22:41:05 LoggingManagedHttpClientConnection.java DEBUG [Forwarding setTimeout on session a68226d3-9e5a-4a6f-abc4-8051288c1b7f to remote] http.headers 138 - http-outgoing-43 &gt;&gt; Content-Length: 30
08-01-2019 22:41:05 LoggingManagedHttpClientConnection.java DEBUG [Forwarding setTimeout on session a68226d3-9e5a-4a6f-abc4-8051288c1b7f to remote] http.headers 138 - http-outgoing-43 &gt;&gt; Host: 127.0.0.1:7056
08-01-2019 22:41:05 LoggingManagedHttpClientConnection.java DEBUG [Forwarding setTimeout on session a68226d3-9e5a-4a6f-abc4-8051288c1b7f to remote] http.headers 138 - http-outgoing-43 &gt;&gt; Connection: Keep-Alive
08-01-2019 22:41:05 LoggingManagedHttpClientConnection.java DEBUG [Forwarding setTimeout on session a68226d3-9e5a-4a6f-abc4-8051288c1b7f to remote] http.headers 138 - http-outgoing-43 &gt;&gt; User-Agent: Apache-HttpClient/4.5.1 (Java/1.8.0_101)
08-01-2019 22:41:05 LoggingManagedHttpClientConnection.java DEBUG [Forwarding setTimeout on session a68226d3-9e5a-4a6f-abc4-8051288c1b7f to remote] http.headers 138 - http-outgoing-43 &gt;&gt; Accept-Encoding: gzip,deflate
08-01-2019 22:41:05 Wire.java DEBUG [Forwarding setTimeout on session a68226d3-9e5a-4a6f-abc4-8051288c1b7f to remote] http.wire 72 - http-outgoing-43 &gt;&gt; &quot;POST /hub/session/a68226d3-9e5a-4a6f-abc4-8051288c1b7f/timeouts HTTP/1.1[\r][\n]&quot;
08-01-2019 22:41:05 Wire.java DEBUG [Forwarding setTimeout on session a68226d3-9e5a-4a6f-abc4-8051288c1b7f to remote] http.wire 72 - http-outgoing-43 &gt;&gt; &quot;Content-Type: application/json; charset=utf-8[\r][\n]&quot;
08-01-2019 22:41:05 Wire.java DEBUG [Forwarding setTimeout on session a68226d3-9e5a-4a6f-abc4-8051288c1b7f to remote] http.wire 72 - http-outgoing-43 &gt;&gt; &quot;Content-Length: 30[\r][\n]&quot;
08-01-2019 22:41:05 Wire.java DEBUG [Forwarding setTimeout on session a68226d3-9e5a-4a6f-abc4-8051288c1b7f to remote] http.wire 72 - http-outgoing-43 &gt;&gt; &quot;Host: 127.0.0.1:7056[\r][\n]&quot;
08-01-2019 22:41:05 Wire.java DEBUG [Forwarding setTimeout on session a68226d3-9e5a-4a6f-abc4-8051288c1b7f to remote] http.wire 72 - http-outgoing-43 &gt;&gt; &quot;Connection: Keep-Alive[\r][\n]&quot;
08-01-2019 22:41:05 Wire.java DEBUG [Forwarding setTimeout on session a68226d3-9e5a-4a6f-abc4-8051288c1b7f to remote] http.wire 72 - http-outgoing-43 &gt;&gt; &quot;User-Agent: Apache-HttpClient/4.5.1 (Java/1.8.0_101)[\r][\n]&quot;
08-01-2019 22:41:05 Wire.java DEBUG [Forwarding setTimeout on session a68226d3-9e5a-4a6f-abc4-8051288c1b7f to remote] http.wire 72 - http-outgoing-43 &gt;&gt; &quot;Accept-Encoding: gzip,deflate[\r][\n]&quot;
08-01-2019 22:41:05 Wire.java DEBUG [Forwarding setTimeout on session a68226d3-9e5a-4a6f-abc4-8051288c1b7f to remote] http.wire 72 - http-outgoing-43 &gt;&gt; &quot;[\r][\n]&quot;
08-01-2019 22:41:05 Wire.java DEBUG [Forwarding setTimeout on session a68226d3-9e5a-4a6f-abc4-8051288c1b7f to remote] http.wire 86 - http-outgoing-43 &gt;&gt; &quot;{&quot;type&quot;:&quot;implicit&quot;,&quot;ms&quot;:20000}&quot;
08-01-2019 22:41:05 Wire.java DEBUG [Forwarding setTimeout on session a68226d3-9e5a-4a6f-abc4-8051288c1b7f to remote] http.wire 72 - http-outgoing-43 &lt;&lt; &quot;HTTP/1.1 200 OK[\r][\n]&quot;
08-01-2019 22:41:05 Wire.java DEBUG [Forwarding setTimeout on session a68226d3-9e5a-4a6f-abc4-8051288c1b7f to remote] http.wire 72 - http-outgoing-43 &lt;&lt; &quot;content-type: application/json; charset=UTF-8[\r][\n]&quot;
08-01-2019 22:41:05 Wire.java DEBUG [Forwarding setTimeout on session a68226d3-9e5a-4a6f-abc4-8051288c1b7f to remote] http.wire 72 - http-outgoing-43 &lt;&lt; &quot;connection: close[\r][\n]&quot;
08-01-2019 22:41:05 Wire.java DEBUG [Forwarding setTimeout on session a68226d3-9e5a-4a6f-abc4-8051288c1b7f to remote] http.wire 72 - http-outgoing-43 &lt;&lt; &quot;content-length: 94[\r][\n]&quot;
08-01-2019 22:41:05 Wire.java DEBUG [Forwarding setTimeout on session a68226d3-9e5a-4a6f-abc4-8051288c1b7f to remote] http.wire 72 - http-outgoing-43 &lt;&lt; &quot;server: httpd.js[\r][\n]&quot;
08-01-2019 22:41:05 Wire.java DEBUG [Forwarding setTimeout on session a68226d3-9e5a-4a6f-abc4-8051288c1b7f to remote] http.wire 72 - http-outgoing-43 &lt;&lt; &quot;date: Thu, 01 Aug 2019 17:11:05 GMT[\r][\n]&quot;
08-01-2019 22:41:05 Wire.java DEBUG [Forwarding setTimeout on session a68226d3-9e5a-4a6f-abc4-8051288c1b7f to remote] http.wire 72 - http-outgoing-43 &lt;&lt; &quot;[\r][\n]&quot;
08-01-2019 22:41:05 LoggingManagedHttpClientConnection.java DEBUG [Forwarding setTimeout on session a68226d3-9e5a-4a6f-abc4-8051288c1b7f to remote] http.headers 124 - http-outgoing-43 &lt;&lt; HTTP/1.1 200 OK
08-01-2019 22:41:05 LoggingManagedHttpClientConnection.java DEBUG [Forwarding setTimeout on session a68226d3-9e5a-4a6f-abc4-8051288c1b7f to remote] http.headers 127 - http-outgoing-43 &lt;&lt; content-type: application/json; charset=UTF-8
08-01-2019 22:41:05 LoggingManagedHttpClientConnection.java DEBUG [Forwarding setTimeout on session a68226d3-9e5a-4a6f-abc4-8051288c1b7f to remote] http.headers 127 - http-outgoing-43 &lt;&lt; connection: close
08-01-2019 22:41:05 LoggingManagedHttpClientConnection.java DEBUG [Forwarding setTimeout on session a68226d3-9e5a-4a6f-abc4-8051288c1b7f to remote] http.headers 127 - http-outgoing-43 &lt;&lt; content-length: 94
08-01-2019 22:41:05 LoggingManagedHttpClientConnection.java DEBUG [Forwarding setTimeout on session a68226d3-9e5a-4a6f-abc4-8051288c1b7f to remote] http.headers 127 - http-outgoing-43 &lt;&lt; server: httpd.js
08-01-2019 22:41:05 LoggingManagedHttpClientConnection.java DEBUG [Forwarding setTimeout on session a68226d3-9e5a-4a6f-abc4-8051288c1b7f to remote] http.headers 127 - http-outgoing-43 &lt;&lt; date: Thu, 01 Aug 2019 17:11:05 GMT
08-01-2019 22:41:05 Wire.java DEBUG [Forwarding setTimeout on session a68226d3-9e5a-4a6f-abc4-8051288c1b7f to remote] http.wire 86 - http-outgoing-43 &lt;&lt; &quot;{&quot;name&quot;:&quot;setTimeout&quot;,&quot;sessionId&quot;:&quot;a68226d3-9e5a-4a6f-abc4-8051288c1b7f&quot;,&quot;status&quot;:0,&quot;value&quot;:&quot;&quot;}&quot;
08-01-2019 22:41:05 LoggingManagedHttpClientConnection.java DEBUG [Forwarding setTimeout on session a68226d3-9e5a-4a6f-abc4-8051288c1b7f to remote] conn.DefaultManagedHttpClientConnection 81 - http-outgoing-43: Close connection
08-01-2019 22:41:05 ConnectionHolder.java DEBUG [Forwarding setTimeout on session a68226d3-9e5a-4a6f-abc4-8051288c1b7f to remote] execchain.MainClientExec 103 - Connection discarded
08-01-2019 22:41:05 PoolingHttpClientConnectionManager.java DEBUG [Forwarding setTimeout on session a68226d3-9e5a-4a6f-abc4-8051288c1b7f to remote] conn.PoolingHttpClientConnectionManager 320 - Connection released: [id: 43][route: {}-&gt;http://127.0.0.1:7056][total kept alive: 0; route allocated: 0 of 2000; total allocated: 0 of 2000]
08-01-2019 22:41:05 RequestAddCookies.java DEBUG [Forwarding deleteAllCookies on session a68226d3-9e5a-4a6f-abc4-8051288c1b7f to remote] protocol.RequestAddCookies 122 - CookieSpec selected: default
08-01-2019 22:41:05 RequestAuthCache.java DEBUG [Forwarding deleteAllCookies on session a68226d3-9e5a-4a6f-abc4-8051288c1b7f to remote] protocol.RequestAuthCache 76 - Auth cache not set in the context
08-01-2019 22:41:05 PoolingHttpClientConnectionManager.java DEBUG [Forwarding deleteAllCookies on session a68226d3-9e5a-4a6f-abc4-8051288c1b7f to remote] conn.PoolingHttpClientConnectionManager 249 - Connection request: [route: {}-&gt;http://127.0.0.1:7056][total kept alive: 0; route allocated: 0 of 2000; total allocated: 0 of 2000]
08-01-2019 22:41:05 PoolingHttpClientConnectionManager.java DEBUG [Forwarding deleteAllCookies on session a68226d3-9e5a-4a6f-abc4-8051288c1b7f to remote] conn.PoolingHttpClientConnectionManager 282 - Connection leased: [id: 44][route: {}-&gt;http://127.0.0.1:7056][total kept alive: 0; route allocated: 1 of 2000; total allocated: 1 of 2000]
08-01-2019 22:41:05 MainClientExec.java DEBUG [Forwarding deleteAllCookies on session a68226d3-9e5a-4a6f-abc4-8051288c1b7f to remote] execchain.MainClientExec 234 - Opening connection {}-&gt;http://127.0.0.1:7056
08-01-2019 22:41:05 DefaultHttpClientConnectionOperator.java DEBUG [Forwarding deleteAllCookies on session a68226d3-9e5a-4a6f-abc4-8051288c1b7f to remote] conn.DefaultHttpClientConnectionOperator 131 - Connecting to /127.0.0.1:7056
08-01-2019 22:41:05 DefaultHttpClientConnectionOperator.java DEBUG [Forwarding deleteAllCookies on session a68226d3-9e5a-4a6f-abc4-8051288c1b7f to remote] conn.DefaultHttpClientConnectionOperator 138 - Connection established 127.0.0.1:56774&lt;-&gt;127.0.0.1:7056
08-01-2019 22:41:05 LoggingManagedHttpClientConnection.java DEBUG [Forwarding deleteAllCookies on session a68226d3-9e5a-4a6f-abc4-8051288c1b7f to remote] conn.DefaultManagedHttpClientConnection 90 - http-outgoing-44: set socket timeout to 10800000
08-01-2019 22:41:05 MainClientExec.java DEBUG [Forwarding deleteAllCookies on session a68226d3-9e5a-4a6f-abc4-8051288c1b7f to remote] execchain.MainClientExec 255 - Executing request DELETE /hub/session/a68226d3-9e5a-4a6f-abc4-8051288c1b7f/cookie HTTP/1.1
08-01-2019 22:41:05 MainClientExec.java DEBUG [Forwarding deleteAllCookies on session a68226d3-9e5a-4a6f-abc4-8051288c1b7f to remote] execchain.MainClientExec 260 - Target auth state: UNCHALLENGED
08-01-2019 22:41:05 MainClientExec.java DEBUG [Forwarding deleteAllCookies on session a68226d3-9e5a-4a6f-abc4-8051288c1b7f to remote] execchain.MainClientExec 266 - Proxy auth state: UNCHALLENGED
08-01-2019 22:41:05 LoggingManagedHttpClientConnection.java DEBUG [Forwarding deleteAllCookies on session a68226d3-9e5a-4a6f-abc4-8051288c1b7f to remote] http.headers 135 - http-outgoing-44 &gt;&gt; DELETE /hub/session/a68226d3-9e5a-4a6f-abc4-8051288c1b7f/cookie HTTP/1.1
08-01-2019 22:41:05 LoggingManagedHttpClientConnection.java DEBUG [Forwarding deleteAllCookies on session a68226d3-9e5a-4a6f-abc4-8051288c1b7f to remote] http.headers 138 - http-outgoing-44 &gt;&gt; Host: 127.0.0.1:7056
08-01-2019 22:41:05 LoggingManagedHttpClientConnection.java DEBUG [Forwarding deleteAllCookies on session a68226d3-9e5a-4a6f-abc4-8051288c1b7f to remote] http.headers 138 - http-outgoing-44 &gt;&gt; Connection: Keep-Alive
08-01-2019 22:41:05 LoggingManagedHttpClientConnection.java DEBUG [Forwarding deleteAllCookies on session a68226d3-9e5a-4a6f-abc4-8051288c1b7f to remote] http.headers 138 - http-outgoing-44 &gt;&gt; User-Agent: Apache-HttpClient/4.5.1 (Java/1.8.0_101)
08-01-2019 22:41:05 LoggingManagedHttpClientConnection.java DEBUG [Forwarding deleteAllCookies on session a68226d3-9e5a-4a6f-abc4-8051288c1b7f to remote] http.headers 138 - http-outgoing-44 &gt;&gt; Accept-Encoding: gzip,deflate
08-01-2019 22:41:05 Wire.java DEBUG [Forwarding deleteAllCookies on session a68226d3-9e5a-4a6f-abc4-8051288c1b7f to remote] http.wire 72 - http-outgoing-44 &gt;&gt; &quot;DELETE /hub/session/a68226d3-9e5a-4a6f-abc4-8051288c1b7f/cookie HTTP/1.1[\r][\n]&quot;
08-01-2019 22:41:05 Wire.java DEBUG [Forwarding deleteAllCookies on session a68226d3-9e5a-4a6f-abc4-8051288c1b7f to remote] http.wire 72 - http-outgoing-44 &gt;&gt; &quot;Host: 127.0.0.1:7056[\r][\n]&quot;
08-01-2019 22:41:05 Wire.java DEBUG [Forwarding deleteAllCookies on session a68226d3-9e5a-4a6f-abc4-8051288c1b7f to remote] http.wire 72 - http-outgoing-44 &gt;&gt; &quot;Connection: Keep-Alive[\r][\n]&quot;
08-01-2019 22:41:05 Wire.java DEBUG [Forwarding deleteAllCookies on session a68226d3-9e5a-4a6f-abc4-8051288c1b7f to remote] http.wire 72 - http-outgoing-44 &gt;&gt; &quot;User-Agent: Apache-HttpClient/4.5.1 (Java/1.8.0_101)[\r][\n]&quot;
08-01-2019 22:41:05 Wire.java DEBUG [Forwarding deleteAllCookies on session a68226d3-9e5a-4a6f-abc4-8051288c1b7f to remote] http.wire 72 - http-outgoing-44 &gt;&gt; &quot;Accept-Encoding: gzip,deflate[\r][\n]&quot;
08-01-2019 22:41:05 Wire.java DEBUG [Forwarding deleteAllCookies on session a68226d3-9e5a-4a6f-abc4-8051288c1b7f to remote] http.wire 72 - http-outgoing-44 &gt;&gt; &quot;[\r][\n]&quot;
08-01-2019 22:41:05 Wire.java DEBUG [Forwarding deleteAllCookies on session a68226d3-9e5a-4a6f-abc4-8051288c1b7f to remote] http.wire 72 - http-outgoing-44 &lt;&lt; &quot;HTTP/1.1 200 OK[\r][\n]&quot;
08-01-2019 22:41:05 Wire.java DEBUG [Forwarding deleteAllCookies on session a68226d3-9e5a-4a6f-abc4-8051288c1b7f to remote] http.wire 72 - http-outgoing-44 &lt;&lt; &quot;content-type: application/json; charset=UTF-8[\r][\n]&quot;
08-01-2019 22:41:05 Wire.java DEBUG [Forwarding deleteAllCookies on session a68226d3-9e5a-4a6f-abc4-8051288c1b7f to remote] http.wire 72 - http-outgoing-44 &lt;&lt; &quot;connection: close[\r][\n]&quot;
08-01-2019 22:41:05 Wire.java DEBUG [Forwarding deleteAllCookies on session a68226d3-9e5a-4a6f-abc4-8051288c1b7f to remote] http.wire 72 - http-outgoing-44 &lt;&lt; &quot;content-length: 100[\r][\n]&quot;
08-01-2019 22:41:05 Wire.java DEBUG [Forwarding deleteAllCookies on session a68226d3-9e5a-4a6f-abc4-8051288c1b7f to remote] http.wire 72 - http-outgoing-44 &lt;&lt; &quot;server: httpd.js[\r][\n]&quot;
08-01-2019 22:41:05 Wire.java DEBUG [Forwarding deleteAllCookies on session a68226d3-9e5a-4a6f-abc4-8051288c1b7f to remote] http.wire 72 - http-outgoing-44 &lt;&lt; &quot;date: Thu, 01 Aug 2019 17:11:05 GMT[\r][\n]&quot;
08-01-2019 22:41:05 Wire.java DEBUG [Forwarding deleteAllCookies on session a68226d3-9e5a-4a6f-abc4-8051288c1b7f to remote] http.wire 72 - http-outgoing-44 &lt;&lt; &quot;[\r][\n]&quot;
08-01-2019 22:41:05 LoggingManagedHttpClientConnection.java DEBUG [Forwarding deleteAllCookies on session a68226d3-9e5a-4a6f-abc4-8051288c1b7f to remote] http.headers 124 - http-outgoing-44 &lt;&lt; HTTP/1.1 200 OK
08-01-2019 22:41:05 LoggingManagedHttpClientConnection.java DEBUG [Forwarding deleteAllCookies on session a68226d3-9e5a-4a6f-abc4-8051288c1b7f to remote] http.headers 127 - http-outgoing-44 &lt;&lt; content-type: application/json; charset=UTF-8
08-01-2019 22:41:05 LoggingManagedHttpClientConnection.java DEBUG [Forwarding deleteAllCookies on session a68226d3-9e5a-4a6f-abc4-8051288c1b7f to remote] http.headers 127 - http-outgoing-44 &lt;&lt; connection: close
08-01-2019 22:41:05 LoggingManagedHttpClientConnection.java DEBUG [Forwarding deleteAllCookies on session a68226d3-9e5a-4a6f-abc4-8051288c1b7f to remote] http.headers 127 - http-outgoing-44 &lt;&lt; content-length: 100
08-01-2019 22:41:05 LoggingManagedHttpClientConnection.java DEBUG [Forwarding deleteAllCookies on session a68226d3-9e5a-4a6f-abc4-8051288c1b7f to remote] http.headers 127 - http-outgoing-44 &lt;&lt; server: httpd.js
08-01-2019 22:41:05 LoggingManagedHttpClientConnection.java DEBUG [Forwarding deleteAllCookies on session a68226d3-9e5a-4a6f-abc4-8051288c1b7f to remote] http.headers 127 - http-outgoing-44 &lt;&lt; date: Thu, 01 Aug 2019 17:11:05 GMT
08-01-2019 22:41:05 Wire.java DEBUG [Forwarding deleteAllCookies on session a68226d3-9e5a-4a6f-abc4-8051288c1b7f to remote] http.wire 86 - http-outgoing-44 &lt;&lt; &quot;{&quot;name&quot;:&quot;deleteAllCookies&quot;,&quot;sessionId&quot;:&quot;a68226d3-9e5a-4a6f-abc4-8051288c1b7f&quot;,&quot;status&quot;:0,&quot;value&quot;:&quot;&quot;}&quot;
08-01-2019 22:41:05 LoggingManagedHttpClientConnection.java DEBUG [Forwarding deleteAllCookies on session a68226d3-9e5a-4a6f-abc4-8051288c1b7f to remote] conn.DefaultManagedHttpClientConnection 81 - http-outgoing-44: Close connection
08-01-2019 22:41:05 ConnectionHolder.java DEBUG [Forwarding deleteAllCookies on session a68226d3-9e5a-4a6f-abc4-8051288c1b7f to remote] execchain.MainClientExec 103 - Connection discarded
08-01-2019 22:41:05 PoolingHttpClientConnectionManager.java DEBUG [Forwarding deleteAllCookies on session a68226d3-9e5a-4a6f-abc4-8051288c1b7f to remote] conn.PoolingHttpClientConnectionManager 320 - Connection released: [id: 44][route: {}-&gt;http://127.0.0.1:7056][total kept alive: 0; route allocated: 0 of 2000; total allocated: 0 of 2000]
08-01-2019 22:41:05 RequestAddCookies.java DEBUG [Forwarding get on session a68226d3-9e5a-4a6f-abc4-8051288c1b7f to remote] protocol.RequestAddCookies 122 - CookieSpec selected: default
08-01-2019 22:41:05 RequestAuthCache.java DEBUG [Forwarding get on session a68226d3-9e5a-4a6f-abc4-8051288c1b7f to remote] protocol.RequestAuthCache 76 - Auth cache not set in the context
08-01-2019 22:41:05 PoolingHttpClientConnectionManager.java DEBUG [Forwarding get on session a68226d3-9e5a-4a6f-abc4-8051288c1b7f to remote] conn.PoolingHttpClientConnectionManager 249 - Connection request: [route: {}-&gt;http://127.0.0.1:7056][total kept alive: 0; route allocated: 0 of 2000; total allocated: 0 of 2000]
08-01-2019 22:41:05 PoolingHttpClientConnectionManager.java DEBUG [Forwarding get on session a68226d3-9e5a-4a6f-abc4-8051288c1b7f to remote] conn.PoolingHttpClientConnectionManager 282 - Connection leased: [id: 45][route: {}-&gt;http://127.0.0.1:7056][total kept alive: 0; route allocated: 1 of 2000; total allocated: 1 of 2000]
08-01-2019 22:41:05 MainClientExec.java DEBUG [Forwarding get on session a68226d3-9e5a-4a6f-abc4-8051288c1b7f to remote] execchain.MainClientExec 234 - Opening connection {}-&gt;http://127.0.0.1:7056
08-01-2019 22:41:05 DefaultHttpClientConnectionOperator.java DEBUG [Forwarding get on session a68226d3-9e5a-4a6f-abc4-8051288c1b7f to remote] conn.DefaultHttpClientConnectionOperator 131 - Connecting to /127.0.0.1:7056
08-01-2019 22:41:05 DefaultHttpClientConnectionOperator.java DEBUG [Forwarding get on session a68226d3-9e5a-4a6f-abc4-8051288c1b7f to remote] conn.DefaultHttpClientConnectionOperator 138 - Connection established 127.0.0.1:56775&lt;-&gt;127.0.0.1:7056
08-01-2019 22:41:05 LoggingManagedHttpClientConnection.java DEBUG [Forwarding get on session a68226d3-9e5a-4a6f-abc4-8051288c1b7f to remote] conn.DefaultManagedHttpClientConnection 90 - http-outgoing-45: set socket timeout to 10800000
08-01-2019 22:41:05 MainClientExec.java DEBUG [Forwarding get on session a68226d3-9e5a-4a6f-abc4-8051288c1b7f to remote] execchain.MainClientExec 255 - Executing request POST /hub/session/a68226d3-9e5a-4a6f-abc4-8051288c1b7f/url HTTP/1.1
08-01-2019 22:41:05 MainClientExec.java DEBUG [Forwarding get on session a68226d3-9e5a-4a6f-abc4-8051288c1b7f to remote] execchain.MainClientExec 260 - Target auth state: UNCHALLENGED
08-01-2019 22:41:05 MainClientExec.java DEBUG [Forwarding get on session a68226d3-9e5a-4a6f-abc4-8051288c1b7f to remote] execchain.MainClientExec 266 - Proxy auth state: UNCHALLENGED
08-01-2019 22:41:05 LoggingManagedHttpClientConnection.java DEBUG [Forwarding get on session a68226d3-9e5a-4a6f-abc4-8051288c1b7f to remote] http.headers 135 - http-outgoing-45 &gt;&gt; POST /hub/session/a68226d3-9e5a-4a6f-abc4-8051288c1b7f/url HTTP/1.1
08-01-2019 22:41:05 LoggingManagedHttpClientConnection.java DEBUG [Forwarding get on session a68226d3-9e5a-4a6f-abc4-8051288c1b7f to remote] http.headers 138 - http-outgoing-45 &gt;&gt; Content-Type: application/json; charset=utf-8
08-01-2019 22:41:05 LoggingManagedHttpClientConnection.java DEBUG [Forwarding get on session a68226d3-9e5a-4a6f-abc4-8051288c1b7f to remote] http.headers 138 - http-outgoing-45 &gt;&gt; Content-Length: 36
08-01-2019 22:41:05 LoggingManagedHttpClientConnection.java DEBUG [Forwarding get on session a68226d3-9e5a-4a6f-abc4-8051288c1b7f to remote] http.headers 138 - http-outgoing-45 &gt;&gt; Host: 127.0.0.1:7056
08-01-2019 22:41:05 LoggingManagedHttpClientConnection.java DEBUG [Forwarding get on session a68226d3-9e5a-4a6f-abc4-8051288c1b7f to remote] http.headers 138 - http-outgoing-45 &gt;&gt; Connection: Keep-Alive
08-01-2019 22:41:05 LoggingManagedHttpClientConnection.java DEBUG [Forwarding get on session a68226d3-9e5a-4a6f-abc4-8051288c1b7f to remote] http.headers 138 - http-outgoing-45 &gt;&gt; User-Agent: Apache-HttpClient/4.5.1 (Java/1.8.0_101)
08-01-2019 22:41:05 LoggingManagedHttpClientConnection.java DEBUG [Forwarding get on session a68226d3-9e5a-4a6f-abc4-8051288c1b7f to remote] http.headers 138 - http-outgoing-45 &gt;&gt; Accept-Encoding: gzip,deflate
08-01-2019 22:41:05 Wire.java DEBUG [Forwarding get on session a68226d3-9e5a-4a6f-abc4-8051288c1b7f to remote] http.wire 72 - http-outgoing-45 &gt;&gt; &quot;POST /hub/session/a68226d3-9e5a-4a6f-abc4-8051288c1b7f/url HTTP/1.1[\r][\n]&quot;
08-01-2019 22:41:05 Wire.java DEBUG [Forwarding get on session a68226d3-9e5a-4a6f-abc4-8051288c1b7f to remote] http.wire 72 - http-outgoing-45 &gt;&gt; &quot;Content-Type: application/json; charset=utf-8[\r][\n]&quot;
08-01-2019 22:41:05 Wire.java DEBUG [Forwarding get on session a68226d3-9e5a-4a6f-abc4-8051288c1b7f to remote] http.wire 72 - http-outgoing-45 &gt;&gt; &quot;Content-Length: 36[\r][\n]&quot;
08-01-2019 22:41:05 Wire.java DEBUG [Forwarding get on session a68226d3-9e5a-4a6f-abc4-8051288c1b7f to remote] http.wire 72 - http-outgoing-45 &gt;&gt; &quot;Host: 127.0.0.1:7056[\r][\n]&quot;
08-01-2019 22:41:05 Wire.java DEBUG [Forwarding get on session a68226d3-9e5a-4a6f-abc4-8051288c1b7f to remote] http.wire 72 - http-outgoing-45 &gt;&gt; &quot;Connection: Keep-Alive[\r][\n]&quot;
08-01-2019 22:41:05 Wire.java DEBUG [Forwarding get on session a68226d3-9e5a-4a6f-abc4-8051288c1b7f to remote] http.wire 72 - http-outgoing-45 &gt;&gt; &quot;User-Agent: Apache-HttpClient/4.5.1 (Java/1.8.0_101)[\r][\n]&quot;
08-01-2019 22:41:05 Wire.java DEBUG [Forwarding get on session a68226d3-9e5a-4a6f-abc4-8051288c1b7f to remote] http.wire 72 - http-outgoing-45 &gt;&gt; &quot;Accept-Encoding: gzip,deflate[\r][\n]&quot;
08-01-2019 22:41:05 Wire.java DEBUG [Forwarding get on session a68226d3-9e5a-4a6f-abc4-8051288c1b7f to remote] http.wire 72 - http-outgoing-45 &gt;&gt; &quot;[\r][\n]&quot;
08-01-2019 22:41:05 Wire.java DEBUG [Forwarding get on session a68226d3-9e5a-4a6f-abc4-8051288c1b7f to remote] http.wire 86 - http-outgoing-45 &gt;&gt; &quot;{&quot;url&quot;:&quot;https://classic.crmpro.com&quot;}&quot;
08-01-2019 22:41:15 Wire.java DEBUG [Forwarding get on session a68226d3-9e5a-4a6f-abc4-8051288c1b7f to remote] http.wire 72 - http-outgoing-45 &lt;&lt; &quot;HTTP/1.1 200 OK[\r][\n]&quot;
08-01-2019 22:41:15 Wire.java DEBUG [Forwarding get on session a68226d3-9e5a-4a6f-abc4-8051288c1b7f to remote] http.wire 72 - http-outgoing-45 &lt;&lt; &quot;content-type: application/json; charset=UTF-8[\r][\n]&quot;
08-01-2019 22:41:15 Wire.java DEBUG [Forwarding get on session a68226d3-9e5a-4a6f-abc4-8051288c1b7f to remote] http.wire 72 - http-outgoing-45 &lt;&lt; &quot;connection: close[\r][\n]&quot;
08-01-2019 22:41:15 Wire.java DEBUG [Forwarding get on session a68226d3-9e5a-4a6f-abc4-8051288c1b7f to remote] http.wire 72 - http-outgoing-45 &lt;&lt; &quot;content-length: 87[\r][\n]&quot;
08-01-2019 22:41:15 Wire.java DEBUG [Forwarding get on session a68226d3-9e5a-4a6f-abc4-8051288c1b7f to remote] http.wire 72 - http-outgoing-45 &lt;&lt; &quot;server: httpd.js[\r][\n]&quot;
08-01-2019 22:41:15 Wire.java DEBUG [Forwarding get on session a68226d3-9e5a-4a6f-abc4-8051288c1b7f to remote] http.wire 72 - http-outgoing-45 &lt;&lt; &quot;date: Thu, 01 Aug 2019 17:11:14 GMT[\r][\n]&quot;
08-01-2019 22:41:15 Wire.java DEBUG [Forwarding get on session a68226d3-9e5a-4a6f-abc4-8051288c1b7f to remote] http.wire 72 - http-outgoing-45 &lt;&lt; &quot;[\r][\n]&quot;
08-01-2019 22:41:15 LoggingManagedHttpClientConnection.java DEBUG [Forwarding get on session a68226d3-9e5a-4a6f-abc4-8051288c1b7f to remote] http.headers 124 - http-outgoing-45 &lt;&lt; HTTP/1.1 200 OK
08-01-2019 22:41:15 LoggingManagedHttpClientConnection.java DEBUG [Forwarding get on session a68226d3-9e5a-4a6f-abc4-8051288c1b7f to remote] http.headers 127 - http-outgoing-45 &lt;&lt; content-type: application/json; charset=UTF-8
08-01-2019 22:41:15 LoggingManagedHttpClientConnection.java DEBUG [Forwarding get on session a68226d3-9e5a-4a6f-abc4-8051288c1b7f to remote] http.headers 127 - http-outgoing-45 &lt;&lt; connection: close
08-01-2019 22:41:15 LoggingManagedHttpClientConnection.java DEBUG [Forwarding get on session a68226d3-9e5a-4a6f-abc4-8051288c1b7f to remote] http.headers 127 - http-outgoing-45 &lt;&lt; content-length: 87
08-01-2019 22:41:15 LoggingManagedHttpClientConnection.java DEBUG [Forwarding get on session a68226d3-9e5a-4a6f-abc4-8051288c1b7f to remote] http.headers 127 - http-outgoing-45 &lt;&lt; server: httpd.js
08-01-2019 22:41:15 LoggingManagedHttpClientConnection.java DEBUG [Forwarding get on session a68226d3-9e5a-4a6f-abc4-8051288c1b7f to remote] http.headers 127 - http-outgoing-45 &lt;&lt; date: Thu, 01 Aug 2019 17:11:14 GMT
08-01-2019 22:41:15 Wire.java DEBUG [Forwarding get on session a68226d3-9e5a-4a6f-abc4-8051288c1b7f to remote] http.wire 86 - http-outgoing-45 &lt;&lt; &quot;{&quot;name&quot;:&quot;get&quot;,&quot;sessionId&quot;:&quot;a68226d3-9e5a-4a6f-abc4-8051288c1b7f&quot;,&quot;status&quot;:0,&quot;value&quot;:&quot;&quot;}&quot;
08-01-2019 22:41:15 LoggingManagedHttpClientConnection.java DEBUG [Forwarding get on session a68226d3-9e5a-4a6f-abc4-8051288c1b7f to remote] conn.DefaultManagedHttpClientConnection 81 - http-outgoing-45: Close connection
08-01-2019 22:41:15 ConnectionHolder.java DEBUG [Forwarding get on session a68226d3-9e5a-4a6f-abc4-8051288c1b7f to remote] execchain.MainClientExec 103 - Connection discarded
08-01-2019 22:41:15 PoolingHttpClientConnectionManager.java DEBUG [Forwarding get on session a68226d3-9e5a-4a6f-abc4-8051288c1b7f to remote] conn.PoolingHttpClientConnectionManager 320 - Connection released: [id: 45][route: {}-&gt;http://127.0.0.1:7056][total kept alive: 0; route allocated: 0 of 2000; total allocated: 0 of 2000]
08-01-2019 22:41:15 RequestAddCookies.java DEBUG [Forwarding findElement on session a68226d3-9e5a-4a6f-abc4-8051288c1b7f to remote] protocol.RequestAddCookies 122 - CookieSpec selected: default
08-01-2019 22:41:15 RequestAuthCache.java DEBUG [Forwarding findElement on session a68226d3-9e5a-4a6f-abc4-8051288c1b7f to remote] protocol.RequestAuthCache 76 - Auth cache not set in the context
08-01-2019 22:41:15 PoolingHttpClientConnectionManager.java DEBUG [Forwarding findElement on session a68226d3-9e5a-4a6f-abc4-8051288c1b7f to remote] conn.PoolingHttpClientConnectionManager 249 - Connection request: [route: {}-&gt;http://127.0.0.1:7056][total kept alive: 0; route allocated: 0 of 2000; total allocated: 0 of 2000]
08-01-2019 22:41:15 PoolingHttpClientConnectionManager.java DEBUG [Forwarding findElement on session a68226d3-9e5a-4a6f-abc4-8051288c1b7f to remote] conn.PoolingHttpClientConnectionManager 282 - Connection leased: [id: 46][route: {}-&gt;http://127.0.0.1:7056][total kept alive: 0; route allocated: 1 of 2000; total allocated: 1 of 2000]
08-01-2019 22:41:15 MainClientExec.java DEBUG [Forwarding findElement on session a68226d3-9e5a-4a6f-abc4-8051288c1b7f to remote] execchain.MainClientExec 234 - Opening connection {}-&gt;http://127.0.0.1:7056
08-01-2019 22:41:15 DefaultHttpClientConnectionOperator.java DEBUG [Forwarding findElement on session a68226d3-9e5a-4a6f-abc4-8051288c1b7f to remote] conn.DefaultHttpClientConnectionOperator 131 - Connecting to /127.0.0.1:7056
08-01-2019 22:41:15 DefaultHttpClientConnectionOperator.java DEBUG [Forwarding findElement on session a68226d3-9e5a-4a6f-abc4-8051288c1b7f to remote] conn.DefaultHttpClientConnectionOperator 138 - Connection established 127.0.0.1:56810&lt;-&gt;127.0.0.1:7056
08-01-2019 22:41:15 LoggingManagedHttpClientConnection.java DEBUG [Forwarding findElement on session a68226d3-9e5a-4a6f-abc4-8051288c1b7f to remote] conn.DefaultManagedHttpClientConnection 90 - http-outgoing-46: set socket timeout to 10800000
08-01-2019 22:41:15 MainClientExec.java DEBUG [Forwarding findElement on session a68226d3-9e5a-4a6f-abc4-8051288c1b7f to remote] execchain.MainClientExec 255 - Executing request POST /hub/session/a68226d3-9e5a-4a6f-abc4-8051288c1b7f/element HTTP/1.1
08-01-2019 22:41:15 MainClientExec.java DEBUG [Forwarding findElement on session a68226d3-9e5a-4a6f-abc4-8051288c1b7f to remote] execchain.MainClientExec 260 - Target auth state: UNCHALLENGED
08-01-2019 22:41:15 MainClientExec.java DEBUG [Forwarding findElement on session a68226d3-9e5a-4a6f-abc4-8051288c1b7f to remote] execchain.MainClientExec 266 - Proxy auth state: UNCHALLENGED
08-01-2019 22:41:15 LoggingManagedHttpClientConnection.java DEBUG [Forwarding findElement on session a68226d3-9e5a-4a6f-abc4-8051288c1b7f to remote] http.headers 135 - http-outgoing-46 &gt;&gt; POST /hub/session/a68226d3-9e5a-4a6f-abc4-8051288c1b7f/element HTTP/1.1
08-01-2019 22:41:15 LoggingManagedHttpClientConnection.java DEBUG [Forwarding findElement on session a68226d3-9e5a-4a6f-abc4-8051288c1b7f to remote] http.headers 138 - http-outgoing-46 &gt;&gt; Content-Type: application/json; charset=utf-8
08-01-2019 22:41:15 LoggingManagedHttpClientConnection.java DEBUG [Forwarding findElement on session a68226d3-9e5a-4a6f-abc4-8051288c1b7f to remote] http.headers 138 - http-outgoing-46 &gt;&gt; Content-Length: 40
08-01-2019 22:41:15 LoggingManagedHttpClientConnection.java DEBUG [Forwarding findElement on session a68226d3-9e5a-4a6f-abc4-8051288c1b7f to remote] http.headers 138 - http-outgoing-46 &gt;&gt; Host: 127.0.0.1:7056
08-01-2019 22:41:15 LoggingManagedHttpClientConnection.java DEBUG [Forwarding findElement on session a68226d3-9e5a-4a6f-abc4-8051288c1b7f to remote] http.headers 138 - http-outgoing-46 &gt;&gt; Connection: Keep-Alive
08-01-2019 22:41:15 LoggingManagedHttpClientConnection.java DEBUG [Forwarding findElement on session a68226d3-9e5a-4a6f-abc4-8051288c1b7f to remote] http.headers 138 - http-outgoing-46 &gt;&gt; User-Agent: Apache-HttpClient/4.5.1 (Java/1.8.0_101)
08-01-2019 22:41:15 LoggingManagedHttpClientConnection.java DEBUG [Forwarding findElement on session a68226d3-9e5a-4a6f-abc4-8051288c1b7f to remote] http.headers 138 - http-outgoing-46 &gt;&gt; Accept-Encoding: gzip,deflate
08-01-2019 22:41:15 Wire.java DEBUG [Forwarding findElement on session a68226d3-9e5a-4a6f-abc4-8051288c1b7f to remote] http.wire 72 - http-outgoing-46 &gt;&gt; &quot;POST /hub/session/a68226d3-9e5a-4a6f-abc4-8051288c1b7f/element HTTP/1.1[\r][\n]&quot;
08-01-2019 22:41:15 Wire.java DEBUG [Forwarding findElement on session a68226d3-9e5a-4a6f-abc4-8051288c1b7f to remote] http.wire 72 - http-outgoing-46 &gt;&gt; &quot;Content-Type: application/json; charset=utf-8[\r][\n]&quot;
08-01-2019 22:41:15 Wire.java DEBUG [Forwarding findElement on session a68226d3-9e5a-4a6f-abc4-8051288c1b7f to remote] http.wire 72 - http-outgoing-46 &gt;&gt; &quot;Content-Length: 40[\r][\n]&quot;
08-01-2019 22:41:15 Wire.java DEBUG [Forwarding findElement on session a68226d3-9e5a-4a6f-abc4-8051288c1b7f to remote] http.wire 72 - http-outgoing-46 &gt;&gt; &quot;Host: 127.0.0.1:7056[\r][\n]&quot;
08-01-2019 22:41:15 Wire.java DEBUG [Forwarding findElement on session a68226d3-9e5a-4a6f-abc4-8051288c1b7f to remote] http.wire 72 - http-outgoing-46 &gt;&gt; &quot;Connection: Keep-Alive[\r][\n]&quot;
08-01-2019 22:41:15 Wire.java DEBUG [Forwarding findElement on session a68226d3-9e5a-4a6f-abc4-8051288c1b7f to remote] http.wire 72 - http-outgoing-46 &gt;&gt; &quot;User-Agent: Apache-HttpClient/4.5.1 (Java/1.8.0_101)[\r][\n]&quot;
08-01-2019 22:41:15 Wire.java DEBUG [Forwarding findElement on session a68226d3-9e5a-4a6f-abc4-8051288c1b7f to remote] http.wire 72 - http-outgoing-46 &gt;&gt; &quot;Accept-Encoding: gzip,deflate[\r][\n]&quot;
08-01-2019 22:41:15 Wire.java DEBUG [Forwarding findElement on session a68226d3-9e5a-4a6f-abc4-8051288c1b7f to remote] http.wire 72 - http-outgoing-46 &gt;&gt; &quot;[\r][\n]&quot;
08-01-2019 22:41:15 Wire.java DEBUG [Forwarding findElement on session a68226d3-9e5a-4a6f-abc4-8051288c1b7f to remote] http.wire 86 - http-outgoing-46 &gt;&gt; &quot;{&quot;using&quot;:&quot;xpath&quot;,&quot;value&quot;:&quot;signUpButton&quot;}&quot;
08-01-2019 22:41:35 Wire.java DEBUG [Forwarding findElement on session a68226d3-9e5a-4a6f-abc4-8051288c1b7f to remote] http.wire 72 - http-outgoing-46 &lt;&lt; &quot;HTTP/1.1 500 Internal Server Error[\r][\n]&quot;
08-01-2019 22:41:35 Wire.java DEBUG [Forwarding findElement on session a68226d3-9e5a-4a6f-abc4-8051288c1b7f to remote] http.wire 72 - http-outgoing-46 &lt;&lt; &quot;content-type: application/json; charset=UTF-8[\r][\n]&quot;
08-01-2019 22:41:35 Wire.java DEBUG [Forwarding findElement on session a68226d3-9e5a-4a6f-abc4-8051288c1b7f to remote] http.wire 72 - http-outgoing-46 &lt;&lt; &quot;connection: close[\r][\n]&quot;
08-01-2019 22:41:35 Wire.java DEBUG [Forwarding findElement on session a68226d3-9e5a-4a6f-abc4-8051288c1b7f to remote] http.wire 72 - http-outgoing-46 &lt;&lt; &quot;content-length: 729[\r][\n]&quot;
08-01-2019 22:41:35 Wire.java DEBUG [Forwarding findElement on session a68226d3-9e5a-4a6f-abc4-8051288c1b7f to remote] http.wire 72 - http-outgoing-46 &lt;&lt; &quot;server: httpd.js[\r][\n]&quot;
08-01-2019 22:41:35 Wire.java DEBUG [Forwarding findElement on session a68226d3-9e5a-4a6f-abc4-8051288c1b7f to remote] http.wire 72 - http-outgoing-46 &lt;&lt; &quot;date: Thu, 01 Aug 2019 17:11:35 GMT[\r][\n]&quot;
08-01-2019 22:41:35 Wire.java DEBUG [Forwarding findElement on session a68226d3-9e5a-4a6f-abc4-8051288c1b7f to remote] http.wire 72 - http-outgoing-46 &lt;&lt; &quot;[\r][\n]&quot;
08-01-2019 22:41:35 LoggingManagedHttpClientConnection.java DEBUG [Forwarding findElement on session a68226d3-9e5a-4a6f-abc4-8051288c1b7f to remote] http.headers 124 - http-outgoing-46 &lt;&lt; HTTP/1.1 500 Internal Server Error
08-01-2019 22:41:35 LoggingManagedHttpClientConnection.java DEBUG [Forwarding findElement on session a68226d3-9e5a-4a6f-abc4-8051288c1b7f to remote] http.headers 127 - http-outgoing-46 &lt;&lt; content-type: application/json; charset=UTF-8
08-01-2019 22:41:35 LoggingManagedHttpClientConnection.java DEBUG [Forwarding findElement on session a68226d3-9e5a-4a6f-abc4-8051288c1b7f to remote] http.headers 127 - http-outgoing-46 &lt;&lt; connection: close
08-01-2019 22:41:35 LoggingManagedHttpClientConnection.java DEBUG [Forwarding findElement on session a68226d3-9e5a-4a6f-abc4-8051288c1b7f to remote] http.headers 127 - http-outgoing-46 &lt;&lt; content-length: 729
08-01-2019 22:41:35 LoggingManagedHttpClientConnection.java DEBUG [Forwarding findElement on session a68226d3-9e5a-4a6f-abc4-8051288c1b7f to remote] http.headers 127 - http-outgoing-46 &lt;&lt; server: httpd.js
08-01-2019 22:41:35 LoggingManagedHttpClientConnection.java DEBUG [Forwarding findElement on session a68226d3-9e5a-4a6f-abc4-8051288c1b7f to remote] http.headers 127 - http-outgoing-46 &lt;&lt; date: Thu, 01 Aug 2019 17:11:35 GMT
08-01-2019 22:41:35 Wire.java DEBUG [Forwarding findElement on session a68226d3-9e5a-4a6f-abc4-8051288c1b7f to remote] http.wire 86 - http-outgoing-46 &lt;&lt; &quot;{&quot;name&quot;:&quot;findElement&quot;,&quot;sessionId&quot;:&quot;a68226d3-9e5a-4a6f-abc4-8051288c1b7f&quot;,&quot;status&quot;:7,&quot;value&quot;:{&quot;message&quot;:&quot;Unable to locate element: {\&quot;method\&quot;:\&quot;xpath\&quot;,\&quot;selector\&quot;:\&quot;signUpButton\&quot;}&quot;,&quot;stackTrace&quot;:[{&quot;methodName&quot;:&quot;FirefoxDriver.prototype.findElementInternal_&quot;,&quot;fileName&quot;:&quot;file:///C:/Users/nites/AppData/Local/Temp/anonymous6395614581064227782webdriver-profile/extensions/fxdriver@googlecode.com/components/driver-component.js&quot;,&quot;lineNumber&quot;:10770,&quot;columnNumber&quot;:26},{&quot;methodName&quot;:&quot;fxdriver.Timer.prototype.setTimeout/&lt;.notify&quot;,&quot;fileName&quot;:&quot;file:///C:/Users/nites/AppData/Local/Temp/anonymous6395614581064227782webdriver-profile/extensions/fxdriver@googlecode.com/components/driver-component.js&quot;,&quot;lineNumber&quot;:625,&quot;columnNumber&quot;:5}]}}&quot;
08-01-2019 22:41:35 LoggingManagedHttpClientConnection.java DEBUG [Forwarding findElement on session a68226d3-9e5a-4a6f-abc4-8051288c1b7f to remote] conn.DefaultManagedHttpClientConnection 81 - http-outgoing-46: Close connection
08-01-2019 22:41:35 ConnectionHolder.java DEBUG [Forwarding findElement on session a68226d3-9e5a-4a6f-abc4-8051288c1b7f to remote] execchain.MainClientExec 103 - Connection discarded
08-01-2019 22:41:35 PoolingHttpClientConnectionManager.java DEBUG [Forwarding findElement on session a68226d3-9e5a-4a6f-abc4-8051288c1b7f to remote] conn.PoolingHttpClientConnectionManager 320 - Connection released: [id: 46][route: {}-&gt;http://127.0.0.1:7056][total kept alive: 0; route allocated: 0 of 2000; total allocated: 0 of 2000]
08-01-2019 22:41:35 RequestAddCookies.java DEBUG [Forwarding findElement on session a68226d3-9e5a-4a6f-abc4-8051288c1b7f to remote] protocol.RequestAddCookies 122 - CookieSpec selected: default
08-01-2019 22:41:35 RequestAuthCache.java DEBUG [Forwarding findElement on session a68226d3-9e5a-4a6f-abc4-8051288c1b7f to remote] protocol.RequestAuthCache 76 - Auth cache not set in the context
08-01-2019 22:41:35 PoolingHttpClientConnectionManager.java DEBUG [Forwarding findElement on session a68226d3-9e5a-4a6f-abc4-8051288c1b7f to remote] conn.PoolingHttpClientConnectionManager 249 - Connection request: [route: {}-&gt;http://127.0.0.1:7056][total kept alive: 0; route allocated: 0 of 2000; total allocated: 0 of 2000]
08-01-2019 22:41:35 PoolingHttpClientConnectionManager.java DEBUG [Forwarding findElement on session a68226d3-9e5a-4a6f-abc4-8051288c1b7f to remote] conn.PoolingHttpClientConnectionManager 282 - Connection leased: [id: 47][route: {}-&gt;http://127.0.0.1:7056][total kept alive: 0; route allocated: 1 of 2000; total allocated: 1 of 2000]
08-01-2019 22:41:35 MainClientExec.java DEBUG [Forwarding findElement on session a68226d3-9e5a-4a6f-abc4-8051288c1b7f to remote] execchain.MainClientExec 234 - Opening connection {}-&gt;http://127.0.0.1:7056
08-01-2019 22:41:35 DefaultHttpClientConnectionOperator.java DEBUG [Forwarding findElement on session a68226d3-9e5a-4a6f-abc4-8051288c1b7f to remote] conn.DefaultHttpClientConnectionOperator 131 - Connecting to /127.0.0.1:7056
08-01-2019 22:41:35 DefaultHttpClientConnectionOperator.java DEBUG [Forwarding findElement on session a68226d3-9e5a-4a6f-abc4-8051288c1b7f to remote] conn.DefaultHttpClientConnectionOperator 138 - Connection established 127.0.0.1:56817&lt;-&gt;127.0.0.1:7056
08-01-2019 22:41:35 LoggingManagedHttpClientConnection.java DEBUG [Forwarding findElement on session a68226d3-9e5a-4a6f-abc4-8051288c1b7f to remote] conn.DefaultManagedHttpClientConnection 90 - http-outgoing-47: set socket timeout to 10800000
08-01-2019 22:41:35 MainClientExec.java DEBUG [Forwarding findElement on session a68226d3-9e5a-4a6f-abc4-8051288c1b7f to remote] execchain.MainClientExec 255 - Executing request POST /hub/session/a68226d3-9e5a-4a6f-abc4-8051288c1b7f/element HTTP/1.1
08-01-2019 22:41:35 MainClientExec.java DEBUG [Forwarding findElement on session a68226d3-9e5a-4a6f-abc4-8051288c1b7f to remote] execchain.MainClientExec 260 - Target auth state: UNCHALLENGED
08-01-2019 22:41:35 MainClientExec.java DEBUG [Forwarding findElement on session a68226d3-9e5a-4a6f-abc4-8051288c1b7f to remote] execchain.MainClientExec 266 - Proxy auth state: UNCHALLENGED
08-01-2019 22:41:35 LoggingManagedHttpClientConnection.java DEBUG [Forwarding findElement on session a68226d3-9e5a-4a6f-abc4-8051288c1b7f to remote] http.headers 135 - http-outgoing-47 &gt;&gt; POST /hub/session/a68226d3-9e5a-4a6f-abc4-8051288c1b7f/element HTTP/1.1
08-01-2019 22:41:35 LoggingManagedHttpClientConnection.java DEBUG [Forwarding findElement on session a68226d3-9e5a-4a6f-abc4-8051288c1b7f to remote] http.headers 138 - http-outgoing-47 &gt;&gt; Content-Type: application/json; charset=utf-8
08-01-2019 22:41:35 LoggingManagedHttpClientConnection.java DEBUG [Forwarding findElement on session a68226d3-9e5a-4a6f-abc4-8051288c1b7f to remote] http.headers 138 - http-outgoing-47 &gt;&gt; Content-Length: 59
08-01-2019 22:41:35 LoggingManagedHttpClientConnection.java DEBUG [Forwarding findElement on session a68226d3-9e5a-4a6f-abc4-8051288c1b7f to remote] http.headers 138 - http-outgoing-47 &gt;&gt; Host: 127.0.0.1:7056
08-01-2019 22:41:35 LoggingManagedHttpClientConnection.java DEBUG [Forwarding findElement on session a68226d3-9e5a-4a6f-abc4-8051288c1b7f to remote] http.headers 138 - http-outgoing-47 &gt;&gt; Connection: Keep-Alive
08-01-2019 22:41:35 LoggingManagedHttpClientConnection.java DEBUG [Forwarding findElement on session a68226d3-9e5a-4a6f-abc4-8051288c1b7f to remote] http.headers 138 - http-outgoing-47 &gt;&gt; User-Agent: Apache-HttpClient/4.5.1 (Java/1.8.0_101)
08-01-2019 22:41:35 LoggingManagedHttpClientConnection.java DEBUG [Forwarding findElement on session a68226d3-9e5a-4a6f-abc4-8051288c1b7f to remote] http.headers 138 - http-outgoing-47 &gt;&gt; Accept-Encoding: gzip,deflate
08-01-2019 22:41:35 Wire.java DEBUG [Forwarding findElement on session a68226d3-9e5a-4a6f-abc4-8051288c1b7f to remote] http.wire 72 - http-outgoing-47 &gt;&gt; &quot;POST /hub/session/a68226d3-9e5a-4a6f-abc4-8051288c1b7f/element HTTP/1.1[\r][\n]&quot;
08-01-2019 22:41:35 Wire.java DEBUG [Forwarding findElement on session a68226d3-9e5a-4a6f-abc4-8051288c1b7f to remote] http.wire 72 - http-outgoing-47 &gt;&gt; &quot;Content-Type: application/json; charset=utf-8[\r][\n]&quot;
08-01-2019 22:41:35 Wire.java DEBUG [Forwarding findElement on session a68226d3-9e5a-4a6f-abc4-8051288c1b7f to remote] http.wire 72 - http-outgoing-47 &gt;&gt; &quot;Content-Length: 59[\r][\n]&quot;
08-01-2019 22:41:35 Wire.java DEBUG [Forwarding findElement on session a68226d3-9e5a-4a6f-abc4-8051288c1b7f to remote] http.wire 72 - http-outgoing-47 &gt;&gt; &quot;Host: 127.0.0.1:7056[\r][\n]&quot;
08-01-2019 22:41:35 Wire.java DEBUG [Forwarding findElement on session a68226d3-9e5a-4a6f-abc4-8051288c1b7f to remote] http.wire 72 - http-outgoing-47 &gt;&gt; &quot;Connection: Keep-Alive[\r][\n]&quot;
08-01-2019 22:41:35 Wire.java DEBUG [Forwarding findElement on session a68226d3-9e5a-4a6f-abc4-8051288c1b7f to remote] http.wire 72 - http-outgoing-47 &gt;&gt; &quot;User-Agent: Apache-HttpClient/4.5.1 (Java/1.8.0_101)[\r][\n]&quot;
08-01-2019 22:41:35 Wire.java DEBUG [Forwarding findElement on session a68226d3-9e5a-4a6f-abc4-8051288c1b7f to remote] http.wire 72 - http-outgoing-47 &gt;&gt; &quot;Accept-Encoding: gzip,deflate[\r][\n]&quot;
08-01-2019 22:41:35 Wire.java DEBUG [Forwarding findElement on session a68226d3-9e5a-4a6f-abc4-8051288c1b7f to remote] http.wire 72 - http-outgoing-47 &gt;&gt; &quot;[\r][\n]&quot;
08-01-2019 22:41:35 Wire.java DEBUG [Forwarding findElement on session a68226d3-9e5a-4a6f-abc4-8051288c1b7f to remote] http.wire 86 - http-outgoing-47 &gt;&gt; &quot;{&quot;using&quot;:&quot;xpath&quot;,&quot;value&quot;:&quot;//a[contains(text(),&apos;Sign Up&apos;)]&quot;}&quot;
08-01-2019 22:41:35 Wire.java DEBUG [Forwarding findElement on session a68226d3-9e5a-4a6f-abc4-8051288c1b7f to remote] http.wire 72 - http-outgoing-47 &lt;&lt; &quot;HTTP/1.1 200 OK[\r][\n]&quot;
08-01-2019 22:41:35 Wire.java DEBUG [Forwarding findElement on session a68226d3-9e5a-4a6f-abc4-8051288c1b7f to remote] http.wire 72 - http-outgoing-47 &lt;&lt; &quot;content-type: application/json; charset=UTF-8[\r][\n]&quot;
08-01-2019 22:41:35 Wire.java DEBUG [Forwarding findElement on session a68226d3-9e5a-4a6f-abc4-8051288c1b7f to remote] http.wire 72 - http-outgoing-47 &lt;&lt; &quot;connection: close[\r][\n]&quot;
08-01-2019 22:41:35 Wire.java DEBUG [Forwarding findElement on session a68226d3-9e5a-4a6f-abc4-8051288c1b7f to remote] http.wire 72 - http-outgoing-47 &lt;&lt; &quot;content-length: 224[\r][\n]&quot;
08-01-2019 22:41:35 Wire.java DEBUG [Forwarding findElement on session a68226d3-9e5a-4a6f-abc4-8051288c1b7f to remote] http.wire 72 - http-outgoing-47 &lt;&lt; &quot;server: httpd.js[\r][\n]&quot;
08-01-2019 22:41:35 Wire.java DEBUG [Forwarding findElement on session a68226d3-9e5a-4a6f-abc4-8051288c1b7f to remote] http.wire 72 - http-outgoing-47 &lt;&lt; &quot;date: Thu, 01 Aug 2019 17:11:35 GMT[\r][\n]&quot;
08-01-2019 22:41:35 Wire.java DEBUG [Forwarding findElement on session a68226d3-9e5a-4a6f-abc4-8051288c1b7f to remote] http.wire 72 - http-outgoing-47 &lt;&lt; &quot;[\r][\n]&quot;
08-01-2019 22:41:35 LoggingManagedHttpClientConnection.java DEBUG [Forwarding findElement on session a68226d3-9e5a-4a6f-abc4-8051288c1b7f to remote] http.headers 124 - http-outgoing-47 &lt;&lt; HTTP/1.1 200 OK
08-01-2019 22:41:35 LoggingManagedHttpClientConnection.java DEBUG [Forwarding findElement on session a68226d3-9e5a-4a6f-abc4-8051288c1b7f to remote] http.headers 127 - http-outgoing-47 &lt;&lt; content-type: application/json; charset=UTF-8
08-01-2019 22:41:35 LoggingManagedHttpClientConnection.java DEBUG [Forwarding findElement on session a68226d3-9e5a-4a6f-abc4-8051288c1b7f to remote] http.headers 127 - http-outgoing-47 &lt;&lt; connection: close
08-01-2019 22:41:35 LoggingManagedHttpClientConnection.java DEBUG [Forwarding findElement on session a68226d3-9e5a-4a6f-abc4-8051288c1b7f to remote] http.headers 127 - http-outgoing-47 &lt;&lt; content-length: 224
08-01-2019 22:41:35 LoggingManagedHttpClientConnection.java DEBUG [Forwarding findElement on session a68226d3-9e5a-4a6f-abc4-8051288c1b7f to remote] http.headers 127 - http-outgoing-47 &lt;&lt; server: httpd.js
08-01-2019 22:41:35 LoggingManagedHttpClientConnection.java DEBUG [Forwarding findElement on session a68226d3-9e5a-4a6f-abc4-8051288c1b7f to remote] http.headers 127 - http-outgoing-47 &lt;&lt; date: Thu, 01 Aug 2019 17:11:35 GMT
08-01-2019 22:41:35 Wire.java DEBUG [Forwarding findElement on session a68226d3-9e5a-4a6f-abc4-8051288c1b7f to remote] http.wire 86 - http-outgoing-47 &lt;&lt; &quot;{&quot;name&quot;:&quot;findElement&quot;,&quot;sessionId&quot;:&quot;a68226d3-9e5a-4a6f-abc4-8051288c1b7f&quot;,&quot;status&quot;:0,&quot;value&quot;:{&quot;ELEMENT&quot;:&quot;{48e47921-621e-4e17-a79e-a113f090ad58}&quot;,&quot;element-6066-11e4-a52e-4f735466cecf&quot;:&quot;{48e47921-621e-4e17-a79e-a113f090ad58}&quot;}}&quot;
08-01-2019 22:41:35 LoggingManagedHttpClientConnection.java DEBUG [Forwarding findElement on session a68226d3-9e5a-4a6f-abc4-8051288c1b7f to remote] conn.DefaultManagedHttpClientConnection 81 - http-outgoing-47: Close connection
08-01-2019 22:41:35 ConnectionHolder.java DEBUG [Forwarding findElement on session a68226d3-9e5a-4a6f-abc4-8051288c1b7f to remote] execchain.MainClientExec 103 - Connection discarded
08-01-2019 22:41:35 PoolingHttpClientConnectionManager.java DEBUG [Forwarding findElement on session a68226d3-9e5a-4a6f-abc4-8051288c1b7f to remote] conn.PoolingHttpClientConnectionManager 320 - Connection released: [id: 47][route: {}-&gt;http://127.0.0.1:7056][total kept alive: 0; route allocated: 0 of 2000; total allocated: 0 of 2000]
08-01-2019 22:41:35 RequestAddCookies.java DEBUG [Forwarding clickElement on session a68226d3-9e5a-4a6f-abc4-8051288c1b7f to remote] protocol.RequestAddCookies 122 - CookieSpec selected: default
08-01-2019 22:41:35 RequestAuthCache.java DEBUG [Forwarding clickElement on session a68226d3-9e5a-4a6f-abc4-8051288c1b7f to remote] protocol.RequestAuthCache 76 - Auth cache not set in the context
08-01-2019 22:41:35 PoolingHttpClientConnectionManager.java DEBUG [Forwarding clickElement on session a68226d3-9e5a-4a6f-abc4-8051288c1b7f to remote] conn.PoolingHttpClientConnectionManager 249 - Connection request: [route: {}-&gt;http://127.0.0.1:7056][total kept alive: 0; route allocated: 0 of 2000; total allocated: 0 of 2000]
08-01-2019 22:41:35 PoolingHttpClientConnectionManager.java DEBUG [Forwarding clickElement on session a68226d3-9e5a-4a6f-abc4-8051288c1b7f to remote] conn.PoolingHttpClientConnectionManager 282 - Connection leased: [id: 48][route: {}-&gt;http://127.0.0.1:7056][total kept alive: 0; route allocated: 1 of 2000; total allocated: 1 of 2000]
08-01-2019 22:41:35 MainClientExec.java DEBUG [Forwarding clickElement on session a68226d3-9e5a-4a6f-abc4-8051288c1b7f to remote] execchain.MainClientExec 234 - Opening connection {}-&gt;http://127.0.0.1:7056
08-01-2019 22:41:35 DefaultHttpClientConnectionOperator.java DEBUG [Forwarding clickElement on session a68226d3-9e5a-4a6f-abc4-8051288c1b7f to remote] conn.DefaultHttpClientConnectionOperator 131 - Connecting to /127.0.0.1:7056
08-01-2019 22:41:35 DefaultHttpClientConnectionOperator.java DEBUG [Forwarding clickElement on session a68226d3-9e5a-4a6f-abc4-8051288c1b7f to remote] conn.DefaultHttpClientConnectionOperator 138 - Connection established 127.0.0.1:56819&lt;-&gt;127.0.0.1:7056
08-01-2019 22:41:35 LoggingManagedHttpClientConnection.java DEBUG [Forwarding clickElement on session a68226d3-9e5a-4a6f-abc4-8051288c1b7f to remote] conn.DefaultManagedHttpClientConnection 90 - http-outgoing-48: set socket timeout to 10800000
08-01-2019 22:41:35 MainClientExec.java DEBUG [Forwarding clickElement on session a68226d3-9e5a-4a6f-abc4-8051288c1b7f to remote] execchain.MainClientExec 255 - Executing request POST /hub/session/a68226d3-9e5a-4a6f-abc4-8051288c1b7f/element/%7B48e47921-621e-4e17-a79e-a113f090ad58%7D/click HTTP/1.1
08-01-2019 22:41:35 MainClientExec.java DEBUG [Forwarding clickElement on session a68226d3-9e5a-4a6f-abc4-8051288c1b7f to remote] execchain.MainClientExec 260 - Target auth state: UNCHALLENGED
08-01-2019 22:41:35 MainClientExec.java DEBUG [Forwarding clickElement on session a68226d3-9e5a-4a6f-abc4-8051288c1b7f to remote] execchain.MainClientExec 266 - Proxy auth state: UNCHALLENGED
08-01-2019 22:41:35 LoggingManagedHttpClientConnection.java DEBUG [Forwarding clickElement on session a68226d3-9e5a-4a6f-abc4-8051288c1b7f to remote] http.headers 135 - http-outgoing-48 &gt;&gt; POST /hub/session/a68226d3-9e5a-4a6f-abc4-8051288c1b7f/element/%7B48e47921-621e-4e17-a79e-a113f090ad58%7D/click HTTP/1.1
08-01-2019 22:41:35 LoggingManagedHttpClientConnection.java DEBUG [Forwarding clickElement on session a68226d3-9e5a-4a6f-abc4-8051288c1b7f to remote] http.headers 138 - http-outgoing-48 &gt;&gt; Content-Type: application/json; charset=utf-8
08-01-2019 22:41:35 LoggingManagedHttpClientConnection.java DEBUG [Forwarding clickElement on session a68226d3-9e5a-4a6f-abc4-8051288c1b7f to remote] http.headers 138 - http-outgoing-48 &gt;&gt; Content-Length: 47
08-01-2019 22:41:35 LoggingManagedHttpClientConnection.java DEBUG [Forwarding clickElement on session a68226d3-9e5a-4a6f-abc4-8051288c1b7f to remote] http.headers 138 - http-outgoing-48 &gt;&gt; Host: 127.0.0.1:7056
08-01-2019 22:41:35 LoggingManagedHttpClientConnection.java DEBUG [Forwarding clickElement on session a68226d3-9e5a-4a6f-abc4-8051288c1b7f to remote] http.headers 138 - http-outgoing-48 &gt;&gt; Connection: Keep-Alive
08-01-2019 22:41:35 LoggingManagedHttpClientConnection.java DEBUG [Forwarding clickElement on session a68226d3-9e5a-4a6f-abc4-8051288c1b7f to remote] http.headers 138 - http-outgoing-48 &gt;&gt; User-Agent: Apache-HttpClient/4.5.1 (Java/1.8.0_101)
08-01-2019 22:41:35 LoggingManagedHttpClientConnection.java DEBUG [Forwarding clickElement on session a68226d3-9e5a-4a6f-abc4-8051288c1b7f to remote] http.headers 138 - http-outgoing-48 &gt;&gt; Accept-Encoding: gzip,deflate
08-01-2019 22:41:35 Wire.java DEBUG [Forwarding clickElement on session a68226d3-9e5a-4a6f-abc4-8051288c1b7f to remote] http.wire 72 - http-outgoing-48 &gt;&gt; &quot;POST /hub/session/a68226d3-9e5a-4a6f-abc4-8051288c1b7f/element/%7B48e47921-621e-4e17-a79e-a113f090ad58%7D/click HTTP/1.1[\r][\n]&quot;
08-01-2019 22:41:35 Wire.java DEBUG [Forwarding clickElement on session a68226d3-9e5a-4a6f-abc4-8051288c1b7f to remote] http.wire 72 - http-outgoing-48 &gt;&gt; &quot;Content-Type: application/json; charset=utf-8[\r][\n]&quot;
08-01-2019 22:41:35 Wire.java DEBUG [Forwarding clickElement on session a68226d3-9e5a-4a6f-abc4-8051288c1b7f to remote] http.wire 72 - http-outgoing-48 &gt;&gt; &quot;Content-Length: 47[\r][\n]&quot;
08-01-2019 22:41:35 Wire.java DEBUG [Forwarding clickElement on session a68226d3-9e5a-4a6f-abc4-8051288c1b7f to remote] http.wire 72 - http-outgoing-48 &gt;&gt; &quot;Host: 127.0.0.1:7056[\r][\n]&quot;
08-01-2019 22:41:35 Wire.java DEBUG [Forwarding clickElement on session a68226d3-9e5a-4a6f-abc4-8051288c1b7f to remote] http.wire 72 - http-outgoing-48 &gt;&gt; &quot;Connection: Keep-Alive[\r][\n]&quot;
08-01-2019 22:41:35 Wire.java DEBUG [Forwarding clickElement on session a68226d3-9e5a-4a6f-abc4-8051288c1b7f to remote] http.wire 72 - http-outgoing-48 &gt;&gt; &quot;User-Agent: Apache-HttpClient/4.5.1 (Java/1.8.0_101)[\r][\n]&quot;
08-01-2019 22:41:35 Wire.java DEBUG [Forwarding clickElement on session a68226d3-9e5a-4a6f-abc4-8051288c1b7f to remote] http.wire 72 - http-outgoing-48 &gt;&gt; &quot;Accept-Encoding: gzip,deflate[\r][\n]&quot;
08-01-2019 22:41:35 Wire.java DEBUG [Forwarding clickElement on session a68226d3-9e5a-4a6f-abc4-8051288c1b7f to remote] http.wire 72 - http-outgoing-48 &gt;&gt; &quot;[\r][\n]&quot;
08-01-2019 22:41:35 Wire.java DEBUG [Forwarding clickElement on session a68226d3-9e5a-4a6f-abc4-8051288c1b7f to remote] http.wire 86 - http-outgoing-48 &gt;&gt; &quot;{&quot;id&quot;:&quot;{48e47921-621e-4e17-a79e-a113f090ad58}&quot;}&quot;
08-01-2019 22:41:35 Wire.java DEBUG [Forwarding clickElement on session a68226d3-9e5a-4a6f-abc4-8051288c1b7f to remote] http.wire 72 - http-outgoing-48 &lt;&lt; &quot;HTTP/1.1 200 OK[\r][\n]&quot;
08-01-2019 22:41:35 Wire.java DEBUG [Forwarding clickElement on session a68226d3-9e5a-4a6f-abc4-8051288c1b7f to remote] http.wire 72 - http-outgoing-48 &lt;&lt; &quot;content-type: application/json; charset=UTF-8[\r][\n]&quot;
08-01-2019 22:41:35 Wire.java DEBUG [Forwarding clickElement on session a68226d3-9e5a-4a6f-abc4-8051288c1b7f to remote] http.wire 72 - http-outgoing-48 &lt;&lt; &quot;connection: close[\r][\n]&quot;
08-01-2019 22:41:35 Wire.java DEBUG [Forwarding clickElement on session a68226d3-9e5a-4a6f-abc4-8051288c1b7f to remote] http.wire 72 - http-outgoing-48 &lt;&lt; &quot;content-length: 98[\r][\n]&quot;
08-01-2019 22:41:35 Wire.java DEBUG [Forwarding clickElement on session a68226d3-9e5a-4a6f-abc4-8051288c1b7f to remote] http.wire 72 - http-outgoing-48 &lt;&lt; &quot;server: httpd.js[\r][\n]&quot;
08-01-2019 22:41:35 Wire.java DEBUG [Forwarding clickElement on session a68226d3-9e5a-4a6f-abc4-8051288c1b7f to remote] http.wire 72 - http-outgoing-48 &lt;&lt; &quot;date: Thu, 01 Aug 2019 17:11:35 GMT[\r][\n]&quot;
08-01-2019 22:41:35 Wire.java DEBUG [Forwarding clickElement on session a68226d3-9e5a-4a6f-abc4-8051288c1b7f to remote] http.wire 72 - http-outgoing-48 &lt;&lt; &quot;[\r][\n]&quot;
08-01-2019 22:41:35 LoggingManagedHttpClientConnection.java DEBUG [Forwarding clickElement on session a68226d3-9e5a-4a6f-abc4-8051288c1b7f to remote] http.headers 124 - http-outgoing-48 &lt;&lt; HTTP/1.1 200 OK
08-01-2019 22:41:35 LoggingManagedHttpClientConnection.java DEBUG [Forwarding clickElement on session a68226d3-9e5a-4a6f-abc4-8051288c1b7f to remote] http.headers 127 - http-outgoing-48 &lt;&lt; content-type: application/json; charset=UTF-8
08-01-2019 22:41:35 LoggingManagedHttpClientConnection.java DEBUG [Forwarding clickElement on session a68226d3-9e5a-4a6f-abc4-8051288c1b7f to remote] http.headers 127 - http-outgoing-48 &lt;&lt; connection: close
08-01-2019 22:41:35 LoggingManagedHttpClientConnection.java DEBUG [Forwarding clickElement on session a68226d3-9e5a-4a6f-abc4-8051288c1b7f to remote] http.headers 127 - http-outgoing-48 &lt;&lt; content-length: 98
08-01-2019 22:41:35 LoggingManagedHttpClientConnection.java DEBUG [Forwarding clickElement on session a68226d3-9e5a-4a6f-abc4-8051288c1b7f to remote] http.headers 127 - http-outgoing-48 &lt;&lt; server: httpd.js
08-01-2019 22:41:35 LoggingManagedHttpClientConnection.java DEBUG [Forwarding clickElement on session a68226d3-9e5a-4a6f-abc4-8051288c1b7f to remote] http.headers 127 - http-outgoing-48 &lt;&lt; date: Thu, 01 Aug 2019 17:11:35 GMT
08-01-2019 22:41:35 Wire.java DEBUG [Forwarding clickElement on session a68226d3-9e5a-4a6f-abc4-8051288c1b7f to remote] http.wire 86 - http-outgoing-48 &lt;&lt; &quot;{&quot;name&quot;:&quot;clickElement&quot;,&quot;sessionId&quot;:&quot;a68226d3-9e5a-4a6f-abc4-8051288c1b7f&quot;,&quot;status&quot;:0,&quot;value&quot;:&quot;ok&quot;}&quot;
08-01-2019 22:41:35 LoggingManagedHttpClientConnection.java DEBUG [Forwarding clickElement on session a68226d3-9e5a-4a6f-abc4-8051288c1b7f to remote] conn.DefaultManagedHttpClientConnection 81 - http-outgoing-48: Close connection
08-01-2019 22:41:35 ConnectionHolder.java DEBUG [Forwarding clickElement on session a68226d3-9e5a-4a6f-abc4-8051288c1b7f to remote] execchain.MainClientExec 103 - Connection discarded
08-01-2019 22:41:35 PoolingHttpClientConnectionManager.java DEBUG [Forwarding clickElement on session a68226d3-9e5a-4a6f-abc4-8051288c1b7f to remote] conn.PoolingHttpClientConnectionManager 320 - Connection released: [id: 48][route: {}-&gt;http://127.0.0.1:7056][total kept alive: 0; route allocated: 0 of 2000; total allocated: 0 of 2000]
signButton clicked
08-01-2019 22:41:35 RequestAddCookies.java DEBUG [Forwarding findElement on session a68226d3-9e5a-4a6f-abc4-8051288c1b7f to remote] protocol.RequestAddCookies 122 - CookieSpec selected: default
08-01-2019 22:41:35 RequestAuthCache.java DEBUG [Forwarding findElement on session a68226d3-9e5a-4a6f-abc4-8051288c1b7f to remote] protocol.RequestAuthCache 76 - Auth cache not set in the context
08-01-2019 22:41:35 PoolingHttpClientConnectionManager.java DEBUG [Forwarding findElement on session a68226d3-9e5a-4a6f-abc4-8051288c1b7f to remote] conn.PoolingHttpClientConnectionManager 249 - Connection request: [route: {}-&gt;http://127.0.0.1:7056][total kept alive: 0; route allocated: 0 of 2000; total allocated: 0 of 2000]
08-01-2019 22:41:35 PoolingHttpClientConnectionManager.java DEBUG [Forwarding findElement on session a68226d3-9e5a-4a6f-abc4-8051288c1b7f to remote] conn.PoolingHttpClientConnectionManager 282 - Connection leased: [id: 49][route: {}-&gt;http://127.0.0.1:7056][total kept alive: 0; route allocated: 1 of 2000; total allocated: 1 of 2000]
08-01-2019 22:41:35 MainClientExec.java DEBUG [Forwarding findElement on session a68226d3-9e5a-4a6f-abc4-8051288c1b7f to remote] execchain.MainClientExec 234 - Opening connection {}-&gt;http://127.0.0.1:7056
08-01-2019 22:41:35 DefaultHttpClientConnectionOperator.java DEBUG [Forwarding findElement on session a68226d3-9e5a-4a6f-abc4-8051288c1b7f to remote] conn.DefaultHttpClientConnectionOperator 131 - Connecting to /127.0.0.1:7056
08-01-2019 22:41:35 DefaultHttpClientConnectionOperator.java DEBUG [Forwarding findElement on session a68226d3-9e5a-4a6f-abc4-8051288c1b7f to remote] conn.DefaultHttpClientConnectionOperator 138 - Connection established 127.0.0.1:56821&lt;-&gt;127.0.0.1:7056
08-01-2019 22:41:35 LoggingManagedHttpClientConnection.java DEBUG [Forwarding findElement on session a68226d3-9e5a-4a6f-abc4-8051288c1b7f to remote] conn.DefaultManagedHttpClientConnection 90 - http-outgoing-49: set socket timeout to 10800000
08-01-2019 22:41:35 MainClientExec.java DEBUG [Forwarding findElement on session a68226d3-9e5a-4a6f-abc4-8051288c1b7f to remote] execchain.MainClientExec 255 - Executing request POST /hub/session/a68226d3-9e5a-4a6f-abc4-8051288c1b7f/element HTTP/1.1
08-01-2019 22:41:35 MainClientExec.java DEBUG [Forwarding findElement on session a68226d3-9e5a-4a6f-abc4-8051288c1b7f to remote] execchain.MainClientExec 260 - Target auth state: UNCHALLENGED
08-01-2019 22:41:35 MainClientExec.java DEBUG [Forwarding findElement on session a68226d3-9e5a-4a6f-abc4-8051288c1b7f to remote] execchain.MainClientExec 266 - Proxy auth state: UNCHALLENGED
08-01-2019 22:41:35 LoggingManagedHttpClientConnection.java DEBUG [Forwarding findElement on session a68226d3-9e5a-4a6f-abc4-8051288c1b7f to remote] http.headers 135 - http-outgoing-49 &gt;&gt; POST /hub/session/a68226d3-9e5a-4a6f-abc4-8051288c1b7f/element HTTP/1.1
08-01-2019 22:41:35 LoggingManagedHttpClientConnection.java DEBUG [Forwarding findElement on session a68226d3-9e5a-4a6f-abc4-8051288c1b7f to remote] http.headers 138 - http-outgoing-49 &gt;&gt; Content-Type: application/json; charset=utf-8
08-01-2019 22:41:35 LoggingManagedHttpClientConnection.java DEBUG [Forwarding findElement on session a68226d3-9e5a-4a6f-abc4-8051288c1b7f to remote] http.headers 138 - http-outgoing-49 &gt;&gt; Content-Length: 39
08-01-2019 22:41:35 LoggingManagedHttpClientConnection.java DEBUG [Forwarding findElement on session a68226d3-9e5a-4a6f-abc4-8051288c1b7f to remote] http.headers 138 - http-outgoing-49 &gt;&gt; Host: 127.0.0.1:7056
08-01-2019 22:41:35 LoggingManagedHttpClientConnection.java DEBUG [Forwarding findElement on session a68226d3-9e5a-4a6f-abc4-8051288c1b7f to remote] http.headers 138 - http-outgoing-49 &gt;&gt; Connection: Keep-Alive
08-01-2019 22:41:35 LoggingManagedHttpClientConnection.java DEBUG [Forwarding findElement on session a68226d3-9e5a-4a6f-abc4-8051288c1b7f to remote] http.headers 138 - http-outgoing-49 &gt;&gt; User-Agent: Apache-HttpClient/4.5.1 (Java/1.8.0_101)
08-01-2019 22:41:35 LoggingManagedHttpClientConnection.java DEBUG [Forwarding findElement on session a68226d3-9e5a-4a6f-abc4-8051288c1b7f to remote] http.headers 138 - http-outgoing-49 &gt;&gt; Accept-Encoding: gzip,deflate
08-01-2019 22:41:35 Wire.java DEBUG [Forwarding findElement on session a68226d3-9e5a-4a6f-abc4-8051288c1b7f to remote] http.wire 72 - http-outgoing-49 &gt;&gt; &quot;POST /hub/session/a68226d3-9e5a-4a6f-abc4-8051288c1b7f/element HTTP/1.1[\r][\n]&quot;
08-01-2019 22:41:35 Wire.java DEBUG [Forwarding findElement on session a68226d3-9e5a-4a6f-abc4-8051288c1b7f to remote] http.wire 72 - http-outgoing-49 &gt;&gt; &quot;Content-Type: application/json; charset=utf-8[\r][\n]&quot;
08-01-2019 22:41:35 Wire.java DEBUG [Forwarding findElement on session a68226d3-9e5a-4a6f-abc4-8051288c1b7f to remote] http.wire 72 - http-outgoing-49 &gt;&gt; &quot;Content-Length: 39[\r][\n]&quot;
08-01-2019 22:41:35 Wire.java DEBUG [Forwarding findElement on session a68226d3-9e5a-4a6f-abc4-8051288c1b7f to remote] http.wire 72 - http-outgoing-49 &gt;&gt; &quot;Host: 127.0.0.1:7056[\r][\n]&quot;
08-01-2019 22:41:35 Wire.java DEBUG [Forwarding findElement on session a68226d3-9e5a-4a6f-abc4-8051288c1b7f to remote] http.wire 72 - http-outgoing-49 &gt;&gt; &quot;Connection: Keep-Alive[\r][\n]&quot;
08-01-2019 22:41:35 Wire.java DEBUG [Forwarding findElement on session a68226d3-9e5a-4a6f-abc4-8051288c1b7f to remote] http.wire 72 - http-outgoing-49 &gt;&gt; &quot;User-Agent: Apache-HttpClient/4.5.1 (Java/1.8.0_101)[\r][\n]&quot;
08-01-2019 22:41:35 Wire.java DEBUG [Forwarding findElement on session a68226d3-9e5a-4a6f-abc4-8051288c1b7f to remote] http.wire 72 - http-outgoing-49 &gt;&gt; &quot;Accept-Encoding: gzip,deflate[\r][\n]&quot;
08-01-2019 22:41:35 Wire.java DEBUG [Forwarding findElement on session a68226d3-9e5a-4a6f-abc4-8051288c1b7f to remote] http.wire 72 - http-outgoing-49 &gt;&gt; &quot;[\r][\n]&quot;
08-01-2019 22:41:35 Wire.java DEBUG [Forwarding findElement on session a68226d3-9e5a-4a6f-abc4-8051288c1b7f to remote] http.wire 86 - http-outgoing-49 &gt;&gt; &quot;{&quot;using&quot;:&quot;xpath&quot;,&quot;value&quot;:&quot;paymentPlan&quot;}&quot;
08-01-2019 22:41:58 Wire.java DEBUG [Forwarding findElement on session a68226d3-9e5a-4a6f-abc4-8051288c1b7f to remote] http.wire 72 - http-outgoing-49 &lt;&lt; &quot;HTTP/1.1 500 Internal Server Error[\r][\n]&quot;
08-01-2019 22:41:58 Wire.java DEBUG [Forwarding findElement on session a68226d3-9e5a-4a6f-abc4-8051288c1b7f to remote] http.wire 72 - http-outgoing-49 &lt;&lt; &quot;content-type: application/json; charset=UTF-8[\r][\n]&quot;
08-01-2019 22:41:58 Wire.java DEBUG [Forwarding findElement on session a68226d3-9e5a-4a6f-abc4-8051288c1b7f to remote] http.wire 72 - http-outgoing-49 &lt;&lt; &quot;connection: close[\r][\n]&quot;
08-01-2019 22:41:58 Wire.java DEBUG [Forwarding findElement on session a68226d3-9e5a-4a6f-abc4-8051288c1b7f to remote] http.wire 72 - http-outgoing-49 &lt;&lt; &quot;content-length: 728[\r][\n]&quot;
08-01-2019 22:41:58 Wire.java DEBUG [Forwarding findElement on session a68226d3-9e5a-4a6f-abc4-8051288c1b7f to remote] http.wire 72 - http-outgoing-49 &lt;&lt; &quot;server: httpd.js[\r][\n]&quot;
08-01-2019 22:41:58 Wire.java DEBUG [Forwarding findElement on session a68226d3-9e5a-4a6f-abc4-8051288c1b7f to remote] http.wire 72 - http-outgoing-49 &lt;&lt; &quot;date: Thu, 01 Aug 2019 17:11:58 GMT[\r][\n]&quot;
08-01-2019 22:41:58 Wire.java DEBUG [Forwarding findElement on session a68226d3-9e5a-4a6f-abc4-8051288c1b7f to remote] http.wire 72 - http-outgoing-49 &lt;&lt; &quot;[\r][\n]&quot;
08-01-2019 22:41:58 LoggingManagedHttpClientConnection.java DEBUG [Forwarding findElement on session a68226d3-9e5a-4a6f-abc4-8051288c1b7f to remote] http.headers 124 - http-outgoing-49 &lt;&lt; HTTP/1.1 500 Internal Server Error
08-01-2019 22:41:58 LoggingManagedHttpClientConnection.java DEBUG [Forwarding findElement on session a68226d3-9e5a-4a6f-abc4-8051288c1b7f to remote] http.headers 127 - http-outgoing-49 &lt;&lt; content-type: application/json; charset=UTF-8
08-01-2019 22:41:58 LoggingManagedHttpClientConnection.java DEBUG [Forwarding findElement on session a68226d3-9e5a-4a6f-abc4-8051288c1b7f to remote] http.headers 127 - http-outgoing-49 &lt;&lt; connection: close
08-01-2019 22:41:58 LoggingManagedHttpClientConnection.java DEBUG [Forwarding findElement on session a68226d3-9e5a-4a6f-abc4-8051288c1b7f to remote] http.headers 127 - http-outgoing-49 &lt;&lt; content-length: 728
08-01-2019 22:41:58 LoggingManagedHttpClientConnection.java DEBUG [Forwarding findElement on session a68226d3-9e5a-4a6f-abc4-8051288c1b7f to remote] http.headers 127 - http-outgoing-49 &lt;&lt; server: httpd.js
08-01-2019 22:41:58 LoggingManagedHttpClientConnection.java DEBUG [Forwarding findElement on session a68226d3-9e5a-4a6f-abc4-8051288c1b7f to remote] http.headers 127 - http-outgoing-49 &lt;&lt; date: Thu, 01 Aug 2019 17:11:58 GMT
08-01-2019 22:41:58 Wire.java DEBUG [Forwarding findElement on session a68226d3-9e5a-4a6f-abc4-8051288c1b7f to remote] http.wire 86 - http-outgoing-49 &lt;&lt; &quot;{&quot;name&quot;:&quot;findElement&quot;,&quot;sessionId&quot;:&quot;a68226d3-9e5a-4a6f-abc4-8051288c1b7f&quot;,&quot;status&quot;:7,&quot;value&quot;:{&quot;message&quot;:&quot;Unable to locate element: {\&quot;method\&quot;:\&quot;xpath\&quot;,\&quot;selector\&quot;:\&quot;paymentPlan\&quot;}&quot;,&quot;stackTrace&quot;:[{&quot;methodName&quot;:&quot;FirefoxDriver.prototype.findElementInternal_&quot;,&quot;fileName&quot;:&quot;file:///C:/Users/nites/AppData/Local/Temp/anonymous6395614581064227782webdriver-profile/extensions/fxdriver@googlecode.com/components/driver-component.js&quot;,&quot;lineNumber&quot;:10770,&quot;columnNumber&quot;:26},{&quot;methodName&quot;:&quot;fxdriver.Timer.prototype.setTimeout/&lt;.notify&quot;,&quot;fileName&quot;:&quot;file:///C:/Users/nites/AppData/Local/Temp/anonymous6395614581064227782webdriver-profile/extensions/fxdriver@googlecode.com/components/driver-component.js&quot;,&quot;lineNumber&quot;:625,&quot;columnNumber&quot;:5}]}}&quot;
08-01-2019 22:41:58 LoggingManagedHttpClientConnection.java DEBUG [Forwarding findElement on session a68226d3-9e5a-4a6f-abc4-8051288c1b7f to remote] conn.DefaultManagedHttpClientConnection 81 - http-outgoing-49: Close connection
08-01-2019 22:41:58 ConnectionHolder.java DEBUG [Forwarding findElement on session a68226d3-9e5a-4a6f-abc4-8051288c1b7f to remote] execchain.MainClientExec 103 - Connection discarded
08-01-2019 22:41:58 PoolingHttpClientConnectionManager.java DEBUG [Forwarding findElement on session a68226d3-9e5a-4a6f-abc4-8051288c1b7f to remote] conn.PoolingHttpClientConnectionManager 320 - Connection released: [id: 49][route: {}-&gt;http://127.0.0.1:7056][total kept alive: 0; route allocated: 0 of 2000; total allocated: 0 of 2000]
08-01-2019 22:41:58 RequestAddCookies.java DEBUG [Forwarding findElement on session a68226d3-9e5a-4a6f-abc4-8051288c1b7f to remote] protocol.RequestAddCookies 122 - CookieSpec selected: default
08-01-2019 22:41:58 RequestAuthCache.java DEBUG [Forwarding findElement on session a68226d3-9e5a-4a6f-abc4-8051288c1b7f to remote] protocol.RequestAuthCache 76 - Auth cache not set in the context
08-01-2019 22:41:58 PoolingHttpClientConnectionManager.java DEBUG [Forwarding findElement on session a68226d3-9e5a-4a6f-abc4-8051288c1b7f to remote] conn.PoolingHttpClientConnectionManager 249 - Connection request: [route: {}-&gt;http://127.0.0.1:7056][total kept alive: 0; route allocated: 0 of 2000; total allocated: 0 of 2000]
08-01-2019 22:41:58 PoolingHttpClientConnectionManager.java DEBUG [Forwarding findElement on session a68226d3-9e5a-4a6f-abc4-8051288c1b7f to remote] conn.PoolingHttpClientConnectionManager 282 - Connection leased: [id: 50][route: {}-&gt;http://127.0.0.1:7056][total kept alive: 0; route allocated: 1 of 2000; total allocated: 1 of 2000]
08-01-2019 22:41:58 MainClientExec.java DEBUG [Forwarding findElement on session a68226d3-9e5a-4a6f-abc4-8051288c1b7f to remote] execchain.MainClientExec 234 - Opening connection {}-&gt;http://127.0.0.1:7056
08-01-2019 22:41:58 DefaultHttpClientConnectionOperator.java DEBUG [Forwarding findElement on session a68226d3-9e5a-4a6f-abc4-8051288c1b7f to remote] conn.DefaultHttpClientConnectionOperator 131 - Connecting to /127.0.0.1:7056
08-01-2019 22:41:58 DefaultHttpClientConnectionOperator.java DEBUG [Forwarding findElement on session a68226d3-9e5a-4a6f-abc4-8051288c1b7f to remote] conn.DefaultHttpClientConnectionOperator 138 - Connection established 127.0.0.1:56838&lt;-&gt;127.0.0.1:7056
08-01-2019 22:41:58 LoggingManagedHttpClientConnection.java DEBUG [Forwarding findElement on session a68226d3-9e5a-4a6f-abc4-8051288c1b7f to remote] conn.DefaultManagedHttpClientConnection 90 - http-outgoing-50: set socket timeout to 10800000
08-01-2019 22:41:58 MainClientExec.java DEBUG [Forwarding findElement on session a68226d3-9e5a-4a6f-abc4-8051288c1b7f to remote] execchain.MainClientExec 255 - Executing request POST /hub/session/a68226d3-9e5a-4a6f-abc4-8051288c1b7f/element HTTP/1.1
08-01-2019 22:41:58 MainClientExec.java DEBUG [Forwarding findElement on session a68226d3-9e5a-4a6f-abc4-8051288c1b7f to remote] execchain.MainClientExec 260 - Target auth state: UNCHALLENGED
08-01-2019 22:41:58 MainClientExec.java DEBUG [Forwarding findElement on session a68226d3-9e5a-4a6f-abc4-8051288c1b7f to remote] execchain.MainClientExec 266 - Proxy auth state: UNCHALLENGED
08-01-2019 22:41:58 LoggingManagedHttpClientConnection.java DEBUG [Forwarding findElement on session a68226d3-9e5a-4a6f-abc4-8051288c1b7f to remote] http.headers 135 - http-outgoing-50 &gt;&gt; POST /hub/session/a68226d3-9e5a-4a6f-abc4-8051288c1b7f/element HTTP/1.1
08-01-2019 22:41:58 LoggingManagedHttpClientConnection.java DEBUG [Forwarding findElement on session a68226d3-9e5a-4a6f-abc4-8051288c1b7f to remote] http.headers 138 - http-outgoing-50 &gt;&gt; Content-Type: application/json; charset=utf-8
08-01-2019 22:41:58 LoggingManagedHttpClientConnection.java DEBUG [Forwarding findElement on session a68226d3-9e5a-4a6f-abc4-8051288c1b7f to remote] http.headers 138 - http-outgoing-50 &gt;&gt; Content-Length: 42
08-01-2019 22:41:58 LoggingManagedHttpClientConnection.java DEBUG [Forwarding findElement on session a68226d3-9e5a-4a6f-abc4-8051288c1b7f to remote] http.headers 138 - http-outgoing-50 &gt;&gt; Host: 127.0.0.1:7056
08-01-2019 22:41:58 LoggingManagedHttpClientConnection.java DEBUG [Forwarding findElement on session a68226d3-9e5a-4a6f-abc4-8051288c1b7f to remote] http.headers 138 - http-outgoing-50 &gt;&gt; Connection: Keep-Alive
08-01-2019 22:41:58 LoggingManagedHttpClientConnection.java DEBUG [Forwarding findElement on session a68226d3-9e5a-4a6f-abc4-8051288c1b7f to remote] http.headers 138 - http-outgoing-50 &gt;&gt; User-Agent: Apache-HttpClient/4.5.1 (Java/1.8.0_101)
08-01-2019 22:41:58 LoggingManagedHttpClientConnection.java DEBUG [Forwarding findElement on session a68226d3-9e5a-4a6f-abc4-8051288c1b7f to remote] http.headers 138 - http-outgoing-50 &gt;&gt; Accept-Encoding: gzip,deflate
08-01-2019 22:41:58 Wire.java DEBUG [Forwarding findElement on session a68226d3-9e5a-4a6f-abc4-8051288c1b7f to remote] http.wire 72 - http-outgoing-50 &gt;&gt; &quot;POST /hub/session/a68226d3-9e5a-4a6f-abc4-8051288c1b7f/element HTTP/1.1[\r][\n]&quot;
08-01-2019 22:41:58 Wire.java DEBUG [Forwarding findElement on session a68226d3-9e5a-4a6f-abc4-8051288c1b7f to remote] http.wire 72 - http-outgoing-50 &gt;&gt; &quot;Content-Type: application/json; charset=utf-8[\r][\n]&quot;
08-01-2019 22:41:58 Wire.java DEBUG [Forwarding findElement on session a68226d3-9e5a-4a6f-abc4-8051288c1b7f to remote] http.wire 72 - http-outgoing-50 &gt;&gt; &quot;Content-Length: 42[\r][\n]&quot;
08-01-2019 22:41:58 Wire.java DEBUG [Forwarding findElement on session a68226d3-9e5a-4a6f-abc4-8051288c1b7f to remote] http.wire 72 - http-outgoing-50 &gt;&gt; &quot;Host: 127.0.0.1:7056[\r][\n]&quot;
08-01-2019 22:41:58 Wire.java DEBUG [Forwarding findElement on session a68226d3-9e5a-4a6f-abc4-8051288c1b7f to remote] http.wire 72 - http-outgoing-50 &gt;&gt; &quot;Connection: Keep-Alive[\r][\n]&quot;
08-01-2019 22:41:58 Wire.java DEBUG [Forwarding findElement on session a68226d3-9e5a-4a6f-abc4-8051288c1b7f to remote] http.wire 72 - http-outgoing-50 &gt;&gt; &quot;User-Agent: Apache-HttpClient/4.5.1 (Java/1.8.0_101)[\r][\n]&quot;
08-01-2019 22:41:58 Wire.java DEBUG [Forwarding findElement on session a68226d3-9e5a-4a6f-abc4-8051288c1b7f to remote] http.wire 72 - http-outgoing-50 &gt;&gt; &quot;Accept-Encoding: gzip,deflate[\r][\n]&quot;
08-01-2019 22:41:58 Wire.java DEBUG [Forwarding findElement on session a68226d3-9e5a-4a6f-abc4-8051288c1b7f to remote] http.wire 72 - http-outgoing-50 &gt;&gt; &quot;[\r][\n]&quot;
08-01-2019 22:41:58 Wire.java DEBUG [Forwarding findElement on session a68226d3-9e5a-4a6f-abc4-8051288c1b7f to remote] http.wire 86 - http-outgoing-50 &gt;&gt; &quot;{&quot;using&quot;:&quot;name&quot;,&quot;value&quot;:&quot;payment_plan_id&quot;}&quot;
08-01-2019 22:41:58 Wire.java DEBUG [Forwarding findElement on session a68226d3-9e5a-4a6f-abc4-8051288c1b7f to remote] http.wire 72 - http-outgoing-50 &lt;&lt; &quot;HTTP/1.1 200 OK[\r][\n]&quot;
08-01-2019 22:41:58 Wire.java DEBUG [Forwarding findElement on session a68226d3-9e5a-4a6f-abc4-8051288c1b7f to remote] http.wire 72 - http-outgoing-50 &lt;&lt; &quot;content-type: application/json; charset=UTF-8[\r][\n]&quot;
08-01-2019 22:41:58 Wire.java DEBUG [Forwarding findElement on session a68226d3-9e5a-4a6f-abc4-8051288c1b7f to remote] http.wire 72 - http-outgoing-50 &lt;&lt; &quot;connection: close[\r][\n]&quot;
08-01-2019 22:41:58 Wire.java DEBUG [Forwarding findElement on session a68226d3-9e5a-4a6f-abc4-8051288c1b7f to remote] http.wire 72 - http-outgoing-50 &lt;&lt; &quot;content-length: 224[\r][\n]&quot;
08-01-2019 22:41:58 Wire.java DEBUG [Forwarding findElement on session a68226d3-9e5a-4a6f-abc4-8051288c1b7f to remote] http.wire 72 - http-outgoing-50 &lt;&lt; &quot;server: httpd.js[\r][\n]&quot;
08-01-2019 22:41:58 Wire.java DEBUG [Forwarding findElement on session a68226d3-9e5a-4a6f-abc4-8051288c1b7f to remote] http.wire 72 - http-outgoing-50 &lt;&lt; &quot;date: Thu, 01 Aug 2019 17:11:58 GMT[\r][\n]&quot;
08-01-2019 22:41:58 Wire.java DEBUG [Forwarding findElement on session a68226d3-9e5a-4a6f-abc4-8051288c1b7f to remote] http.wire 72 - http-outgoing-50 &lt;&lt; &quot;[\r][\n]&quot;
08-01-2019 22:41:58 LoggingManagedHttpClientConnection.java DEBUG [Forwarding findElement on session a68226d3-9e5a-4a6f-abc4-8051288c1b7f to remote] http.headers 124 - http-outgoing-50 &lt;&lt; HTTP/1.1 200 OK
08-01-2019 22:41:58 LoggingManagedHttpClientConnection.java DEBUG [Forwarding findElement on session a68226d3-9e5a-4a6f-abc4-8051288c1b7f to remote] http.headers 127 - http-outgoing-50 &lt;&lt; content-type: application/json; charset=UTF-8
08-01-2019 22:41:58 LoggingManagedHttpClientConnection.java DEBUG [Forwarding findElement on session a68226d3-9e5a-4a6f-abc4-8051288c1b7f to remote] http.headers 127 - http-outgoing-50 &lt;&lt; connection: close
08-01-2019 22:41:58 LoggingManagedHttpClientConnection.java DEBUG [Forwarding findElement on session a68226d3-9e5a-4a6f-abc4-8051288c1b7f to remote] http.headers 127 - http-outgoing-50 &lt;&lt; content-length: 224
08-01-2019 22:41:58 LoggingManagedHttpClientConnection.java DEBUG [Forwarding findElement on session a68226d3-9e5a-4a6f-abc4-8051288c1b7f to remote] http.headers 127 - http-outgoing-50 &lt;&lt; server: httpd.js
08-01-2019 22:41:58 LoggingManagedHttpClientConnection.java DEBUG [Forwarding findElement on session a68226d3-9e5a-4a6f-abc4-8051288c1b7f to remote] http.headers 127 - http-outgoing-50 &lt;&lt; date: Thu, 01 Aug 2019 17:11:58 GMT
08-01-2019 22:41:58 Wire.java DEBUG [Forwarding findElement on session a68226d3-9e5a-4a6f-abc4-8051288c1b7f to remote] http.wire 86 - http-outgoing-50 &lt;&lt; &quot;{&quot;name&quot;:&quot;findElement&quot;,&quot;sessionId&quot;:&quot;a68226d3-9e5a-4a6f-abc4-8051288c1b7f&quot;,&quot;status&quot;:0,&quot;value&quot;:{&quot;ELEMENT&quot;:&quot;{c870cd55-5ed7-4bfc-8af1-8b4396c8bd42}&quot;,&quot;element-6066-11e4-a52e-4f735466cecf&quot;:&quot;{c870cd55-5ed7-4bfc-8af1-8b4396c8bd42}&quot;}}&quot;
08-01-2019 22:41:58 LoggingManagedHttpClientConnection.java DEBUG [Forwarding findElement on session a68226d3-9e5a-4a6f-abc4-8051288c1b7f to remote] conn.DefaultManagedHttpClientConnection 81 - http-outgoing-50: Close connection
08-01-2019 22:41:58 ConnectionHolder.java DEBUG [Forwarding findElement on session a68226d3-9e5a-4a6f-abc4-8051288c1b7f to remote] execchain.MainClientExec 103 - Connection discarded
08-01-2019 22:41:58 PoolingHttpClientConnectionManager.java DEBUG [Forwarding findElement on session a68226d3-9e5a-4a6f-abc4-8051288c1b7f to remote] conn.PoolingHttpClientConnectionManager 320 - Connection released: [id: 50][route: {}-&gt;http://127.0.0.1:7056][total kept alive: 0; route allocated: 0 of 2000; total allocated: 0 of 2000]
08-01-2019 22:41:58 RequestAddCookies.java DEBUG [Forwarding clickElement on session a68226d3-9e5a-4a6f-abc4-8051288c1b7f to remote] protocol.RequestAddCookies 122 - CookieSpec selected: default
08-01-2019 22:41:58 RequestAuthCache.java DEBUG [Forwarding clickElement on session a68226d3-9e5a-4a6f-abc4-8051288c1b7f to remote] protocol.RequestAuthCache 76 - Auth cache not set in the context
08-01-2019 22:41:58 PoolingHttpClientConnectionManager.java DEBUG [Forwarding clickElement on session a68226d3-9e5a-4a6f-abc4-8051288c1b7f to remote] conn.PoolingHttpClientConnectionManager 249 - Connection request: [route: {}-&gt;http://127.0.0.1:7056][total kept alive: 0; route allocated: 0 of 2000; total allocated: 0 of 2000]
08-01-2019 22:41:58 PoolingHttpClientConnectionManager.java DEBUG [Forwarding clickElement on session a68226d3-9e5a-4a6f-abc4-8051288c1b7f to remote] conn.PoolingHttpClientConnectionManager 282 - Connection leased: [id: 51][route: {}-&gt;http://127.0.0.1:7056][total kept alive: 0; route allocated: 1 of 2000; total allocated: 1 of 2000]
08-01-2019 22:41:58 MainClientExec.java DEBUG [Forwarding clickElement on session a68226d3-9e5a-4a6f-abc4-8051288c1b7f to remote] execchain.MainClientExec 234 - Opening connection {}-&gt;http://127.0.0.1:7056
08-01-2019 22:41:58 DefaultHttpClientConnectionOperator.java DEBUG [Forwarding clickElement on session a68226d3-9e5a-4a6f-abc4-8051288c1b7f to remote] conn.DefaultHttpClientConnectionOperator 131 - Connecting to /127.0.0.1:7056
08-01-2019 22:41:58 DefaultHttpClientConnectionOperator.java DEBUG [Forwarding clickElement on session a68226d3-9e5a-4a6f-abc4-8051288c1b7f to remote] conn.DefaultHttpClientConnectionOperator 138 - Connection established 127.0.0.1:56839&lt;-&gt;127.0.0.1:7056
08-01-2019 22:41:58 LoggingManagedHttpClientConnection.java DEBUG [Forwarding clickElement on session a68226d3-9e5a-4a6f-abc4-8051288c1b7f to remote] conn.DefaultManagedHttpClientConnection 90 - http-outgoing-51: set socket timeout to 10800000
08-01-2019 22:41:58 MainClientExec.java DEBUG [Forwarding clickElement on session a68226d3-9e5a-4a6f-abc4-8051288c1b7f to remote] execchain.MainClientExec 255 - Executing request POST /hub/session/a68226d3-9e5a-4a6f-abc4-8051288c1b7f/element/%7Bc870cd55-5ed7-4bfc-8af1-8b4396c8bd42%7D/click HTTP/1.1
08-01-2019 22:41:58 MainClientExec.java DEBUG [Forwarding clickElement on session a68226d3-9e5a-4a6f-abc4-8051288c1b7f to remote] execchain.MainClientExec 260 - Target auth state: UNCHALLENGED
08-01-2019 22:41:58 MainClientExec.java DEBUG [Forwarding clickElement on session a68226d3-9e5a-4a6f-abc4-8051288c1b7f to remote] execchain.MainClientExec 266 - Proxy auth state: UNCHALLENGED
08-01-2019 22:41:58 LoggingManagedHttpClientConnection.java DEBUG [Forwarding clickElement on session a68226d3-9e5a-4a6f-abc4-8051288c1b7f to remote] http.headers 135 - http-outgoing-51 &gt;&gt; POST /hub/session/a68226d3-9e5a-4a6f-abc4-8051288c1b7f/element/%7Bc870cd55-5ed7-4bfc-8af1-8b4396c8bd42%7D/click HTTP/1.1
08-01-2019 22:41:58 LoggingManagedHttpClientConnection.java DEBUG [Forwarding clickElement on session a68226d3-9e5a-4a6f-abc4-8051288c1b7f to remote] http.headers 138 - http-outgoing-51 &gt;&gt; Content-Type: application/json; charset=utf-8
08-01-2019 22:41:58 LoggingManagedHttpClientConnection.java DEBUG [Forwarding clickElement on session a68226d3-9e5a-4a6f-abc4-8051288c1b7f to remote] http.headers 138 - http-outgoing-51 &gt;&gt; Content-Length: 47
08-01-2019 22:41:58 LoggingManagedHttpClientConnection.java DEBUG [Forwarding clickElement on session a68226d3-9e5a-4a6f-abc4-8051288c1b7f to remote] http.headers 138 - http-outgoing-51 &gt;&gt; Host: 127.0.0.1:7056
08-01-2019 22:41:58 LoggingManagedHttpClientConnection.java DEBUG [Forwarding clickElement on session a68226d3-9e5a-4a6f-abc4-8051288c1b7f to remote] http.headers 138 - http-outgoing-51 &gt;&gt; Connection: Keep-Alive
08-01-2019 22:41:58 LoggingManagedHttpClientConnection.java DEBUG [Forwarding clickElement on session a68226d3-9e5a-4a6f-abc4-8051288c1b7f to remote] http.headers 138 - http-outgoing-51 &gt;&gt; User-Agent: Apache-HttpClient/4.5.1 (Java/1.8.0_101)
08-01-2019 22:41:58 LoggingManagedHttpClientConnection.java DEBUG [Forwarding clickElement on session a68226d3-9e5a-4a6f-abc4-8051288c1b7f to remote] http.headers 138 - http-outgoing-51 &gt;&gt; Accept-Encoding: gzip,deflate
08-01-2019 22:41:58 Wire.java DEBUG [Forwarding clickElement on session a68226d3-9e5a-4a6f-abc4-8051288c1b7f to remote] http.wire 72 - http-outgoing-51 &gt;&gt; &quot;POST /hub/session/a68226d3-9e5a-4a6f-abc4-8051288c1b7f/element/%7Bc870cd55-5ed7-4bfc-8af1-8b4396c8bd42%7D/click HTTP/1.1[\r][\n]&quot;
08-01-2019 22:41:58 Wire.java DEBUG [Forwarding clickElement on session a68226d3-9e5a-4a6f-abc4-8051288c1b7f to remote] http.wire 72 - http-outgoing-51 &gt;&gt; &quot;Content-Type: application/json; charset=utf-8[\r][\n]&quot;
08-01-2019 22:41:58 Wire.java DEBUG [Forwarding clickElement on session a68226d3-9e5a-4a6f-abc4-8051288c1b7f to remote] http.wire 72 - http-outgoing-51 &gt;&gt; &quot;Content-Length: 47[\r][\n]&quot;
08-01-2019 22:41:58 Wire.java DEBUG [Forwarding clickElement on session a68226d3-9e5a-4a6f-abc4-8051288c1b7f to remote] http.wire 72 - http-outgoing-51 &gt;&gt; &quot;Host: 127.0.0.1:7056[\r][\n]&quot;
08-01-2019 22:41:58 Wire.java DEBUG [Forwarding clickElement on session a68226d3-9e5a-4a6f-abc4-8051288c1b7f to remote] http.wire 72 - http-outgoing-51 &gt;&gt; &quot;Connection: Keep-Alive[\r][\n]&quot;
08-01-2019 22:41:58 Wire.java DEBUG [Forwarding clickElement on session a68226d3-9e5a-4a6f-abc4-8051288c1b7f to remote] http.wire 72 - http-outgoing-51 &gt;&gt; &quot;User-Agent: Apache-HttpClient/4.5.1 (Java/1.8.0_101)[\r][\n]&quot;
08-01-2019 22:41:58 Wire.java DEBUG [Forwarding clickElement on session a68226d3-9e5a-4a6f-abc4-8051288c1b7f to remote] http.wire 72 - http-outgoing-51 &gt;&gt; &quot;Accept-Encoding: gzip,deflate[\r][\n]&quot;
08-01-2019 22:41:58 Wire.java DEBUG [Forwarding clickElement on session a68226d3-9e5a-4a6f-abc4-8051288c1b7f to remote] http.wire 72 - http-outgoing-51 &gt;&gt; &quot;[\r][\n]&quot;
08-01-2019 22:41:58 Wire.java DEBUG [Forwarding clickElement on session a68226d3-9e5a-4a6f-abc4-8051288c1b7f to remote] http.wire 86 - http-outgoing-51 &gt;&gt; &quot;{&quot;id&quot;:&quot;{c870cd55-5ed7-4bfc-8af1-8b4396c8bd42}&quot;}&quot;
08-01-2019 22:41:58 Wire.java DEBUG [Forwarding clickElement on session a68226d3-9e5a-4a6f-abc4-8051288c1b7f to remote] http.wire 72 - http-outgoing-51 &lt;&lt; &quot;HTTP/1.1 200 OK[\r][\n]&quot;
08-01-2019 22:41:58 Wire.java DEBUG [Forwarding clickElement on session a68226d3-9e5a-4a6f-abc4-8051288c1b7f to remote] http.wire 72 - http-outgoing-51 &lt;&lt; &quot;content-type: application/json; charset=UTF-8[\r][\n]&quot;
08-01-2019 22:41:58 Wire.java DEBUG [Forwarding clickElement on session a68226d3-9e5a-4a6f-abc4-8051288c1b7f to remote] http.wire 72 - http-outgoing-51 &lt;&lt; &quot;connection: close[\r][\n]&quot;
08-01-2019 22:41:58 Wire.java DEBUG [Forwarding clickElement on session a68226d3-9e5a-4a6f-abc4-8051288c1b7f to remote] http.wire 72 - http-outgoing-51 &lt;&lt; &quot;content-length: 98[\r][\n]&quot;
08-01-2019 22:41:58 Wire.java DEBUG [Forwarding clickElement on session a68226d3-9e5a-4a6f-abc4-8051288c1b7f to remote] http.wire 72 - http-outgoing-51 &lt;&lt; &quot;server: httpd.js[\r][\n]&quot;
08-01-2019 22:41:58 Wire.java DEBUG [Forwarding clickElement on session a68226d3-9e5a-4a6f-abc4-8051288c1b7f to remote] http.wire 72 - http-outgoing-51 &lt;&lt; &quot;date: Thu, 01 Aug 2019 17:11:58 GMT[\r][\n]&quot;
08-01-2019 22:41:58 Wire.java DEBUG [Forwarding clickElement on session a68226d3-9e5a-4a6f-abc4-8051288c1b7f to remote] http.wire 72 - http-outgoing-51 &lt;&lt; &quot;[\r][\n]&quot;
08-01-2019 22:41:58 LoggingManagedHttpClientConnection.java DEBUG [Forwarding clickElement on session a68226d3-9e5a-4a6f-abc4-8051288c1b7f to remote] http.headers 124 - http-outgoing-51 &lt;&lt; HTTP/1.1 200 OK
08-01-2019 22:41:58 LoggingManagedHttpClientConnection.java DEBUG [Forwarding clickElement on session a68226d3-9e5a-4a6f-abc4-8051288c1b7f to remote] http.headers 127 - http-outgoing-51 &lt;&lt; content-type: application/json; charset=UTF-8
08-01-2019 22:41:58 LoggingManagedHttpClientConnection.java DEBUG [Forwarding clickElement on session a68226d3-9e5a-4a6f-abc4-8051288c1b7f to remote] http.headers 127 - http-outgoing-51 &lt;&lt; connection: close
08-01-2019 22:41:58 LoggingManagedHttpClientConnection.java DEBUG [Forwarding clickElement on session a68226d3-9e5a-4a6f-abc4-8051288c1b7f to remote] http.headers 127 - http-outgoing-51 &lt;&lt; content-length: 98
08-01-2019 22:41:58 LoggingManagedHttpClientConnection.java DEBUG [Forwarding clickElement on session a68226d3-9e5a-4a6f-abc4-8051288c1b7f to remote] http.headers 127 - http-outgoing-51 &lt;&lt; server: httpd.js
08-01-2019 22:41:58 LoggingManagedHttpClientConnection.java DEBUG [Forwarding clickElement on session a68226d3-9e5a-4a6f-abc4-8051288c1b7f to remote] http.headers 127 - http-outgoing-51 &lt;&lt; date: Thu, 01 Aug 2019 17:11:58 GMT
08-01-2019 22:41:58 Wire.java DEBUG [Forwarding clickElement on session a68226d3-9e5a-4a6f-abc4-8051288c1b7f to remote] http.wire 86 - http-outgoing-51 &lt;&lt; &quot;{&quot;name&quot;:&quot;clickElement&quot;,&quot;sessionId&quot;:&quot;a68226d3-9e5a-4a6f-abc4-8051288c1b7f&quot;,&quot;status&quot;:0,&quot;value&quot;:&quot;ok&quot;}&quot;
08-01-2019 22:41:58 LoggingManagedHttpClientConnection.java DEBUG [Forwarding clickElement on session a68226d3-9e5a-4a6f-abc4-8051288c1b7f to remote] conn.DefaultManagedHttpClientConnection 81 - http-outgoing-51: Close connection
08-01-2019 22:41:58 ConnectionHolder.java DEBUG [Forwarding clickElement on session a68226d3-9e5a-4a6f-abc4-8051288c1b7f to remote] execchain.MainClientExec 103 - Connection discarded
08-01-2019 22:41:58 PoolingHttpClientConnectionManager.java DEBUG [Forwarding clickElement on session a68226d3-9e5a-4a6f-abc4-8051288c1b7f to remote] conn.PoolingHttpClientConnectionManager 320 - Connection released: [id: 51][route: {}-&gt;http://127.0.0.1:7056][total kept alive: 0; route allocated: 0 of 2000; total allocated: 0 of 2000]
Drop down clicked
08-01-2019 22:41:58 RequestAddCookies.java DEBUG [Forwarding findElement on session a68226d3-9e5a-4a6f-abc4-8051288c1b7f to remote] protocol.RequestAddCookies 122 - CookieSpec selected: default
08-01-2019 22:41:58 RequestAuthCache.java DEBUG [Forwarding findElement on session a68226d3-9e5a-4a6f-abc4-8051288c1b7f to remote] protocol.RequestAuthCache 76 - Auth cache not set in the context
08-01-2019 22:41:58 PoolingHttpClientConnectionManager.java DEBUG [Forwarding findElement on session a68226d3-9e5a-4a6f-abc4-8051288c1b7f to remote] conn.PoolingHttpClientConnectionManager 249 - Connection request: [route: {}-&gt;http://127.0.0.1:7056][total kept alive: 0; route allocated: 0 of 2000; total allocated: 0 of 2000]
08-01-2019 22:41:58 PoolingHttpClientConnectionManager.java DEBUG [Forwarding findElement on session a68226d3-9e5a-4a6f-abc4-8051288c1b7f to remote] conn.PoolingHttpClientConnectionManager 282 - Connection leased: [id: 52][route: {}-&gt;http://127.0.0.1:7056][total kept alive: 0; route allocated: 1 of 2000; total allocated: 1 of 2000]
08-01-2019 22:41:58 MainClientExec.java DEBUG [Forwarding findElement on session a68226d3-9e5a-4a6f-abc4-8051288c1b7f to remote] execchain.MainClientExec 234 - Opening connection {}-&gt;http://127.0.0.1:7056
08-01-2019 22:41:58 DefaultHttpClientConnectionOperator.java DEBUG [Forwarding findElement on session a68226d3-9e5a-4a6f-abc4-8051288c1b7f to remote] conn.DefaultHttpClientConnectionOperator 131 - Connecting to /127.0.0.1:7056
08-01-2019 22:41:58 DefaultHttpClientConnectionOperator.java DEBUG [Forwarding findElement on session a68226d3-9e5a-4a6f-abc4-8051288c1b7f to remote] conn.DefaultHttpClientConnectionOperator 138 - Connection established 127.0.0.1:56840&lt;-&gt;127.0.0.1:7056
08-01-2019 22:41:58 LoggingManagedHttpClientConnection.java DEBUG [Forwarding findElement on session a68226d3-9e5a-4a6f-abc4-8051288c1b7f to remote] conn.DefaultManagedHttpClientConnection 90 - http-outgoing-52: set socket timeout to 10800000
08-01-2019 22:41:58 MainClientExec.java DEBUG [Forwarding findElement on session a68226d3-9e5a-4a6f-abc4-8051288c1b7f to remote] execchain.MainClientExec 255 - Executing request POST /hub/session/a68226d3-9e5a-4a6f-abc4-8051288c1b7f/element HTTP/1.1
08-01-2019 22:41:58 MainClientExec.java DEBUG [Forwarding findElement on session a68226d3-9e5a-4a6f-abc4-8051288c1b7f to remote] execchain.MainClientExec 260 - Target auth state: UNCHALLENGED
08-01-2019 22:41:58 MainClientExec.java DEBUG [Forwarding findElement on session a68226d3-9e5a-4a6f-abc4-8051288c1b7f to remote] execchain.MainClientExec 266 - Proxy auth state: UNCHALLENGED
08-01-2019 22:41:58 LoggingManagedHttpClientConnection.java DEBUG [Forwarding findElement on session a68226d3-9e5a-4a6f-abc4-8051288c1b7f to remote] http.headers 135 - http-outgoing-52 &gt;&gt; POST /hub/session/a68226d3-9e5a-4a6f-abc4-8051288c1b7f/element HTTP/1.1
08-01-2019 22:41:58 LoggingManagedHttpClientConnection.java DEBUG [Forwarding findElement on session a68226d3-9e5a-4a6f-abc4-8051288c1b7f to remote] http.headers 138 - http-outgoing-52 &gt;&gt; Content-Type: application/json; charset=utf-8
08-01-2019 22:41:58 LoggingManagedHttpClientConnection.java DEBUG [Forwarding findElement on session a68226d3-9e5a-4a6f-abc4-8051288c1b7f to remote] http.headers 138 - http-outgoing-52 &gt;&gt; Content-Length: 42
08-01-2019 22:41:58 LoggingManagedHttpClientConnection.java DEBUG [Forwarding findElement on session a68226d3-9e5a-4a6f-abc4-8051288c1b7f to remote] http.headers 138 - http-outgoing-52 &gt;&gt; Host: 127.0.0.1:7056
08-01-2019 22:41:58 LoggingManagedHttpClientConnection.java DEBUG [Forwarding findElement on session a68226d3-9e5a-4a6f-abc4-8051288c1b7f to remote] http.headers 138 - http-outgoing-52 &gt;&gt; Connection: Keep-Alive
08-01-2019 22:41:58 LoggingManagedHttpClientConnection.java DEBUG [Forwarding findElement on session a68226d3-9e5a-4a6f-abc4-8051288c1b7f to remote] http.headers 138 - http-outgoing-52 &gt;&gt; User-Agent: Apache-HttpClient/4.5.1 (Java/1.8.0_101)
08-01-2019 22:41:58 LoggingManagedHttpClientConnection.java DEBUG [Forwarding findElement on session a68226d3-9e5a-4a6f-abc4-8051288c1b7f to remote] http.headers 138 - http-outgoing-52 &gt;&gt; Accept-Encoding: gzip,deflate
08-01-2019 22:41:58 Wire.java DEBUG [Forwarding findElement on session a68226d3-9e5a-4a6f-abc4-8051288c1b7f to remote] http.wire 72 - http-outgoing-52 &gt;&gt; &quot;POST /hub/session/a68226d3-9e5a-4a6f-abc4-8051288c1b7f/element HTTP/1.1[\r][\n]&quot;
08-01-2019 22:41:58 Wire.java DEBUG [Forwarding findElement on session a68226d3-9e5a-4a6f-abc4-8051288c1b7f to remote] http.wire 72 - http-outgoing-52 &gt;&gt; &quot;Content-Type: application/json; charset=utf-8[\r][\n]&quot;
08-01-2019 22:41:58 Wire.java DEBUG [Forwarding findElement on session a68226d3-9e5a-4a6f-abc4-8051288c1b7f to remote] http.wire 72 - http-outgoing-52 &gt;&gt; &quot;Content-Length: 42[\r][\n]&quot;
08-01-2019 22:41:58 Wire.java DEBUG [Forwarding findElement on session a68226d3-9e5a-4a6f-abc4-8051288c1b7f to remote] http.wire 72 - http-outgoing-52 &gt;&gt; &quot;Host: 127.0.0.1:7056[\r][\n]&quot;
08-01-2019 22:41:58 Wire.java DEBUG [Forwarding findElement on session a68226d3-9e5a-4a6f-abc4-8051288c1b7f to remote] http.wire 72 - http-outgoing-52 &gt;&gt; &quot;Connection: Keep-Alive[\r][\n]&quot;
08-01-2019 22:41:58 Wire.java DEBUG [Forwarding findElement on session a68226d3-9e5a-4a6f-abc4-8051288c1b7f to remote] http.wire 72 - http-outgoing-52 &gt;&gt; &quot;User-Agent: Apache-HttpClient/4.5.1 (Java/1.8.0_101)[\r][\n]&quot;
08-01-2019 22:41:58 Wire.java DEBUG [Forwarding findElement on session a68226d3-9e5a-4a6f-abc4-8051288c1b7f to remote] http.wire 72 - http-outgoing-52 &gt;&gt; &quot;Accept-Encoding: gzip,deflate[\r][\n]&quot;
08-01-2019 22:41:58 Wire.java DEBUG [Forwarding findElement on session a68226d3-9e5a-4a6f-abc4-8051288c1b7f to remote] http.wire 72 - http-outgoing-52 &gt;&gt; &quot;[\r][\n]&quot;
08-01-2019 22:41:58 Wire.java DEBUG [Forwarding findElement on session a68226d3-9e5a-4a6f-abc4-8051288c1b7f to remote] http.wire 86 - http-outgoing-52 &gt;&gt; &quot;{&quot;using&quot;:&quot;name&quot;,&quot;value&quot;:&quot;payment_plan_id&quot;}&quot;
08-01-2019 22:41:58 Wire.java DEBUG [Forwarding findElement on session a68226d3-9e5a-4a6f-abc4-8051288c1b7f to remote] http.wire 72 - http-outgoing-52 &lt;&lt; &quot;HTTP/1.1 200 OK[\r][\n]&quot;
08-01-2019 22:41:58 Wire.java DEBUG [Forwarding findElement on session a68226d3-9e5a-4a6f-abc4-8051288c1b7f to remote] http.wire 72 - http-outgoing-52 &lt;&lt; &quot;content-type: application/json; charset=UTF-8[\r][\n]&quot;
08-01-2019 22:41:58 Wire.java DEBUG [Forwarding findElement on session a68226d3-9e5a-4a6f-abc4-8051288c1b7f to remote] http.wire 72 - http-outgoing-52 &lt;&lt; &quot;connection: close[\r][\n]&quot;
08-01-2019 22:41:58 Wire.java DEBUG [Forwarding findElement on session a68226d3-9e5a-4a6f-abc4-8051288c1b7f to remote] http.wire 72 - http-outgoing-52 &lt;&lt; &quot;content-length: 224[\r][\n]&quot;
08-01-2019 22:41:58 Wire.java DEBUG [Forwarding findElement on session a68226d3-9e5a-4a6f-abc4-8051288c1b7f to remote] http.wire 72 - http-outgoing-52 &lt;&lt; &quot;server: httpd.js[\r][\n]&quot;
08-01-2019 22:41:58 Wire.java DEBUG [Forwarding findElement on session a68226d3-9e5a-4a6f-abc4-8051288c1b7f to remote] http.wire 72 - http-outgoing-52 &lt;&lt; &quot;date: Thu, 01 Aug 2019 17:11:58 GMT[\r][\n]&quot;
08-01-2019 22:41:58 Wire.java DEBUG [Forwarding findElement on session a68226d3-9e5a-4a6f-abc4-8051288c1b7f to remote] http.wire 72 - http-outgoing-52 &lt;&lt; &quot;[\r][\n]&quot;
08-01-2019 22:41:58 LoggingManagedHttpClientConnection.java DEBUG [Forwarding findElement on session a68226d3-9e5a-4a6f-abc4-8051288c1b7f to remote] http.headers 124 - http-outgoing-52 &lt;&lt; HTTP/1.1 200 OK
08-01-2019 22:41:58 LoggingManagedHttpClientConnection.java DEBUG [Forwarding findElement on session a68226d3-9e5a-4a6f-abc4-8051288c1b7f to remote] http.headers 127 - http-outgoing-52 &lt;&lt; content-type: application/json; charset=UTF-8
08-01-2019 22:41:58 LoggingManagedHttpClientConnection.java DEBUG [Forwarding findElement on session a68226d3-9e5a-4a6f-abc4-8051288c1b7f to remote] http.headers 127 - http-outgoing-52 &lt;&lt; connection: close
08-01-2019 22:41:58 LoggingManagedHttpClientConnection.java DEBUG [Forwarding findElement on session a68226d3-9e5a-4a6f-abc4-8051288c1b7f to remote] http.headers 127 - http-outgoing-52 &lt;&lt; content-length: 224
08-01-2019 22:41:58 LoggingManagedHttpClientConnection.java DEBUG [Forwarding findElement on session a68226d3-9e5a-4a6f-abc4-8051288c1b7f to remote] http.headers 127 - http-outgoing-52 &lt;&lt; server: httpd.js
08-01-2019 22:41:58 LoggingManagedHttpClientConnection.java DEBUG [Forwarding findElement on session a68226d3-9e5a-4a6f-abc4-8051288c1b7f to remote] http.headers 127 - http-outgoing-52 &lt;&lt; date: Thu, 01 Aug 2019 17:11:58 GMT
08-01-2019 22:41:58 Wire.java DEBUG [Forwarding findElement on session a68226d3-9e5a-4a6f-abc4-8051288c1b7f to remote] http.wire 86 - http-outgoing-52 &lt;&lt; &quot;{&quot;name&quot;:&quot;findElement&quot;,&quot;sessionId&quot;:&quot;a68226d3-9e5a-4a6f-abc4-8051288c1b7f&quot;,&quot;status&quot;:0,&quot;value&quot;:{&quot;ELEMENT&quot;:&quot;{c870cd55-5ed7-4bfc-8af1-8b4396c8bd42}&quot;,&quot;element-6066-11e4-a52e-4f735466cecf&quot;:&quot;{c870cd55-5ed7-4bfc-8af1-8b4396c8bd42}&quot;}}&quot;
08-01-2019 22:41:58 LoggingManagedHttpClientConnection.java DEBUG [Forwarding findElement on session a68226d3-9e5a-4a6f-abc4-8051288c1b7f to remote] conn.DefaultManagedHttpClientConnection 81 - http-outgoing-52: Close connection
08-01-2019 22:41:58 ConnectionHolder.java DEBUG [Forwarding findElement on session a68226d3-9e5a-4a6f-abc4-8051288c1b7f to remote] execchain.MainClientExec 103 - Connection discarded
08-01-2019 22:41:58 PoolingHttpClientConnectionManager.java DEBUG [Forwarding findElement on session a68226d3-9e5a-4a6f-abc4-8051288c1b7f to remote] conn.PoolingHttpClientConnectionManager 320 - Connection released: [id: 52][route: {}-&gt;http://127.0.0.1:7056][total kept alive: 0; route allocated: 0 of 2000; total allocated: 0 of 2000]
08-01-2019 22:41:58 RequestAddCookies.java DEBUG [Forwarding getElementTagName on session a68226d3-9e5a-4a6f-abc4-8051288c1b7f to remote] protocol.RequestAddCookies 122 - CookieSpec selected: default
08-01-2019 22:41:58 RequestAuthCache.java DEBUG [Forwarding getElementTagName on session a68226d3-9e5a-4a6f-abc4-8051288c1b7f to remote] protocol.RequestAuthCache 76 - Auth cache not set in the context
08-01-2019 22:41:58 PoolingHttpClientConnectionManager.java DEBUG [Forwarding getElementTagName on session a68226d3-9e5a-4a6f-abc4-8051288c1b7f to remote] conn.PoolingHttpClientConnectionManager 249 - Connection request: [route: {}-&gt;http://127.0.0.1:7056][total kept alive: 0; route allocated: 0 of 2000; total allocated: 0 of 2000]
08-01-2019 22:41:58 PoolingHttpClientConnectionManager.java DEBUG [Forwarding getElementTagName on session a68226d3-9e5a-4a6f-abc4-8051288c1b7f to remote] conn.PoolingHttpClientConnectionManager 282 - Connection leased: [id: 53][route: {}-&gt;http://127.0.0.1:7056][total kept alive: 0; route allocated: 1 of 2000; total allocated: 1 of 2000]
08-01-2019 22:41:58 MainClientExec.java DEBUG [Forwarding getElementTagName on session a68226d3-9e5a-4a6f-abc4-8051288c1b7f to remote] execchain.MainClientExec 234 - Opening connection {}-&gt;http://127.0.0.1:7056
08-01-2019 22:41:58 DefaultHttpClientConnectionOperator.java DEBUG [Forwarding getElementTagName on session a68226d3-9e5a-4a6f-abc4-8051288c1b7f to remote] conn.DefaultHttpClientConnectionOperator 131 - Connecting to /127.0.0.1:7056
08-01-2019 22:41:58 DefaultHttpClientConnectionOperator.java DEBUG [Forwarding getElementTagName on session a68226d3-9e5a-4a6f-abc4-8051288c1b7f to remote] conn.DefaultHttpClientConnectionOperator 138 - Connection established 127.0.0.1:56841&lt;-&gt;127.0.0.1:7056
08-01-2019 22:41:58 LoggingManagedHttpClientConnection.java DEBUG [Forwarding getElementTagName on session a68226d3-9e5a-4a6f-abc4-8051288c1b7f to remote] conn.DefaultManagedHttpClientConnection 90 - http-outgoing-53: set socket timeout to 10800000
08-01-2019 22:41:58 MainClientExec.java DEBUG [Forwarding getElementTagName on session a68226d3-9e5a-4a6f-abc4-8051288c1b7f to remote] execchain.MainClientExec 255 - Executing request GET /hub/session/a68226d3-9e5a-4a6f-abc4-8051288c1b7f/element/%7Bc870cd55-5ed7-4bfc-8af1-8b4396c8bd42%7D/name HTTP/1.1
08-01-2019 22:41:58 MainClientExec.java DEBUG [Forwarding getElementTagName on session a68226d3-9e5a-4a6f-abc4-8051288c1b7f to remote] execchain.MainClientExec 260 - Target auth state: UNCHALLENGED
08-01-2019 22:41:58 MainClientExec.java DEBUG [Forwarding getElementTagName on session a68226d3-9e5a-4a6f-abc4-8051288c1b7f to remote] execchain.MainClientExec 266 - Proxy auth state: UNCHALLENGED
08-01-2019 22:41:58 LoggingManagedHttpClientConnection.java DEBUG [Forwarding getElementTagName on session a68226d3-9e5a-4a6f-abc4-8051288c1b7f to remote] http.headers 135 - http-outgoing-53 &gt;&gt; GET /hub/session/a68226d3-9e5a-4a6f-abc4-8051288c1b7f/element/%7Bc870cd55-5ed7-4bfc-8af1-8b4396c8bd42%7D/name HTTP/1.1
08-01-2019 22:41:58 LoggingManagedHttpClientConnection.java DEBUG [Forwarding getElementTagName on session a68226d3-9e5a-4a6f-abc4-8051288c1b7f to remote] http.headers 138 - http-outgoing-53 &gt;&gt; Cache-Control: no-cache
08-01-2019 22:41:58 LoggingManagedHttpClientConnection.java DEBUG [Forwarding getElementTagName on session a68226d3-9e5a-4a6f-abc4-8051288c1b7f to remote] http.headers 138 - http-outgoing-53 &gt;&gt; Host: 127.0.0.1:7056
08-01-2019 22:41:58 LoggingManagedHttpClientConnection.java DEBUG [Forwarding getElementTagName on session a68226d3-9e5a-4a6f-abc4-8051288c1b7f to remote] http.headers 138 - http-outgoing-53 &gt;&gt; Connection: Keep-Alive
08-01-2019 22:41:58 LoggingManagedHttpClientConnection.java DEBUG [Forwarding getElementTagName on session a68226d3-9e5a-4a6f-abc4-8051288c1b7f to remote] http.headers 138 - http-outgoing-53 &gt;&gt; User-Agent: Apache-HttpClient/4.5.1 (Java/1.8.0_101)
08-01-2019 22:41:58 LoggingManagedHttpClientConnection.java DEBUG [Forwarding getElementTagName on session a68226d3-9e5a-4a6f-abc4-8051288c1b7f to remote] http.headers 138 - http-outgoing-53 &gt;&gt; Accept-Encoding: gzip,deflate
08-01-2019 22:41:58 Wire.java DEBUG [Forwarding getElementTagName on session a68226d3-9e5a-4a6f-abc4-8051288c1b7f to remote] http.wire 72 - http-outgoing-53 &gt;&gt; &quot;GET /hub/session/a68226d3-9e5a-4a6f-abc4-8051288c1b7f/element/%7Bc870cd55-5ed7-4bfc-8af1-8b4396c8bd42%7D/name HTTP/1.1[\r][\n]&quot;
08-01-2019 22:41:58 Wire.java DEBUG [Forwarding getElementTagName on session a68226d3-9e5a-4a6f-abc4-8051288c1b7f to remote] http.wire 72 - http-outgoing-53 &gt;&gt; &quot;Cache-Control: no-cache[\r][\n]&quot;
08-01-2019 22:41:58 Wire.java DEBUG [Forwarding getElementTagName on session a68226d3-9e5a-4a6f-abc4-8051288c1b7f to remote] http.wire 72 - http-outgoing-53 &gt;&gt; &quot;Host: 127.0.0.1:7056[\r][\n]&quot;
08-01-2019 22:41:58 Wire.java DEBUG [Forwarding getElementTagName on session a68226d3-9e5a-4a6f-abc4-8051288c1b7f to remote] http.wire 72 - http-outgoing-53 &gt;&gt; &quot;Connection: Keep-Alive[\r][\n]&quot;
08-01-2019 22:41:58 Wire.java DEBUG [Forwarding getElementTagName on session a68226d3-9e5a-4a6f-abc4-8051288c1b7f to remote] http.wire 72 - http-outgoing-53 &gt;&gt; &quot;User-Agent: Apache-HttpClient/4.5.1 (Java/1.8.0_101)[\r][\n]&quot;
08-01-2019 22:41:58 Wire.java DEBUG [Forwarding getElementTagName on session a68226d3-9e5a-4a6f-abc4-8051288c1b7f to remote] http.wire 72 - http-outgoing-53 &gt;&gt; &quot;Accept-Encoding: gzip,deflate[\r][\n]&quot;
08-01-2019 22:41:58 Wire.java DEBUG [Forwarding getElementTagName on session a68226d3-9e5a-4a6f-abc4-8051288c1b7f to remote] http.wire 72 - http-outgoing-53 &gt;&gt; &quot;[\r][\n]&quot;
08-01-2019 22:41:58 Wire.java DEBUG [Forwarding getElementTagName on session a68226d3-9e5a-4a6f-abc4-8051288c1b7f to remote] http.wire 72 - http-outgoing-53 &lt;&lt; &quot;HTTP/1.1 200 OK[\r][\n]&quot;
08-01-2019 22:41:58 Wire.java DEBUG [Forwarding getElementTagName on session a68226d3-9e5a-4a6f-abc4-8051288c1b7f to remote] http.wire 72 - http-outgoing-53 &lt;&lt; &quot;content-type: application/json; charset=UTF-8[\r][\n]&quot;
08-01-2019 22:41:58 Wire.java DEBUG [Forwarding getElementTagName on session a68226d3-9e5a-4a6f-abc4-8051288c1b7f to remote] http.wire 72 - http-outgoing-53 &lt;&lt; &quot;connection: close[\r][\n]&quot;
08-01-2019 22:41:58 Wire.java DEBUG [Forwarding getElementTagName on session a68226d3-9e5a-4a6f-abc4-8051288c1b7f to remote] http.wire 72 - http-outgoing-53 &lt;&lt; &quot;content-length: 107[\r][\n]&quot;
08-01-2019 22:41:58 Wire.java DEBUG [Forwarding getElementTagName on session a68226d3-9e5a-4a6f-abc4-8051288c1b7f to remote] http.wire 72 - http-outgoing-53 &lt;&lt; &quot;server: httpd.js[\r][\n]&quot;
08-01-2019 22:41:58 Wire.java DEBUG [Forwarding getElementTagName on session a68226d3-9e5a-4a6f-abc4-8051288c1b7f to remote] http.wire 72 - http-outgoing-53 &lt;&lt; &quot;date: Thu, 01 Aug 2019 17:11:58 GMT[\r][\n]&quot;
08-01-2019 22:41:58 Wire.java DEBUG [Forwarding getElementTagName on session a68226d3-9e5a-4a6f-abc4-8051288c1b7f to remote] http.wire 72 - http-outgoing-53 &lt;&lt; &quot;[\r][\n]&quot;
08-01-2019 22:41:58 LoggingManagedHttpClientConnection.java DEBUG [Forwarding getElementTagName on session a68226d3-9e5a-4a6f-abc4-8051288c1b7f to remote] http.headers 124 - http-outgoing-53 &lt;&lt; HTTP/1.1 200 OK
08-01-2019 22:41:58 LoggingManagedHttpClientConnection.java DEBUG [Forwarding getElementTagName on session a68226d3-9e5a-4a6f-abc4-8051288c1b7f to remote] http.headers 127 - http-outgoing-53 &lt;&lt; content-type: application/json; charset=UTF-8
08-01-2019 22:41:58 LoggingManagedHttpClientConnection.java DEBUG [Forwarding getElementTagName on session a68226d3-9e5a-4a6f-abc4-8051288c1b7f to remote] http.headers 127 - http-outgoing-53 &lt;&lt; connection: close
08-01-2019 22:41:58 LoggingManagedHttpClientConnection.java DEBUG [Forwarding getElementTagName on session a68226d3-9e5a-4a6f-abc4-8051288c1b7f to remote] http.headers 127 - http-outgoing-53 &lt;&lt; content-length: 107
08-01-2019 22:41:58 LoggingManagedHttpClientConnection.java DEBUG [Forwarding getElementTagName on session a68226d3-9e5a-4a6f-abc4-8051288c1b7f to remote] http.headers 127 - http-outgoing-53 &lt;&lt; server: httpd.js
08-01-2019 22:41:58 LoggingManagedHttpClientConnection.java DEBUG [Forwarding getElementTagName on session a68226d3-9e5a-4a6f-abc4-8051288c1b7f to remote] http.headers 127 - http-outgoing-53 &lt;&lt; date: Thu, 01 Aug 2019 17:11:58 GMT
08-01-2019 22:41:58 Wire.java DEBUG [Forwarding getElementTagName on session a68226d3-9e5a-4a6f-abc4-8051288c1b7f to remote] http.wire 86 - http-outgoing-53 &lt;&lt; &quot;{&quot;name&quot;:&quot;getElementTagName&quot;,&quot;sessionId&quot;:&quot;a68226d3-9e5a-4a6f-abc4-8051288c1b7f&quot;,&quot;status&quot;:0,&quot;value&quot;:&quot;select&quot;}&quot;
08-01-2019 22:41:58 LoggingManagedHttpClientConnection.java DEBUG [Forwarding getElementTagName on session a68226d3-9e5a-4a6f-abc4-8051288c1b7f to remote] conn.DefaultManagedHttpClientConnection 81 - http-outgoing-53: Close connection
08-01-2019 22:41:58 ConnectionHolder.java DEBUG [Forwarding getElementTagName on session a68226d3-9e5a-4a6f-abc4-8051288c1b7f to remote] execchain.MainClientExec 103 - Connection discarded
08-01-2019 22:41:58 PoolingHttpClientConnectionManager.java DEBUG [Forwarding getElementTagName on session a68226d3-9e5a-4a6f-abc4-8051288c1b7f to remote] conn.PoolingHttpClientConnectionManager 320 - Connection released: [id: 53][route: {}-&gt;http://127.0.0.1:7056][total kept alive: 0; route allocated: 0 of 2000; total allocated: 0 of 2000]
08-01-2019 22:41:58 RequestAddCookies.java DEBUG [Forwarding findElement on session a68226d3-9e5a-4a6f-abc4-8051288c1b7f to remote] protocol.RequestAddCookies 122 - CookieSpec selected: default
08-01-2019 22:41:58 RequestAuthCache.java DEBUG [Forwarding findElement on session a68226d3-9e5a-4a6f-abc4-8051288c1b7f to remote] protocol.RequestAuthCache 76 - Auth cache not set in the context
08-01-2019 22:41:58 PoolingHttpClientConnectionManager.java DEBUG [Forwarding findElement on session a68226d3-9e5a-4a6f-abc4-8051288c1b7f to remote] conn.PoolingHttpClientConnectionManager 249 - Connection request: [route: {}-&gt;http://127.0.0.1:7056][total kept alive: 0; route allocated: 0 of 2000; total allocated: 0 of 2000]
08-01-2019 22:41:58 PoolingHttpClientConnectionManager.java DEBUG [Forwarding findElement on session a68226d3-9e5a-4a6f-abc4-8051288c1b7f to remote] conn.PoolingHttpClientConnectionManager 282 - Connection leased: [id: 54][route: {}-&gt;http://127.0.0.1:7056][total kept alive: 0; route allocated: 1 of 2000; total allocated: 1 of 2000]
08-01-2019 22:41:58 MainClientExec.java DEBUG [Forwarding findElement on session a68226d3-9e5a-4a6f-abc4-8051288c1b7f to remote] execchain.MainClientExec 234 - Opening connection {}-&gt;http://127.0.0.1:7056
08-01-2019 22:41:58 DefaultHttpClientConnectionOperator.java DEBUG [Forwarding findElement on session a68226d3-9e5a-4a6f-abc4-8051288c1b7f to remote] conn.DefaultHttpClientConnectionOperator 131 - Connecting to /127.0.0.1:7056
08-01-2019 22:41:58 DefaultHttpClientConnectionOperator.java DEBUG [Forwarding findElement on session a68226d3-9e5a-4a6f-abc4-8051288c1b7f to remote] conn.DefaultHttpClientConnectionOperator 138 - Connection established 127.0.0.1:56842&lt;-&gt;127.0.0.1:7056
08-01-2019 22:41:58 LoggingManagedHttpClientConnection.java DEBUG [Forwarding findElement on session a68226d3-9e5a-4a6f-abc4-8051288c1b7f to remote] conn.DefaultManagedHttpClientConnection 90 - http-outgoing-54: set socket timeout to 10800000
08-01-2019 22:41:58 MainClientExec.java DEBUG [Forwarding findElement on session a68226d3-9e5a-4a6f-abc4-8051288c1b7f to remote] execchain.MainClientExec 255 - Executing request POST /hub/session/a68226d3-9e5a-4a6f-abc4-8051288c1b7f/element HTTP/1.1
08-01-2019 22:41:58 MainClientExec.java DEBUG [Forwarding findElement on session a68226d3-9e5a-4a6f-abc4-8051288c1b7f to remote] execchain.MainClientExec 260 - Target auth state: UNCHALLENGED
08-01-2019 22:41:58 MainClientExec.java DEBUG [Forwarding findElement on session a68226d3-9e5a-4a6f-abc4-8051288c1b7f to remote] execchain.MainClientExec 266 - Proxy auth state: UNCHALLENGED
08-01-2019 22:41:58 LoggingManagedHttpClientConnection.java DEBUG [Forwarding findElement on session a68226d3-9e5a-4a6f-abc4-8051288c1b7f to remote] http.headers 135 - http-outgoing-54 &gt;&gt; POST /hub/session/a68226d3-9e5a-4a6f-abc4-8051288c1b7f/element HTTP/1.1
08-01-2019 22:41:58 LoggingManagedHttpClientConnection.java DEBUG [Forwarding findElement on session a68226d3-9e5a-4a6f-abc4-8051288c1b7f to remote] http.headers 138 - http-outgoing-54 &gt;&gt; Content-Type: application/json; charset=utf-8
08-01-2019 22:41:58 LoggingManagedHttpClientConnection.java DEBUG [Forwarding findElement on session a68226d3-9e5a-4a6f-abc4-8051288c1b7f to remote] http.headers 138 - http-outgoing-54 &gt;&gt; Content-Length: 42
08-01-2019 22:41:58 LoggingManagedHttpClientConnection.java DEBUG [Forwarding findElement on session a68226d3-9e5a-4a6f-abc4-8051288c1b7f to remote] http.headers 138 - http-outgoing-54 &gt;&gt; Host: 127.0.0.1:7056
08-01-2019 22:41:58 LoggingManagedHttpClientConnection.java DEBUG [Forwarding findElement on session a68226d3-9e5a-4a6f-abc4-8051288c1b7f to remote] http.headers 138 - http-outgoing-54 &gt;&gt; Connection: Keep-Alive
08-01-2019 22:41:58 LoggingManagedHttpClientConnection.java DEBUG [Forwarding findElement on session a68226d3-9e5a-4a6f-abc4-8051288c1b7f to remote] http.headers 138 - http-outgoing-54 &gt;&gt; User-Agent: Apache-HttpClient/4.5.1 (Java/1.8.0_101)
08-01-2019 22:41:58 LoggingManagedHttpClientConnection.java DEBUG [Forwarding findElement on session a68226d3-9e5a-4a6f-abc4-8051288c1b7f to remote] http.headers 138 - http-outgoing-54 &gt;&gt; Accept-Encoding: gzip,deflate
08-01-2019 22:41:58 Wire.java DEBUG [Forwarding findElement on session a68226d3-9e5a-4a6f-abc4-8051288c1b7f to remote] http.wire 72 - http-outgoing-54 &gt;&gt; &quot;POST /hub/session/a68226d3-9e5a-4a6f-abc4-8051288c1b7f/element HTTP/1.1[\r][\n]&quot;
08-01-2019 22:41:58 Wire.java DEBUG [Forwarding findElement on session a68226d3-9e5a-4a6f-abc4-8051288c1b7f to remote] http.wire 72 - http-outgoing-54 &gt;&gt; &quot;Content-Type: application/json; charset=utf-8[\r][\n]&quot;
08-01-2019 22:41:58 Wire.java DEBUG [Forwarding findElement on session a68226d3-9e5a-4a6f-abc4-8051288c1b7f to remote] http.wire 72 - http-outgoing-54 &gt;&gt; &quot;Content-Length: 42[\r][\n]&quot;
08-01-2019 22:41:58 Wire.java DEBUG [Forwarding findElement on session a68226d3-9e5a-4a6f-abc4-8051288c1b7f to remote] http.wire 72 - http-outgoing-54 &gt;&gt; &quot;Host: 127.0.0.1:7056[\r][\n]&quot;
08-01-2019 22:41:58 Wire.java DEBUG [Forwarding findElement on session a68226d3-9e5a-4a6f-abc4-8051288c1b7f to remote] http.wire 72 - http-outgoing-54 &gt;&gt; &quot;Connection: Keep-Alive[\r][\n]&quot;
08-01-2019 22:41:58 Wire.java DEBUG [Forwarding findElement on session a68226d3-9e5a-4a6f-abc4-8051288c1b7f to remote] http.wire 72 - http-outgoing-54 &gt;&gt; &quot;User-Agent: Apache-HttpClient/4.5.1 (Java/1.8.0_101)[\r][\n]&quot;
08-01-2019 22:41:58 Wire.java DEBUG [Forwarding findElement on session a68226d3-9e5a-4a6f-abc4-8051288c1b7f to remote] http.wire 72 - http-outgoing-54 &gt;&gt; &quot;Accept-Encoding: gzip,deflate[\r][\n]&quot;
08-01-2019 22:41:58 Wire.java DEBUG [Forwarding findElement on session a68226d3-9e5a-4a6f-abc4-8051288c1b7f to remote] http.wire 72 - http-outgoing-54 &gt;&gt; &quot;[\r][\n]&quot;
08-01-2019 22:41:58 Wire.java DEBUG [Forwarding findElement on session a68226d3-9e5a-4a6f-abc4-8051288c1b7f to remote] http.wire 86 - http-outgoing-54 &gt;&gt; &quot;{&quot;using&quot;:&quot;name&quot;,&quot;value&quot;:&quot;payment_plan_id&quot;}&quot;
08-01-2019 22:41:58 Wire.java DEBUG [Forwarding findElement on session a68226d3-9e5a-4a6f-abc4-8051288c1b7f to remote] http.wire 72 - http-outgoing-54 &lt;&lt; &quot;HTTP/1.1 200 OK[\r][\n]&quot;
08-01-2019 22:41:58 Wire.java DEBUG [Forwarding findElement on session a68226d3-9e5a-4a6f-abc4-8051288c1b7f to remote] http.wire 72 - http-outgoing-54 &lt;&lt; &quot;content-type: application/json; charset=UTF-8[\r][\n]&quot;
08-01-2019 22:41:58 Wire.java DEBUG [Forwarding findElement on session a68226d3-9e5a-4a6f-abc4-8051288c1b7f to remote] http.wire 72 - http-outgoing-54 &lt;&lt; &quot;connection: close[\r][\n]&quot;
08-01-2019 22:41:58 Wire.java DEBUG [Forwarding findElement on session a68226d3-9e5a-4a6f-abc4-8051288c1b7f to remote] http.wire 72 - http-outgoing-54 &lt;&lt; &quot;content-length: 224[\r][\n]&quot;
08-01-2019 22:41:58 Wire.java DEBUG [Forwarding findElement on session a68226d3-9e5a-4a6f-abc4-8051288c1b7f to remote] http.wire 72 - http-outgoing-54 &lt;&lt; &quot;server: httpd.js[\r][\n]&quot;
08-01-2019 22:41:58 Wire.java DEBUG [Forwarding findElement on session a68226d3-9e5a-4a6f-abc4-8051288c1b7f to remote] http.wire 72 - http-outgoing-54 &lt;&lt; &quot;date: Thu, 01 Aug 2019 17:11:58 GMT[\r][\n]&quot;
08-01-2019 22:41:58 Wire.java DEBUG [Forwarding findElement on session a68226d3-9e5a-4a6f-abc4-8051288c1b7f to remote] http.wire 72 - http-outgoing-54 &lt;&lt; &quot;[\r][\n]&quot;
08-01-2019 22:41:58 LoggingManagedHttpClientConnection.java DEBUG [Forwarding findElement on session a68226d3-9e5a-4a6f-abc4-8051288c1b7f to remote] http.headers 124 - http-outgoing-54 &lt;&lt; HTTP/1.1 200 OK
08-01-2019 22:41:58 LoggingManagedHttpClientConnection.java DEBUG [Forwarding findElement on session a68226d3-9e5a-4a6f-abc4-8051288c1b7f to remote] http.headers 127 - http-outgoing-54 &lt;&lt; content-type: application/json; charset=UTF-8
08-01-2019 22:41:58 LoggingManagedHttpClientConnection.java DEBUG [Forwarding findElement on session a68226d3-9e5a-4a6f-abc4-8051288c1b7f to remote] http.headers 127 - http-outgoing-54 &lt;&lt; connection: close
08-01-2019 22:41:58 LoggingManagedHttpClientConnection.java DEBUG [Forwarding findElement on session a68226d3-9e5a-4a6f-abc4-8051288c1b7f to remote] http.headers 127 - http-outgoing-54 &lt;&lt; content-length: 224
08-01-2019 22:41:58 LoggingManagedHttpClientConnection.java DEBUG [Forwarding findElement on session a68226d3-9e5a-4a6f-abc4-8051288c1b7f to remote] http.headers 127 - http-outgoing-54 &lt;&lt; server: httpd.js
08-01-2019 22:41:58 LoggingManagedHttpClientConnection.java DEBUG [Forwarding findElement on session a68226d3-9e5a-4a6f-abc4-8051288c1b7f to remote] http.headers 127 - http-outgoing-54 &lt;&lt; date: Thu, 01 Aug 2019 17:11:58 GMT
08-01-2019 22:41:58 Wire.java DEBUG [Forwarding findElement on session a68226d3-9e5a-4a6f-abc4-8051288c1b7f to remote] http.wire 86 - http-outgoing-54 &lt;&lt; &quot;{&quot;name&quot;:&quot;findElement&quot;,&quot;sessionId&quot;:&quot;a68226d3-9e5a-4a6f-abc4-8051288c1b7f&quot;,&quot;status&quot;:0,&quot;value&quot;:{&quot;ELEMENT&quot;:&quot;{c870cd55-5ed7-4bfc-8af1-8b4396c8bd42}&quot;,&quot;element-6066-11e4-a52e-4f735466cecf&quot;:&quot;{c870cd55-5ed7-4bfc-8af1-8b4396c8bd42}&quot;}}&quot;
08-01-2019 22:41:58 LoggingManagedHttpClientConnection.java DEBUG [Forwarding findElement on session a68226d3-9e5a-4a6f-abc4-8051288c1b7f to remote] conn.DefaultManagedHttpClientConnection 81 - http-outgoing-54: Close connection
08-01-2019 22:41:58 ConnectionHolder.java DEBUG [Forwarding findElement on session a68226d3-9e5a-4a6f-abc4-8051288c1b7f to remote] execchain.MainClientExec 103 - Connection discarded
08-01-2019 22:41:58 PoolingHttpClientConnectionManager.java DEBUG [Forwarding findElement on session a68226d3-9e5a-4a6f-abc4-8051288c1b7f to remote] conn.PoolingHttpClientConnectionManager 320 - Connection released: [id: 54][route: {}-&gt;http://127.0.0.1:7056][total kept alive: 0; route allocated: 0 of 2000; total allocated: 0 of 2000]
08-01-2019 22:41:58 RequestAddCookies.java DEBUG [Forwarding getElementAttribute on session a68226d3-9e5a-4a6f-abc4-8051288c1b7f to remote] protocol.RequestAddCookies 122 - CookieSpec selected: default
08-01-2019 22:41:58 RequestAuthCache.java DEBUG [Forwarding getElementAttribute on session a68226d3-9e5a-4a6f-abc4-8051288c1b7f to remote] protocol.RequestAuthCache 76 - Auth cache not set in the context
08-01-2019 22:41:58 PoolingHttpClientConnectionManager.java DEBUG [Forwarding getElementAttribute on session a68226d3-9e5a-4a6f-abc4-8051288c1b7f to remote] conn.PoolingHttpClientConnectionManager 249 - Connection request: [route: {}-&gt;http://127.0.0.1:7056][total kept alive: 0; route allocated: 0 of 2000; total allocated: 0 of 2000]
08-01-2019 22:41:58 PoolingHttpClientConnectionManager.java DEBUG [Forwarding getElementAttribute on session a68226d3-9e5a-4a6f-abc4-8051288c1b7f to remote] conn.PoolingHttpClientConnectionManager 282 - Connection leased: [id: 55][route: {}-&gt;http://127.0.0.1:7056][total kept alive: 0; route allocated: 1 of 2000; total allocated: 1 of 2000]
08-01-2019 22:41:58 MainClientExec.java DEBUG [Forwarding getElementAttribute on session a68226d3-9e5a-4a6f-abc4-8051288c1b7f to remote] execchain.MainClientExec 234 - Opening connection {}-&gt;http://127.0.0.1:7056
08-01-2019 22:41:58 DefaultHttpClientConnectionOperator.java DEBUG [Forwarding getElementAttribute on session a68226d3-9e5a-4a6f-abc4-8051288c1b7f to remote] conn.DefaultHttpClientConnectionOperator 131 - Connecting to /127.0.0.1:7056
08-01-2019 22:41:58 DefaultHttpClientConnectionOperator.java DEBUG [Forwarding getElementAttribute on session a68226d3-9e5a-4a6f-abc4-8051288c1b7f to remote] conn.DefaultHttpClientConnectionOperator 138 - Connection established 127.0.0.1:56843&lt;-&gt;127.0.0.1:7056
08-01-2019 22:41:58 LoggingManagedHttpClientConnection.java DEBUG [Forwarding getElementAttribute on session a68226d3-9e5a-4a6f-abc4-8051288c1b7f to remote] conn.DefaultManagedHttpClientConnection 90 - http-outgoing-55: set socket timeout to 10800000
08-01-2019 22:41:58 MainClientExec.java DEBUG [Forwarding getElementAttribute on session a68226d3-9e5a-4a6f-abc4-8051288c1b7f to remote] execchain.MainClientExec 255 - Executing request GET /hub/session/a68226d3-9e5a-4a6f-abc4-8051288c1b7f/element/%7Bc870cd55-5ed7-4bfc-8af1-8b4396c8bd42%7D/attribute/multiple HTTP/1.1
08-01-2019 22:41:58 MainClientExec.java DEBUG [Forwarding getElementAttribute on session a68226d3-9e5a-4a6f-abc4-8051288c1b7f to remote] execchain.MainClientExec 260 - Target auth state: UNCHALLENGED
08-01-2019 22:41:58 MainClientExec.java DEBUG [Forwarding getElementAttribute on session a68226d3-9e5a-4a6f-abc4-8051288c1b7f to remote] execchain.MainClientExec 266 - Proxy auth state: UNCHALLENGED
08-01-2019 22:41:58 LoggingManagedHttpClientConnection.java DEBUG [Forwarding getElementAttribute on session a68226d3-9e5a-4a6f-abc4-8051288c1b7f to remote] http.headers 135 - http-outgoing-55 &gt;&gt; GET /hub/session/a68226d3-9e5a-4a6f-abc4-8051288c1b7f/element/%7Bc870cd55-5ed7-4bfc-8af1-8b4396c8bd42%7D/attribute/multiple HTTP/1.1
08-01-2019 22:41:58 LoggingManagedHttpClientConnection.java DEBUG [Forwarding getElementAttribute on session a68226d3-9e5a-4a6f-abc4-8051288c1b7f to remote] http.headers 138 - http-outgoing-55 &gt;&gt; Cache-Control: no-cache
08-01-2019 22:41:58 LoggingManagedHttpClientConnection.java DEBUG [Forwarding getElementAttribute on session a68226d3-9e5a-4a6f-abc4-8051288c1b7f to remote] http.headers 138 - http-outgoing-55 &gt;&gt; Host: 127.0.0.1:7056
08-01-2019 22:41:58 LoggingManagedHttpClientConnection.java DEBUG [Forwarding getElementAttribute on session a68226d3-9e5a-4a6f-abc4-8051288c1b7f to remote] http.headers 138 - http-outgoing-55 &gt;&gt; Connection: Keep-Alive
08-01-2019 22:41:58 LoggingManagedHttpClientConnection.java DEBUG [Forwarding getElementAttribute on session a68226d3-9e5a-4a6f-abc4-8051288c1b7f to remote] http.headers 138 - http-outgoing-55 &gt;&gt; User-Agent: Apache-HttpClient/4.5.1 (Java/1.8.0_101)
08-01-2019 22:41:58 LoggingManagedHttpClientConnection.java DEBUG [Forwarding getElementAttribute on session a68226d3-9e5a-4a6f-abc4-8051288c1b7f to remote] http.headers 138 - http-outgoing-55 &gt;&gt; Accept-Encoding: gzip,deflate
08-01-2019 22:41:58 Wire.java DEBUG [Forwarding getElementAttribute on session a68226d3-9e5a-4a6f-abc4-8051288c1b7f to remote] http.wire 72 - http-outgoing-55 &gt;&gt; &quot;GET /hub/session/a68226d3-9e5a-4a6f-abc4-8051288c1b7f/element/%7Bc870cd55-5ed7-4bfc-8af1-8b4396c8bd42%7D/attribute/multiple HTTP/1.1[\r][\n]&quot;
08-01-2019 22:41:58 Wire.java DEBUG [Forwarding getElementAttribute on session a68226d3-9e5a-4a6f-abc4-8051288c1b7f to remote] http.wire 72 - http-outgoing-55 &gt;&gt; &quot;Cache-Control: no-cache[\r][\n]&quot;
08-01-2019 22:41:58 Wire.java DEBUG [Forwarding getElementAttribute on session a68226d3-9e5a-4a6f-abc4-8051288c1b7f to remote] http.wire 72 - http-outgoing-55 &gt;&gt; &quot;Host: 127.0.0.1:7056[\r][\n]&quot;
08-01-2019 22:41:58 Wire.java DEBUG [Forwarding getElementAttribute on session a68226d3-9e5a-4a6f-abc4-8051288c1b7f to remote] http.wire 72 - http-outgoing-55 &gt;&gt; &quot;Connection: Keep-Alive[\r][\n]&quot;
08-01-2019 22:41:58 Wire.java DEBUG [Forwarding getElementAttribute on session a68226d3-9e5a-4a6f-abc4-8051288c1b7f to remote] http.wire 72 - http-outgoing-55 &gt;&gt; &quot;User-Agent: Apache-HttpClient/4.5.1 (Java/1.8.0_101)[\r][\n]&quot;
08-01-2019 22:41:58 Wire.java DEBUG [Forwarding getElementAttribute on session a68226d3-9e5a-4a6f-abc4-8051288c1b7f to remote] http.wire 72 - http-outgoing-55 &gt;&gt; &quot;Accept-Encoding: gzip,deflate[\r][\n]&quot;
08-01-2019 22:41:58 Wire.java DEBUG [Forwarding getElementAttribute on session a68226d3-9e5a-4a6f-abc4-8051288c1b7f to remote] http.wire 72 - http-outgoing-55 &gt;&gt; &quot;[\r][\n]&quot;
08-01-2019 22:41:58 Wire.java DEBUG [Forwarding getElementAttribute on session a68226d3-9e5a-4a6f-abc4-8051288c1b7f to remote] http.wire 72 - http-outgoing-55 &lt;&lt; &quot;HTTP/1.1 200 OK[\r][\n]&quot;
08-01-2019 22:41:58 Wire.java DEBUG [Forwarding getElementAttribute on session a68226d3-9e5a-4a6f-abc4-8051288c1b7f to remote] http.wire 72 - http-outgoing-55 &lt;&lt; &quot;content-type: application/json; charset=UTF-8[\r][\n]&quot;
08-01-2019 22:41:58 Wire.java DEBUG [Forwarding getElementAttribute on session a68226d3-9e5a-4a6f-abc4-8051288c1b7f to remote] http.wire 72 - http-outgoing-55 &lt;&lt; &quot;connection: close[\r][\n]&quot;
08-01-2019 22:41:58 Wire.java DEBUG [Forwarding getElementAttribute on session a68226d3-9e5a-4a6f-abc4-8051288c1b7f to remote] http.wire 72 - http-outgoing-55 &lt;&lt; &quot;content-length: 105[\r][\n]&quot;
08-01-2019 22:41:58 Wire.java DEBUG [Forwarding getElementAttribute on session a68226d3-9e5a-4a6f-abc4-8051288c1b7f to remote] http.wire 72 - http-outgoing-55 &lt;&lt; &quot;server: httpd.js[\r][\n]&quot;
08-01-2019 22:41:58 Wire.java DEBUG [Forwarding getElementAttribute on session a68226d3-9e5a-4a6f-abc4-8051288c1b7f to remote] http.wire 72 - http-outgoing-55 &lt;&lt; &quot;date: Thu, 01 Aug 2019 17:11:58 GMT[\r][\n]&quot;
08-01-2019 22:41:58 Wire.java DEBUG [Forwarding getElementAttribute on session a68226d3-9e5a-4a6f-abc4-8051288c1b7f to remote] http.wire 72 - http-outgoing-55 &lt;&lt; &quot;[\r][\n]&quot;
08-01-2019 22:41:58 LoggingManagedHttpClientConnection.java DEBUG [Forwarding getElementAttribute on session a68226d3-9e5a-4a6f-abc4-8051288c1b7f to remote] http.headers 124 - http-outgoing-55 &lt;&lt; HTTP/1.1 200 OK
08-01-2019 22:41:58 LoggingManagedHttpClientConnection.java DEBUG [Forwarding getElementAttribute on session a68226d3-9e5a-4a6f-abc4-8051288c1b7f to remote] http.headers 127 - http-outgoing-55 &lt;&lt; content-type: application/json; charset=UTF-8
08-01-2019 22:41:58 LoggingManagedHttpClientConnection.java DEBUG [Forwarding getElementAttribute on session a68226d3-9e5a-4a6f-abc4-8051288c1b7f to remote] http.headers 127 - http-outgoing-55 &lt;&lt; connection: close
08-01-2019 22:41:58 LoggingManagedHttpClientConnection.java DEBUG [Forwarding getElementAttribute on session a68226d3-9e5a-4a6f-abc4-8051288c1b7f to remote] http.headers 127 - http-outgoing-55 &lt;&lt; content-length: 105
08-01-2019 22:41:58 LoggingManagedHttpClientConnection.java DEBUG [Forwarding getElementAttribute on session a68226d3-9e5a-4a6f-abc4-8051288c1b7f to remote] http.headers 127 - http-outgoing-55 &lt;&lt; server: httpd.js
08-01-2019 22:41:58 LoggingManagedHttpClientConnection.java DEBUG [Forwarding getElementAttribute on session a68226d3-9e5a-4a6f-abc4-8051288c1b7f to remote] http.headers 127 - http-outgoing-55 &lt;&lt; date: Thu, 01 Aug 2019 17:11:58 GMT
08-01-2019 22:41:58 Wire.java DEBUG [Forwarding getElementAttribute on session a68226d3-9e5a-4a6f-abc4-8051288c1b7f to remote] http.wire 86 - http-outgoing-55 &lt;&lt; &quot;{&quot;name&quot;:&quot;getElementAttribute&quot;,&quot;sessionId&quot;:&quot;a68226d3-9e5a-4a6f-abc4-8051288c1b7f&quot;,&quot;status&quot;:0,&quot;value&quot;:null}&quot;
08-01-2019 22:41:58 LoggingManagedHttpClientConnection.java DEBUG [Forwarding getElementAttribute on session a68226d3-9e5a-4a6f-abc4-8051288c1b7f to remote] conn.DefaultManagedHttpClientConnection 81 - http-outgoing-55: Close connection
08-01-2019 22:41:58 ConnectionHolder.java DEBUG [Forwarding getElementAttribute on session a68226d3-9e5a-4a6f-abc4-8051288c1b7f to remote] execchain.MainClientExec 103 - Connection discarded
08-01-2019 22:41:58 PoolingHttpClientConnectionManager.java DEBUG [Forwarding getElementAttribute on session a68226d3-9e5a-4a6f-abc4-8051288c1b7f to remote] conn.PoolingHttpClientConnectionManager 320 - Connection released: [id: 55][route: {}-&gt;http://127.0.0.1:7056][total kept alive: 0; route allocated: 0 of 2000; total allocated: 0 of 2000]
08-01-2019 22:41:58 RequestAddCookies.java DEBUG [Forwarding findElement on session a68226d3-9e5a-4a6f-abc4-8051288c1b7f to remote] protocol.RequestAddCookies 122 - CookieSpec selected: default
08-01-2019 22:41:58 RequestAuthCache.java DEBUG [Forwarding findElement on session a68226d3-9e5a-4a6f-abc4-8051288c1b7f to remote] protocol.RequestAuthCache 76 - Auth cache not set in the context
08-01-2019 22:41:58 PoolingHttpClientConnectionManager.java DEBUG [Forwarding findElement on session a68226d3-9e5a-4a6f-abc4-8051288c1b7f to remote] conn.PoolingHttpClientConnectionManager 249 - Connection request: [route: {}-&gt;http://127.0.0.1:7056][total kept alive: 0; route allocated: 0 of 2000; total allocated: 0 of 2000]
08-01-2019 22:41:58 PoolingHttpClientConnectionManager.java DEBUG [Forwarding findElement on session a68226d3-9e5a-4a6f-abc4-8051288c1b7f to remote] conn.PoolingHttpClientConnectionManager 282 - Connection leased: [id: 56][route: {}-&gt;http://127.0.0.1:7056][total kept alive: 0; route allocated: 1 of 2000; total allocated: 1 of 2000]
08-01-2019 22:41:58 MainClientExec.java DEBUG [Forwarding findElement on session a68226d3-9e5a-4a6f-abc4-8051288c1b7f to remote] execchain.MainClientExec 234 - Opening connection {}-&gt;http://127.0.0.1:7056
08-01-2019 22:41:58 DefaultHttpClientConnectionOperator.java DEBUG [Forwarding findElement on session a68226d3-9e5a-4a6f-abc4-8051288c1b7f to remote] conn.DefaultHttpClientConnectionOperator 131 - Connecting to /127.0.0.1:7056
08-01-2019 22:41:58 DefaultHttpClientConnectionOperator.java DEBUG [Forwarding findElement on session a68226d3-9e5a-4a6f-abc4-8051288c1b7f to remote] conn.DefaultHttpClientConnectionOperator 138 - Connection established 127.0.0.1:56844&lt;-&gt;127.0.0.1:7056
08-01-2019 22:41:58 LoggingManagedHttpClientConnection.java DEBUG [Forwarding findElement on session a68226d3-9e5a-4a6f-abc4-8051288c1b7f to remote] conn.DefaultManagedHttpClientConnection 90 - http-outgoing-56: set socket timeout to 10800000
08-01-2019 22:41:58 MainClientExec.java DEBUG [Forwarding findElement on session a68226d3-9e5a-4a6f-abc4-8051288c1b7f to remote] execchain.MainClientExec 255 - Executing request POST /hub/session/a68226d3-9e5a-4a6f-abc4-8051288c1b7f/element HTTP/1.1
08-01-2019 22:41:58 MainClientExec.java DEBUG [Forwarding findElement on session a68226d3-9e5a-4a6f-abc4-8051288c1b7f to remote] execchain.MainClientExec 260 - Target auth state: UNCHALLENGED
08-01-2019 22:41:58 MainClientExec.java DEBUG [Forwarding findElement on session a68226d3-9e5a-4a6f-abc4-8051288c1b7f to remote] execchain.MainClientExec 266 - Proxy auth state: UNCHALLENGED
08-01-2019 22:41:58 LoggingManagedHttpClientConnection.java DEBUG [Forwarding findElement on session a68226d3-9e5a-4a6f-abc4-8051288c1b7f to remote] http.headers 135 - http-outgoing-56 &gt;&gt; POST /hub/session/a68226d3-9e5a-4a6f-abc4-8051288c1b7f/element HTTP/1.1
08-01-2019 22:41:58 LoggingManagedHttpClientConnection.java DEBUG [Forwarding findElement on session a68226d3-9e5a-4a6f-abc4-8051288c1b7f to remote] http.headers 138 - http-outgoing-56 &gt;&gt; Content-Type: application/json; charset=utf-8
08-01-2019 22:41:58 LoggingManagedHttpClientConnection.java DEBUG [Forwarding findElement on session a68226d3-9e5a-4a6f-abc4-8051288c1b7f to remote] http.headers 138 - http-outgoing-56 &gt;&gt; Content-Length: 42
08-01-2019 22:41:58 LoggingManagedHttpClientConnection.java DEBUG [Forwarding findElement on session a68226d3-9e5a-4a6f-abc4-8051288c1b7f to remote] http.headers 138 - http-outgoing-56 &gt;&gt; Host: 127.0.0.1:7056
08-01-2019 22:41:58 LoggingManagedHttpClientConnection.java DEBUG [Forwarding findElement on session a68226d3-9e5a-4a6f-abc4-8051288c1b7f to remote] http.headers 138 - http-outgoing-56 &gt;&gt; Connection: Keep-Alive
08-01-2019 22:41:58 LoggingManagedHttpClientConnection.java DEBUG [Forwarding findElement on session a68226d3-9e5a-4a6f-abc4-8051288c1b7f to remote] http.headers 138 - http-outgoing-56 &gt;&gt; User-Agent: Apache-HttpClient/4.5.1 (Java/1.8.0_101)
08-01-2019 22:41:58 LoggingManagedHttpClientConnection.java DEBUG [Forwarding findElement on session a68226d3-9e5a-4a6f-abc4-8051288c1b7f to remote] http.headers 138 - http-outgoing-56 &gt;&gt; Accept-Encoding: gzip,deflate
08-01-2019 22:41:58 Wire.java DEBUG [Forwarding findElement on session a68226d3-9e5a-4a6f-abc4-8051288c1b7f to remote] http.wire 72 - http-outgoing-56 &gt;&gt; &quot;POST /hub/session/a68226d3-9e5a-4a6f-abc4-8051288c1b7f/element HTTP/1.1[\r][\n]&quot;
08-01-2019 22:41:58 Wire.java DEBUG [Forwarding findElement on session a68226d3-9e5a-4a6f-abc4-8051288c1b7f to remote] http.wire 72 - http-outgoing-56 &gt;&gt; &quot;Content-Type: application/json; charset=utf-8[\r][\n]&quot;
08-01-2019 22:41:58 Wire.java DEBUG [Forwarding findElement on session a68226d3-9e5a-4a6f-abc4-8051288c1b7f to remote] http.wire 72 - http-outgoing-56 &gt;&gt; &quot;Content-Length: 42[\r][\n]&quot;
08-01-2019 22:41:58 Wire.java DEBUG [Forwarding findElement on session a68226d3-9e5a-4a6f-abc4-8051288c1b7f to remote] http.wire 72 - http-outgoing-56 &gt;&gt; &quot;Host: 127.0.0.1:7056[\r][\n]&quot;
08-01-2019 22:41:58 Wire.java DEBUG [Forwarding findElement on session a68226d3-9e5a-4a6f-abc4-8051288c1b7f to remote] http.wire 72 - http-outgoing-56 &gt;&gt; &quot;Connection: Keep-Alive[\r][\n]&quot;
08-01-2019 22:41:58 Wire.java DEBUG [Forwarding findElement on session a68226d3-9e5a-4a6f-abc4-8051288c1b7f to remote] http.wire 72 - http-outgoing-56 &gt;&gt; &quot;User-Agent: Apache-HttpClient/4.5.1 (Java/1.8.0_101)[\r][\n]&quot;
08-01-2019 22:41:58 Wire.java DEBUG [Forwarding findElement on session a68226d3-9e5a-4a6f-abc4-8051288c1b7f to remote] http.wire 72 - http-outgoing-56 &gt;&gt; &quot;Accept-Encoding: gzip,deflate[\r][\n]&quot;
08-01-2019 22:41:58 Wire.java DEBUG [Forwarding findElement on session a68226d3-9e5a-4a6f-abc4-8051288c1b7f to remote] http.wire 72 - http-outgoing-56 &gt;&gt; &quot;[\r][\n]&quot;
08-01-2019 22:41:58 Wire.java DEBUG [Forwarding findElement on session a68226d3-9e5a-4a6f-abc4-8051288c1b7f to remote] http.wire 86 - http-outgoing-56 &gt;&gt; &quot;{&quot;using&quot;:&quot;name&quot;,&quot;value&quot;:&quot;payment_plan_id&quot;}&quot;
08-01-2019 22:41:58 Wire.java DEBUG [Forwarding findElement on session a68226d3-9e5a-4a6f-abc4-8051288c1b7f to remote] http.wire 72 - http-outgoing-56 &lt;&lt; &quot;HTTP/1.1 200 OK[\r][\n]&quot;
08-01-2019 22:41:58 Wire.java DEBUG [Forwarding findElement on session a68226d3-9e5a-4a6f-abc4-8051288c1b7f to remote] http.wire 72 - http-outgoing-56 &lt;&lt; &quot;content-type: application/json; charset=UTF-8[\r][\n]&quot;
08-01-2019 22:41:58 Wire.java DEBUG [Forwarding findElement on session a68226d3-9e5a-4a6f-abc4-8051288c1b7f to remote] http.wire 72 - http-outgoing-56 &lt;&lt; &quot;connection: close[\r][\n]&quot;
08-01-2019 22:41:58 Wire.java DEBUG [Forwarding findElement on session a68226d3-9e5a-4a6f-abc4-8051288c1b7f to remote] http.wire 72 - http-outgoing-56 &lt;&lt; &quot;content-length: 224[\r][\n]&quot;
08-01-2019 22:41:58 Wire.java DEBUG [Forwarding findElement on session a68226d3-9e5a-4a6f-abc4-8051288c1b7f to remote] http.wire 72 - http-outgoing-56 &lt;&lt; &quot;server: httpd.js[\r][\n]&quot;
08-01-2019 22:41:58 Wire.java DEBUG [Forwarding findElement on session a68226d3-9e5a-4a6f-abc4-8051288c1b7f to remote] http.wire 72 - http-outgoing-56 &lt;&lt; &quot;date: Thu, 01 Aug 2019 17:11:58 GMT[\r][\n]&quot;
08-01-2019 22:41:58 Wire.java DEBUG [Forwarding findElement on session a68226d3-9e5a-4a6f-abc4-8051288c1b7f to remote] http.wire 72 - http-outgoing-56 &lt;&lt; &quot;[\r][\n]&quot;
08-01-2019 22:41:58 LoggingManagedHttpClientConnection.java DEBUG [Forwarding findElement on session a68226d3-9e5a-4a6f-abc4-8051288c1b7f to remote] http.headers 124 - http-outgoing-56 &lt;&lt; HTTP/1.1 200 OK
08-01-2019 22:41:58 LoggingManagedHttpClientConnection.java DEBUG [Forwarding findElement on session a68226d3-9e5a-4a6f-abc4-8051288c1b7f to remote] http.headers 127 - http-outgoing-56 &lt;&lt; content-type: application/json; charset=UTF-8
08-01-2019 22:41:58 LoggingManagedHttpClientConnection.java DEBUG [Forwarding findElement on session a68226d3-9e5a-4a6f-abc4-8051288c1b7f to remote] http.headers 127 - http-outgoing-56 &lt;&lt; connection: close
08-01-2019 22:41:58 LoggingManagedHttpClientConnection.java DEBUG [Forwarding findElement on session a68226d3-9e5a-4a6f-abc4-8051288c1b7f to remote] http.headers 127 - http-outgoing-56 &lt;&lt; content-length: 224
08-01-2019 22:41:58 LoggingManagedHttpClientConnection.java DEBUG [Forwarding findElement on session a68226d3-9e5a-4a6f-abc4-8051288c1b7f to remote] http.headers 127 - http-outgoing-56 &lt;&lt; server: httpd.js
08-01-2019 22:41:58 LoggingManagedHttpClientConnection.java DEBUG [Forwarding findElement on session a68226d3-9e5a-4a6f-abc4-8051288c1b7f to remote] http.headers 127 - http-outgoing-56 &lt;&lt; date: Thu, 01 Aug 2019 17:11:58 GMT
08-01-2019 22:41:58 Wire.java DEBUG [Forwarding findElement on session a68226d3-9e5a-4a6f-abc4-8051288c1b7f to remote] http.wire 86 - http-outgoing-56 &lt;&lt; &quot;{&quot;name&quot;:&quot;findElement&quot;,&quot;sessionId&quot;:&quot;a68226d3-9e5a-4a6f-abc4-8051288c1b7f&quot;,&quot;status&quot;:0,&quot;value&quot;:{&quot;ELEMENT&quot;:&quot;{c870cd55-5ed7-4bfc-8af1-8b4396c8bd42}&quot;,&quot;element-6066-11e4-a52e-4f735466cecf&quot;:&quot;{c870cd55-5ed7-4bfc-8af1-8b4396c8bd42}&quot;}}&quot;
08-01-2019 22:41:58 LoggingManagedHttpClientConnection.java DEBUG [Forwarding findElement on session a68226d3-9e5a-4a6f-abc4-8051288c1b7f to remote] conn.DefaultManagedHttpClientConnection 81 - http-outgoing-56: Close connection
08-01-2019 22:41:58 ConnectionHolder.java DEBUG [Forwarding findElement on session a68226d3-9e5a-4a6f-abc4-8051288c1b7f to remote] execchain.MainClientExec 103 - Connection discarded
08-01-2019 22:41:58 PoolingHttpClientConnectionManager.java DEBUG [Forwarding findElement on session a68226d3-9e5a-4a6f-abc4-8051288c1b7f to remote] conn.PoolingHttpClientConnectionManager 320 - Connection released: [id: 56][route: {}-&gt;http://127.0.0.1:7056][total kept alive: 0; route allocated: 0 of 2000; total allocated: 0 of 2000]
08-01-2019 22:41:58 RequestAddCookies.java DEBUG [Forwarding findChildElements on session a68226d3-9e5a-4a6f-abc4-8051288c1b7f to remote] protocol.RequestAddCookies 122 - CookieSpec selected: default
08-01-2019 22:41:58 RequestAuthCache.java DEBUG [Forwarding findChildElements on session a68226d3-9e5a-4a6f-abc4-8051288c1b7f to remote] protocol.RequestAuthCache 76 - Auth cache not set in the context
08-01-2019 22:41:58 PoolingHttpClientConnectionManager.java DEBUG [Forwarding findChildElements on session a68226d3-9e5a-4a6f-abc4-8051288c1b7f to remote] conn.PoolingHttpClientConnectionManager 249 - Connection request: [route: {}-&gt;http://127.0.0.1:7056][total kept alive: 0; route allocated: 0 of 2000; total allocated: 0 of 2000]
08-01-2019 22:41:58 PoolingHttpClientConnectionManager.java DEBUG [Forwarding findChildElements on session a68226d3-9e5a-4a6f-abc4-8051288c1b7f to remote] conn.PoolingHttpClientConnectionManager 282 - Connection leased: [id: 57][route: {}-&gt;http://127.0.0.1:7056][total kept alive: 0; route allocated: 1 of 2000; total allocated: 1 of 2000]
08-01-2019 22:41:58 MainClientExec.java DEBUG [Forwarding findChildElements on session a68226d3-9e5a-4a6f-abc4-8051288c1b7f to remote] execchain.MainClientExec 234 - Opening connection {}-&gt;http://127.0.0.1:7056
08-01-2019 22:41:58 DefaultHttpClientConnectionOperator.java DEBUG [Forwarding findChildElements on session a68226d3-9e5a-4a6f-abc4-8051288c1b7f to remote] conn.DefaultHttpClientConnectionOperator 131 - Connecting to /127.0.0.1:7056
08-01-2019 22:41:58 DefaultHttpClientConnectionOperator.java DEBUG [Forwarding findChildElements on session a68226d3-9e5a-4a6f-abc4-8051288c1b7f to remote] conn.DefaultHttpClientConnectionOperator 138 - Connection established 127.0.0.1:56845&lt;-&gt;127.0.0.1:7056
08-01-2019 22:41:58 LoggingManagedHttpClientConnection.java DEBUG [Forwarding findChildElements on session a68226d3-9e5a-4a6f-abc4-8051288c1b7f to remote] conn.DefaultManagedHttpClientConnection 90 - http-outgoing-57: set socket timeout to 10800000
08-01-2019 22:41:58 MainClientExec.java DEBUG [Forwarding findChildElements on session a68226d3-9e5a-4a6f-abc4-8051288c1b7f to remote] execchain.MainClientExec 255 - Executing request POST /hub/session/a68226d3-9e5a-4a6f-abc4-8051288c1b7f/element/%7Bc870cd55-5ed7-4bfc-8af1-8b4396c8bd42%7D/elements HTTP/1.1
08-01-2019 22:41:58 MainClientExec.java DEBUG [Forwarding findChildElements on session a68226d3-9e5a-4a6f-abc4-8051288c1b7f to remote] execchain.MainClientExec 260 - Target auth state: UNCHALLENGED
08-01-2019 22:41:58 MainClientExec.java DEBUG [Forwarding findChildElements on session a68226d3-9e5a-4a6f-abc4-8051288c1b7f to remote] execchain.MainClientExec 266 - Proxy auth state: UNCHALLENGED
08-01-2019 22:41:58 LoggingManagedHttpClientConnection.java DEBUG [Forwarding findChildElements on session a68226d3-9e5a-4a6f-abc4-8051288c1b7f to remote] http.headers 135 - http-outgoing-57 &gt;&gt; POST /hub/session/a68226d3-9e5a-4a6f-abc4-8051288c1b7f/element/%7Bc870cd55-5ed7-4bfc-8af1-8b4396c8bd42%7D/elements HTTP/1.1
08-01-2019 22:41:58 LoggingManagedHttpClientConnection.java DEBUG [Forwarding findChildElements on session a68226d3-9e5a-4a6f-abc4-8051288c1b7f to remote] http.headers 138 - http-outgoing-57 &gt;&gt; Content-Type: application/json; charset=utf-8
08-01-2019 22:41:58 LoggingManagedHttpClientConnection.java DEBUG [Forwarding findChildElements on session a68226d3-9e5a-4a6f-abc4-8051288c1b7f to remote] http.headers 138 - http-outgoing-57 &gt;&gt; Content-Length: 122
08-01-2019 22:41:58 LoggingManagedHttpClientConnection.java DEBUG [Forwarding findChildElements on session a68226d3-9e5a-4a6f-abc4-8051288c1b7f to remote] http.headers 138 - http-outgoing-57 &gt;&gt; Host: 127.0.0.1:7056
08-01-2019 22:41:58 LoggingManagedHttpClientConnection.java DEBUG [Forwarding findChildElements on session a68226d3-9e5a-4a6f-abc4-8051288c1b7f to remote] http.headers 138 - http-outgoing-57 &gt;&gt; Connection: Keep-Alive
08-01-2019 22:41:58 LoggingManagedHttpClientConnection.java DEBUG [Forwarding findChildElements on session a68226d3-9e5a-4a6f-abc4-8051288c1b7f to remote] http.headers 138 - http-outgoing-57 &gt;&gt; User-Agent: Apache-HttpClient/4.5.1 (Java/1.8.0_101)
08-01-2019 22:41:58 LoggingManagedHttpClientConnection.java DEBUG [Forwarding findChildElements on session a68226d3-9e5a-4a6f-abc4-8051288c1b7f to remote] http.headers 138 - http-outgoing-57 &gt;&gt; Accept-Encoding: gzip,deflate
08-01-2019 22:41:58 Wire.java DEBUG [Forwarding findChildElements on session a68226d3-9e5a-4a6f-abc4-8051288c1b7f to remote] http.wire 72 - http-outgoing-57 &gt;&gt; &quot;POST /hub/session/a68226d3-9e5a-4a6f-abc4-8051288c1b7f/element/%7Bc870cd55-5ed7-4bfc-8af1-8b4396c8bd42%7D/elements HTTP/1.1[\r][\n]&quot;
08-01-2019 22:41:58 Wire.java DEBUG [Forwarding findChildElements on session a68226d3-9e5a-4a6f-abc4-8051288c1b7f to remote] http.wire 72 - http-outgoing-57 &gt;&gt; &quot;Content-Type: application/json; charset=utf-8[\r][\n]&quot;
08-01-2019 22:41:58 Wire.java DEBUG [Forwarding findChildElements on session a68226d3-9e5a-4a6f-abc4-8051288c1b7f to remote] http.wire 72 - http-outgoing-57 &gt;&gt; &quot;Content-Length: 122[\r][\n]&quot;
08-01-2019 22:41:58 Wire.java DEBUG [Forwarding findChildElements on session a68226d3-9e5a-4a6f-abc4-8051288c1b7f to remote] http.wire 72 - http-outgoing-57 &gt;&gt; &quot;Host: 127.0.0.1:7056[\r][\n]&quot;
08-01-2019 22:41:58 Wire.java DEBUG [Forwarding findChildElements on session a68226d3-9e5a-4a6f-abc4-8051288c1b7f to remote] http.wire 72 - http-outgoing-57 &gt;&gt; &quot;Connection: Keep-Alive[\r][\n]&quot;
08-01-2019 22:41:58 Wire.java DEBUG [Forwarding findChildElements on session a68226d3-9e5a-4a6f-abc4-8051288c1b7f to remote] http.wire 72 - http-outgoing-57 &gt;&gt; &quot;User-Agent: Apache-HttpClient/4.5.1 (Java/1.8.0_101)[\r][\n]&quot;
08-01-2019 22:41:58 Wire.java DEBUG [Forwarding findChildElements on session a68226d3-9e5a-4a6f-abc4-8051288c1b7f to remote] http.wire 72 - http-outgoing-57 &gt;&gt; &quot;Accept-Encoding: gzip,deflate[\r][\n]&quot;
08-01-2019 22:41:58 Wire.java DEBUG [Forwarding findChildElements on session a68226d3-9e5a-4a6f-abc4-8051288c1b7f to remote] http.wire 72 - http-outgoing-57 &gt;&gt; &quot;[\r][\n]&quot;
08-01-2019 22:41:58 Wire.java DEBUG [Forwarding findChildElements on session a68226d3-9e5a-4a6f-abc4-8051288c1b7f to remote] http.wire 86 - http-outgoing-57 &gt;&gt; &quot;{&quot;id&quot;:&quot;{c870cd55-5ed7-4bfc-8af1-8b4396c8bd42}&quot;,&quot;using&quot;:&quot;xpath&quot;,&quot;value&quot;:&quot;.//option[normalize-space(.) = \&quot;Free Edition\&quot;]&quot;}&quot;
08-01-2019 22:41:58 Wire.java DEBUG [Forwarding findChildElements on session a68226d3-9e5a-4a6f-abc4-8051288c1b7f to remote] http.wire 72 - http-outgoing-57 &lt;&lt; &quot;HTTP/1.1 200 OK[\r][\n]&quot;
08-01-2019 22:41:58 Wire.java DEBUG [Forwarding findChildElements on session a68226d3-9e5a-4a6f-abc4-8051288c1b7f to remote] http.wire 72 - http-outgoing-57 &lt;&lt; &quot;content-type: application/json; charset=UTF-8[\r][\n]&quot;
08-01-2019 22:41:58 Wire.java DEBUG [Forwarding findChildElements on session a68226d3-9e5a-4a6f-abc4-8051288c1b7f to remote] http.wire 72 - http-outgoing-57 &lt;&lt; &quot;connection: close[\r][\n]&quot;
08-01-2019 22:41:58 Wire.java DEBUG [Forwarding findChildElements on session a68226d3-9e5a-4a6f-abc4-8051288c1b7f to remote] http.wire 72 - http-outgoing-57 &lt;&lt; &quot;content-length: 232[\r][\n]&quot;
08-01-2019 22:41:58 Wire.java DEBUG [Forwarding findChildElements on session a68226d3-9e5a-4a6f-abc4-8051288c1b7f to remote] http.wire 72 - http-outgoing-57 &lt;&lt; &quot;server: httpd.js[\r][\n]&quot;
08-01-2019 22:41:58 Wire.java DEBUG [Forwarding findChildElements on session a68226d3-9e5a-4a6f-abc4-8051288c1b7f to remote] http.wire 72 - http-outgoing-57 &lt;&lt; &quot;date: Thu, 01 Aug 2019 17:11:58 GMT[\r][\n]&quot;
08-01-2019 22:41:58 Wire.java DEBUG [Forwarding findChildElements on session a68226d3-9e5a-4a6f-abc4-8051288c1b7f to remote] http.wire 72 - http-outgoing-57 &lt;&lt; &quot;[\r][\n]&quot;
08-01-2019 22:41:58 LoggingManagedHttpClientConnection.java DEBUG [Forwarding findChildElements on session a68226d3-9e5a-4a6f-abc4-8051288c1b7f to remote] http.headers 124 - http-outgoing-57 &lt;&lt; HTTP/1.1 200 OK
08-01-2019 22:41:58 LoggingManagedHttpClientConnection.java DEBUG [Forwarding findChildElements on session a68226d3-9e5a-4a6f-abc4-8051288c1b7f to remote] http.headers 127 - http-outgoing-57 &lt;&lt; content-type: application/json; charset=UTF-8
08-01-2019 22:41:58 LoggingManagedHttpClientConnection.java DEBUG [Forwarding findChildElements on session a68226d3-9e5a-4a6f-abc4-8051288c1b7f to remote] http.headers 127 - http-outgoing-57 &lt;&lt; connection: close
08-01-2019 22:41:58 LoggingManagedHttpClientConnection.java DEBUG [Forwarding findChildElements on session a68226d3-9e5a-4a6f-abc4-8051288c1b7f to remote] http.headers 127 - http-outgoing-57 &lt;&lt; content-length: 232
08-01-2019 22:41:58 LoggingManagedHttpClientConnection.java DEBUG [Forwarding findChildElements on session a68226d3-9e5a-4a6f-abc4-8051288c1b7f to remote] http.headers 127 - http-outgoing-57 &lt;&lt; server: httpd.js
08-01-2019 22:41:58 LoggingManagedHttpClientConnection.java DEBUG [Forwarding findChildElements on session a68226d3-9e5a-4a6f-abc4-8051288c1b7f to remote] http.headers 127 - http-outgoing-57 &lt;&lt; date: Thu, 01 Aug 2019 17:11:58 GMT
08-01-2019 22:41:58 Wire.java DEBUG [Forwarding findChildElements on session a68226d3-9e5a-4a6f-abc4-8051288c1b7f to remote] http.wire 86 - http-outgoing-57 &lt;&lt; &quot;{&quot;name&quot;:&quot;findChildElements&quot;,&quot;sessionId&quot;:&quot;a68226d3-9e5a-4a6f-abc4-8051288c1b7f&quot;,&quot;status&quot;:0,&quot;value&quot;:[{&quot;ELEMENT&quot;:&quot;{6d771663-2399-4075-a0cd-d7a2e8130156}&quot;,&quot;element-6066-11e4-a52e-4f735466cecf&quot;:&quot;{6d771663-2399-4075-a0cd-d7a2e8130156}&quot;}]}&quot;
08-01-2019 22:41:58 LoggingManagedHttpClientConnection.java DEBUG [Forwarding findChildElements on session a68226d3-9e5a-4a6f-abc4-8051288c1b7f to remote] conn.DefaultManagedHttpClientConnection 81 - http-outgoing-57: Close connection
08-01-2019 22:41:58 ConnectionHolder.java DEBUG [Forwarding findChildElements on session a68226d3-9e5a-4a6f-abc4-8051288c1b7f to remote] execchain.MainClientExec 103 - Connection discarded
08-01-2019 22:41:58 PoolingHttpClientConnectionManager.java DEBUG [Forwarding findChildElements on session a68226d3-9e5a-4a6f-abc4-8051288c1b7f to remote] conn.PoolingHttpClientConnectionManager 320 - Connection released: [id: 57][route: {}-&gt;http://127.0.0.1:7056][total kept alive: 0; route allocated: 0 of 2000; total allocated: 0 of 2000]
08-01-2019 22:41:58 RequestAddCookies.java DEBUG [Forwarding isElementSelected on session a68226d3-9e5a-4a6f-abc4-8051288c1b7f to remote] protocol.RequestAddCookies 122 - CookieSpec selected: default
08-01-2019 22:41:58 RequestAuthCache.java DEBUG [Forwarding isElementSelected on session a68226d3-9e5a-4a6f-abc4-8051288c1b7f to remote] protocol.RequestAuthCache 76 - Auth cache not set in the context
08-01-2019 22:41:58 PoolingHttpClientConnectionManager.java DEBUG [Forwarding isElementSelected on session a68226d3-9e5a-4a6f-abc4-8051288c1b7f to remote] conn.PoolingHttpClientConnectionManager 249 - Connection request: [route: {}-&gt;http://127.0.0.1:7056][total kept alive: 0; route allocated: 0 of 2000; total allocated: 0 of 2000]
08-01-2019 22:41:58 PoolingHttpClientConnectionManager.java DEBUG [Forwarding isElementSelected on session a68226d3-9e5a-4a6f-abc4-8051288c1b7f to remote] conn.PoolingHttpClientConnectionManager 282 - Connection leased: [id: 58][route: {}-&gt;http://127.0.0.1:7056][total kept alive: 0; route allocated: 1 of 2000; total allocated: 1 of 2000]
08-01-2019 22:41:58 MainClientExec.java DEBUG [Forwarding isElementSelected on session a68226d3-9e5a-4a6f-abc4-8051288c1b7f to remote] execchain.MainClientExec 234 - Opening connection {}-&gt;http://127.0.0.1:7056
08-01-2019 22:41:58 DefaultHttpClientConnectionOperator.java DEBUG [Forwarding isElementSelected on session a68226d3-9e5a-4a6f-abc4-8051288c1b7f to remote] conn.DefaultHttpClientConnectionOperator 131 - Connecting to /127.0.0.1:7056
08-01-2019 22:41:58 DefaultHttpClientConnectionOperator.java DEBUG [Forwarding isElementSelected on session a68226d3-9e5a-4a6f-abc4-8051288c1b7f to remote] conn.DefaultHttpClientConnectionOperator 138 - Connection established 127.0.0.1:56846&lt;-&gt;127.0.0.1:7056
08-01-2019 22:41:58 LoggingManagedHttpClientConnection.java DEBUG [Forwarding isElementSelected on session a68226d3-9e5a-4a6f-abc4-8051288c1b7f to remote] conn.DefaultManagedHttpClientConnection 90 - http-outgoing-58: set socket timeout to 10800000
08-01-2019 22:41:58 MainClientExec.java DEBUG [Forwarding isElementSelected on session a68226d3-9e5a-4a6f-abc4-8051288c1b7f to remote] execchain.MainClientExec 255 - Executing request GET /hub/session/a68226d3-9e5a-4a6f-abc4-8051288c1b7f/element/%7B6d771663-2399-4075-a0cd-d7a2e8130156%7D/selected HTTP/1.1
08-01-2019 22:41:58 MainClientExec.java DEBUG [Forwarding isElementSelected on session a68226d3-9e5a-4a6f-abc4-8051288c1b7f to remote] execchain.MainClientExec 260 - Target auth state: UNCHALLENGED
08-01-2019 22:41:58 MainClientExec.java DEBUG [Forwarding isElementSelected on session a68226d3-9e5a-4a6f-abc4-8051288c1b7f to remote] execchain.MainClientExec 266 - Proxy auth state: UNCHALLENGED
08-01-2019 22:41:58 LoggingManagedHttpClientConnection.java DEBUG [Forwarding isElementSelected on session a68226d3-9e5a-4a6f-abc4-8051288c1b7f to remote] http.headers 135 - http-outgoing-58 &gt;&gt; GET /hub/session/a68226d3-9e5a-4a6f-abc4-8051288c1b7f/element/%7B6d771663-2399-4075-a0cd-d7a2e8130156%7D/selected HTTP/1.1
08-01-2019 22:41:58 LoggingManagedHttpClientConnection.java DEBUG [Forwarding isElementSelected on session a68226d3-9e5a-4a6f-abc4-8051288c1b7f to remote] http.headers 138 - http-outgoing-58 &gt;&gt; Cache-Control: no-cache
08-01-2019 22:41:58 LoggingManagedHttpClientConnection.java DEBUG [Forwarding isElementSelected on session a68226d3-9e5a-4a6f-abc4-8051288c1b7f to remote] http.headers 138 - http-outgoing-58 &gt;&gt; Host: 127.0.0.1:7056
08-01-2019 22:41:58 LoggingManagedHttpClientConnection.java DEBUG [Forwarding isElementSelected on session a68226d3-9e5a-4a6f-abc4-8051288c1b7f to remote] http.headers 138 - http-outgoing-58 &gt;&gt; Connection: Keep-Alive
08-01-2019 22:41:58 LoggingManagedHttpClientConnection.java DEBUG [Forwarding isElementSelected on session a68226d3-9e5a-4a6f-abc4-8051288c1b7f to remote] http.headers 138 - http-outgoing-58 &gt;&gt; User-Agent: Apache-HttpClient/4.5.1 (Java/1.8.0_101)
08-01-2019 22:41:58 LoggingManagedHttpClientConnection.java DEBUG [Forwarding isElementSelected on session a68226d3-9e5a-4a6f-abc4-8051288c1b7f to remote] http.headers 138 - http-outgoing-58 &gt;&gt; Accept-Encoding: gzip,deflate
08-01-2019 22:41:58 Wire.java DEBUG [Forwarding isElementSelected on session a68226d3-9e5a-4a6f-abc4-8051288c1b7f to remote] http.wire 72 - http-outgoing-58 &gt;&gt; &quot;GET /hub/session/a68226d3-9e5a-4a6f-abc4-8051288c1b7f/element/%7B6d771663-2399-4075-a0cd-d7a2e8130156%7D/selected HTTP/1.1[\r][\n]&quot;
08-01-2019 22:41:58 Wire.java DEBUG [Forwarding isElementSelected on session a68226d3-9e5a-4a6f-abc4-8051288c1b7f to remote] http.wire 72 - http-outgoing-58 &gt;&gt; &quot;Cache-Control: no-cache[\r][\n]&quot;
08-01-2019 22:41:58 Wire.java DEBUG [Forwarding isElementSelected on session a68226d3-9e5a-4a6f-abc4-8051288c1b7f to remote] http.wire 72 - http-outgoing-58 &gt;&gt; &quot;Host: 127.0.0.1:7056[\r][\n]&quot;
08-01-2019 22:41:58 Wire.java DEBUG [Forwarding isElementSelected on session a68226d3-9e5a-4a6f-abc4-8051288c1b7f to remote] http.wire 72 - http-outgoing-58 &gt;&gt; &quot;Connection: Keep-Alive[\r][\n]&quot;
08-01-2019 22:41:58 Wire.java DEBUG [Forwarding isElementSelected on session a68226d3-9e5a-4a6f-abc4-8051288c1b7f to remote] http.wire 72 - http-outgoing-58 &gt;&gt; &quot;User-Agent: Apache-HttpClient/4.5.1 (Java/1.8.0_101)[\r][\n]&quot;
08-01-2019 22:41:58 Wire.java DEBUG [Forwarding isElementSelected on session a68226d3-9e5a-4a6f-abc4-8051288c1b7f to remote] http.wire 72 - http-outgoing-58 &gt;&gt; &quot;Accept-Encoding: gzip,deflate[\r][\n]&quot;
08-01-2019 22:41:58 Wire.java DEBUG [Forwarding isElementSelected on session a68226d3-9e5a-4a6f-abc4-8051288c1b7f to remote] http.wire 72 - http-outgoing-58 &gt;&gt; &quot;[\r][\n]&quot;
08-01-2019 22:41:58 Wire.java DEBUG [Forwarding isElementSelected on session a68226d3-9e5a-4a6f-abc4-8051288c1b7f to remote] http.wire 72 - http-outgoing-58 &lt;&lt; &quot;HTTP/1.1 200 OK[\r][\n]&quot;
08-01-2019 22:41:58 Wire.java DEBUG [Forwarding isElementSelected on session a68226d3-9e5a-4a6f-abc4-8051288c1b7f to remote] http.wire 72 - http-outgoing-58 &lt;&lt; &quot;content-type: application/json; charset=UTF-8[\r][\n]&quot;
08-01-2019 22:41:58 Wire.java DEBUG [Forwarding isElementSelected on session a68226d3-9e5a-4a6f-abc4-8051288c1b7f to remote] http.wire 72 - http-outgoing-58 &lt;&lt; &quot;connection: close[\r][\n]&quot;
08-01-2019 22:41:58 Wire.java DEBUG [Forwarding isElementSelected on session a68226d3-9e5a-4a6f-abc4-8051288c1b7f to remote] http.wire 72 - http-outgoing-58 &lt;&lt; &quot;content-length: 104[\r][\n]&quot;
08-01-2019 22:41:58 Wire.java DEBUG [Forwarding isElementSelected on session a68226d3-9e5a-4a6f-abc4-8051288c1b7f to remote] http.wire 72 - http-outgoing-58 &lt;&lt; &quot;server: httpd.js[\r][\n]&quot;
08-01-2019 22:41:58 Wire.java DEBUG [Forwarding isElementSelected on session a68226d3-9e5a-4a6f-abc4-8051288c1b7f to remote] http.wire 72 - http-outgoing-58 &lt;&lt; &quot;date: Thu, 01 Aug 2019 17:11:58 GMT[\r][\n]&quot;
08-01-2019 22:41:58 Wire.java DEBUG [Forwarding isElementSelected on session a68226d3-9e5a-4a6f-abc4-8051288c1b7f to remote] http.wire 72 - http-outgoing-58 &lt;&lt; &quot;[\r][\n]&quot;
08-01-2019 22:41:58 LoggingManagedHttpClientConnection.java DEBUG [Forwarding isElementSelected on session a68226d3-9e5a-4a6f-abc4-8051288c1b7f to remote] http.headers 124 - http-outgoing-58 &lt;&lt; HTTP/1.1 200 OK
08-01-2019 22:41:58 LoggingManagedHttpClientConnection.java DEBUG [Forwarding isElementSelected on session a68226d3-9e5a-4a6f-abc4-8051288c1b7f to remote] http.headers 127 - http-outgoing-58 &lt;&lt; content-type: application/json; charset=UTF-8
08-01-2019 22:41:58 LoggingManagedHttpClientConnection.java DEBUG [Forwarding isElementSelected on session a68226d3-9e5a-4a6f-abc4-8051288c1b7f to remote] http.headers 127 - http-outgoing-58 &lt;&lt; connection: close
08-01-2019 22:41:58 LoggingManagedHttpClientConnection.java DEBUG [Forwarding isElementSelected on session a68226d3-9e5a-4a6f-abc4-8051288c1b7f to remote] http.headers 127 - http-outgoing-58 &lt;&lt; content-length: 104
08-01-2019 22:41:58 LoggingManagedHttpClientConnection.java DEBUG [Forwarding isElementSelected on session a68226d3-9e5a-4a6f-abc4-8051288c1b7f to remote] http.headers 127 - http-outgoing-58 &lt;&lt; server: httpd.js
08-01-2019 22:41:58 LoggingManagedHttpClientConnection.java DEBUG [Forwarding isElementSelected on session a68226d3-9e5a-4a6f-abc4-8051288c1b7f to remote] http.headers 127 - http-outgoing-58 &lt;&lt; date: Thu, 01 Aug 2019 17:11:58 GMT
08-01-2019 22:41:58 Wire.java DEBUG [Forwarding isElementSelected on session a68226d3-9e5a-4a6f-abc4-8051288c1b7f to remote] http.wire 86 - http-outgoing-58 &lt;&lt; &quot;{&quot;name&quot;:&quot;isElementSelected&quot;,&quot;sessionId&quot;:&quot;a68226d3-9e5a-4a6f-abc4-8051288c1b7f&quot;,&quot;status&quot;:0,&quot;value&quot;:false}&quot;
08-01-2019 22:41:58 LoggingManagedHttpClientConnection.java DEBUG [Forwarding isElementSelected on session a68226d3-9e5a-4a6f-abc4-8051288c1b7f to remote] conn.DefaultManagedHttpClientConnection 81 - http-outgoing-58: Close connection
08-01-2019 22:41:58 ConnectionHolder.java DEBUG [Forwarding isElementSelected on session a68226d3-9e5a-4a6f-abc4-8051288c1b7f to remote] execchain.MainClientExec 103 - Connection discarded
08-01-2019 22:41:58 PoolingHttpClientConnectionManager.java DEBUG [Forwarding isElementSelected on session a68226d3-9e5a-4a6f-abc4-8051288c1b7f to remote] conn.PoolingHttpClientConnectionManager 320 - Connection released: [id: 58][route: {}-&gt;http://127.0.0.1:7056][total kept alive: 0; route allocated: 0 of 2000; total allocated: 0 of 2000]
08-01-2019 22:41:58 RequestAddCookies.java DEBUG [Forwarding clickElement on session a68226d3-9e5a-4a6f-abc4-8051288c1b7f to remote] protocol.RequestAddCookies 122 - CookieSpec selected: default
08-01-2019 22:41:58 RequestAuthCache.java DEBUG [Forwarding clickElement on session a68226d3-9e5a-4a6f-abc4-8051288c1b7f to remote] protocol.RequestAuthCache 76 - Auth cache not set in the context
08-01-2019 22:41:58 PoolingHttpClientConnectionManager.java DEBUG [Forwarding clickElement on session a68226d3-9e5a-4a6f-abc4-8051288c1b7f to remote] conn.PoolingHttpClientConnectionManager 249 - Connection request: [route: {}-&gt;http://127.0.0.1:7056][total kept alive: 0; route allocated: 0 of 2000; total allocated: 0 of 2000]
08-01-2019 22:41:58 PoolingHttpClientConnectionManager.java DEBUG [Forwarding clickElement on session a68226d3-9e5a-4a6f-abc4-8051288c1b7f to remote] conn.PoolingHttpClientConnectionManager 282 - Connection leased: [id: 59][route: {}-&gt;http://127.0.0.1:7056][total kept alive: 0; route allocated: 1 of 2000; total allocated: 1 of 2000]
08-01-2019 22:41:58 MainClientExec.java DEBUG [Forwarding clickElement on session a68226d3-9e5a-4a6f-abc4-8051288c1b7f to remote] execchain.MainClientExec 234 - Opening connection {}-&gt;http://127.0.0.1:7056
08-01-2019 22:41:58 DefaultHttpClientConnectionOperator.java DEBUG [Forwarding clickElement on session a68226d3-9e5a-4a6f-abc4-8051288c1b7f to remote] conn.DefaultHttpClientConnectionOperator 131 - Connecting to /127.0.0.1:7056
08-01-2019 22:41:58 DefaultHttpClientConnectionOperator.java DEBUG [Forwarding clickElement on session a68226d3-9e5a-4a6f-abc4-8051288c1b7f to remote] conn.DefaultHttpClientConnectionOperator 138 - Connection established 127.0.0.1:56847&lt;-&gt;127.0.0.1:7056
08-01-2019 22:41:58 LoggingManagedHttpClientConnection.java DEBUG [Forwarding clickElement on session a68226d3-9e5a-4a6f-abc4-8051288c1b7f to remote] conn.DefaultManagedHttpClientConnection 90 - http-outgoing-59: set socket timeout to 10800000
08-01-2019 22:41:58 MainClientExec.java DEBUG [Forwarding clickElement on session a68226d3-9e5a-4a6f-abc4-8051288c1b7f to remote] execchain.MainClientExec 255 - Executing request POST /hub/session/a68226d3-9e5a-4a6f-abc4-8051288c1b7f/element/%7B6d771663-2399-4075-a0cd-d7a2e8130156%7D/click HTTP/1.1
08-01-2019 22:41:58 MainClientExec.java DEBUG [Forwarding clickElement on session a68226d3-9e5a-4a6f-abc4-8051288c1b7f to remote] execchain.MainClientExec 260 - Target auth state: UNCHALLENGED
08-01-2019 22:41:58 MainClientExec.java DEBUG [Forwarding clickElement on session a68226d3-9e5a-4a6f-abc4-8051288c1b7f to remote] execchain.MainClientExec 266 - Proxy auth state: UNCHALLENGED
08-01-2019 22:41:58 LoggingManagedHttpClientConnection.java DEBUG [Forwarding clickElement on session a68226d3-9e5a-4a6f-abc4-8051288c1b7f to remote] http.headers 135 - http-outgoing-59 &gt;&gt; POST /hub/session/a68226d3-9e5a-4a6f-abc4-8051288c1b7f/element/%7B6d771663-2399-4075-a0cd-d7a2e8130156%7D/click HTTP/1.1
08-01-2019 22:41:58 LoggingManagedHttpClientConnection.java DEBUG [Forwarding clickElement on session a68226d3-9e5a-4a6f-abc4-8051288c1b7f to remote] http.headers 138 - http-outgoing-59 &gt;&gt; Content-Type: application/json; charset=utf-8
08-01-2019 22:41:58 LoggingManagedHttpClientConnection.java DEBUG [Forwarding clickElement on session a68226d3-9e5a-4a6f-abc4-8051288c1b7f to remote] http.headers 138 - http-outgoing-59 &gt;&gt; Content-Length: 47
08-01-2019 22:41:58 LoggingManagedHttpClientConnection.java DEBUG [Forwarding clickElement on session a68226d3-9e5a-4a6f-abc4-8051288c1b7f to remote] http.headers 138 - http-outgoing-59 &gt;&gt; Host: 127.0.0.1:7056
08-01-2019 22:41:58 LoggingManagedHttpClientConnection.java DEBUG [Forwarding clickElement on session a68226d3-9e5a-4a6f-abc4-8051288c1b7f to remote] http.headers 138 - http-outgoing-59 &gt;&gt; Connection: Keep-Alive
08-01-2019 22:41:58 LoggingManagedHttpClientConnection.java DEBUG [Forwarding clickElement on session a68226d3-9e5a-4a6f-abc4-8051288c1b7f to remote] http.headers 138 - http-outgoing-59 &gt;&gt; User-Agent: Apache-HttpClient/4.5.1 (Java/1.8.0_101)
08-01-2019 22:41:58 LoggingManagedHttpClientConnection.java DEBUG [Forwarding clickElement on session a68226d3-9e5a-4a6f-abc4-8051288c1b7f to remote] http.headers 138 - http-outgoing-59 &gt;&gt; Accept-Encoding: gzip,deflate
08-01-2019 22:41:58 Wire.java DEBUG [Forwarding clickElement on session a68226d3-9e5a-4a6f-abc4-8051288c1b7f to remote] http.wire 72 - http-outgoing-59 &gt;&gt; &quot;POST /hub/session/a68226d3-9e5a-4a6f-abc4-8051288c1b7f/element/%7B6d771663-2399-4075-a0cd-d7a2e8130156%7D/click HTTP/1.1[\r][\n]&quot;
08-01-2019 22:41:58 Wire.java DEBUG [Forwarding clickElement on session a68226d3-9e5a-4a6f-abc4-8051288c1b7f to remote] http.wire 72 - http-outgoing-59 &gt;&gt; &quot;Content-Type: application/json; charset=utf-8[\r][\n]&quot;
08-01-2019 22:41:58 Wire.java DEBUG [Forwarding clickElement on session a68226d3-9e5a-4a6f-abc4-8051288c1b7f to remote] http.wire 72 - http-outgoing-59 &gt;&gt; &quot;Content-Length: 47[\r][\n]&quot;
08-01-2019 22:41:58 Wire.java DEBUG [Forwarding clickElement on session a68226d3-9e5a-4a6f-abc4-8051288c1b7f to remote] http.wire 72 - http-outgoing-59 &gt;&gt; &quot;Host: 127.0.0.1:7056[\r][\n]&quot;
08-01-2019 22:41:58 Wire.java DEBUG [Forwarding clickElement on session a68226d3-9e5a-4a6f-abc4-8051288c1b7f to remote] http.wire 72 - http-outgoing-59 &gt;&gt; &quot;Connection: Keep-Alive[\r][\n]&quot;
08-01-2019 22:41:58 Wire.java DEBUG [Forwarding clickElement on session a68226d3-9e5a-4a6f-abc4-8051288c1b7f to remote] http.wire 72 - http-outgoing-59 &gt;&gt; &quot;User-Agent: Apache-HttpClient/4.5.1 (Java/1.8.0_101)[\r][\n]&quot;
08-01-2019 22:41:58 Wire.java DEBUG [Forwarding clickElement on session a68226d3-9e5a-4a6f-abc4-8051288c1b7f to remote] http.wire 72 - http-outgoing-59 &gt;&gt; &quot;Accept-Encoding: gzip,deflate[\r][\n]&quot;
08-01-2019 22:41:58 Wire.java DEBUG [Forwarding clickElement on session a68226d3-9e5a-4a6f-abc4-8051288c1b7f to remote] http.wire 72 - http-outgoing-59 &gt;&gt; &quot;[\r][\n]&quot;
08-01-2019 22:41:58 Wire.java DEBUG [Forwarding clickElement on session a68226d3-9e5a-4a6f-abc4-8051288c1b7f to remote] http.wire 86 - http-outgoing-59 &gt;&gt; &quot;{&quot;id&quot;:&quot;{6d771663-2399-4075-a0cd-d7a2e8130156}&quot;}&quot;
08-01-2019 22:41:59 Wire.java DEBUG [Forwarding clickElement on session a68226d3-9e5a-4a6f-abc4-8051288c1b7f to remote] http.wire 72 - http-outgoing-59 &lt;&lt; &quot;HTTP/1.1 200 OK[\r][\n]&quot;
08-01-2019 22:41:59 Wire.java DEBUG [Forwarding clickElement on session a68226d3-9e5a-4a6f-abc4-8051288c1b7f to remote] http.wire 72 - http-outgoing-59 &lt;&lt; &quot;content-type: application/json; charset=UTF-8[\r][\n]&quot;
08-01-2019 22:41:59 Wire.java DEBUG [Forwarding clickElement on session a68226d3-9e5a-4a6f-abc4-8051288c1b7f to remote] http.wire 72 - http-outgoing-59 &lt;&lt; &quot;connection: close[\r][\n]&quot;
08-01-2019 22:41:59 Wire.java DEBUG [Forwarding clickElement on session a68226d3-9e5a-4a6f-abc4-8051288c1b7f to remote] http.wire 72 - http-outgoing-59 &lt;&lt; &quot;content-length: 98[\r][\n]&quot;
08-01-2019 22:41:59 Wire.java DEBUG [Forwarding clickElement on session a68226d3-9e5a-4a6f-abc4-8051288c1b7f to remote] http.wire 72 - http-outgoing-59 &lt;&lt; &quot;server: httpd.js[\r][\n]&quot;
08-01-2019 22:41:59 Wire.java DEBUG [Forwarding clickElement on session a68226d3-9e5a-4a6f-abc4-8051288c1b7f to remote] http.wire 72 - http-outgoing-59 &lt;&lt; &quot;date: Thu, 01 Aug 2019 17:11:59 GMT[\r][\n]&quot;
08-01-2019 22:41:59 Wire.java DEBUG [Forwarding clickElement on session a68226d3-9e5a-4a6f-abc4-8051288c1b7f to remote] http.wire 72 - http-outgoing-59 &lt;&lt; &quot;[\r][\n]&quot;
08-01-2019 22:41:59 LoggingManagedHttpClientConnection.java DEBUG [Forwarding clickElement on session a68226d3-9e5a-4a6f-abc4-8051288c1b7f to remote] http.headers 124 - http-outgoing-59 &lt;&lt; HTTP/1.1 200 OK
08-01-2019 22:41:59 LoggingManagedHttpClientConnection.java DEBUG [Forwarding clickElement on session a68226d3-9e5a-4a6f-abc4-8051288c1b7f to remote] http.headers 127 - http-outgoing-59 &lt;&lt; content-type: application/json; charset=UTF-8
08-01-2019 22:41:59 LoggingManagedHttpClientConnection.java DEBUG [Forwarding clickElement on session a68226d3-9e5a-4a6f-abc4-8051288c1b7f to remote] http.headers 127 - http-outgoing-59 &lt;&lt; connection: close
08-01-2019 22:41:59 LoggingManagedHttpClientConnection.java DEBUG [Forwarding clickElement on session a68226d3-9e5a-4a6f-abc4-8051288c1b7f to remote] http.headers 127 - http-outgoing-59 &lt;&lt; content-length: 98
08-01-2019 22:41:59 LoggingManagedHttpClientConnection.java DEBUG [Forwarding clickElement on session a68226d3-9e5a-4a6f-abc4-8051288c1b7f to remote] http.headers 127 - http-outgoing-59 &lt;&lt; server: httpd.js
08-01-2019 22:41:59 LoggingManagedHttpClientConnection.java DEBUG [Forwarding clickElement on session a68226d3-9e5a-4a6f-abc4-8051288c1b7f to remote] http.headers 127 - http-outgoing-59 &lt;&lt; date: Thu, 01 Aug 2019 17:11:59 GMT
08-01-2019 22:41:59 Wire.java DEBUG [Forwarding clickElement on session a68226d3-9e5a-4a6f-abc4-8051288c1b7f to remote] http.wire 86 - http-outgoing-59 &lt;&lt; &quot;{&quot;name&quot;:&quot;clickElement&quot;,&quot;sessionId&quot;:&quot;a68226d3-9e5a-4a6f-abc4-8051288c1b7f&quot;,&quot;status&quot;:0,&quot;value&quot;:&quot;ok&quot;}&quot;
08-01-2019 22:41:59 LoggingManagedHttpClientConnection.java DEBUG [Forwarding clickElement on session a68226d3-9e5a-4a6f-abc4-8051288c1b7f to remote] conn.DefaultManagedHttpClientConnection 81 - http-outgoing-59: Close connection
08-01-2019 22:41:59 ConnectionHolder.java DEBUG [Forwarding clickElement on session a68226d3-9e5a-4a6f-abc4-8051288c1b7f to remote] execchain.MainClientExec 103 - Connection discarded
08-01-2019 22:41:59 PoolingHttpClientConnectionManager.java DEBUG [Forwarding clickElement on session a68226d3-9e5a-4a6f-abc4-8051288c1b7f to remote] conn.PoolingHttpClientConnectionManager 320 - Connection released: [id: 59][route: {}-&gt;http://127.0.0.1:7056][total kept alive: 0; route allocated: 0 of 2000; total allocated: 0 of 2000]
Value selected
08-01-2019 22:41:59 RequestAddCookies.java DEBUG [Forwarding findElement on session a68226d3-9e5a-4a6f-abc4-8051288c1b7f to remote] protocol.RequestAddCookies 122 - CookieSpec selected: default
08-01-2019 22:41:59 RequestAuthCache.java DEBUG [Forwarding findElement on session a68226d3-9e5a-4a6f-abc4-8051288c1b7f to remote] protocol.RequestAuthCache 76 - Auth cache not set in the context
08-01-2019 22:41:59 PoolingHttpClientConnectionManager.java DEBUG [Forwarding findElement on session a68226d3-9e5a-4a6f-abc4-8051288c1b7f to remote] conn.PoolingHttpClientConnectionManager 249 - Connection request: [route: {}-&gt;http://127.0.0.1:7056][total kept alive: 0; route allocated: 0 of 2000; total allocated: 0 of 2000]
08-01-2019 22:41:59 PoolingHttpClientConnectionManager.java DEBUG [Forwarding findElement on session a68226d3-9e5a-4a6f-abc4-8051288c1b7f to remote] conn.PoolingHttpClientConnectionManager 282 - Connection leased: [id: 60][route: {}-&gt;http://127.0.0.1:7056][total kept alive: 0; route allocated: 1 of 2000; total allocated: 1 of 2000]
08-01-2019 22:41:59 MainClientExec.java DEBUG [Forwarding findElement on session a68226d3-9e5a-4a6f-abc4-8051288c1b7f to remote] execchain.MainClientExec 234 - Opening connection {}-&gt;http://127.0.0.1:7056
08-01-2019 22:41:59 DefaultHttpClientConnectionOperator.java DEBUG [Forwarding findElement on session a68226d3-9e5a-4a6f-abc4-8051288c1b7f to remote] conn.DefaultHttpClientConnectionOperator 131 - Connecting to /127.0.0.1:7056
08-01-2019 22:41:59 DefaultHttpClientConnectionOperator.java DEBUG [Forwarding findElement on session a68226d3-9e5a-4a6f-abc4-8051288c1b7f to remote] conn.DefaultHttpClientConnectionOperator 138 - Connection established 127.0.0.1:56849&lt;-&gt;127.0.0.1:7056
08-01-2019 22:41:59 LoggingManagedHttpClientConnection.java DEBUG [Forwarding findElement on session a68226d3-9e5a-4a6f-abc4-8051288c1b7f to remote] conn.DefaultManagedHttpClientConnection 90 - http-outgoing-60: set socket timeout to 10800000
08-01-2019 22:41:59 MainClientExec.java DEBUG [Forwarding findElement on session a68226d3-9e5a-4a6f-abc4-8051288c1b7f to remote] execchain.MainClientExec 255 - Executing request POST /hub/session/a68226d3-9e5a-4a6f-abc4-8051288c1b7f/element HTTP/1.1
08-01-2019 22:41:59 MainClientExec.java DEBUG [Forwarding findElement on session a68226d3-9e5a-4a6f-abc4-8051288c1b7f to remote] execchain.MainClientExec 260 - Target auth state: UNCHALLENGED
08-01-2019 22:41:59 MainClientExec.java DEBUG [Forwarding findElement on session a68226d3-9e5a-4a6f-abc4-8051288c1b7f to remote] execchain.MainClientExec 266 - Proxy auth state: UNCHALLENGED
08-01-2019 22:41:59 LoggingManagedHttpClientConnection.java DEBUG [Forwarding findElement on session a68226d3-9e5a-4a6f-abc4-8051288c1b7f to remote] http.headers 135 - http-outgoing-60 &gt;&gt; POST /hub/session/a68226d3-9e5a-4a6f-abc4-8051288c1b7f/element HTTP/1.1
08-01-2019 22:41:59 LoggingManagedHttpClientConnection.java DEBUG [Forwarding findElement on session a68226d3-9e5a-4a6f-abc4-8051288c1b7f to remote] http.headers 138 - http-outgoing-60 &gt;&gt; Content-Type: application/json; charset=utf-8
08-01-2019 22:41:59 LoggingManagedHttpClientConnection.java DEBUG [Forwarding findElement on session a68226d3-9e5a-4a6f-abc4-8051288c1b7f to remote] http.headers 138 - http-outgoing-60 &gt;&gt; Content-Length: 55
08-01-2019 22:41:59 LoggingManagedHttpClientConnection.java DEBUG [Forwarding findElement on session a68226d3-9e5a-4a6f-abc4-8051288c1b7f to remote] http.headers 138 - http-outgoing-60 &gt;&gt; Host: 127.0.0.1:7056
08-01-2019 22:41:59 LoggingManagedHttpClientConnection.java DEBUG [Forwarding findElement on session a68226d3-9e5a-4a6f-abc4-8051288c1b7f to remote] http.headers 138 - http-outgoing-60 &gt;&gt; Connection: Keep-Alive
08-01-2019 22:41:59 LoggingManagedHttpClientConnection.java DEBUG [Forwarding findElement on session a68226d3-9e5a-4a6f-abc4-8051288c1b7f to remote] http.headers 138 - http-outgoing-60 &gt;&gt; User-Agent: Apache-HttpClient/4.5.1 (Java/1.8.0_101)
08-01-2019 22:41:59 LoggingManagedHttpClientConnection.java DEBUG [Forwarding findElement on session a68226d3-9e5a-4a6f-abc4-8051288c1b7f to remote] http.headers 138 - http-outgoing-60 &gt;&gt; Accept-Encoding: gzip,deflate
08-01-2019 22:41:59 Wire.java DEBUG [Forwarding findElement on session a68226d3-9e5a-4a6f-abc4-8051288c1b7f to remote] http.wire 72 - http-outgoing-60 &gt;&gt; &quot;POST /hub/session/a68226d3-9e5a-4a6f-abc4-8051288c1b7f/element HTTP/1.1[\r][\n]&quot;
08-01-2019 22:41:59 Wire.java DEBUG [Forwarding findElement on session a68226d3-9e5a-4a6f-abc4-8051288c1b7f to remote] http.wire 72 - http-outgoing-60 &gt;&gt; &quot;Content-Type: application/json; charset=utf-8[\r][\n]&quot;
08-01-2019 22:41:59 Wire.java DEBUG [Forwarding findElement on session a68226d3-9e5a-4a6f-abc4-8051288c1b7f to remote] http.wire 72 - http-outgoing-60 &gt;&gt; &quot;Content-Length: 55[\r][\n]&quot;
08-01-2019 22:41:59 Wire.java DEBUG [Forwarding findElement on session a68226d3-9e5a-4a6f-abc4-8051288c1b7f to remote] http.wire 72 - http-outgoing-60 &gt;&gt; &quot;Host: 127.0.0.1:7056[\r][\n]&quot;
08-01-2019 22:41:59 Wire.java DEBUG [Forwarding findElement on session a68226d3-9e5a-4a6f-abc4-8051288c1b7f to remote] http.wire 72 - http-outgoing-60 &gt;&gt; &quot;Connection: Keep-Alive[\r][\n]&quot;
08-01-2019 22:41:59 Wire.java DEBUG [Forwarding findElement on session a68226d3-9e5a-4a6f-abc4-8051288c1b7f to remote] http.wire 72 - http-outgoing-60 &gt;&gt; &quot;User-Agent: Apache-HttpClient/4.5.1 (Java/1.8.0_101)[\r][\n]&quot;
08-01-2019 22:41:59 Wire.java DEBUG [Forwarding findElement on session a68226d3-9e5a-4a6f-abc4-8051288c1b7f to remote] http.wire 72 - http-outgoing-60 &gt;&gt; &quot;Accept-Encoding: gzip,deflate[\r][\n]&quot;
08-01-2019 22:41:59 Wire.java DEBUG [Forwarding findElement on session a68226d3-9e5a-4a6f-abc4-8051288c1b7f to remote] http.wire 72 - http-outgoing-60 &gt;&gt; &quot;[\r][\n]&quot;
08-01-2019 22:41:59 Wire.java DEBUG [Forwarding findElement on session a68226d3-9e5a-4a6f-abc4-8051288c1b7f to remote] http.wire 86 - http-outgoing-60 &gt;&gt; &quot;{&quot;using&quot;:&quot;xpath&quot;,&quot;value&quot;:&quot;//input[@name=&apos;first_name&apos;]&quot;}&quot;
08-01-2019 22:42:00 Wire.java DEBUG [Forwarding findElement on session a68226d3-9e5a-4a6f-abc4-8051288c1b7f to remote] http.wire 72 - http-outgoing-60 &lt;&lt; &quot;HTTP/1.1 200 OK[\r][\n]&quot;
08-01-2019 22:42:00 Wire.java DEBUG [Forwarding findElement on session a68226d3-9e5a-4a6f-abc4-8051288c1b7f to remote] http.wire 72 - http-outgoing-60 &lt;&lt; &quot;content-type: application/json; charset=UTF-8[\r][\n]&quot;
08-01-2019 22:42:00 Wire.java DEBUG [Forwarding findElement on session a68226d3-9e5a-4a6f-abc4-8051288c1b7f to remote] http.wire 72 - http-outgoing-60 &lt;&lt; &quot;connection: close[\r][\n]&quot;
08-01-2019 22:42:00 Wire.java DEBUG [Forwarding findElement on session a68226d3-9e5a-4a6f-abc4-8051288c1b7f to remote] http.wire 72 - http-outgoing-60 &lt;&lt; &quot;content-length: 224[\r][\n]&quot;
08-01-2019 22:42:00 Wire.java DEBUG [Forwarding findElement on session a68226d3-9e5a-4a6f-abc4-8051288c1b7f to remote] http.wire 72 - http-outgoing-60 &lt;&lt; &quot;server: httpd.js[\r][\n]&quot;
08-01-2019 22:42:00 Wire.java DEBUG [Forwarding findElement on session a68226d3-9e5a-4a6f-abc4-8051288c1b7f to remote] http.wire 72 - http-outgoing-60 &lt;&lt; &quot;date: Thu, 01 Aug 2019 17:12:00 GMT[\r][\n]&quot;
08-01-2019 22:42:00 Wire.java DEBUG [Forwarding findElement on session a68226d3-9e5a-4a6f-abc4-8051288c1b7f to remote] http.wire 72 - http-outgoing-60 &lt;&lt; &quot;[\r][\n]&quot;
08-01-2019 22:42:00 LoggingManagedHttpClientConnection.java DEBUG [Forwarding findElement on session a68226d3-9e5a-4a6f-abc4-8051288c1b7f to remote] http.headers 124 - http-outgoing-60 &lt;&lt; HTTP/1.1 200 OK
08-01-2019 22:42:00 LoggingManagedHttpClientConnection.java DEBUG [Forwarding findElement on session a68226d3-9e5a-4a6f-abc4-8051288c1b7f to remote] http.headers 127 - http-outgoing-60 &lt;&lt; content-type: application/json; charset=UTF-8
08-01-2019 22:42:00 LoggingManagedHttpClientConnection.java DEBUG [Forwarding findElement on session a68226d3-9e5a-4a6f-abc4-8051288c1b7f to remote] http.headers 127 - http-outgoing-60 &lt;&lt; connection: close
08-01-2019 22:42:00 LoggingManagedHttpClientConnection.java DEBUG [Forwarding findElement on session a68226d3-9e5a-4a6f-abc4-8051288c1b7f to remote] http.headers 127 - http-outgoing-60 &lt;&lt; content-length: 224
08-01-2019 22:42:00 LoggingManagedHttpClientConnection.java DEBUG [Forwarding findElement on session a68226d3-9e5a-4a6f-abc4-8051288c1b7f to remote] http.headers 127 - http-outgoing-60 &lt;&lt; server: httpd.js
08-01-2019 22:42:00 LoggingManagedHttpClientConnection.java DEBUG [Forwarding findElement on session a68226d3-9e5a-4a6f-abc4-8051288c1b7f to remote] http.headers 127 - http-outgoing-60 &lt;&lt; date: Thu, 01 Aug 2019 17:12:00 GMT
08-01-2019 22:42:00 Wire.java DEBUG [Forwarding findElement on session a68226d3-9e5a-4a6f-abc4-8051288c1b7f to remote] http.wire 86 - http-outgoing-60 &lt;&lt; &quot;{&quot;name&quot;:&quot;findElement&quot;,&quot;sessionId&quot;:&quot;a68226d3-9e5a-4a6f-abc4-8051288c1b7f&quot;,&quot;status&quot;:0,&quot;value&quot;:{&quot;ELEMENT&quot;:&quot;{0b58dd9d-b23b-457f-b9ba-ba9367bc602b}&quot;,&quot;element-6066-11e4-a52e-4f735466cecf&quot;:&quot;{0b58dd9d-b23b-457f-b9ba-ba9367bc602b}&quot;}}&quot;
08-01-2019 22:42:00 LoggingManagedHttpClientConnection.java DEBUG [Forwarding findElement on session a68226d3-9e5a-4a6f-abc4-8051288c1b7f to remote] conn.DefaultManagedHttpClientConnection 81 - http-outgoing-60: Close connection
08-01-2019 22:42:00 ConnectionHolder.java DEBUG [Forwarding findElement on session a68226d3-9e5a-4a6f-abc4-8051288c1b7f to remote] execchain.MainClientExec 103 - Connection discarded
08-01-2019 22:42:00 PoolingHttpClientConnectionManager.java DEBUG [Forwarding findElement on session a68226d3-9e5a-4a6f-abc4-8051288c1b7f to remote] conn.PoolingHttpClientConnectionManager 320 - Connection released: [id: 60][route: {}-&gt;http://127.0.0.1:7056][total kept alive: 0; route allocated: 0 of 2000; total allocated: 0 of 2000]
08-01-2019 22:42:00 RequestAddCookies.java DEBUG [Forwarding sendKeysToElement on session a68226d3-9e5a-4a6f-abc4-8051288c1b7f to remote] protocol.RequestAddCookies 122 - CookieSpec selected: default
08-01-2019 22:42:00 RequestAuthCache.java DEBUG [Forwarding sendKeysToElement on session a68226d3-9e5a-4a6f-abc4-8051288c1b7f to remote] protocol.RequestAuthCache 76 - Auth cache not set in the context
08-01-2019 22:42:00 PoolingHttpClientConnectionManager.java DEBUG [Forwarding sendKeysToElement on session a68226d3-9e5a-4a6f-abc4-8051288c1b7f to remote] conn.PoolingHttpClientConnectionManager 249 - Connection request: [route: {}-&gt;http://127.0.0.1:7056][total kept alive: 0; route allocated: 0 of 2000; total allocated: 0 of 2000]
08-01-2019 22:42:00 PoolingHttpClientConnectionManager.java DEBUG [Forwarding sendKeysToElement on session a68226d3-9e5a-4a6f-abc4-8051288c1b7f to remote] conn.PoolingHttpClientConnectionManager 282 - Connection leased: [id: 61][route: {}-&gt;http://127.0.0.1:7056][total kept alive: 0; route allocated: 1 of 2000; total allocated: 1 of 2000]
08-01-2019 22:42:00 MainClientExec.java DEBUG [Forwarding sendKeysToElement on session a68226d3-9e5a-4a6f-abc4-8051288c1b7f to remote] execchain.MainClientExec 234 - Opening connection {}-&gt;http://127.0.0.1:7056
08-01-2019 22:42:00 DefaultHttpClientConnectionOperator.java DEBUG [Forwarding sendKeysToElement on session a68226d3-9e5a-4a6f-abc4-8051288c1b7f to remote] conn.DefaultHttpClientConnectionOperator 131 - Connecting to /127.0.0.1:7056
08-01-2019 22:42:00 DefaultHttpClientConnectionOperator.java DEBUG [Forwarding sendKeysToElement on session a68226d3-9e5a-4a6f-abc4-8051288c1b7f to remote] conn.DefaultHttpClientConnectionOperator 138 - Connection established 127.0.0.1:56851&lt;-&gt;127.0.0.1:7056
08-01-2019 22:42:00 LoggingManagedHttpClientConnection.java DEBUG [Forwarding sendKeysToElement on session a68226d3-9e5a-4a6f-abc4-8051288c1b7f to remote] conn.DefaultManagedHttpClientConnection 90 - http-outgoing-61: set socket timeout to 10800000
08-01-2019 22:42:00 MainClientExec.java DEBUG [Forwarding sendKeysToElement on session a68226d3-9e5a-4a6f-abc4-8051288c1b7f to remote] execchain.MainClientExec 255 - Executing request POST /hub/session/a68226d3-9e5a-4a6f-abc4-8051288c1b7f/element/%7B0b58dd9d-b23b-457f-b9ba-ba9367bc602b%7D/value HTTP/1.1
08-01-2019 22:42:00 MainClientExec.java DEBUG [Forwarding sendKeysToElement on session a68226d3-9e5a-4a6f-abc4-8051288c1b7f to remote] execchain.MainClientExec 260 - Target auth state: UNCHALLENGED
08-01-2019 22:42:00 MainClientExec.java DEBUG [Forwarding sendKeysToElement on session a68226d3-9e5a-4a6f-abc4-8051288c1b7f to remote] execchain.MainClientExec 266 - Proxy auth state: UNCHALLENGED
08-01-2019 22:42:00 LoggingManagedHttpClientConnection.java DEBUG [Forwarding sendKeysToElement on session a68226d3-9e5a-4a6f-abc4-8051288c1b7f to remote] http.headers 135 - http-outgoing-61 &gt;&gt; POST /hub/session/a68226d3-9e5a-4a6f-abc4-8051288c1b7f/element/%7B0b58dd9d-b23b-457f-b9ba-ba9367bc602b%7D/value HTTP/1.1
08-01-2019 22:42:00 LoggingManagedHttpClientConnection.java DEBUG [Forwarding sendKeysToElement on session a68226d3-9e5a-4a6f-abc4-8051288c1b7f to remote] http.headers 138 - http-outgoing-61 &gt;&gt; Content-Type: application/json; charset=utf-8
08-01-2019 22:42:00 LoggingManagedHttpClientConnection.java DEBUG [Forwarding sendKeysToElement on session a68226d3-9e5a-4a6f-abc4-8051288c1b7f to remote] http.headers 138 - http-outgoing-61 &gt;&gt; Content-Length: 66
08-01-2019 22:42:00 LoggingManagedHttpClientConnection.java DEBUG [Forwarding sendKeysToElement on session a68226d3-9e5a-4a6f-abc4-8051288c1b7f to remote] http.headers 138 - http-outgoing-61 &gt;&gt; Host: 127.0.0.1:7056
08-01-2019 22:42:00 LoggingManagedHttpClientConnection.java DEBUG [Forwarding sendKeysToElement on session a68226d3-9e5a-4a6f-abc4-8051288c1b7f to remote] http.headers 138 - http-outgoing-61 &gt;&gt; Connection: Keep-Alive
08-01-2019 22:42:00 LoggingManagedHttpClientConnection.java DEBUG [Forwarding sendKeysToElement on session a68226d3-9e5a-4a6f-abc4-8051288c1b7f to remote] http.headers 138 - http-outgoing-61 &gt;&gt; User-Agent: Apache-HttpClient/4.5.1 (Java/1.8.0_101)
08-01-2019 22:42:00 LoggingManagedHttpClientConnection.java DEBUG [Forwarding sendKeysToElement on session a68226d3-9e5a-4a6f-abc4-8051288c1b7f to remote] http.headers 138 - http-outgoing-61 &gt;&gt; Accept-Encoding: gzip,deflate
08-01-2019 22:42:00 Wire.java DEBUG [Forwarding sendKeysToElement on session a68226d3-9e5a-4a6f-abc4-8051288c1b7f to remote] http.wire 72 - http-outgoing-61 &gt;&gt; &quot;POST /hub/session/a68226d3-9e5a-4a6f-abc4-8051288c1b7f/element/%7B0b58dd9d-b23b-457f-b9ba-ba9367bc602b%7D/value HTTP/1.1[\r][\n]&quot;
08-01-2019 22:42:00 Wire.java DEBUG [Forwarding sendKeysToElement on session a68226d3-9e5a-4a6f-abc4-8051288c1b7f to remote] http.wire 72 - http-outgoing-61 &gt;&gt; &quot;Content-Type: application/json; charset=utf-8[\r][\n]&quot;
08-01-2019 22:42:00 Wire.java DEBUG [Forwarding sendKeysToElement on session a68226d3-9e5a-4a6f-abc4-8051288c1b7f to remote] http.wire 72 - http-outgoing-61 &gt;&gt; &quot;Content-Length: 66[\r][\n]&quot;
08-01-2019 22:42:00 Wire.java DEBUG [Forwarding sendKeysToElement on session a68226d3-9e5a-4a6f-abc4-8051288c1b7f to remote] http.wire 72 - http-outgoing-61 &gt;&gt; &quot;Host: 127.0.0.1:7056[\r][\n]&quot;
08-01-2019 22:42:00 Wire.java DEBUG [Forwarding sendKeysToElement on session a68226d3-9e5a-4a6f-abc4-8051288c1b7f to remote] http.wire 72 - http-outgoing-61 &gt;&gt; &quot;Connection: Keep-Alive[\r][\n]&quot;
08-01-2019 22:42:00 Wire.java DEBUG [Forwarding sendKeysToElement on session a68226d3-9e5a-4a6f-abc4-8051288c1b7f to remote] http.wire 72 - http-outgoing-61 &gt;&gt; &quot;User-Agent: Apache-HttpClient/4.5.1 (Java/1.8.0_101)[\r][\n]&quot;
08-01-2019 22:42:00 Wire.java DEBUG [Forwarding sendKeysToElement on session a68226d3-9e5a-4a6f-abc4-8051288c1b7f to remote] http.wire 72 - http-outgoing-61 &gt;&gt; &quot;Accept-Encoding: gzip,deflate[\r][\n]&quot;
08-01-2019 22:42:00 Wire.java DEBUG [Forwarding sendKeysToElement on session a68226d3-9e5a-4a6f-abc4-8051288c1b7f to remote] http.wire 72 - http-outgoing-61 &gt;&gt; &quot;[\r][\n]&quot;
08-01-2019 22:42:00 Wire.java DEBUG [Forwarding sendKeysToElement on session a68226d3-9e5a-4a6f-abc4-8051288c1b7f to remote] http.wire 86 - http-outgoing-61 &gt;&gt; &quot;{&quot;id&quot;:&quot;{0b58dd9d-b23b-457f-b9ba-ba9367bc602b}&quot;,&quot;value&quot;:[&quot;nitesh&quot;]}&quot;
08-01-2019 22:42:00 Wire.java DEBUG [Forwarding sendKeysToElement on session a68226d3-9e5a-4a6f-abc4-8051288c1b7f to remote] http.wire 72 - http-outgoing-61 &lt;&lt; &quot;HTTP/1.1 200 OK[\r][\n]&quot;
08-01-2019 22:42:00 Wire.java DEBUG [Forwarding sendKeysToElement on session a68226d3-9e5a-4a6f-abc4-8051288c1b7f to remote] http.wire 72 - http-outgoing-61 &lt;&lt; &quot;content-type: application/json; charset=UTF-8[\r][\n]&quot;
08-01-2019 22:42:00 Wire.java DEBUG [Forwarding sendKeysToElement on session a68226d3-9e5a-4a6f-abc4-8051288c1b7f to remote] http.wire 72 - http-outgoing-61 &lt;&lt; &quot;connection: close[\r][\n]&quot;
08-01-2019 22:42:00 Wire.java DEBUG [Forwarding sendKeysToElement on session a68226d3-9e5a-4a6f-abc4-8051288c1b7f to remote] http.wire 72 - http-outgoing-61 &lt;&lt; &quot;content-length: 101[\r][\n]&quot;
08-01-2019 22:42:00 Wire.java DEBUG [Forwarding sendKeysToElement on session a68226d3-9e5a-4a6f-abc4-8051288c1b7f to remote] http.wire 72 - http-outgoing-61 &lt;&lt; &quot;server: httpd.js[\r][\n]&quot;
08-01-2019 22:42:00 Wire.java DEBUG [Forwarding sendKeysToElement on session a68226d3-9e5a-4a6f-abc4-8051288c1b7f to remote] http.wire 72 - http-outgoing-61 &lt;&lt; &quot;date: Thu, 01 Aug 2019 17:12:00 GMT[\r][\n]&quot;
08-01-2019 22:42:00 Wire.java DEBUG [Forwarding sendKeysToElement on session a68226d3-9e5a-4a6f-abc4-8051288c1b7f to remote] http.wire 72 - http-outgoing-61 &lt;&lt; &quot;[\r][\n]&quot;
08-01-2019 22:42:00 LoggingManagedHttpClientConnection.java DEBUG [Forwarding sendKeysToElement on session a68226d3-9e5a-4a6f-abc4-8051288c1b7f to remote] http.headers 124 - http-outgoing-61 &lt;&lt; HTTP/1.1 200 OK
08-01-2019 22:42:00 LoggingManagedHttpClientConnection.java DEBUG [Forwarding sendKeysToElement on session a68226d3-9e5a-4a6f-abc4-8051288c1b7f to remote] http.headers 127 - http-outgoing-61 &lt;&lt; content-type: application/json; charset=UTF-8
08-01-2019 22:42:00 LoggingManagedHttpClientConnection.java DEBUG [Forwarding sendKeysToElement on session a68226d3-9e5a-4a6f-abc4-8051288c1b7f to remote] http.headers 127 - http-outgoing-61 &lt;&lt; connection: close
08-01-2019 22:42:00 LoggingManagedHttpClientConnection.java DEBUG [Forwarding sendKeysToElement on session a68226d3-9e5a-4a6f-abc4-8051288c1b7f to remote] http.headers 127 - http-outgoing-61 &lt;&lt; content-length: 101
08-01-2019 22:42:00 LoggingManagedHttpClientConnection.java DEBUG [Forwarding sendKeysToElement on session a68226d3-9e5a-4a6f-abc4-8051288c1b7f to remote] http.headers 127 - http-outgoing-61 &lt;&lt; server: httpd.js
08-01-2019 22:42:00 LoggingManagedHttpClientConnection.java DEBUG [Forwarding sendKeysToElement on session a68226d3-9e5a-4a6f-abc4-8051288c1b7f to remote] http.headers 127 - http-outgoing-61 &lt;&lt; date: Thu, 01 Aug 2019 17:12:00 GMT
08-01-2019 22:42:00 Wire.java DEBUG [Forwarding sendKeysToElement on session a68226d3-9e5a-4a6f-abc4-8051288c1b7f to remote] http.wire 86 - http-outgoing-61 &lt;&lt; &quot;{&quot;name&quot;:&quot;sendKeysToElement&quot;,&quot;sessionId&quot;:&quot;a68226d3-9e5a-4a6f-abc4-8051288c1b7f&quot;,&quot;status&quot;:0,&quot;value&quot;:&quot;&quot;}&quot;
08-01-2019 22:42:00 LoggingManagedHttpClientConnection.java DEBUG [Forwarding sendKeysToElement on session a68226d3-9e5a-4a6f-abc4-8051288c1b7f to remote] conn.DefaultManagedHttpClientConnection 81 - http-outgoing-61: Close connection
08-01-2019 22:42:00 ConnectionHolder.java DEBUG [Forwarding sendKeysToElement on session a68226d3-9e5a-4a6f-abc4-8051288c1b7f to remote] execchain.MainClientExec 103 - Connection discarded
08-01-2019 22:42:00 PoolingHttpClientConnectionManager.java DEBUG [Forwarding sendKeysToElement on session a68226d3-9e5a-4a6f-abc4-8051288c1b7f to remote] conn.PoolingHttpClientConnectionManager 320 - Connection released: [id: 61][route: {}-&gt;http://127.0.0.1:7056][total kept alive: 0; route allocated: 0 of 2000; total allocated: 0 of 2000]
08-01-2019 22:42:00 RequestAddCookies.java DEBUG [Forwarding findElement on session a68226d3-9e5a-4a6f-abc4-8051288c1b7f to remote] protocol.RequestAddCookies 122 - CookieSpec selected: default
08-01-2019 22:42:00 RequestAuthCache.java DEBUG [Forwarding findElement on session a68226d3-9e5a-4a6f-abc4-8051288c1b7f to remote] protocol.RequestAuthCache 76 - Auth cache not set in the context
08-01-2019 22:42:00 PoolingHttpClientConnectionManager.java DEBUG [Forwarding findElement on session a68226d3-9e5a-4a6f-abc4-8051288c1b7f to remote] conn.PoolingHttpClientConnectionManager 249 - Connection request: [route: {}-&gt;http://127.0.0.1:7056][total kept alive: 0; route allocated: 0 of 2000; total allocated: 0 of 2000]
08-01-2019 22:42:00 PoolingHttpClientConnectionManager.java DEBUG [Forwarding findElement on session a68226d3-9e5a-4a6f-abc4-8051288c1b7f to remote] conn.PoolingHttpClientConnectionManager 282 - Connection leased: [id: 62][route: {}-&gt;http://127.0.0.1:7056][total kept alive: 0; route allocated: 1 of 2000; total allocated: 1 of 2000]
08-01-2019 22:42:00 MainClientExec.java DEBUG [Forwarding findElement on session a68226d3-9e5a-4a6f-abc4-8051288c1b7f to remote] execchain.MainClientExec 234 - Opening connection {}-&gt;http://127.0.0.1:7056
08-01-2019 22:42:00 DefaultHttpClientConnectionOperator.java DEBUG [Forwarding findElement on session a68226d3-9e5a-4a6f-abc4-8051288c1b7f to remote] conn.DefaultHttpClientConnectionOperator 131 - Connecting to /127.0.0.1:7056
08-01-2019 22:42:00 DefaultHttpClientConnectionOperator.java DEBUG [Forwarding findElement on session a68226d3-9e5a-4a6f-abc4-8051288c1b7f to remote] conn.DefaultHttpClientConnectionOperator 138 - Connection established 127.0.0.1:56852&lt;-&gt;127.0.0.1:7056
08-01-2019 22:42:00 LoggingManagedHttpClientConnection.java DEBUG [Forwarding findElement on session a68226d3-9e5a-4a6f-abc4-8051288c1b7f to remote] conn.DefaultManagedHttpClientConnection 90 - http-outgoing-62: set socket timeout to 10800000
08-01-2019 22:42:00 MainClientExec.java DEBUG [Forwarding findElement on session a68226d3-9e5a-4a6f-abc4-8051288c1b7f to remote] execchain.MainClientExec 255 - Executing request POST /hub/session/a68226d3-9e5a-4a6f-abc4-8051288c1b7f/element HTTP/1.1
08-01-2019 22:42:00 MainClientExec.java DEBUG [Forwarding findElement on session a68226d3-9e5a-4a6f-abc4-8051288c1b7f to remote] execchain.MainClientExec 260 - Target auth state: UNCHALLENGED
08-01-2019 22:42:00 MainClientExec.java DEBUG [Forwarding findElement on session a68226d3-9e5a-4a6f-abc4-8051288c1b7f to remote] execchain.MainClientExec 266 - Proxy auth state: UNCHALLENGED
08-01-2019 22:42:00 LoggingManagedHttpClientConnection.java DEBUG [Forwarding findElement on session a68226d3-9e5a-4a6f-abc4-8051288c1b7f to remote] http.headers 135 - http-outgoing-62 &gt;&gt; POST /hub/session/a68226d3-9e5a-4a6f-abc4-8051288c1b7f/element HTTP/1.1
08-01-2019 22:42:00 LoggingManagedHttpClientConnection.java DEBUG [Forwarding findElement on session a68226d3-9e5a-4a6f-abc4-8051288c1b7f to remote] http.headers 138 - http-outgoing-62 &gt;&gt; Content-Type: application/json; charset=utf-8
08-01-2019 22:42:00 LoggingManagedHttpClientConnection.java DEBUG [Forwarding findElement on session a68226d3-9e5a-4a6f-abc4-8051288c1b7f to remote] http.headers 138 - http-outgoing-62 &gt;&gt; Content-Length: 52
08-01-2019 22:42:00 LoggingManagedHttpClientConnection.java DEBUG [Forwarding findElement on session a68226d3-9e5a-4a6f-abc4-8051288c1b7f to remote] http.headers 138 - http-outgoing-62 &gt;&gt; Host: 127.0.0.1:7056
08-01-2019 22:42:00 LoggingManagedHttpClientConnection.java DEBUG [Forwarding findElement on session a68226d3-9e5a-4a6f-abc4-8051288c1b7f to remote] http.headers 138 - http-outgoing-62 &gt;&gt; Connection: Keep-Alive
08-01-2019 22:42:00 LoggingManagedHttpClientConnection.java DEBUG [Forwarding findElement on session a68226d3-9e5a-4a6f-abc4-8051288c1b7f to remote] http.headers 138 - http-outgoing-62 &gt;&gt; User-Agent: Apache-HttpClient/4.5.1 (Java/1.8.0_101)
08-01-2019 22:42:00 LoggingManagedHttpClientConnection.java DEBUG [Forwarding findElement on session a68226d3-9e5a-4a6f-abc4-8051288c1b7f to remote] http.headers 138 - http-outgoing-62 &gt;&gt; Accept-Encoding: gzip,deflate
08-01-2019 22:42:00 Wire.java DEBUG [Forwarding findElement on session a68226d3-9e5a-4a6f-abc4-8051288c1b7f to remote] http.wire 72 - http-outgoing-62 &gt;&gt; &quot;POST /hub/session/a68226d3-9e5a-4a6f-abc4-8051288c1b7f/element HTTP/1.1[\r][\n]&quot;
08-01-2019 22:42:00 Wire.java DEBUG [Forwarding findElement on session a68226d3-9e5a-4a6f-abc4-8051288c1b7f to remote] http.wire 72 - http-outgoing-62 &gt;&gt; &quot;Content-Type: application/json; charset=utf-8[\r][\n]&quot;
08-01-2019 22:42:00 Wire.java DEBUG [Forwarding findElement on session a68226d3-9e5a-4a6f-abc4-8051288c1b7f to remote] http.wire 72 - http-outgoing-62 &gt;&gt; &quot;Content-Length: 52[\r][\n]&quot;
08-01-2019 22:42:00 Wire.java DEBUG [Forwarding findElement on session a68226d3-9e5a-4a6f-abc4-8051288c1b7f to remote] http.wire 72 - http-outgoing-62 &gt;&gt; &quot;Host: 127.0.0.1:7056[\r][\n]&quot;
08-01-2019 22:42:00 Wire.java DEBUG [Forwarding findElement on session a68226d3-9e5a-4a6f-abc4-8051288c1b7f to remote] http.wire 72 - http-outgoing-62 &gt;&gt; &quot;Connection: Keep-Alive[\r][\n]&quot;
08-01-2019 22:42:00 Wire.java DEBUG [Forwarding findElement on session a68226d3-9e5a-4a6f-abc4-8051288c1b7f to remote] http.wire 72 - http-outgoing-62 &gt;&gt; &quot;User-Agent: Apache-HttpClient/4.5.1 (Java/1.8.0_101)[\r][\n]&quot;
08-01-2019 22:42:00 Wire.java DEBUG [Forwarding findElement on session a68226d3-9e5a-4a6f-abc4-8051288c1b7f to remote] http.wire 72 - http-outgoing-62 &gt;&gt; &quot;Accept-Encoding: gzip,deflate[\r][\n]&quot;
08-01-2019 22:42:00 Wire.java DEBUG [Forwarding findElement on session a68226d3-9e5a-4a6f-abc4-8051288c1b7f to remote] http.wire 72 - http-outgoing-62 &gt;&gt; &quot;[\r][\n]&quot;
08-01-2019 22:42:00 Wire.java DEBUG [Forwarding findElement on session a68226d3-9e5a-4a6f-abc4-8051288c1b7f to remote] http.wire 86 - http-outgoing-62 &gt;&gt; &quot;{&quot;using&quot;:&quot;xpath&quot;,&quot;value&quot;:&quot;//input[@name=&apos;surname&apos;]&quot;}&quot;
08-01-2019 22:42:00 Wire.java DEBUG [Forwarding findElement on session a68226d3-9e5a-4a6f-abc4-8051288c1b7f to remote] http.wire 72 - http-outgoing-62 &lt;&lt; &quot;HTTP/1.1 200 OK[\r][\n]&quot;
08-01-2019 22:42:00 Wire.java DEBUG [Forwarding findElement on session a68226d3-9e5a-4a6f-abc4-8051288c1b7f to remote] http.wire 72 - http-outgoing-62 &lt;&lt; &quot;content-type: application/json; charset=UTF-8[\r][\n]&quot;
08-01-2019 22:42:00 Wire.java DEBUG [Forwarding findElement on session a68226d3-9e5a-4a6f-abc4-8051288c1b7f to remote] http.wire 72 - http-outgoing-62 &lt;&lt; &quot;connection: close[\r][\n]&quot;
08-01-2019 22:42:00 Wire.java DEBUG [Forwarding findElement on session a68226d3-9e5a-4a6f-abc4-8051288c1b7f to remote] http.wire 72 - http-outgoing-62 &lt;&lt; &quot;content-length: 224[\r][\n]&quot;
08-01-2019 22:42:00 Wire.java DEBUG [Forwarding findElement on session a68226d3-9e5a-4a6f-abc4-8051288c1b7f to remote] http.wire 72 - http-outgoing-62 &lt;&lt; &quot;server: httpd.js[\r][\n]&quot;
08-01-2019 22:42:00 Wire.java DEBUG [Forwarding findElement on session a68226d3-9e5a-4a6f-abc4-8051288c1b7f to remote] http.wire 72 - http-outgoing-62 &lt;&lt; &quot;date: Thu, 01 Aug 2019 17:12:00 GMT[\r][\n]&quot;
08-01-2019 22:42:00 Wire.java DEBUG [Forwarding findElement on session a68226d3-9e5a-4a6f-abc4-8051288c1b7f to remote] http.wire 72 - http-outgoing-62 &lt;&lt; &quot;[\r][\n]&quot;
08-01-2019 22:42:00 LoggingManagedHttpClientConnection.java DEBUG [Forwarding findElement on session a68226d3-9e5a-4a6f-abc4-8051288c1b7f to remote] http.headers 124 - http-outgoing-62 &lt;&lt; HTTP/1.1 200 OK
08-01-2019 22:42:00 LoggingManagedHttpClientConnection.java DEBUG [Forwarding findElement on session a68226d3-9e5a-4a6f-abc4-8051288c1b7f to remote] http.headers 127 - http-outgoing-62 &lt;&lt; content-type: application/json; charset=UTF-8
08-01-2019 22:42:00 LoggingManagedHttpClientConnection.java DEBUG [Forwarding findElement on session a68226d3-9e5a-4a6f-abc4-8051288c1b7f to remote] http.headers 127 - http-outgoing-62 &lt;&lt; connection: close
08-01-2019 22:42:00 LoggingManagedHttpClientConnection.java DEBUG [Forwarding findElement on session a68226d3-9e5a-4a6f-abc4-8051288c1b7f to remote] http.headers 127 - http-outgoing-62 &lt;&lt; content-length: 224
08-01-2019 22:42:00 LoggingManagedHttpClientConnection.java DEBUG [Forwarding findElement on session a68226d3-9e5a-4a6f-abc4-8051288c1b7f to remote] http.headers 127 - http-outgoing-62 &lt;&lt; server: httpd.js
08-01-2019 22:42:00 LoggingManagedHttpClientConnection.java DEBUG [Forwarding findElement on session a68226d3-9e5a-4a6f-abc4-8051288c1b7f to remote] http.headers 127 - http-outgoing-62 &lt;&lt; date: Thu, 01 Aug 2019 17:12:00 GMT
08-01-2019 22:42:00 Wire.java DEBUG [Forwarding findElement on session a68226d3-9e5a-4a6f-abc4-8051288c1b7f to remote] http.wire 86 - http-outgoing-62 &lt;&lt; &quot;{&quot;name&quot;:&quot;findElement&quot;,&quot;sessionId&quot;:&quot;a68226d3-9e5a-4a6f-abc4-8051288c1b7f&quot;,&quot;status&quot;:0,&quot;value&quot;:{&quot;ELEMENT&quot;:&quot;{4ced714f-6482-4c95-8a3c-78a89dbb3df5}&quot;,&quot;element-6066-11e4-a52e-4f735466cecf&quot;:&quot;{4ced714f-6482-4c95-8a3c-78a89dbb3df5}&quot;}}&quot;
08-01-2019 22:42:00 LoggingManagedHttpClientConnection.java DEBUG [Forwarding findElement on session a68226d3-9e5a-4a6f-abc4-8051288c1b7f to remote] conn.DefaultManagedHttpClientConnection 81 - http-outgoing-62: Close connection
08-01-2019 22:42:00 ConnectionHolder.java DEBUG [Forwarding findElement on session a68226d3-9e5a-4a6f-abc4-8051288c1b7f to remote] execchain.MainClientExec 103 - Connection discarded
08-01-2019 22:42:00 PoolingHttpClientConnectionManager.java DEBUG [Forwarding findElement on session a68226d3-9e5a-4a6f-abc4-8051288c1b7f to remote] conn.PoolingHttpClientConnectionManager 320 - Connection released: [id: 62][route: {}-&gt;http://127.0.0.1:7056][total kept alive: 0; route allocated: 0 of 2000; total allocated: 0 of 2000]
08-01-2019 22:42:00 RequestAddCookies.java DEBUG [Forwarding sendKeysToElement on session a68226d3-9e5a-4a6f-abc4-8051288c1b7f to remote] protocol.RequestAddCookies 122 - CookieSpec selected: default
08-01-2019 22:42:00 RequestAuthCache.java DEBUG [Forwarding sendKeysToElement on session a68226d3-9e5a-4a6f-abc4-8051288c1b7f to remote] protocol.RequestAuthCache 76 - Auth cache not set in the context
08-01-2019 22:42:00 PoolingHttpClientConnectionManager.java DEBUG [Forwarding sendKeysToElement on session a68226d3-9e5a-4a6f-abc4-8051288c1b7f to remote] conn.PoolingHttpClientConnectionManager 249 - Connection request: [route: {}-&gt;http://127.0.0.1:7056][total kept alive: 0; route allocated: 0 of 2000; total allocated: 0 of 2000]
08-01-2019 22:42:00 PoolingHttpClientConnectionManager.java DEBUG [Forwarding sendKeysToElement on session a68226d3-9e5a-4a6f-abc4-8051288c1b7f to remote] conn.PoolingHttpClientConnectionManager 282 - Connection leased: [id: 63][route: {}-&gt;http://127.0.0.1:7056][total kept alive: 0; route allocated: 1 of 2000; total allocated: 1 of 2000]
08-01-2019 22:42:00 MainClientExec.java DEBUG [Forwarding sendKeysToElement on session a68226d3-9e5a-4a6f-abc4-8051288c1b7f to remote] execchain.MainClientExec 234 - Opening connection {}-&gt;http://127.0.0.1:7056
08-01-2019 22:42:00 DefaultHttpClientConnectionOperator.java DEBUG [Forwarding sendKeysToElement on session a68226d3-9e5a-4a6f-abc4-8051288c1b7f to remote] conn.DefaultHttpClientConnectionOperator 131 - Connecting to /127.0.0.1:7056
08-01-2019 22:42:00 DefaultHttpClientConnectionOperator.java DEBUG [Forwarding sendKeysToElement on session a68226d3-9e5a-4a6f-abc4-8051288c1b7f to remote] conn.DefaultHttpClientConnectionOperator 138 - Connection established 127.0.0.1:56853&lt;-&gt;127.0.0.1:7056
08-01-2019 22:42:00 LoggingManagedHttpClientConnection.java DEBUG [Forwarding sendKeysToElement on session a68226d3-9e5a-4a6f-abc4-8051288c1b7f to remote] conn.DefaultManagedHttpClientConnection 90 - http-outgoing-63: set socket timeout to 10800000
08-01-2019 22:42:00 MainClientExec.java DEBUG [Forwarding sendKeysToElement on session a68226d3-9e5a-4a6f-abc4-8051288c1b7f to remote] execchain.MainClientExec 255 - Executing request POST /hub/session/a68226d3-9e5a-4a6f-abc4-8051288c1b7f/element/%7B4ced714f-6482-4c95-8a3c-78a89dbb3df5%7D/value HTTP/1.1
08-01-2019 22:42:00 MainClientExec.java DEBUG [Forwarding sendKeysToElement on session a68226d3-9e5a-4a6f-abc4-8051288c1b7f to remote] execchain.MainClientExec 260 - Target auth state: UNCHALLENGED
08-01-2019 22:42:00 MainClientExec.java DEBUG [Forwarding sendKeysToElement on session a68226d3-9e5a-4a6f-abc4-8051288c1b7f to remote] execchain.MainClientExec 266 - Proxy auth state: UNCHALLENGED
08-01-2019 22:42:00 LoggingManagedHttpClientConnection.java DEBUG [Forwarding sendKeysToElement on session a68226d3-9e5a-4a6f-abc4-8051288c1b7f to remote] http.headers 135 - http-outgoing-63 &gt;&gt; POST /hub/session/a68226d3-9e5a-4a6f-abc4-8051288c1b7f/element/%7B4ced714f-6482-4c95-8a3c-78a89dbb3df5%7D/value HTTP/1.1
08-01-2019 22:42:00 LoggingManagedHttpClientConnection.java DEBUG [Forwarding sendKeysToElement on session a68226d3-9e5a-4a6f-abc4-8051288c1b7f to remote] http.headers 138 - http-outgoing-63 &gt;&gt; Content-Type: application/json; charset=utf-8
08-01-2019 22:42:00 LoggingManagedHttpClientConnection.java DEBUG [Forwarding sendKeysToElement on session a68226d3-9e5a-4a6f-abc4-8051288c1b7f to remote] http.headers 138 - http-outgoing-63 &gt;&gt; Content-Length: 70
08-01-2019 22:42:00 LoggingManagedHttpClientConnection.java DEBUG [Forwarding sendKeysToElement on session a68226d3-9e5a-4a6f-abc4-8051288c1b7f to remote] http.headers 138 - http-outgoing-63 &gt;&gt; Host: 127.0.0.1:7056
08-01-2019 22:42:00 LoggingManagedHttpClientConnection.java DEBUG [Forwarding sendKeysToElement on session a68226d3-9e5a-4a6f-abc4-8051288c1b7f to remote] http.headers 138 - http-outgoing-63 &gt;&gt; Connection: Keep-Alive
08-01-2019 22:42:00 LoggingManagedHttpClientConnection.java DEBUG [Forwarding sendKeysToElement on session a68226d3-9e5a-4a6f-abc4-8051288c1b7f to remote] http.headers 138 - http-outgoing-63 &gt;&gt; User-Agent: Apache-HttpClient/4.5.1 (Java/1.8.0_101)
08-01-2019 22:42:00 LoggingManagedHttpClientConnection.java DEBUG [Forwarding sendKeysToElement on session a68226d3-9e5a-4a6f-abc4-8051288c1b7f to remote] http.headers 138 - http-outgoing-63 &gt;&gt; Accept-Encoding: gzip,deflate
08-01-2019 22:42:00 Wire.java DEBUG [Forwarding sendKeysToElement on session a68226d3-9e5a-4a6f-abc4-8051288c1b7f to remote] http.wire 72 - http-outgoing-63 &gt;&gt; &quot;POST /hub/session/a68226d3-9e5a-4a6f-abc4-8051288c1b7f/element/%7B4ced714f-6482-4c95-8a3c-78a89dbb3df5%7D/value HTTP/1.1[\r][\n]&quot;
08-01-2019 22:42:00 Wire.java DEBUG [Forwarding sendKeysToElement on session a68226d3-9e5a-4a6f-abc4-8051288c1b7f to remote] http.wire 72 - http-outgoing-63 &gt;&gt; &quot;Content-Type: application/json; charset=utf-8[\r][\n]&quot;
08-01-2019 22:42:00 Wire.java DEBUG [Forwarding sendKeysToElement on session a68226d3-9e5a-4a6f-abc4-8051288c1b7f to remote] http.wire 72 - http-outgoing-63 &gt;&gt; &quot;Content-Length: 70[\r][\n]&quot;
08-01-2019 22:42:00 Wire.java DEBUG [Forwarding sendKeysToElement on session a68226d3-9e5a-4a6f-abc4-8051288c1b7f to remote] http.wire 72 - http-outgoing-63 &gt;&gt; &quot;Host: 127.0.0.1:7056[\r][\n]&quot;
08-01-2019 22:42:00 Wire.java DEBUG [Forwarding sendKeysToElement on session a68226d3-9e5a-4a6f-abc4-8051288c1b7f to remote] http.wire 72 - http-outgoing-63 &gt;&gt; &quot;Connection: Keep-Alive[\r][\n]&quot;
08-01-2019 22:42:00 Wire.java DEBUG [Forwarding sendKeysToElement on session a68226d3-9e5a-4a6f-abc4-8051288c1b7f to remote] http.wire 72 - http-outgoing-63 &gt;&gt; &quot;User-Agent: Apache-HttpClient/4.5.1 (Java/1.8.0_101)[\r][\n]&quot;
08-01-2019 22:42:00 Wire.java DEBUG [Forwarding sendKeysToElement on session a68226d3-9e5a-4a6f-abc4-8051288c1b7f to remote] http.wire 72 - http-outgoing-63 &gt;&gt; &quot;Accept-Encoding: gzip,deflate[\r][\n]&quot;
08-01-2019 22:42:00 Wire.java DEBUG [Forwarding sendKeysToElement on session a68226d3-9e5a-4a6f-abc4-8051288c1b7f to remote] http.wire 72 - http-outgoing-63 &gt;&gt; &quot;[\r][\n]&quot;
08-01-2019 22:42:00 Wire.java DEBUG [Forwarding sendKeysToElement on session a68226d3-9e5a-4a6f-abc4-8051288c1b7f to remote] http.wire 86 - http-outgoing-63 &gt;&gt; &quot;{&quot;id&quot;:&quot;{4ced714f-6482-4c95-8a3c-78a89dbb3df5}&quot;,&quot;value&quot;:[&quot;wayafalkar&quot;]}&quot;
08-01-2019 22:42:00 Wire.java DEBUG [Forwarding sendKeysToElement on session a68226d3-9e5a-4a6f-abc4-8051288c1b7f to remote] http.wire 72 - http-outgoing-63 &lt;&lt; &quot;HTTP/1.1 200 OK[\r][\n]&quot;
08-01-2019 22:42:00 Wire.java DEBUG [Forwarding sendKeysToElement on session a68226d3-9e5a-4a6f-abc4-8051288c1b7f to remote] http.wire 72 - http-outgoing-63 &lt;&lt; &quot;content-type: application/json; charset=UTF-8[\r][\n]&quot;
08-01-2019 22:42:00 Wire.java DEBUG [Forwarding sendKeysToElement on session a68226d3-9e5a-4a6f-abc4-8051288c1b7f to remote] http.wire 72 - http-outgoing-63 &lt;&lt; &quot;connection: close[\r][\n]&quot;
08-01-2019 22:42:00 Wire.java DEBUG [Forwarding sendKeysToElement on session a68226d3-9e5a-4a6f-abc4-8051288c1b7f to remote] http.wire 72 - http-outgoing-63 &lt;&lt; &quot;content-length: 101[\r][\n]&quot;
08-01-2019 22:42:00 Wire.java DEBUG [Forwarding sendKeysToElement on session a68226d3-9e5a-4a6f-abc4-8051288c1b7f to remote] http.wire 72 - http-outgoing-63 &lt;&lt; &quot;server: httpd.js[\r][\n]&quot;
08-01-2019 22:42:00 Wire.java DEBUG [Forwarding sendKeysToElement on session a68226d3-9e5a-4a6f-abc4-8051288c1b7f to remote] http.wire 72 - http-outgoing-63 &lt;&lt; &quot;date: Thu, 01 Aug 2019 17:12:00 GMT[\r][\n]&quot;
08-01-2019 22:42:00 Wire.java DEBUG [Forwarding sendKeysToElement on session a68226d3-9e5a-4a6f-abc4-8051288c1b7f to remote] http.wire 72 - http-outgoing-63 &lt;&lt; &quot;[\r][\n]&quot;
08-01-2019 22:42:00 LoggingManagedHttpClientConnection.java DEBUG [Forwarding sendKeysToElement on session a68226d3-9e5a-4a6f-abc4-8051288c1b7f to remote] http.headers 124 - http-outgoing-63 &lt;&lt; HTTP/1.1 200 OK
08-01-2019 22:42:00 LoggingManagedHttpClientConnection.java DEBUG [Forwarding sendKeysToElement on session a68226d3-9e5a-4a6f-abc4-8051288c1b7f to remote] http.headers 127 - http-outgoing-63 &lt;&lt; content-type: application/json; charset=UTF-8
08-01-2019 22:42:00 LoggingManagedHttpClientConnection.java DEBUG [Forwarding sendKeysToElement on session a68226d3-9e5a-4a6f-abc4-8051288c1b7f to remote] http.headers 127 - http-outgoing-63 &lt;&lt; connection: close
08-01-2019 22:42:00 LoggingManagedHttpClientConnection.java DEBUG [Forwarding sendKeysToElement on session a68226d3-9e5a-4a6f-abc4-8051288c1b7f to remote] http.headers 127 - http-outgoing-63 &lt;&lt; content-length: 101
08-01-2019 22:42:00 LoggingManagedHttpClientConnection.java DEBUG [Forwarding sendKeysToElement on session a68226d3-9e5a-4a6f-abc4-8051288c1b7f to remote] http.headers 127 - http-outgoing-63 &lt;&lt; server: httpd.js
08-01-2019 22:42:00 LoggingManagedHttpClientConnection.java DEBUG [Forwarding sendKeysToElement on session a68226d3-9e5a-4a6f-abc4-8051288c1b7f to remote] http.headers 127 - http-outgoing-63 &lt;&lt; date: Thu, 01 Aug 2019 17:12:00 GMT
08-01-2019 22:42:00 Wire.java DEBUG [Forwarding sendKeysToElement on session a68226d3-9e5a-4a6f-abc4-8051288c1b7f to remote] http.wire 86 - http-outgoing-63 &lt;&lt; &quot;{&quot;name&quot;:&quot;sendKeysToElement&quot;,&quot;sessionId&quot;:&quot;a68226d3-9e5a-4a6f-abc4-8051288c1b7f&quot;,&quot;status&quot;:0,&quot;value&quot;:&quot;&quot;}&quot;
08-01-2019 22:42:00 LoggingManagedHttpClientConnection.java DEBUG [Forwarding sendKeysToElement on session a68226d3-9e5a-4a6f-abc4-8051288c1b7f to remote] conn.DefaultManagedHttpClientConnection 81 - http-outgoing-63: Close connection
08-01-2019 22:42:00 ConnectionHolder.java DEBUG [Forwarding sendKeysToElement on session a68226d3-9e5a-4a6f-abc4-8051288c1b7f to remote] execchain.MainClientExec 103 - Connection discarded
08-01-2019 22:42:00 PoolingHttpClientConnectionManager.java DEBUG [Forwarding sendKeysToElement on session a68226d3-9e5a-4a6f-abc4-8051288c1b7f to remote] conn.PoolingHttpClientConnectionManager 320 - Connection released: [id: 63][route: {}-&gt;http://127.0.0.1:7056][total kept alive: 0; route allocated: 0 of 2000; total allocated: 0 of 2000]
08-01-2019 22:42:00 RequestAddCookies.java DEBUG [Forwarding findElement on session a68226d3-9e5a-4a6f-abc4-8051288c1b7f to remote] protocol.RequestAddCookies 122 - CookieSpec selected: default
08-01-2019 22:42:00 RequestAuthCache.java DEBUG [Forwarding findElement on session a68226d3-9e5a-4a6f-abc4-8051288c1b7f to remote] protocol.RequestAuthCache 76 - Auth cache not set in the context
08-01-2019 22:42:00 PoolingHttpClientConnectionManager.java DEBUG [Forwarding findElement on session a68226d3-9e5a-4a6f-abc4-8051288c1b7f to remote] conn.PoolingHttpClientConnectionManager 249 - Connection request: [route: {}-&gt;http://127.0.0.1:7056][total kept alive: 0; route allocated: 0 of 2000; total allocated: 0 of 2000]
08-01-2019 22:42:00 PoolingHttpClientConnectionManager.java DEBUG [Forwarding findElement on session a68226d3-9e5a-4a6f-abc4-8051288c1b7f to remote] conn.PoolingHttpClientConnectionManager 282 - Connection leased: [id: 64][route: {}-&gt;http://127.0.0.1:7056][total kept alive: 0; route allocated: 1 of 2000; total allocated: 1 of 2000]
08-01-2019 22:42:00 MainClientExec.java DEBUG [Forwarding findElement on session a68226d3-9e5a-4a6f-abc4-8051288c1b7f to remote] execchain.MainClientExec 234 - Opening connection {}-&gt;http://127.0.0.1:7056
08-01-2019 22:42:00 DefaultHttpClientConnectionOperator.java DEBUG [Forwarding findElement on session a68226d3-9e5a-4a6f-abc4-8051288c1b7f to remote] conn.DefaultHttpClientConnectionOperator 131 - Connecting to /127.0.0.1:7056
08-01-2019 22:42:00 DefaultHttpClientConnectionOperator.java DEBUG [Forwarding findElement on session a68226d3-9e5a-4a6f-abc4-8051288c1b7f to remote] conn.DefaultHttpClientConnectionOperator 138 - Connection established 127.0.0.1:56854&lt;-&gt;127.0.0.1:7056
08-01-2019 22:42:00 LoggingManagedHttpClientConnection.java DEBUG [Forwarding findElement on session a68226d3-9e5a-4a6f-abc4-8051288c1b7f to remote] conn.DefaultManagedHttpClientConnection 90 - http-outgoing-64: set socket timeout to 10800000
08-01-2019 22:42:00 MainClientExec.java DEBUG [Forwarding findElement on session a68226d3-9e5a-4a6f-abc4-8051288c1b7f to remote] execchain.MainClientExec 255 - Executing request POST /hub/session/a68226d3-9e5a-4a6f-abc4-8051288c1b7f/element HTTP/1.1
08-01-2019 22:42:00 MainClientExec.java DEBUG [Forwarding findElement on session a68226d3-9e5a-4a6f-abc4-8051288c1b7f to remote] execchain.MainClientExec 260 - Target auth state: UNCHALLENGED
08-01-2019 22:42:00 MainClientExec.java DEBUG [Forwarding findElement on session a68226d3-9e5a-4a6f-abc4-8051288c1b7f to remote] execchain.MainClientExec 266 - Proxy auth state: UNCHALLENGED
08-01-2019 22:42:00 LoggingManagedHttpClientConnection.java DEBUG [Forwarding findElement on session a68226d3-9e5a-4a6f-abc4-8051288c1b7f to remote] http.headers 135 - http-outgoing-64 &gt;&gt; POST /hub/session/a68226d3-9e5a-4a6f-abc4-8051288c1b7f/element HTTP/1.1
08-01-2019 22:42:00 LoggingManagedHttpClientConnection.java DEBUG [Forwarding findElement on session a68226d3-9e5a-4a6f-abc4-8051288c1b7f to remote] http.headers 138 - http-outgoing-64 &gt;&gt; Content-Type: application/json; charset=utf-8
08-01-2019 22:42:00 LoggingManagedHttpClientConnection.java DEBUG [Forwarding findElement on session a68226d3-9e5a-4a6f-abc4-8051288c1b7f to remote] http.headers 138 - http-outgoing-64 &gt;&gt; Content-Length: 32
08-01-2019 22:42:00 LoggingManagedHttpClientConnection.java DEBUG [Forwarding findElement on session a68226d3-9e5a-4a6f-abc4-8051288c1b7f to remote] http.headers 138 - http-outgoing-64 &gt;&gt; Host: 127.0.0.1:7056
08-01-2019 22:42:00 LoggingManagedHttpClientConnection.java DEBUG [Forwarding findElement on session a68226d3-9e5a-4a6f-abc4-8051288c1b7f to remote] http.headers 138 - http-outgoing-64 &gt;&gt; Connection: Keep-Alive
08-01-2019 22:42:00 LoggingManagedHttpClientConnection.java DEBUG [Forwarding findElement on session a68226d3-9e5a-4a6f-abc4-8051288c1b7f to remote] http.headers 138 - http-outgoing-64 &gt;&gt; User-Agent: Apache-HttpClient/4.5.1 (Java/1.8.0_101)
08-01-2019 22:42:00 LoggingManagedHttpClientConnection.java DEBUG [Forwarding findElement on session a68226d3-9e5a-4a6f-abc4-8051288c1b7f to remote] http.headers 138 - http-outgoing-64 &gt;&gt; Accept-Encoding: gzip,deflate
08-01-2019 22:42:00 Wire.java DEBUG [Forwarding findElement on session a68226d3-9e5a-4a6f-abc4-8051288c1b7f to remote] http.wire 72 - http-outgoing-64 &gt;&gt; &quot;POST /hub/session/a68226d3-9e5a-4a6f-abc4-8051288c1b7f/element HTTP/1.1[\r][\n]&quot;
08-01-2019 22:42:00 Wire.java DEBUG [Forwarding findElement on session a68226d3-9e5a-4a6f-abc4-8051288c1b7f to remote] http.wire 72 - http-outgoing-64 &gt;&gt; &quot;Content-Type: application/json; charset=utf-8[\r][\n]&quot;
08-01-2019 22:42:00 Wire.java DEBUG [Forwarding findElement on session a68226d3-9e5a-4a6f-abc4-8051288c1b7f to remote] http.wire 72 - http-outgoing-64 &gt;&gt; &quot;Content-Length: 32[\r][\n]&quot;
08-01-2019 22:42:00 Wire.java DEBUG [Forwarding findElement on session a68226d3-9e5a-4a6f-abc4-8051288c1b7f to remote] http.wire 72 - http-outgoing-64 &gt;&gt; &quot;Host: 127.0.0.1:7056[\r][\n]&quot;
08-01-2019 22:42:00 Wire.java DEBUG [Forwarding findElement on session a68226d3-9e5a-4a6f-abc4-8051288c1b7f to remote] http.wire 72 - http-outgoing-64 &gt;&gt; &quot;Connection: Keep-Alive[\r][\n]&quot;
08-01-2019 22:42:00 Wire.java DEBUG [Forwarding findElement on session a68226d3-9e5a-4a6f-abc4-8051288c1b7f to remote] http.wire 72 - http-outgoing-64 &gt;&gt; &quot;User-Agent: Apache-HttpClient/4.5.1 (Java/1.8.0_101)[\r][\n]&quot;
08-01-2019 22:42:00 Wire.java DEBUG [Forwarding findElement on session a68226d3-9e5a-4a6f-abc4-8051288c1b7f to remote] http.wire 72 - http-outgoing-64 &gt;&gt; &quot;Accept-Encoding: gzip,deflate[\r][\n]&quot;
08-01-2019 22:42:00 Wire.java DEBUG [Forwarding findElement on session a68226d3-9e5a-4a6f-abc4-8051288c1b7f to remote] http.wire 72 - http-outgoing-64 &gt;&gt; &quot;[\r][\n]&quot;
08-01-2019 22:42:00 Wire.java DEBUG [Forwarding findElement on session a68226d3-9e5a-4a6f-abc4-8051288c1b7f to remote] http.wire 86 - http-outgoing-64 &gt;&gt; &quot;{&quot;using&quot;:&quot;name&quot;,&quot;value&quot;:&quot;email&quot;}&quot;
08-01-2019 22:42:00 Wire.java DEBUG [Forwarding findElement on session a68226d3-9e5a-4a6f-abc4-8051288c1b7f to remote] http.wire 72 - http-outgoing-64 &lt;&lt; &quot;HTTP/1.1 200 OK[\r][\n]&quot;
08-01-2019 22:42:00 Wire.java DEBUG [Forwarding findElement on session a68226d3-9e5a-4a6f-abc4-8051288c1b7f to remote] http.wire 72 - http-outgoing-64 &lt;&lt; &quot;content-type: application/json; charset=UTF-8[\r][\n]&quot;
08-01-2019 22:42:00 Wire.java DEBUG [Forwarding findElement on session a68226d3-9e5a-4a6f-abc4-8051288c1b7f to remote] http.wire 72 - http-outgoing-64 &lt;&lt; &quot;connection: close[\r][\n]&quot;
08-01-2019 22:42:00 Wire.java DEBUG [Forwarding findElement on session a68226d3-9e5a-4a6f-abc4-8051288c1b7f to remote] http.wire 72 - http-outgoing-64 &lt;&lt; &quot;content-length: 224[\r][\n]&quot;
08-01-2019 22:42:00 Wire.java DEBUG [Forwarding findElement on session a68226d3-9e5a-4a6f-abc4-8051288c1b7f to remote] http.wire 72 - http-outgoing-64 &lt;&lt; &quot;server: httpd.js[\r][\n]&quot;
08-01-2019 22:42:00 Wire.java DEBUG [Forwarding findElement on session a68226d3-9e5a-4a6f-abc4-8051288c1b7f to remote] http.wire 72 - http-outgoing-64 &lt;&lt; &quot;date: Thu, 01 Aug 2019 17:12:00 GMT[\r][\n]&quot;
08-01-2019 22:42:00 Wire.java DEBUG [Forwarding findElement on session a68226d3-9e5a-4a6f-abc4-8051288c1b7f to remote] http.wire 72 - http-outgoing-64 &lt;&lt; &quot;[\r][\n]&quot;
08-01-2019 22:42:00 LoggingManagedHttpClientConnection.java DEBUG [Forwarding findElement on session a68226d3-9e5a-4a6f-abc4-8051288c1b7f to remote] http.headers 124 - http-outgoing-64 &lt;&lt; HTTP/1.1 200 OK
08-01-2019 22:42:00 LoggingManagedHttpClientConnection.java DEBUG [Forwarding findElement on session a68226d3-9e5a-4a6f-abc4-8051288c1b7f to remote] http.headers 127 - http-outgoing-64 &lt;&lt; content-type: application/json; charset=UTF-8
08-01-2019 22:42:00 LoggingManagedHttpClientConnection.java DEBUG [Forwarding findElement on session a68226d3-9e5a-4a6f-abc4-8051288c1b7f to remote] http.headers 127 - http-outgoing-64 &lt;&lt; connection: close
08-01-2019 22:42:00 LoggingManagedHttpClientConnection.java DEBUG [Forwarding findElement on session a68226d3-9e5a-4a6f-abc4-8051288c1b7f to remote] http.headers 127 - http-outgoing-64 &lt;&lt; content-length: 224
08-01-2019 22:42:00 LoggingManagedHttpClientConnection.java DEBUG [Forwarding findElement on session a68226d3-9e5a-4a6f-abc4-8051288c1b7f to remote] http.headers 127 - http-outgoing-64 &lt;&lt; server: httpd.js
08-01-2019 22:42:00 LoggingManagedHttpClientConnection.java DEBUG [Forwarding findElement on session a68226d3-9e5a-4a6f-abc4-8051288c1b7f to remote] http.headers 127 - http-outgoing-64 &lt;&lt; date: Thu, 01 Aug 2019 17:12:00 GMT
08-01-2019 22:42:00 Wire.java DEBUG [Forwarding findElement on session a68226d3-9e5a-4a6f-abc4-8051288c1b7f to remote] http.wire 86 - http-outgoing-64 &lt;&lt; &quot;{&quot;name&quot;:&quot;findElement&quot;,&quot;sessionId&quot;:&quot;a68226d3-9e5a-4a6f-abc4-8051288c1b7f&quot;,&quot;status&quot;:0,&quot;value&quot;:{&quot;ELEMENT&quot;:&quot;{55db8416-4a01-4158-a826-360d6831f4ad}&quot;,&quot;element-6066-11e4-a52e-4f735466cecf&quot;:&quot;{55db8416-4a01-4158-a826-360d6831f4ad}&quot;}}&quot;
08-01-2019 22:42:00 LoggingManagedHttpClientConnection.java DEBUG [Forwarding findElement on session a68226d3-9e5a-4a6f-abc4-8051288c1b7f to remote] conn.DefaultManagedHttpClientConnection 81 - http-outgoing-64: Close connection
08-01-2019 22:42:00 ConnectionHolder.java DEBUG [Forwarding findElement on session a68226d3-9e5a-4a6f-abc4-8051288c1b7f to remote] execchain.MainClientExec 103 - Connection discarded
08-01-2019 22:42:00 PoolingHttpClientConnectionManager.java DEBUG [Forwarding findElement on session a68226d3-9e5a-4a6f-abc4-8051288c1b7f to remote] conn.PoolingHttpClientConnectionManager 320 - Connection released: [id: 64][route: {}-&gt;http://127.0.0.1:7056][total kept alive: 0; route allocated: 0 of 2000; total allocated: 0 of 2000]
08-01-2019 22:42:00 RequestAddCookies.java DEBUG [Forwarding sendKeysToElement on session a68226d3-9e5a-4a6f-abc4-8051288c1b7f to remote] protocol.RequestAddCookies 122 - CookieSpec selected: default
08-01-2019 22:42:00 RequestAuthCache.java DEBUG [Forwarding sendKeysToElement on session a68226d3-9e5a-4a6f-abc4-8051288c1b7f to remote] protocol.RequestAuthCache 76 - Auth cache not set in the context
08-01-2019 22:42:00 PoolingHttpClientConnectionManager.java DEBUG [Forwarding sendKeysToElement on session a68226d3-9e5a-4a6f-abc4-8051288c1b7f to remote] conn.PoolingHttpClientConnectionManager 249 - Connection request: [route: {}-&gt;http://127.0.0.1:7056][total kept alive: 0; route allocated: 0 of 2000; total allocated: 0 of 2000]
08-01-2019 22:42:00 PoolingHttpClientConnectionManager.java DEBUG [Forwarding sendKeysToElement on session a68226d3-9e5a-4a6f-abc4-8051288c1b7f to remote] conn.PoolingHttpClientConnectionManager 282 - Connection leased: [id: 65][route: {}-&gt;http://127.0.0.1:7056][total kept alive: 0; route allocated: 1 of 2000; total allocated: 1 of 2000]
08-01-2019 22:42:00 MainClientExec.java DEBUG [Forwarding sendKeysToElement on session a68226d3-9e5a-4a6f-abc4-8051288c1b7f to remote] execchain.MainClientExec 234 - Opening connection {}-&gt;http://127.0.0.1:7056
08-01-2019 22:42:00 DefaultHttpClientConnectionOperator.java DEBUG [Forwarding sendKeysToElement on session a68226d3-9e5a-4a6f-abc4-8051288c1b7f to remote] conn.DefaultHttpClientConnectionOperator 131 - Connecting to /127.0.0.1:7056
08-01-2019 22:42:00 DefaultHttpClientConnectionOperator.java DEBUG [Forwarding sendKeysToElement on session a68226d3-9e5a-4a6f-abc4-8051288c1b7f to remote] conn.DefaultHttpClientConnectionOperator 138 - Connection established 127.0.0.1:56855&lt;-&gt;127.0.0.1:7056
08-01-2019 22:42:00 LoggingManagedHttpClientConnection.java DEBUG [Forwarding sendKeysToElement on session a68226d3-9e5a-4a6f-abc4-8051288c1b7f to remote] conn.DefaultManagedHttpClientConnection 90 - http-outgoing-65: set socket timeout to 10800000
08-01-2019 22:42:00 MainClientExec.java DEBUG [Forwarding sendKeysToElement on session a68226d3-9e5a-4a6f-abc4-8051288c1b7f to remote] execchain.MainClientExec 255 - Executing request POST /hub/session/a68226d3-9e5a-4a6f-abc4-8051288c1b7f/element/%7B55db8416-4a01-4158-a826-360d6831f4ad%7D/value HTTP/1.1
08-01-2019 22:42:00 MainClientExec.java DEBUG [Forwarding sendKeysToElement on session a68226d3-9e5a-4a6f-abc4-8051288c1b7f to remote] execchain.MainClientExec 260 - Target auth state: UNCHALLENGED
08-01-2019 22:42:00 MainClientExec.java DEBUG [Forwarding sendKeysToElement on session a68226d3-9e5a-4a6f-abc4-8051288c1b7f to remote] execchain.MainClientExec 266 - Proxy auth state: UNCHALLENGED
08-01-2019 22:42:00 LoggingManagedHttpClientConnection.java DEBUG [Forwarding sendKeysToElement on session a68226d3-9e5a-4a6f-abc4-8051288c1b7f to remote] http.headers 135 - http-outgoing-65 &gt;&gt; POST /hub/session/a68226d3-9e5a-4a6f-abc4-8051288c1b7f/element/%7B55db8416-4a01-4158-a826-360d6831f4ad%7D/value HTTP/1.1
08-01-2019 22:42:00 LoggingManagedHttpClientConnection.java DEBUG [Forwarding sendKeysToElement on session a68226d3-9e5a-4a6f-abc4-8051288c1b7f to remote] http.headers 138 - http-outgoing-65 &gt;&gt; Content-Type: application/json; charset=utf-8
08-01-2019 22:42:00 LoggingManagedHttpClientConnection.java DEBUG [Forwarding sendKeysToElement on session a68226d3-9e5a-4a6f-abc4-8051288c1b7f to remote] http.headers 138 - http-outgoing-65 &gt;&gt; Content-Length: 87
08-01-2019 22:42:00 LoggingManagedHttpClientConnection.java DEBUG [Forwarding sendKeysToElement on session a68226d3-9e5a-4a6f-abc4-8051288c1b7f to remote] http.headers 138 - http-outgoing-65 &gt;&gt; Host: 127.0.0.1:7056
08-01-2019 22:42:00 LoggingManagedHttpClientConnection.java DEBUG [Forwarding sendKeysToElement on session a68226d3-9e5a-4a6f-abc4-8051288c1b7f to remote] http.headers 138 - http-outgoing-65 &gt;&gt; Connection: Keep-Alive
08-01-2019 22:42:00 LoggingManagedHttpClientConnection.java DEBUG [Forwarding sendKeysToElement on session a68226d3-9e5a-4a6f-abc4-8051288c1b7f to remote] http.headers 138 - http-outgoing-65 &gt;&gt; User-Agent: Apache-HttpClient/4.5.1 (Java/1.8.0_101)
08-01-2019 22:42:00 LoggingManagedHttpClientConnection.java DEBUG [Forwarding sendKeysToElement on session a68226d3-9e5a-4a6f-abc4-8051288c1b7f to remote] http.headers 138 - http-outgoing-65 &gt;&gt; Accept-Encoding: gzip,deflate
08-01-2019 22:42:00 Wire.java DEBUG [Forwarding sendKeysToElement on session a68226d3-9e5a-4a6f-abc4-8051288c1b7f to remote] http.wire 72 - http-outgoing-65 &gt;&gt; &quot;POST /hub/session/a68226d3-9e5a-4a6f-abc4-8051288c1b7f/element/%7B55db8416-4a01-4158-a826-360d6831f4ad%7D/value HTTP/1.1[\r][\n]&quot;
08-01-2019 22:42:00 Wire.java DEBUG [Forwarding sendKeysToElement on session a68226d3-9e5a-4a6f-abc4-8051288c1b7f to remote] http.wire 72 - http-outgoing-65 &gt;&gt; &quot;Content-Type: application/json; charset=utf-8[\r][\n]&quot;
08-01-2019 22:42:00 Wire.java DEBUG [Forwarding sendKeysToElement on session a68226d3-9e5a-4a6f-abc4-8051288c1b7f to remote] http.wire 72 - http-outgoing-65 &gt;&gt; &quot;Content-Length: 87[\r][\n]&quot;
08-01-2019 22:42:00 Wire.java DEBUG [Forwarding sendKeysToElement on session a68226d3-9e5a-4a6f-abc4-8051288c1b7f to remote] http.wire 72 - http-outgoing-65 &gt;&gt; &quot;Host: 127.0.0.1:7056[\r][\n]&quot;
08-01-2019 22:42:00 Wire.java DEBUG [Forwarding sendKeysToElement on session a68226d3-9e5a-4a6f-abc4-8051288c1b7f to remote] http.wire 72 - http-outgoing-65 &gt;&gt; &quot;Connection: Keep-Alive[\r][\n]&quot;
08-01-2019 22:42:00 Wire.java DEBUG [Forwarding sendKeysToElement on session a68226d3-9e5a-4a6f-abc4-8051288c1b7f to remote] http.wire 72 - http-outgoing-65 &gt;&gt; &quot;User-Agent: Apache-HttpClient/4.5.1 (Java/1.8.0_101)[\r][\n]&quot;
08-01-2019 22:42:00 Wire.java DEBUG [Forwarding sendKeysToElement on session a68226d3-9e5a-4a6f-abc4-8051288c1b7f to remote] http.wire 72 - http-outgoing-65 &gt;&gt; &quot;Accept-Encoding: gzip,deflate[\r][\n]&quot;
08-01-2019 22:42:00 Wire.java DEBUG [Forwarding sendKeysToElement on session a68226d3-9e5a-4a6f-abc4-8051288c1b7f to remote] http.wire 72 - http-outgoing-65 &gt;&gt; &quot;[\r][\n]&quot;
08-01-2019 22:42:00 Wire.java DEBUG [Forwarding sendKeysToElement on session a68226d3-9e5a-4a6f-abc4-8051288c1b7f to remote] http.wire 86 - http-outgoing-65 &gt;&gt; &quot;{&quot;id&quot;:&quot;{55db8416-4a01-4158-a826-360d6831f4ad}&quot;,&quot;value&quot;:[&quot;niteshwayafalkar2@yahoo.com&quot;]}&quot;
08-01-2019 22:42:01 Wire.java DEBUG [Forwarding sendKeysToElement on session a68226d3-9e5a-4a6f-abc4-8051288c1b7f to remote] http.wire 72 - http-outgoing-65 &lt;&lt; &quot;HTTP/1.1 200 OK[\r][\n]&quot;
08-01-2019 22:42:01 Wire.java DEBUG [Forwarding sendKeysToElement on session a68226d3-9e5a-4a6f-abc4-8051288c1b7f to remote] http.wire 72 - http-outgoing-65 &lt;&lt; &quot;content-type: application/json; charset=UTF-8[\r][\n]&quot;
08-01-2019 22:42:01 Wire.java DEBUG [Forwarding sendKeysToElement on session a68226d3-9e5a-4a6f-abc4-8051288c1b7f to remote] http.wire 72 - http-outgoing-65 &lt;&lt; &quot;connection: close[\r][\n]&quot;
08-01-2019 22:42:01 Wire.java DEBUG [Forwarding sendKeysToElement on session a68226d3-9e5a-4a6f-abc4-8051288c1b7f to remote] http.wire 72 - http-outgoing-65 &lt;&lt; &quot;content-length: 101[\r][\n]&quot;
08-01-2019 22:42:01 Wire.java DEBUG [Forwarding sendKeysToElement on session a68226d3-9e5a-4a6f-abc4-8051288c1b7f to remote] http.wire 72 - http-outgoing-65 &lt;&lt; &quot;server: httpd.js[\r][\n]&quot;
08-01-2019 22:42:01 Wire.java DEBUG [Forwarding sendKeysToElement on session a68226d3-9e5a-4a6f-abc4-8051288c1b7f to remote] http.wire 72 - http-outgoing-65 &lt;&lt; &quot;date: Thu, 01 Aug 2019 17:12:01 GMT[\r][\n]&quot;
08-01-2019 22:42:01 Wire.java DEBUG [Forwarding sendKeysToElement on session a68226d3-9e5a-4a6f-abc4-8051288c1b7f to remote] http.wire 72 - http-outgoing-65 &lt;&lt; &quot;[\r][\n]&quot;
08-01-2019 22:42:01 LoggingManagedHttpClientConnection.java DEBUG [Forwarding sendKeysToElement on session a68226d3-9e5a-4a6f-abc4-8051288c1b7f to remote] http.headers 124 - http-outgoing-65 &lt;&lt; HTTP/1.1 200 OK
08-01-2019 22:42:01 LoggingManagedHttpClientConnection.java DEBUG [Forwarding sendKeysToElement on session a68226d3-9e5a-4a6f-abc4-8051288c1b7f to remote] http.headers 127 - http-outgoing-65 &lt;&lt; content-type: application/json; charset=UTF-8
08-01-2019 22:42:01 LoggingManagedHttpClientConnection.java DEBUG [Forwarding sendKeysToElement on session a68226d3-9e5a-4a6f-abc4-8051288c1b7f to remote] http.headers 127 - http-outgoing-65 &lt;&lt; connection: close
08-01-2019 22:42:01 LoggingManagedHttpClientConnection.java DEBUG [Forwarding sendKeysToElement on session a68226d3-9e5a-4a6f-abc4-8051288c1b7f to remote] http.headers 127 - http-outgoing-65 &lt;&lt; content-length: 101
08-01-2019 22:42:01 LoggingManagedHttpClientConnection.java DEBUG [Forwarding sendKeysToElement on session a68226d3-9e5a-4a6f-abc4-8051288c1b7f to remote] http.headers 127 - http-outgoing-65 &lt;&lt; server: httpd.js
08-01-2019 22:42:01 LoggingManagedHttpClientConnection.java DEBUG [Forwarding sendKeysToElement on session a68226d3-9e5a-4a6f-abc4-8051288c1b7f to remote] http.headers 127 - http-outgoing-65 &lt;&lt; date: Thu, 01 Aug 2019 17:12:01 GMT
08-01-2019 22:42:01 Wire.java DEBUG [Forwarding sendKeysToElement on session a68226d3-9e5a-4a6f-abc4-8051288c1b7f to remote] http.wire 86 - http-outgoing-65 &lt;&lt; &quot;{&quot;name&quot;:&quot;sendKeysToElement&quot;,&quot;sessionId&quot;:&quot;a68226d3-9e5a-4a6f-abc4-8051288c1b7f&quot;,&quot;status&quot;:0,&quot;value&quot;:&quot;&quot;}&quot;
08-01-2019 22:42:01 LoggingManagedHttpClientConnection.java DEBUG [Forwarding sendKeysToElement on session a68226d3-9e5a-4a6f-abc4-8051288c1b7f to remote] conn.DefaultManagedHttpClientConnection 81 - http-outgoing-65: Close connection
08-01-2019 22:42:01 ConnectionHolder.java DEBUG [Forwarding sendKeysToElement on session a68226d3-9e5a-4a6f-abc4-8051288c1b7f to remote] execchain.MainClientExec 103 - Connection discarded
08-01-2019 22:42:01 PoolingHttpClientConnectionManager.java DEBUG [Forwarding sendKeysToElement on session a68226d3-9e5a-4a6f-abc4-8051288c1b7f to remote] conn.PoolingHttpClientConnectionManager 320 - Connection released: [id: 65][route: {}-&gt;http://127.0.0.1:7056][total kept alive: 0; route allocated: 0 of 2000; total allocated: 0 of 2000]
08-01-2019 22:42:01 RequestAddCookies.java DEBUG [Forwarding findElement on session a68226d3-9e5a-4a6f-abc4-8051288c1b7f to remote] protocol.RequestAddCookies 122 - CookieSpec selected: default
08-01-2019 22:42:01 RequestAuthCache.java DEBUG [Forwarding findElement on session a68226d3-9e5a-4a6f-abc4-8051288c1b7f to remote] protocol.RequestAuthCache 76 - Auth cache not set in the context
08-01-2019 22:42:01 PoolingHttpClientConnectionManager.java DEBUG [Forwarding findElement on session a68226d3-9e5a-4a6f-abc4-8051288c1b7f to remote] conn.PoolingHttpClientConnectionManager 249 - Connection request: [route: {}-&gt;http://127.0.0.1:7056][total kept alive: 0; route allocated: 0 of 2000; total allocated: 0 of 2000]
08-01-2019 22:42:01 PoolingHttpClientConnectionManager.java DEBUG [Forwarding findElement on session a68226d3-9e5a-4a6f-abc4-8051288c1b7f to remote] conn.PoolingHttpClientConnectionManager 282 - Connection leased: [id: 66][route: {}-&gt;http://127.0.0.1:7056][total kept alive: 0; route allocated: 1 of 2000; total allocated: 1 of 2000]
08-01-2019 22:42:01 MainClientExec.java DEBUG [Forwarding findElement on session a68226d3-9e5a-4a6f-abc4-8051288c1b7f to remote] execchain.MainClientExec 234 - Opening connection {}-&gt;http://127.0.0.1:7056
08-01-2019 22:42:01 DefaultHttpClientConnectionOperator.java DEBUG [Forwarding findElement on session a68226d3-9e5a-4a6f-abc4-8051288c1b7f to remote] conn.DefaultHttpClientConnectionOperator 131 - Connecting to /127.0.0.1:7056
08-01-2019 22:42:01 DefaultHttpClientConnectionOperator.java DEBUG [Forwarding findElement on session a68226d3-9e5a-4a6f-abc4-8051288c1b7f to remote] conn.DefaultHttpClientConnectionOperator 138 - Connection established 127.0.0.1:56856&lt;-&gt;127.0.0.1:7056
08-01-2019 22:42:01 LoggingManagedHttpClientConnection.java DEBUG [Forwarding findElement on session a68226d3-9e5a-4a6f-abc4-8051288c1b7f to remote] conn.DefaultManagedHttpClientConnection 90 - http-outgoing-66: set socket timeout to 10800000
08-01-2019 22:42:01 MainClientExec.java DEBUG [Forwarding findElement on session a68226d3-9e5a-4a6f-abc4-8051288c1b7f to remote] execchain.MainClientExec 255 - Executing request POST /hub/session/a68226d3-9e5a-4a6f-abc4-8051288c1b7f/element HTTP/1.1
08-01-2019 22:42:01 MainClientExec.java DEBUG [Forwarding findElement on session a68226d3-9e5a-4a6f-abc4-8051288c1b7f to remote] execchain.MainClientExec 260 - Target auth state: UNCHALLENGED
08-01-2019 22:42:01 MainClientExec.java DEBUG [Forwarding findElement on session a68226d3-9e5a-4a6f-abc4-8051288c1b7f to remote] execchain.MainClientExec 266 - Proxy auth state: UNCHALLENGED
08-01-2019 22:42:01 LoggingManagedHttpClientConnection.java DEBUG [Forwarding findElement on session a68226d3-9e5a-4a6f-abc4-8051288c1b7f to remote] http.headers 135 - http-outgoing-66 &gt;&gt; POST /hub/session/a68226d3-9e5a-4a6f-abc4-8051288c1b7f/element HTTP/1.1
08-01-2019 22:42:01 LoggingManagedHttpClientConnection.java DEBUG [Forwarding findElement on session a68226d3-9e5a-4a6f-abc4-8051288c1b7f to remote] http.headers 138 - http-outgoing-66 &gt;&gt; Content-Type: application/json; charset=utf-8
08-01-2019 22:42:01 LoggingManagedHttpClientConnection.java DEBUG [Forwarding findElement on session a68226d3-9e5a-4a6f-abc4-8051288c1b7f to remote] http.headers 138 - http-outgoing-66 &gt;&gt; Content-Length: 58
08-01-2019 22:42:01 LoggingManagedHttpClientConnection.java DEBUG [Forwarding findElement on session a68226d3-9e5a-4a6f-abc4-8051288c1b7f to remote] http.headers 138 - http-outgoing-66 &gt;&gt; Host: 127.0.0.1:7056
08-01-2019 22:42:01 LoggingManagedHttpClientConnection.java DEBUG [Forwarding findElement on session a68226d3-9e5a-4a6f-abc4-8051288c1b7f to remote] http.headers 138 - http-outgoing-66 &gt;&gt; Connection: Keep-Alive
08-01-2019 22:42:01 LoggingManagedHttpClientConnection.java DEBUG [Forwarding findElement on session a68226d3-9e5a-4a6f-abc4-8051288c1b7f to remote] http.headers 138 - http-outgoing-66 &gt;&gt; User-Agent: Apache-HttpClient/4.5.1 (Java/1.8.0_101)
08-01-2019 22:42:01 LoggingManagedHttpClientConnection.java DEBUG [Forwarding findElement on session a68226d3-9e5a-4a6f-abc4-8051288c1b7f to remote] http.headers 138 - http-outgoing-66 &gt;&gt; Accept-Encoding: gzip,deflate
08-01-2019 22:42:01 Wire.java DEBUG [Forwarding findElement on session a68226d3-9e5a-4a6f-abc4-8051288c1b7f to remote] http.wire 72 - http-outgoing-66 &gt;&gt; &quot;POST /hub/session/a68226d3-9e5a-4a6f-abc4-8051288c1b7f/element HTTP/1.1[\r][\n]&quot;
08-01-2019 22:42:01 Wire.java DEBUG [Forwarding findElement on session a68226d3-9e5a-4a6f-abc4-8051288c1b7f to remote] http.wire 72 - http-outgoing-66 &gt;&gt; &quot;Content-Type: application/json; charset=utf-8[\r][\n]&quot;
08-01-2019 22:42:01 Wire.java DEBUG [Forwarding findElement on session a68226d3-9e5a-4a6f-abc4-8051288c1b7f to remote] http.wire 72 - http-outgoing-66 &gt;&gt; &quot;Content-Length: 58[\r][\n]&quot;
08-01-2019 22:42:01 Wire.java DEBUG [Forwarding findElement on session a68226d3-9e5a-4a6f-abc4-8051288c1b7f to remote] http.wire 72 - http-outgoing-66 &gt;&gt; &quot;Host: 127.0.0.1:7056[\r][\n]&quot;
08-01-2019 22:42:01 Wire.java DEBUG [Forwarding findElement on session a68226d3-9e5a-4a6f-abc4-8051288c1b7f to remote] http.wire 72 - http-outgoing-66 &gt;&gt; &quot;Connection: Keep-Alive[\r][\n]&quot;
08-01-2019 22:42:01 Wire.java DEBUG [Forwarding findElement on session a68226d3-9e5a-4a6f-abc4-8051288c1b7f to remote] http.wire 72 - http-outgoing-66 &gt;&gt; &quot;User-Agent: Apache-HttpClient/4.5.1 (Java/1.8.0_101)[\r][\n]&quot;
08-01-2019 22:42:01 Wire.java DEBUG [Forwarding findElement on session a68226d3-9e5a-4a6f-abc4-8051288c1b7f to remote] http.wire 72 - http-outgoing-66 &gt;&gt; &quot;Accept-Encoding: gzip,deflate[\r][\n]&quot;
08-01-2019 22:42:01 Wire.java DEBUG [Forwarding findElement on session a68226d3-9e5a-4a6f-abc4-8051288c1b7f to remote] http.wire 72 - http-outgoing-66 &gt;&gt; &quot;[\r][\n]&quot;
08-01-2019 22:42:01 Wire.java DEBUG [Forwarding findElement on session a68226d3-9e5a-4a6f-abc4-8051288c1b7f to remote] http.wire 86 - http-outgoing-66 &gt;&gt; &quot;{&quot;using&quot;:&quot;xpath&quot;,&quot;value&quot;:&quot;//input[@name=&apos;email_confirm&apos;]&quot;}&quot;
08-01-2019 22:42:01 Wire.java DEBUG [Forwarding findElement on session a68226d3-9e5a-4a6f-abc4-8051288c1b7f to remote] http.wire 72 - http-outgoing-66 &lt;&lt; &quot;HTTP/1.1 200 OK[\r][\n]&quot;
08-01-2019 22:42:01 Wire.java DEBUG [Forwarding findElement on session a68226d3-9e5a-4a6f-abc4-8051288c1b7f to remote] http.wire 72 - http-outgoing-66 &lt;&lt; &quot;content-type: application/json; charset=UTF-8[\r][\n]&quot;
08-01-2019 22:42:01 Wire.java DEBUG [Forwarding findElement on session a68226d3-9e5a-4a6f-abc4-8051288c1b7f to remote] http.wire 72 - http-outgoing-66 &lt;&lt; &quot;connection: close[\r][\n]&quot;
08-01-2019 22:42:01 Wire.java DEBUG [Forwarding findElement on session a68226d3-9e5a-4a6f-abc4-8051288c1b7f to remote] http.wire 72 - http-outgoing-66 &lt;&lt; &quot;content-length: 224[\r][\n]&quot;
08-01-2019 22:42:01 Wire.java DEBUG [Forwarding findElement on session a68226d3-9e5a-4a6f-abc4-8051288c1b7f to remote] http.wire 72 - http-outgoing-66 &lt;&lt; &quot;server: httpd.js[\r][\n]&quot;
08-01-2019 22:42:01 Wire.java DEBUG [Forwarding findElement on session a68226d3-9e5a-4a6f-abc4-8051288c1b7f to remote] http.wire 72 - http-outgoing-66 &lt;&lt; &quot;date: Thu, 01 Aug 2019 17:12:01 GMT[\r][\n]&quot;
08-01-2019 22:42:01 Wire.java DEBUG [Forwarding findElement on session a68226d3-9e5a-4a6f-abc4-8051288c1b7f to remote] http.wire 72 - http-outgoing-66 &lt;&lt; &quot;[\r][\n]&quot;
08-01-2019 22:42:01 LoggingManagedHttpClientConnection.java DEBUG [Forwarding findElement on session a68226d3-9e5a-4a6f-abc4-8051288c1b7f to remote] http.headers 124 - http-outgoing-66 &lt;&lt; HTTP/1.1 200 OK
08-01-2019 22:42:01 LoggingManagedHttpClientConnection.java DEBUG [Forwarding findElement on session a68226d3-9e5a-4a6f-abc4-8051288c1b7f to remote] http.headers 127 - http-outgoing-66 &lt;&lt; content-type: application/json; charset=UTF-8
08-01-2019 22:42:01 LoggingManagedHttpClientConnection.java DEBUG [Forwarding findElement on session a68226d3-9e5a-4a6f-abc4-8051288c1b7f to remote] http.headers 127 - http-outgoing-66 &lt;&lt; connection: close
08-01-2019 22:42:01 LoggingManagedHttpClientConnection.java DEBUG [Forwarding findElement on session a68226d3-9e5a-4a6f-abc4-8051288c1b7f to remote] http.headers 127 - http-outgoing-66 &lt;&lt; content-length: 224
08-01-2019 22:42:01 LoggingManagedHttpClientConnection.java DEBUG [Forwarding findElement on session a68226d3-9e5a-4a6f-abc4-8051288c1b7f to remote] http.headers 127 - http-outgoing-66 &lt;&lt; server: httpd.js
08-01-2019 22:42:01 LoggingManagedHttpClientConnection.java DEBUG [Forwarding findElement on session a68226d3-9e5a-4a6f-abc4-8051288c1b7f to remote] http.headers 127 - http-outgoing-66 &lt;&lt; date: Thu, 01 Aug 2019 17:12:01 GMT
08-01-2019 22:42:01 Wire.java DEBUG [Forwarding findElement on session a68226d3-9e5a-4a6f-abc4-8051288c1b7f to remote] http.wire 86 - http-outgoing-66 &lt;&lt; &quot;{&quot;name&quot;:&quot;findElement&quot;,&quot;sessionId&quot;:&quot;a68226d3-9e5a-4a6f-abc4-8051288c1b7f&quot;,&quot;status&quot;:0,&quot;value&quot;:{&quot;ELEMENT&quot;:&quot;{e3ec80f7-d1f6-46df-b5f0-58c3d0834ceb}&quot;,&quot;element-6066-11e4-a52e-4f735466cecf&quot;:&quot;{e3ec80f7-d1f6-46df-b5f0-58c3d0834ceb}&quot;}}&quot;
08-01-2019 22:42:01 LoggingManagedHttpClientConnection.java DEBUG [Forwarding findElement on session a68226d3-9e5a-4a6f-abc4-8051288c1b7f to remote] conn.DefaultManagedHttpClientConnection 81 - http-outgoing-66: Close connection
08-01-2019 22:42:01 ConnectionHolder.java DEBUG [Forwarding findElement on session a68226d3-9e5a-4a6f-abc4-8051288c1b7f to remote] execchain.MainClientExec 103 - Connection discarded
08-01-2019 22:42:01 PoolingHttpClientConnectionManager.java DEBUG [Forwarding findElement on session a68226d3-9e5a-4a6f-abc4-8051288c1b7f to remote] conn.PoolingHttpClientConnectionManager 320 - Connection released: [id: 66][route: {}-&gt;http://127.0.0.1:7056][total kept alive: 0; route allocated: 0 of 2000; total allocated: 0 of 2000]
08-01-2019 22:42:01 RequestAddCookies.java DEBUG [Forwarding sendKeysToElement on session a68226d3-9e5a-4a6f-abc4-8051288c1b7f to remote] protocol.RequestAddCookies 122 - CookieSpec selected: default
08-01-2019 22:42:01 RequestAuthCache.java DEBUG [Forwarding sendKeysToElement on session a68226d3-9e5a-4a6f-abc4-8051288c1b7f to remote] protocol.RequestAuthCache 76 - Auth cache not set in the context
08-01-2019 22:42:01 PoolingHttpClientConnectionManager.java DEBUG [Forwarding sendKeysToElement on session a68226d3-9e5a-4a6f-abc4-8051288c1b7f to remote] conn.PoolingHttpClientConnectionManager 249 - Connection request: [route: {}-&gt;http://127.0.0.1:7056][total kept alive: 0; route allocated: 0 of 2000; total allocated: 0 of 2000]
08-01-2019 22:42:01 PoolingHttpClientConnectionManager.java DEBUG [Forwarding sendKeysToElement on session a68226d3-9e5a-4a6f-abc4-8051288c1b7f to remote] conn.PoolingHttpClientConnectionManager 282 - Connection leased: [id: 67][route: {}-&gt;http://127.0.0.1:7056][total kept alive: 0; route allocated: 1 of 2000; total allocated: 1 of 2000]
08-01-2019 22:42:01 MainClientExec.java DEBUG [Forwarding sendKeysToElement on session a68226d3-9e5a-4a6f-abc4-8051288c1b7f to remote] execchain.MainClientExec 234 - Opening connection {}-&gt;http://127.0.0.1:7056
08-01-2019 22:42:01 DefaultHttpClientConnectionOperator.java DEBUG [Forwarding sendKeysToElement on session a68226d3-9e5a-4a6f-abc4-8051288c1b7f to remote] conn.DefaultHttpClientConnectionOperator 131 - Connecting to /127.0.0.1:7056
08-01-2019 22:42:01 DefaultHttpClientConnectionOperator.java DEBUG [Forwarding sendKeysToElement on session a68226d3-9e5a-4a6f-abc4-8051288c1b7f to remote] conn.DefaultHttpClientConnectionOperator 138 - Connection established 127.0.0.1:56857&lt;-&gt;127.0.0.1:7056
08-01-2019 22:42:01 LoggingManagedHttpClientConnection.java DEBUG [Forwarding sendKeysToElement on session a68226d3-9e5a-4a6f-abc4-8051288c1b7f to remote] conn.DefaultManagedHttpClientConnection 90 - http-outgoing-67: set socket timeout to 10800000
08-01-2019 22:42:01 MainClientExec.java DEBUG [Forwarding sendKeysToElement on session a68226d3-9e5a-4a6f-abc4-8051288c1b7f to remote] execchain.MainClientExec 255 - Executing request POST /hub/session/a68226d3-9e5a-4a6f-abc4-8051288c1b7f/element/%7Be3ec80f7-d1f6-46df-b5f0-58c3d0834ceb%7D/value HTTP/1.1
08-01-2019 22:42:01 MainClientExec.java DEBUG [Forwarding sendKeysToElement on session a68226d3-9e5a-4a6f-abc4-8051288c1b7f to remote] execchain.MainClientExec 260 - Target auth state: UNCHALLENGED
08-01-2019 22:42:01 MainClientExec.java DEBUG [Forwarding sendKeysToElement on session a68226d3-9e5a-4a6f-abc4-8051288c1b7f to remote] execchain.MainClientExec 266 - Proxy auth state: UNCHALLENGED
08-01-2019 22:42:01 LoggingManagedHttpClientConnection.java DEBUG [Forwarding sendKeysToElement on session a68226d3-9e5a-4a6f-abc4-8051288c1b7f to remote] http.headers 135 - http-outgoing-67 &gt;&gt; POST /hub/session/a68226d3-9e5a-4a6f-abc4-8051288c1b7f/element/%7Be3ec80f7-d1f6-46df-b5f0-58c3d0834ceb%7D/value HTTP/1.1
08-01-2019 22:42:01 LoggingManagedHttpClientConnection.java DEBUG [Forwarding sendKeysToElement on session a68226d3-9e5a-4a6f-abc4-8051288c1b7f to remote] http.headers 138 - http-outgoing-67 &gt;&gt; Content-Type: application/json; charset=utf-8
08-01-2019 22:42:01 LoggingManagedHttpClientConnection.java DEBUG [Forwarding sendKeysToElement on session a68226d3-9e5a-4a6f-abc4-8051288c1b7f to remote] http.headers 138 - http-outgoing-67 &gt;&gt; Content-Length: 87
08-01-2019 22:42:01 LoggingManagedHttpClientConnection.java DEBUG [Forwarding sendKeysToElement on session a68226d3-9e5a-4a6f-abc4-8051288c1b7f to remote] http.headers 138 - http-outgoing-67 &gt;&gt; Host: 127.0.0.1:7056
08-01-2019 22:42:01 LoggingManagedHttpClientConnection.java DEBUG [Forwarding sendKeysToElement on session a68226d3-9e5a-4a6f-abc4-8051288c1b7f to remote] http.headers 138 - http-outgoing-67 &gt;&gt; Connection: Keep-Alive
08-01-2019 22:42:01 LoggingManagedHttpClientConnection.java DEBUG [Forwarding sendKeysToElement on session a68226d3-9e5a-4a6f-abc4-8051288c1b7f to remote] http.headers 138 - http-outgoing-67 &gt;&gt; User-Agent: Apache-HttpClient/4.5.1 (Java/1.8.0_101)
08-01-2019 22:42:01 LoggingManagedHttpClientConnection.java DEBUG [Forwarding sendKeysToElement on session a68226d3-9e5a-4a6f-abc4-8051288c1b7f to remote] http.headers 138 - http-outgoing-67 &gt;&gt; Accept-Encoding: gzip,deflate
08-01-2019 22:42:01 Wire.java DEBUG [Forwarding sendKeysToElement on session a68226d3-9e5a-4a6f-abc4-8051288c1b7f to remote] http.wire 72 - http-outgoing-67 &gt;&gt; &quot;POST /hub/session/a68226d3-9e5a-4a6f-abc4-8051288c1b7f/element/%7Be3ec80f7-d1f6-46df-b5f0-58c3d0834ceb%7D/value HTTP/1.1[\r][\n]&quot;
08-01-2019 22:42:01 Wire.java DEBUG [Forwarding sendKeysToElement on session a68226d3-9e5a-4a6f-abc4-8051288c1b7f to remote] http.wire 72 - http-outgoing-67 &gt;&gt; &quot;Content-Type: application/json; charset=utf-8[\r][\n]&quot;
08-01-2019 22:42:01 Wire.java DEBUG [Forwarding sendKeysToElement on session a68226d3-9e5a-4a6f-abc4-8051288c1b7f to remote] http.wire 72 - http-outgoing-67 &gt;&gt; &quot;Content-Length: 87[\r][\n]&quot;
08-01-2019 22:42:01 Wire.java DEBUG [Forwarding sendKeysToElement on session a68226d3-9e5a-4a6f-abc4-8051288c1b7f to remote] http.wire 72 - http-outgoing-67 &gt;&gt; &quot;Host: 127.0.0.1:7056[\r][\n]&quot;
08-01-2019 22:42:01 Wire.java DEBUG [Forwarding sendKeysToElement on session a68226d3-9e5a-4a6f-abc4-8051288c1b7f to remote] http.wire 72 - http-outgoing-67 &gt;&gt; &quot;Connection: Keep-Alive[\r][\n]&quot;
08-01-2019 22:42:01 Wire.java DEBUG [Forwarding sendKeysToElement on session a68226d3-9e5a-4a6f-abc4-8051288c1b7f to remote] http.wire 72 - http-outgoing-67 &gt;&gt; &quot;User-Agent: Apache-HttpClient/4.5.1 (Java/1.8.0_101)[\r][\n]&quot;
08-01-2019 22:42:01 Wire.java DEBUG [Forwarding sendKeysToElement on session a68226d3-9e5a-4a6f-abc4-8051288c1b7f to remote] http.wire 72 - http-outgoing-67 &gt;&gt; &quot;Accept-Encoding: gzip,deflate[\r][\n]&quot;
08-01-2019 22:42:01 Wire.java DEBUG [Forwarding sendKeysToElement on session a68226d3-9e5a-4a6f-abc4-8051288c1b7f to remote] http.wire 72 - http-outgoing-67 &gt;&gt; &quot;[\r][\n]&quot;
08-01-2019 22:42:01 Wire.java DEBUG [Forwarding sendKeysToElement on session a68226d3-9e5a-4a6f-abc4-8051288c1b7f to remote] http.wire 86 - http-outgoing-67 &gt;&gt; &quot;{&quot;id&quot;:&quot;{e3ec80f7-d1f6-46df-b5f0-58c3d0834ceb}&quot;,&quot;value&quot;:[&quot;niteshwayafalkar2@yahoo.com&quot;]}&quot;
08-01-2019 22:42:01 Wire.java DEBUG [Forwarding sendKeysToElement on session a68226d3-9e5a-4a6f-abc4-8051288c1b7f to remote] http.wire 72 - http-outgoing-67 &lt;&lt; &quot;HTTP/1.1 200 OK[\r][\n]&quot;
08-01-2019 22:42:01 Wire.java DEBUG [Forwarding sendKeysToElement on session a68226d3-9e5a-4a6f-abc4-8051288c1b7f to remote] http.wire 72 - http-outgoing-67 &lt;&lt; &quot;content-type: application/json; charset=UTF-8[\r][\n]&quot;
08-01-2019 22:42:01 Wire.java DEBUG [Forwarding sendKeysToElement on session a68226d3-9e5a-4a6f-abc4-8051288c1b7f to remote] http.wire 72 - http-outgoing-67 &lt;&lt; &quot;connection: close[\r][\n]&quot;
08-01-2019 22:42:01 Wire.java DEBUG [Forwarding sendKeysToElement on session a68226d3-9e5a-4a6f-abc4-8051288c1b7f to remote] http.wire 72 - http-outgoing-67 &lt;&lt; &quot;content-length: 101[\r][\n]&quot;
08-01-2019 22:42:01 Wire.java DEBUG [Forwarding sendKeysToElement on session a68226d3-9e5a-4a6f-abc4-8051288c1b7f to remote] http.wire 72 - http-outgoing-67 &lt;&lt; &quot;server: httpd.js[\r][\n]&quot;
08-01-2019 22:42:01 Wire.java DEBUG [Forwarding sendKeysToElement on session a68226d3-9e5a-4a6f-abc4-8051288c1b7f to remote] http.wire 72 - http-outgoing-67 &lt;&lt; &quot;date: Thu, 01 Aug 2019 17:12:01 GMT[\r][\n]&quot;
08-01-2019 22:42:01 Wire.java DEBUG [Forwarding sendKeysToElement on session a68226d3-9e5a-4a6f-abc4-8051288c1b7f to remote] http.wire 72 - http-outgoing-67 &lt;&lt; &quot;[\r][\n]&quot;
08-01-2019 22:42:01 LoggingManagedHttpClientConnection.java DEBUG [Forwarding sendKeysToElement on session a68226d3-9e5a-4a6f-abc4-8051288c1b7f to remote] http.headers 124 - http-outgoing-67 &lt;&lt; HTTP/1.1 200 OK
08-01-2019 22:42:01 LoggingManagedHttpClientConnection.java DEBUG [Forwarding sendKeysToElement on session a68226d3-9e5a-4a6f-abc4-8051288c1b7f to remote] http.headers 127 - http-outgoing-67 &lt;&lt; content-type: application/json; charset=UTF-8
08-01-2019 22:42:01 LoggingManagedHttpClientConnection.java DEBUG [Forwarding sendKeysToElement on session a68226d3-9e5a-4a6f-abc4-8051288c1b7f to remote] http.headers 127 - http-outgoing-67 &lt;&lt; connection: close
08-01-2019 22:42:01 LoggingManagedHttpClientConnection.java DEBUG [Forwarding sendKeysToElement on session a68226d3-9e5a-4a6f-abc4-8051288c1b7f to remote] http.headers 127 - http-outgoing-67 &lt;&lt; content-length: 101
08-01-2019 22:42:01 LoggingManagedHttpClientConnection.java DEBUG [Forwarding sendKeysToElement on session a68226d3-9e5a-4a6f-abc4-8051288c1b7f to remote] http.headers 127 - http-outgoing-67 &lt;&lt; server: httpd.js
08-01-2019 22:42:01 LoggingManagedHttpClientConnection.java DEBUG [Forwarding sendKeysToElement on session a68226d3-9e5a-4a6f-abc4-8051288c1b7f to remote] http.headers 127 - http-outgoing-67 &lt;&lt; date: Thu, 01 Aug 2019 17:12:01 GMT
08-01-2019 22:42:01 Wire.java DEBUG [Forwarding sendKeysToElement on session a68226d3-9e5a-4a6f-abc4-8051288c1b7f to remote] http.wire 86 - http-outgoing-67 &lt;&lt; &quot;{&quot;name&quot;:&quot;sendKeysToElement&quot;,&quot;sessionId&quot;:&quot;a68226d3-9e5a-4a6f-abc4-8051288c1b7f&quot;,&quot;status&quot;:0,&quot;value&quot;:&quot;&quot;}&quot;
08-01-2019 22:42:01 LoggingManagedHttpClientConnection.java DEBUG [Forwarding sendKeysToElement on session a68226d3-9e5a-4a6f-abc4-8051288c1b7f to remote] conn.DefaultManagedHttpClientConnection 81 - http-outgoing-67: Close connection
08-01-2019 22:42:01 ConnectionHolder.java DEBUG [Forwarding sendKeysToElement on session a68226d3-9e5a-4a6f-abc4-8051288c1b7f to remote] execchain.MainClientExec 103 - Connection discarded
08-01-2019 22:42:01 PoolingHttpClientConnectionManager.java DEBUG [Forwarding sendKeysToElement on session a68226d3-9e5a-4a6f-abc4-8051288c1b7f to remote] conn.PoolingHttpClientConnectionManager 320 - Connection released: [id: 67][route: {}-&gt;http://127.0.0.1:7056][total kept alive: 0; route allocated: 0 of 2000; total allocated: 0 of 2000]
08-01-2019 22:42:01 RequestAddCookies.java DEBUG [Forwarding findElement on session a68226d3-9e5a-4a6f-abc4-8051288c1b7f to remote] protocol.RequestAddCookies 122 - CookieSpec selected: default
08-01-2019 22:42:01 RequestAuthCache.java DEBUG [Forwarding findElement on session a68226d3-9e5a-4a6f-abc4-8051288c1b7f to remote] protocol.RequestAuthCache 76 - Auth cache not set in the context
08-01-2019 22:42:01 PoolingHttpClientConnectionManager.java DEBUG [Forwarding findElement on session a68226d3-9e5a-4a6f-abc4-8051288c1b7f to remote] conn.PoolingHttpClientConnectionManager 249 - Connection request: [route: {}-&gt;http://127.0.0.1:7056][total kept alive: 0; route allocated: 0 of 2000; total allocated: 0 of 2000]
08-01-2019 22:42:01 PoolingHttpClientConnectionManager.java DEBUG [Forwarding findElement on session a68226d3-9e5a-4a6f-abc4-8051288c1b7f to remote] conn.PoolingHttpClientConnectionManager 282 - Connection leased: [id: 68][route: {}-&gt;http://127.0.0.1:7056][total kept alive: 0; route allocated: 1 of 2000; total allocated: 1 of 2000]
08-01-2019 22:42:01 MainClientExec.java DEBUG [Forwarding findElement on session a68226d3-9e5a-4a6f-abc4-8051288c1b7f to remote] execchain.MainClientExec 234 - Opening connection {}-&gt;http://127.0.0.1:7056
08-01-2019 22:42:01 DefaultHttpClientConnectionOperator.java DEBUG [Forwarding findElement on session a68226d3-9e5a-4a6f-abc4-8051288c1b7f to remote] conn.DefaultHttpClientConnectionOperator 131 - Connecting to /127.0.0.1:7056
08-01-2019 22:42:01 DefaultHttpClientConnectionOperator.java DEBUG [Forwarding findElement on session a68226d3-9e5a-4a6f-abc4-8051288c1b7f to remote] conn.DefaultHttpClientConnectionOperator 138 - Connection established 127.0.0.1:56858&lt;-&gt;127.0.0.1:7056
08-01-2019 22:42:01 LoggingManagedHttpClientConnection.java DEBUG [Forwarding findElement on session a68226d3-9e5a-4a6f-abc4-8051288c1b7f to remote] conn.DefaultManagedHttpClientConnection 90 - http-outgoing-68: set socket timeout to 10800000
08-01-2019 22:42:01 MainClientExec.java DEBUG [Forwarding findElement on session a68226d3-9e5a-4a6f-abc4-8051288c1b7f to remote] execchain.MainClientExec 255 - Executing request POST /hub/session/a68226d3-9e5a-4a6f-abc4-8051288c1b7f/element HTTP/1.1
08-01-2019 22:42:01 MainClientExec.java DEBUG [Forwarding findElement on session a68226d3-9e5a-4a6f-abc4-8051288c1b7f to remote] execchain.MainClientExec 260 - Target auth state: UNCHALLENGED
08-01-2019 22:42:01 MainClientExec.java DEBUG [Forwarding findElement on session a68226d3-9e5a-4a6f-abc4-8051288c1b7f to remote] execchain.MainClientExec 266 - Proxy auth state: UNCHALLENGED
08-01-2019 22:42:01 LoggingManagedHttpClientConnection.java DEBUG [Forwarding findElement on session a68226d3-9e5a-4a6f-abc4-8051288c1b7f to remote] http.headers 135 - http-outgoing-68 &gt;&gt; POST /hub/session/a68226d3-9e5a-4a6f-abc4-8051288c1b7f/element HTTP/1.1
08-01-2019 22:42:01 LoggingManagedHttpClientConnection.java DEBUG [Forwarding findElement on session a68226d3-9e5a-4a6f-abc4-8051288c1b7f to remote] http.headers 138 - http-outgoing-68 &gt;&gt; Content-Type: application/json; charset=utf-8
08-01-2019 22:42:01 LoggingManagedHttpClientConnection.java DEBUG [Forwarding findElement on session a68226d3-9e5a-4a6f-abc4-8051288c1b7f to remote] http.headers 138 - http-outgoing-68 &gt;&gt; Content-Length: 53
08-01-2019 22:42:01 LoggingManagedHttpClientConnection.java DEBUG [Forwarding findElement on session a68226d3-9e5a-4a6f-abc4-8051288c1b7f to remote] http.headers 138 - http-outgoing-68 &gt;&gt; Host: 127.0.0.1:7056
08-01-2019 22:42:01 LoggingManagedHttpClientConnection.java DEBUG [Forwarding findElement on session a68226d3-9e5a-4a6f-abc4-8051288c1b7f to remote] http.headers 138 - http-outgoing-68 &gt;&gt; Connection: Keep-Alive
08-01-2019 22:42:01 LoggingManagedHttpClientConnection.java DEBUG [Forwarding findElement on session a68226d3-9e5a-4a6f-abc4-8051288c1b7f to remote] http.headers 138 - http-outgoing-68 &gt;&gt; User-Agent: Apache-HttpClient/4.5.1 (Java/1.8.0_101)
08-01-2019 22:42:01 LoggingManagedHttpClientConnection.java DEBUG [Forwarding findElement on session a68226d3-9e5a-4a6f-abc4-8051288c1b7f to remote] http.headers 138 - http-outgoing-68 &gt;&gt; Accept-Encoding: gzip,deflate
08-01-2019 22:42:01 Wire.java DEBUG [Forwarding findElement on session a68226d3-9e5a-4a6f-abc4-8051288c1b7f to remote] http.wire 72 - http-outgoing-68 &gt;&gt; &quot;POST /hub/session/a68226d3-9e5a-4a6f-abc4-8051288c1b7f/element HTTP/1.1[\r][\n]&quot;
08-01-2019 22:42:01 Wire.java DEBUG [Forwarding findElement on session a68226d3-9e5a-4a6f-abc4-8051288c1b7f to remote] http.wire 72 - http-outgoing-68 &gt;&gt; &quot;Content-Type: application/json; charset=utf-8[\r][\n]&quot;
08-01-2019 22:42:01 Wire.java DEBUG [Forwarding findElement on session a68226d3-9e5a-4a6f-abc4-8051288c1b7f to remote] http.wire 72 - http-outgoing-68 &gt;&gt; &quot;Content-Length: 53[\r][\n]&quot;
08-01-2019 22:42:01 Wire.java DEBUG [Forwarding findElement on session a68226d3-9e5a-4a6f-abc4-8051288c1b7f to remote] http.wire 72 - http-outgoing-68 &gt;&gt; &quot;Host: 127.0.0.1:7056[\r][\n]&quot;
08-01-2019 22:42:01 Wire.java DEBUG [Forwarding findElement on session a68226d3-9e5a-4a6f-abc4-8051288c1b7f to remote] http.wire 72 - http-outgoing-68 &gt;&gt; &quot;Connection: Keep-Alive[\r][\n]&quot;
08-01-2019 22:42:01 Wire.java DEBUG [Forwarding findElement on session a68226d3-9e5a-4a6f-abc4-8051288c1b7f to remote] http.wire 72 - http-outgoing-68 &gt;&gt; &quot;User-Agent: Apache-HttpClient/4.5.1 (Java/1.8.0_101)[\r][\n]&quot;
08-01-2019 22:42:01 Wire.java DEBUG [Forwarding findElement on session a68226d3-9e5a-4a6f-abc4-8051288c1b7f to remote] http.wire 72 - http-outgoing-68 &gt;&gt; &quot;Accept-Encoding: gzip,deflate[\r][\n]&quot;
08-01-2019 22:42:01 Wire.java DEBUG [Forwarding findElement on session a68226d3-9e5a-4a6f-abc4-8051288c1b7f to remote] http.wire 72 - http-outgoing-68 &gt;&gt; &quot;[\r][\n]&quot;
08-01-2019 22:42:01 Wire.java DEBUG [Forwarding findElement on session a68226d3-9e5a-4a6f-abc4-8051288c1b7f to remote] http.wire 86 - http-outgoing-68 &gt;&gt; &quot;{&quot;using&quot;:&quot;xpath&quot;,&quot;value&quot;:&quot;//input[@name=&apos;username&apos;]&quot;}&quot;
08-01-2019 22:42:01 Wire.java DEBUG [Forwarding findElement on session a68226d3-9e5a-4a6f-abc4-8051288c1b7f to remote] http.wire 72 - http-outgoing-68 &lt;&lt; &quot;HTTP/1.1 200 OK[\r][\n]&quot;
08-01-2019 22:42:01 Wire.java DEBUG [Forwarding findElement on session a68226d3-9e5a-4a6f-abc4-8051288c1b7f to remote] http.wire 72 - http-outgoing-68 &lt;&lt; &quot;content-type: application/json; charset=UTF-8[\r][\n]&quot;
08-01-2019 22:42:01 Wire.java DEBUG [Forwarding findElement on session a68226d3-9e5a-4a6f-abc4-8051288c1b7f to remote] http.wire 72 - http-outgoing-68 &lt;&lt; &quot;connection: close[\r][\n]&quot;
08-01-2019 22:42:01 Wire.java DEBUG [Forwarding findElement on session a68226d3-9e5a-4a6f-abc4-8051288c1b7f to remote] http.wire 72 - http-outgoing-68 &lt;&lt; &quot;content-length: 224[\r][\n]&quot;
08-01-2019 22:42:01 Wire.java DEBUG [Forwarding findElement on session a68226d3-9e5a-4a6f-abc4-8051288c1b7f to remote] http.wire 72 - http-outgoing-68 &lt;&lt; &quot;server: httpd.js[\r][\n]&quot;
08-01-2019 22:42:01 Wire.java DEBUG [Forwarding findElement on session a68226d3-9e5a-4a6f-abc4-8051288c1b7f to remote] http.wire 72 - http-outgoing-68 &lt;&lt; &quot;date: Thu, 01 Aug 2019 17:12:01 GMT[\r][\n]&quot;
08-01-2019 22:42:01 Wire.java DEBUG [Forwarding findElement on session a68226d3-9e5a-4a6f-abc4-8051288c1b7f to remote] http.wire 72 - http-outgoing-68 &lt;&lt; &quot;[\r][\n]&quot;
08-01-2019 22:42:01 LoggingManagedHttpClientConnection.java DEBUG [Forwarding findElement on session a68226d3-9e5a-4a6f-abc4-8051288c1b7f to remote] http.headers 124 - http-outgoing-68 &lt;&lt; HTTP/1.1 200 OK
08-01-2019 22:42:01 LoggingManagedHttpClientConnection.java DEBUG [Forwarding findElement on session a68226d3-9e5a-4a6f-abc4-8051288c1b7f to remote] http.headers 127 - http-outgoing-68 &lt;&lt; content-type: application/json; charset=UTF-8
08-01-2019 22:42:01 LoggingManagedHttpClientConnection.java DEBUG [Forwarding findElement on session a68226d3-9e5a-4a6f-abc4-8051288c1b7f to remote] http.headers 127 - http-outgoing-68 &lt;&lt; connection: close
08-01-2019 22:42:01 LoggingManagedHttpClientConnection.java DEBUG [Forwarding findElement on session a68226d3-9e5a-4a6f-abc4-8051288c1b7f to remote] http.headers 127 - http-outgoing-68 &lt;&lt; content-length: 224
08-01-2019 22:42:01 LoggingManagedHttpClientConnection.java DEBUG [Forwarding findElement on session a68226d3-9e5a-4a6f-abc4-8051288c1b7f to remote] http.headers 127 - http-outgoing-68 &lt;&lt; server: httpd.js
08-01-2019 22:42:01 LoggingManagedHttpClientConnection.java DEBUG [Forwarding findElement on session a68226d3-9e5a-4a6f-abc4-8051288c1b7f to remote] http.headers 127 - http-outgoing-68 &lt;&lt; date: Thu, 01 Aug 2019 17:12:01 GMT
08-01-2019 22:42:01 Wire.java DEBUG [Forwarding findElement on session a68226d3-9e5a-4a6f-abc4-8051288c1b7f to remote] http.wire 86 - http-outgoing-68 &lt;&lt; &quot;{&quot;name&quot;:&quot;findElement&quot;,&quot;sessionId&quot;:&quot;a68226d3-9e5a-4a6f-abc4-8051288c1b7f&quot;,&quot;status&quot;:0,&quot;value&quot;:{&quot;ELEMENT&quot;:&quot;{f099e49c-6c62-446e-a6c7-75a7f3cd8b9c}&quot;,&quot;element-6066-11e4-a52e-4f735466cecf&quot;:&quot;{f099e49c-6c62-446e-a6c7-75a7f3cd8b9c}&quot;}}&quot;
08-01-2019 22:42:01 LoggingManagedHttpClientConnection.java DEBUG [Forwarding findElement on session a68226d3-9e5a-4a6f-abc4-8051288c1b7f to remote] conn.DefaultManagedHttpClientConnection 81 - http-outgoing-68: Close connection
08-01-2019 22:42:01 ConnectionHolder.java DEBUG [Forwarding findElement on session a68226d3-9e5a-4a6f-abc4-8051288c1b7f to remote] execchain.MainClientExec 103 - Connection discarded
08-01-2019 22:42:01 PoolingHttpClientConnectionManager.java DEBUG [Forwarding findElement on session a68226d3-9e5a-4a6f-abc4-8051288c1b7f to remote] conn.PoolingHttpClientConnectionManager 320 - Connection released: [id: 68][route: {}-&gt;http://127.0.0.1:7056][total kept alive: 0; route allocated: 0 of 2000; total allocated: 0 of 2000]
08-01-2019 22:42:01 RequestAddCookies.java DEBUG [Forwarding sendKeysToElement on session a68226d3-9e5a-4a6f-abc4-8051288c1b7f to remote] protocol.RequestAddCookies 122 - CookieSpec selected: default
08-01-2019 22:42:01 RequestAuthCache.java DEBUG [Forwarding sendKeysToElement on session a68226d3-9e5a-4a6f-abc4-8051288c1b7f to remote] protocol.RequestAuthCache 76 - Auth cache not set in the context
08-01-2019 22:42:01 PoolingHttpClientConnectionManager.java DEBUG [Forwarding sendKeysToElement on session a68226d3-9e5a-4a6f-abc4-8051288c1b7f to remote] conn.PoolingHttpClientConnectionManager 249 - Connection request: [route: {}-&gt;http://127.0.0.1:7056][total kept alive: 0; route allocated: 0 of 2000; total allocated: 0 of 2000]
08-01-2019 22:42:01 PoolingHttpClientConnectionManager.java DEBUG [Forwarding sendKeysToElement on session a68226d3-9e5a-4a6f-abc4-8051288c1b7f to remote] conn.PoolingHttpClientConnectionManager 282 - Connection leased: [id: 69][route: {}-&gt;http://127.0.0.1:7056][total kept alive: 0; route allocated: 1 of 2000; total allocated: 1 of 2000]
08-01-2019 22:42:01 MainClientExec.java DEBUG [Forwarding sendKeysToElement on session a68226d3-9e5a-4a6f-abc4-8051288c1b7f to remote] execchain.MainClientExec 234 - Opening connection {}-&gt;http://127.0.0.1:7056
08-01-2019 22:42:01 DefaultHttpClientConnectionOperator.java DEBUG [Forwarding sendKeysToElement on session a68226d3-9e5a-4a6f-abc4-8051288c1b7f to remote] conn.DefaultHttpClientConnectionOperator 131 - Connecting to /127.0.0.1:7056
08-01-2019 22:42:01 DefaultHttpClientConnectionOperator.java DEBUG [Forwarding sendKeysToElement on session a68226d3-9e5a-4a6f-abc4-8051288c1b7f to remote] conn.DefaultHttpClientConnectionOperator 138 - Connection established 127.0.0.1:56859&lt;-&gt;127.0.0.1:7056
08-01-2019 22:42:01 LoggingManagedHttpClientConnection.java DEBUG [Forwarding sendKeysToElement on session a68226d3-9e5a-4a6f-abc4-8051288c1b7f to remote] conn.DefaultManagedHttpClientConnection 90 - http-outgoing-69: set socket timeout to 10800000
08-01-2019 22:42:01 MainClientExec.java DEBUG [Forwarding sendKeysToElement on session a68226d3-9e5a-4a6f-abc4-8051288c1b7f to remote] execchain.MainClientExec 255 - Executing request POST /hub/session/a68226d3-9e5a-4a6f-abc4-8051288c1b7f/element/%7Bf099e49c-6c62-446e-a6c7-75a7f3cd8b9c%7D/value HTTP/1.1
08-01-2019 22:42:01 MainClientExec.java DEBUG [Forwarding sendKeysToElement on session a68226d3-9e5a-4a6f-abc4-8051288c1b7f to remote] execchain.MainClientExec 260 - Target auth state: UNCHALLENGED
08-01-2019 22:42:01 MainClientExec.java DEBUG [Forwarding sendKeysToElement on session a68226d3-9e5a-4a6f-abc4-8051288c1b7f to remote] execchain.MainClientExec 266 - Proxy auth state: UNCHALLENGED
08-01-2019 22:42:01 LoggingManagedHttpClientConnection.java DEBUG [Forwarding sendKeysToElement on session a68226d3-9e5a-4a6f-abc4-8051288c1b7f to remote] http.headers 135 - http-outgoing-69 &gt;&gt; POST /hub/session/a68226d3-9e5a-4a6f-abc4-8051288c1b7f/element/%7Bf099e49c-6c62-446e-a6c7-75a7f3cd8b9c%7D/value HTTP/1.1
08-01-2019 22:42:01 LoggingManagedHttpClientConnection.java DEBUG [Forwarding sendKeysToElement on session a68226d3-9e5a-4a6f-abc4-8051288c1b7f to remote] http.headers 138 - http-outgoing-69 &gt;&gt; Content-Type: application/json; charset=utf-8
08-01-2019 22:42:01 LoggingManagedHttpClientConnection.java DEBUG [Forwarding sendKeysToElement on session a68226d3-9e5a-4a6f-abc4-8051288c1b7f to remote] http.headers 138 - http-outgoing-69 &gt;&gt; Content-Length: 67
08-01-2019 22:42:01 LoggingManagedHttpClientConnection.java DEBUG [Forwarding sendKeysToElement on session a68226d3-9e5a-4a6f-abc4-8051288c1b7f to remote] http.headers 138 - http-outgoing-69 &gt;&gt; Host: 127.0.0.1:7056
08-01-2019 22:42:01 LoggingManagedHttpClientConnection.java DEBUG [Forwarding sendKeysToElement on session a68226d3-9e5a-4a6f-abc4-8051288c1b7f to remote] http.headers 138 - http-outgoing-69 &gt;&gt; Connection: Keep-Alive
08-01-2019 22:42:01 LoggingManagedHttpClientConnection.java DEBUG [Forwarding sendKeysToElement on session a68226d3-9e5a-4a6f-abc4-8051288c1b7f to remote] http.headers 138 - http-outgoing-69 &gt;&gt; User-Agent: Apache-HttpClient/4.5.1 (Java/1.8.0_101)
08-01-2019 22:42:01 LoggingManagedHttpClientConnection.java DEBUG [Forwarding sendKeysToElement on session a68226d3-9e5a-4a6f-abc4-8051288c1b7f to remote] http.headers 138 - http-outgoing-69 &gt;&gt; Accept-Encoding: gzip,deflate
08-01-2019 22:42:01 Wire.java DEBUG [Forwarding sendKeysToElement on session a68226d3-9e5a-4a6f-abc4-8051288c1b7f to remote] http.wire 72 - http-outgoing-69 &gt;&gt; &quot;POST /hub/session/a68226d3-9e5a-4a6f-abc4-8051288c1b7f/element/%7Bf099e49c-6c62-446e-a6c7-75a7f3cd8b9c%7D/value HTTP/1.1[\r][\n]&quot;
08-01-2019 22:42:01 Wire.java DEBUG [Forwarding sendKeysToElement on session a68226d3-9e5a-4a6f-abc4-8051288c1b7f to remote] http.wire 72 - http-outgoing-69 &gt;&gt; &quot;Content-Type: application/json; charset=utf-8[\r][\n]&quot;
08-01-2019 22:42:01 Wire.java DEBUG [Forwarding sendKeysToElement on session a68226d3-9e5a-4a6f-abc4-8051288c1b7f to remote] http.wire 72 - http-outgoing-69 &gt;&gt; &quot;Content-Length: 67[\r][\n]&quot;
08-01-2019 22:42:01 Wire.java DEBUG [Forwarding sendKeysToElement on session a68226d3-9e5a-4a6f-abc4-8051288c1b7f to remote] http.wire 72 - http-outgoing-69 &gt;&gt; &quot;Host: 127.0.0.1:7056[\r][\n]&quot;
08-01-2019 22:42:01 Wire.java DEBUG [Forwarding sendKeysToElement on session a68226d3-9e5a-4a6f-abc4-8051288c1b7f to remote] http.wire 72 - http-outgoing-69 &gt;&gt; &quot;Connection: Keep-Alive[\r][\n]&quot;
08-01-2019 22:42:01 Wire.java DEBUG [Forwarding sendKeysToElement on session a68226d3-9e5a-4a6f-abc4-8051288c1b7f to remote] http.wire 72 - http-outgoing-69 &gt;&gt; &quot;User-Agent: Apache-HttpClient/4.5.1 (Java/1.8.0_101)[\r][\n]&quot;
08-01-2019 22:42:01 Wire.java DEBUG [Forwarding sendKeysToElement on session a68226d3-9e5a-4a6f-abc4-8051288c1b7f to remote] http.wire 72 - http-outgoing-69 &gt;&gt; &quot;Accept-Encoding: gzip,deflate[\r][\n]&quot;
08-01-2019 22:42:01 Wire.java DEBUG [Forwarding sendKeysToElement on session a68226d3-9e5a-4a6f-abc4-8051288c1b7f to remote] http.wire 72 - http-outgoing-69 &gt;&gt; &quot;[\r][\n]&quot;
08-01-2019 22:42:01 Wire.java DEBUG [Forwarding sendKeysToElement on session a68226d3-9e5a-4a6f-abc4-8051288c1b7f to remote] http.wire 86 - http-outgoing-69 &gt;&gt; &quot;{&quot;id&quot;:&quot;{f099e49c-6c62-446e-a6c7-75a7f3cd8b9c}&quot;,&quot;value&quot;:[&quot;nitesh6&quot;]}&quot;
08-01-2019 22:42:01 Wire.java DEBUG [Forwarding sendKeysToElement on session a68226d3-9e5a-4a6f-abc4-8051288c1b7f to remote] http.wire 72 - http-outgoing-69 &lt;&lt; &quot;HTTP/1.1 200 OK[\r][\n]&quot;
08-01-2019 22:42:01 Wire.java DEBUG [Forwarding sendKeysToElement on session a68226d3-9e5a-4a6f-abc4-8051288c1b7f to remote] http.wire 72 - http-outgoing-69 &lt;&lt; &quot;content-type: application/json; charset=UTF-8[\r][\n]&quot;
08-01-2019 22:42:01 Wire.java DEBUG [Forwarding sendKeysToElement on session a68226d3-9e5a-4a6f-abc4-8051288c1b7f to remote] http.wire 72 - http-outgoing-69 &lt;&lt; &quot;connection: close[\r][\n]&quot;
08-01-2019 22:42:01 Wire.java DEBUG [Forwarding sendKeysToElement on session a68226d3-9e5a-4a6f-abc4-8051288c1b7f to remote] http.wire 72 - http-outgoing-69 &lt;&lt; &quot;content-length: 101[\r][\n]&quot;
08-01-2019 22:42:01 Wire.java DEBUG [Forwarding sendKeysToElement on session a68226d3-9e5a-4a6f-abc4-8051288c1b7f to remote] http.wire 72 - http-outgoing-69 &lt;&lt; &quot;server: httpd.js[\r][\n]&quot;
08-01-2019 22:42:01 Wire.java DEBUG [Forwarding sendKeysToElement on session a68226d3-9e5a-4a6f-abc4-8051288c1b7f to remote] http.wire 72 - http-outgoing-69 &lt;&lt; &quot;date: Thu, 01 Aug 2019 17:12:01 GMT[\r][\n]&quot;
08-01-2019 22:42:01 Wire.java DEBUG [Forwarding sendKeysToElement on session a68226d3-9e5a-4a6f-abc4-8051288c1b7f to remote] http.wire 72 - http-outgoing-69 &lt;&lt; &quot;[\r][\n]&quot;
08-01-2019 22:42:01 LoggingManagedHttpClientConnection.java DEBUG [Forwarding sendKeysToElement on session a68226d3-9e5a-4a6f-abc4-8051288c1b7f to remote] http.headers 124 - http-outgoing-69 &lt;&lt; HTTP/1.1 200 OK
08-01-2019 22:42:01 LoggingManagedHttpClientConnection.java DEBUG [Forwarding sendKeysToElement on session a68226d3-9e5a-4a6f-abc4-8051288c1b7f to remote] http.headers 127 - http-outgoing-69 &lt;&lt; content-type: application/json; charset=UTF-8
08-01-2019 22:42:01 LoggingManagedHttpClientConnection.java DEBUG [Forwarding sendKeysToElement on session a68226d3-9e5a-4a6f-abc4-8051288c1b7f to remote] http.headers 127 - http-outgoing-69 &lt;&lt; connection: close
08-01-2019 22:42:01 LoggingManagedHttpClientConnection.java DEBUG [Forwarding sendKeysToElement on session a68226d3-9e5a-4a6f-abc4-8051288c1b7f to remote] http.headers 127 - http-outgoing-69 &lt;&lt; content-length: 101
08-01-2019 22:42:01 LoggingManagedHttpClientConnection.java DEBUG [Forwarding sendKeysToElement on session a68226d3-9e5a-4a6f-abc4-8051288c1b7f to remote] http.headers 127 - http-outgoing-69 &lt;&lt; server: httpd.js
08-01-2019 22:42:01 LoggingManagedHttpClientConnection.java DEBUG [Forwarding sendKeysToElement on session a68226d3-9e5a-4a6f-abc4-8051288c1b7f to remote] http.headers 127 - http-outgoing-69 &lt;&lt; date: Thu, 01 Aug 2019 17:12:01 GMT
08-01-2019 22:42:01 Wire.java DEBUG [Forwarding sendKeysToElement on session a68226d3-9e5a-4a6f-abc4-8051288c1b7f to remote] http.wire 86 - http-outgoing-69 &lt;&lt; &quot;{&quot;name&quot;:&quot;sendKeysToElement&quot;,&quot;sessionId&quot;:&quot;a68226d3-9e5a-4a6f-abc4-8051288c1b7f&quot;,&quot;status&quot;:0,&quot;value&quot;:&quot;&quot;}&quot;
08-01-2019 22:42:01 LoggingManagedHttpClientConnection.java DEBUG [Forwarding sendKeysToElement on session a68226d3-9e5a-4a6f-abc4-8051288c1b7f to remote] conn.DefaultManagedHttpClientConnection 81 - http-outgoing-69: Close connection
08-01-2019 22:42:01 ConnectionHolder.java DEBUG [Forwarding sendKeysToElement on session a68226d3-9e5a-4a6f-abc4-8051288c1b7f to remote] execchain.MainClientExec 103 - Connection discarded
08-01-2019 22:42:01 PoolingHttpClientConnectionManager.java DEBUG [Forwarding sendKeysToElement on session a68226d3-9e5a-4a6f-abc4-8051288c1b7f to remote] conn.PoolingHttpClientConnectionManager 320 - Connection released: [id: 69][route: {}-&gt;http://127.0.0.1:7056][total kept alive: 0; route allocated: 0 of 2000; total allocated: 0 of 2000]
08-01-2019 22:42:01 RequestAddCookies.java DEBUG [Forwarding findElement on session a68226d3-9e5a-4a6f-abc4-8051288c1b7f to remote] protocol.RequestAddCookies 122 - CookieSpec selected: default
08-01-2019 22:42:01 RequestAuthCache.java DEBUG [Forwarding findElement on session a68226d3-9e5a-4a6f-abc4-8051288c1b7f to remote] protocol.RequestAuthCache 76 - Auth cache not set in the context
08-01-2019 22:42:01 PoolingHttpClientConnectionManager.java DEBUG [Forwarding findElement on session a68226d3-9e5a-4a6f-abc4-8051288c1b7f to remote] conn.PoolingHttpClientConnectionManager 249 - Connection request: [route: {}-&gt;http://127.0.0.1:7056][total kept alive: 0; route allocated: 0 of 2000; total allocated: 0 of 2000]
08-01-2019 22:42:01 PoolingHttpClientConnectionManager.java DEBUG [Forwarding findElement on session a68226d3-9e5a-4a6f-abc4-8051288c1b7f to remote] conn.PoolingHttpClientConnectionManager 282 - Connection leased: [id: 70][route: {}-&gt;http://127.0.0.1:7056][total kept alive: 0; route allocated: 1 of 2000; total allocated: 1 of 2000]
08-01-2019 22:42:01 MainClientExec.java DEBUG [Forwarding findElement on session a68226d3-9e5a-4a6f-abc4-8051288c1b7f to remote] execchain.MainClientExec 234 - Opening connection {}-&gt;http://127.0.0.1:7056
08-01-2019 22:42:01 DefaultHttpClientConnectionOperator.java DEBUG [Forwarding findElement on session a68226d3-9e5a-4a6f-abc4-8051288c1b7f to remote] conn.DefaultHttpClientConnectionOperator 131 - Connecting to /127.0.0.1:7056
08-01-2019 22:42:01 DefaultHttpClientConnectionOperator.java DEBUG [Forwarding findElement on session a68226d3-9e5a-4a6f-abc4-8051288c1b7f to remote] conn.DefaultHttpClientConnectionOperator 138 - Connection established 127.0.0.1:56860&lt;-&gt;127.0.0.1:7056
08-01-2019 22:42:01 LoggingManagedHttpClientConnection.java DEBUG [Forwarding findElement on session a68226d3-9e5a-4a6f-abc4-8051288c1b7f to remote] conn.DefaultManagedHttpClientConnection 90 - http-outgoing-70: set socket timeout to 10800000
08-01-2019 22:42:01 MainClientExec.java DEBUG [Forwarding findElement on session a68226d3-9e5a-4a6f-abc4-8051288c1b7f to remote] execchain.MainClientExec 255 - Executing request POST /hub/session/a68226d3-9e5a-4a6f-abc4-8051288c1b7f/element HTTP/1.1
08-01-2019 22:42:01 MainClientExec.java DEBUG [Forwarding findElement on session a68226d3-9e5a-4a6f-abc4-8051288c1b7f to remote] execchain.MainClientExec 260 - Target auth state: UNCHALLENGED
08-01-2019 22:42:01 MainClientExec.java DEBUG [Forwarding findElement on session a68226d3-9e5a-4a6f-abc4-8051288c1b7f to remote] execchain.MainClientExec 266 - Proxy auth state: UNCHALLENGED
08-01-2019 22:42:01 LoggingManagedHttpClientConnection.java DEBUG [Forwarding findElement on session a68226d3-9e5a-4a6f-abc4-8051288c1b7f to remote] http.headers 135 - http-outgoing-70 &gt;&gt; POST /hub/session/a68226d3-9e5a-4a6f-abc4-8051288c1b7f/element HTTP/1.1
08-01-2019 22:42:01 LoggingManagedHttpClientConnection.java DEBUG [Forwarding findElement on session a68226d3-9e5a-4a6f-abc4-8051288c1b7f to remote] http.headers 138 - http-outgoing-70 &gt;&gt; Content-Type: application/json; charset=utf-8
08-01-2019 22:42:01 LoggingManagedHttpClientConnection.java DEBUG [Forwarding findElement on session a68226d3-9e5a-4a6f-abc4-8051288c1b7f to remote] http.headers 138 - http-outgoing-70 &gt;&gt; Content-Length: 53
08-01-2019 22:42:01 LoggingManagedHttpClientConnection.java DEBUG [Forwarding findElement on session a68226d3-9e5a-4a6f-abc4-8051288c1b7f to remote] http.headers 138 - http-outgoing-70 &gt;&gt; Host: 127.0.0.1:7056
08-01-2019 22:42:01 LoggingManagedHttpClientConnection.java DEBUG [Forwarding findElement on session a68226d3-9e5a-4a6f-abc4-8051288c1b7f to remote] http.headers 138 - http-outgoing-70 &gt;&gt; Connection: Keep-Alive
08-01-2019 22:42:01 LoggingManagedHttpClientConnection.java DEBUG [Forwarding findElement on session a68226d3-9e5a-4a6f-abc4-8051288c1b7f to remote] http.headers 138 - http-outgoing-70 &gt;&gt; User-Agent: Apache-HttpClient/4.5.1 (Java/1.8.0_101)
08-01-2019 22:42:01 LoggingManagedHttpClientConnection.java DEBUG [Forwarding findElement on session a68226d3-9e5a-4a6f-abc4-8051288c1b7f to remote] http.headers 138 - http-outgoing-70 &gt;&gt; Accept-Encoding: gzip,deflate
08-01-2019 22:42:01 Wire.java DEBUG [Forwarding findElement on session a68226d3-9e5a-4a6f-abc4-8051288c1b7f to remote] http.wire 72 - http-outgoing-70 &gt;&gt; &quot;POST /hub/session/a68226d3-9e5a-4a6f-abc4-8051288c1b7f/element HTTP/1.1[\r][\n]&quot;
08-01-2019 22:42:01 Wire.java DEBUG [Forwarding findElement on session a68226d3-9e5a-4a6f-abc4-8051288c1b7f to remote] http.wire 72 - http-outgoing-70 &gt;&gt; &quot;Content-Type: application/json; charset=utf-8[\r][\n]&quot;
08-01-2019 22:42:01 Wire.java DEBUG [Forwarding findElement on session a68226d3-9e5a-4a6f-abc4-8051288c1b7f to remote] http.wire 72 - http-outgoing-70 &gt;&gt; &quot;Content-Length: 53[\r][\n]&quot;
08-01-2019 22:42:01 Wire.java DEBUG [Forwarding findElement on session a68226d3-9e5a-4a6f-abc4-8051288c1b7f to remote] http.wire 72 - http-outgoing-70 &gt;&gt; &quot;Host: 127.0.0.1:7056[\r][\n]&quot;
08-01-2019 22:42:01 Wire.java DEBUG [Forwarding findElement on session a68226d3-9e5a-4a6f-abc4-8051288c1b7f to remote] http.wire 72 - http-outgoing-70 &gt;&gt; &quot;Connection: Keep-Alive[\r][\n]&quot;
08-01-2019 22:42:01 Wire.java DEBUG [Forwarding findElement on session a68226d3-9e5a-4a6f-abc4-8051288c1b7f to remote] http.wire 72 - http-outgoing-70 &gt;&gt; &quot;User-Agent: Apache-HttpClient/4.5.1 (Java/1.8.0_101)[\r][\n]&quot;
08-01-2019 22:42:01 Wire.java DEBUG [Forwarding findElement on session a68226d3-9e5a-4a6f-abc4-8051288c1b7f to remote] http.wire 72 - http-outgoing-70 &gt;&gt; &quot;Accept-Encoding: gzip,deflate[\r][\n]&quot;
08-01-2019 22:42:01 Wire.java DEBUG [Forwarding findElement on session a68226d3-9e5a-4a6f-abc4-8051288c1b7f to remote] http.wire 72 - http-outgoing-70 &gt;&gt; &quot;[\r][\n]&quot;
08-01-2019 22:42:01 Wire.java DEBUG [Forwarding findElement on session a68226d3-9e5a-4a6f-abc4-8051288c1b7f to remote] http.wire 86 - http-outgoing-70 &gt;&gt; &quot;{&quot;using&quot;:&quot;xpath&quot;,&quot;value&quot;:&quot;//input[@name=&apos;password&apos;]&quot;}&quot;
08-01-2019 22:42:01 Wire.java DEBUG [Forwarding findElement on session a68226d3-9e5a-4a6f-abc4-8051288c1b7f to remote] http.wire 72 - http-outgoing-70 &lt;&lt; &quot;HTTP/1.1 200 OK[\r][\n]&quot;
08-01-2019 22:42:01 Wire.java DEBUG [Forwarding findElement on session a68226d3-9e5a-4a6f-abc4-8051288c1b7f to remote] http.wire 72 - http-outgoing-70 &lt;&lt; &quot;content-type: application/json; charset=UTF-8[\r][\n]&quot;
08-01-2019 22:42:01 Wire.java DEBUG [Forwarding findElement on session a68226d3-9e5a-4a6f-abc4-8051288c1b7f to remote] http.wire 72 - http-outgoing-70 &lt;&lt; &quot;connection: close[\r][\n]&quot;
08-01-2019 22:42:01 Wire.java DEBUG [Forwarding findElement on session a68226d3-9e5a-4a6f-abc4-8051288c1b7f to remote] http.wire 72 - http-outgoing-70 &lt;&lt; &quot;content-length: 224[\r][\n]&quot;
08-01-2019 22:42:01 Wire.java DEBUG [Forwarding findElement on session a68226d3-9e5a-4a6f-abc4-8051288c1b7f to remote] http.wire 72 - http-outgoing-70 &lt;&lt; &quot;server: httpd.js[\r][\n]&quot;
08-01-2019 22:42:01 Wire.java DEBUG [Forwarding findElement on session a68226d3-9e5a-4a6f-abc4-8051288c1b7f to remote] http.wire 72 - http-outgoing-70 &lt;&lt; &quot;date: Thu, 01 Aug 2019 17:12:01 GMT[\r][\n]&quot;
08-01-2019 22:42:01 Wire.java DEBUG [Forwarding findElement on session a68226d3-9e5a-4a6f-abc4-8051288c1b7f to remote] http.wire 72 - http-outgoing-70 &lt;&lt; &quot;[\r][\n]&quot;
08-01-2019 22:42:01 LoggingManagedHttpClientConnection.java DEBUG [Forwarding findElement on session a68226d3-9e5a-4a6f-abc4-8051288c1b7f to remote] http.headers 124 - http-outgoing-70 &lt;&lt; HTTP/1.1 200 OK
08-01-2019 22:42:01 LoggingManagedHttpClientConnection.java DEBUG [Forwarding findElement on session a68226d3-9e5a-4a6f-abc4-8051288c1b7f to remote] http.headers 127 - http-outgoing-70 &lt;&lt; content-type: application/json; charset=UTF-8
08-01-2019 22:42:01 LoggingManagedHttpClientConnection.java DEBUG [Forwarding findElement on session a68226d3-9e5a-4a6f-abc4-8051288c1b7f to remote] http.headers 127 - http-outgoing-70 &lt;&lt; connection: close
08-01-2019 22:42:01 LoggingManagedHttpClientConnection.java DEBUG [Forwarding findElement on session a68226d3-9e5a-4a6f-abc4-8051288c1b7f to remote] http.headers 127 - http-outgoing-70 &lt;&lt; content-length: 224
08-01-2019 22:42:01 LoggingManagedHttpClientConnection.java DEBUG [Forwarding findElement on session a68226d3-9e5a-4a6f-abc4-8051288c1b7f to remote] http.headers 127 - http-outgoing-70 &lt;&lt; server: httpd.js
08-01-2019 22:42:01 LoggingManagedHttpClientConnection.java DEBUG [Forwarding findElement on session a68226d3-9e5a-4a6f-abc4-8051288c1b7f to remote] http.headers 127 - http-outgoing-70 &lt;&lt; date: Thu, 01 Aug 2019 17:12:01 GMT
08-01-2019 22:42:01 Wire.java DEBUG [Forwarding findElement on session a68226d3-9e5a-4a6f-abc4-8051288c1b7f to remote] http.wire 86 - http-outgoing-70 &lt;&lt; &quot;{&quot;name&quot;:&quot;findElement&quot;,&quot;sessionId&quot;:&quot;a68226d3-9e5a-4a6f-abc4-8051288c1b7f&quot;,&quot;status&quot;:0,&quot;value&quot;:{&quot;ELEMENT&quot;:&quot;{ce33d99e-ee28-423c-affa-920fdaeeaf6a}&quot;,&quot;element-6066-11e4-a52e-4f735466cecf&quot;:&quot;{ce33d99e-ee28-423c-affa-920fdaeeaf6a}&quot;}}&quot;
08-01-2019 22:42:01 LoggingManagedHttpClientConnection.java DEBUG [Forwarding findElement on session a68226d3-9e5a-4a6f-abc4-8051288c1b7f to remote] conn.DefaultManagedHttpClientConnection 81 - http-outgoing-70: Close connection
08-01-2019 22:42:01 ConnectionHolder.java DEBUG [Forwarding findElement on session a68226d3-9e5a-4a6f-abc4-8051288c1b7f to remote] execchain.MainClientExec 103 - Connection discarded
08-01-2019 22:42:01 PoolingHttpClientConnectionManager.java DEBUG [Forwarding findElement on session a68226d3-9e5a-4a6f-abc4-8051288c1b7f to remote] conn.PoolingHttpClientConnectionManager 320 - Connection released: [id: 70][route: {}-&gt;http://127.0.0.1:7056][total kept alive: 0; route allocated: 0 of 2000; total allocated: 0 of 2000]
08-01-2019 22:42:01 RequestAddCookies.java DEBUG [Forwarding sendKeysToElement on session a68226d3-9e5a-4a6f-abc4-8051288c1b7f to remote] protocol.RequestAddCookies 122 - CookieSpec selected: default
08-01-2019 22:42:01 RequestAuthCache.java DEBUG [Forwarding sendKeysToElement on session a68226d3-9e5a-4a6f-abc4-8051288c1b7f to remote] protocol.RequestAuthCache 76 - Auth cache not set in the context
08-01-2019 22:42:01 PoolingHttpClientConnectionManager.java DEBUG [Forwarding sendKeysToElement on session a68226d3-9e5a-4a6f-abc4-8051288c1b7f to remote] conn.PoolingHttpClientConnectionManager 249 - Connection request: [route: {}-&gt;http://127.0.0.1:7056][total kept alive: 0; route allocated: 0 of 2000; total allocated: 0 of 2000]
08-01-2019 22:42:01 PoolingHttpClientConnectionManager.java DEBUG [Forwarding sendKeysToElement on session a68226d3-9e5a-4a6f-abc4-8051288c1b7f to remote] conn.PoolingHttpClientConnectionManager 282 - Connection leased: [id: 71][route: {}-&gt;http://127.0.0.1:7056][total kept alive: 0; route allocated: 1 of 2000; total allocated: 1 of 2000]
08-01-2019 22:42:01 MainClientExec.java DEBUG [Forwarding sendKeysToElement on session a68226d3-9e5a-4a6f-abc4-8051288c1b7f to remote] execchain.MainClientExec 234 - Opening connection {}-&gt;http://127.0.0.1:7056
08-01-2019 22:42:01 DefaultHttpClientConnectionOperator.java DEBUG [Forwarding sendKeysToElement on session a68226d3-9e5a-4a6f-abc4-8051288c1b7f to remote] conn.DefaultHttpClientConnectionOperator 131 - Connecting to /127.0.0.1:7056
08-01-2019 22:42:01 DefaultHttpClientConnectionOperator.java DEBUG [Forwarding sendKeysToElement on session a68226d3-9e5a-4a6f-abc4-8051288c1b7f to remote] conn.DefaultHttpClientConnectionOperator 138 - Connection established 127.0.0.1:56861&lt;-&gt;127.0.0.1:7056
08-01-2019 22:42:01 LoggingManagedHttpClientConnection.java DEBUG [Forwarding sendKeysToElement on session a68226d3-9e5a-4a6f-abc4-8051288c1b7f to remote] conn.DefaultManagedHttpClientConnection 90 - http-outgoing-71: set socket timeout to 10800000
08-01-2019 22:42:01 MainClientExec.java DEBUG [Forwarding sendKeysToElement on session a68226d3-9e5a-4a6f-abc4-8051288c1b7f to remote] execchain.MainClientExec 255 - Executing request POST /hub/session/a68226d3-9e5a-4a6f-abc4-8051288c1b7f/element/%7Bce33d99e-ee28-423c-affa-920fdaeeaf6a%7D/value HTTP/1.1
08-01-2019 22:42:01 MainClientExec.java DEBUG [Forwarding sendKeysToElement on session a68226d3-9e5a-4a6f-abc4-8051288c1b7f to remote] execchain.MainClientExec 260 - Target auth state: UNCHALLENGED
08-01-2019 22:42:01 MainClientExec.java DEBUG [Forwarding sendKeysToElement on session a68226d3-9e5a-4a6f-abc4-8051288c1b7f to remote] execchain.MainClientExec 266 - Proxy auth state: UNCHALLENGED
08-01-2019 22:42:01 LoggingManagedHttpClientConnection.java DEBUG [Forwarding sendKeysToElement on session a68226d3-9e5a-4a6f-abc4-8051288c1b7f to remote] http.headers 135 - http-outgoing-71 &gt;&gt; POST /hub/session/a68226d3-9e5a-4a6f-abc4-8051288c1b7f/element/%7Bce33d99e-ee28-423c-affa-920fdaeeaf6a%7D/value HTTP/1.1
08-01-2019 22:42:01 LoggingManagedHttpClientConnection.java DEBUG [Forwarding sendKeysToElement on session a68226d3-9e5a-4a6f-abc4-8051288c1b7f to remote] http.headers 138 - http-outgoing-71 &gt;&gt; Content-Type: application/json; charset=utf-8
08-01-2019 22:42:01 LoggingManagedHttpClientConnection.java DEBUG [Forwarding sendKeysToElement on session a68226d3-9e5a-4a6f-abc4-8051288c1b7f to remote] http.headers 138 - http-outgoing-71 &gt;&gt; Content-Length: 68
08-01-2019 22:42:01 LoggingManagedHttpClientConnection.java DEBUG [Forwarding sendKeysToElement on session a68226d3-9e5a-4a6f-abc4-8051288c1b7f to remote] http.headers 138 - http-outgoing-71 &gt;&gt; Host: 127.0.0.1:7056
08-01-2019 22:42:01 LoggingManagedHttpClientConnection.java DEBUG [Forwarding sendKeysToElement on session a68226d3-9e5a-4a6f-abc4-8051288c1b7f to remote] http.headers 138 - http-outgoing-71 &gt;&gt; Connection: Keep-Alive
08-01-2019 22:42:01 LoggingManagedHttpClientConnection.java DEBUG [Forwarding sendKeysToElement on session a68226d3-9e5a-4a6f-abc4-8051288c1b7f to remote] http.headers 138 - http-outgoing-71 &gt;&gt; User-Agent: Apache-HttpClient/4.5.1 (Java/1.8.0_101)
08-01-2019 22:42:01 LoggingManagedHttpClientConnection.java DEBUG [Forwarding sendKeysToElement on session a68226d3-9e5a-4a6f-abc4-8051288c1b7f to remote] http.headers 138 - http-outgoing-71 &gt;&gt; Accept-Encoding: gzip,deflate
08-01-2019 22:42:01 Wire.java DEBUG [Forwarding sendKeysToElement on session a68226d3-9e5a-4a6f-abc4-8051288c1b7f to remote] http.wire 72 - http-outgoing-71 &gt;&gt; &quot;POST /hub/session/a68226d3-9e5a-4a6f-abc4-8051288c1b7f/element/%7Bce33d99e-ee28-423c-affa-920fdaeeaf6a%7D/value HTTP/1.1[\r][\n]&quot;
08-01-2019 22:42:01 Wire.java DEBUG [Forwarding sendKeysToElement on session a68226d3-9e5a-4a6f-abc4-8051288c1b7f to remote] http.wire 72 - http-outgoing-71 &gt;&gt; &quot;Content-Type: application/json; charset=utf-8[\r][\n]&quot;
08-01-2019 22:42:01 Wire.java DEBUG [Forwarding sendKeysToElement on session a68226d3-9e5a-4a6f-abc4-8051288c1b7f to remote] http.wire 72 - http-outgoing-71 &gt;&gt; &quot;Content-Length: 68[\r][\n]&quot;
08-01-2019 22:42:01 Wire.java DEBUG [Forwarding sendKeysToElement on session a68226d3-9e5a-4a6f-abc4-8051288c1b7f to remote] http.wire 72 - http-outgoing-71 &gt;&gt; &quot;Host: 127.0.0.1:7056[\r][\n]&quot;
08-01-2019 22:42:01 Wire.java DEBUG [Forwarding sendKeysToElement on session a68226d3-9e5a-4a6f-abc4-8051288c1b7f to remote] http.wire 72 - http-outgoing-71 &gt;&gt; &quot;Connection: Keep-Alive[\r][\n]&quot;
08-01-2019 22:42:01 Wire.java DEBUG [Forwarding sendKeysToElement on session a68226d3-9e5a-4a6f-abc4-8051288c1b7f to remote] http.wire 72 - http-outgoing-71 &gt;&gt; &quot;User-Agent: Apache-HttpClient/4.5.1 (Java/1.8.0_101)[\r][\n]&quot;
08-01-2019 22:42:01 Wire.java DEBUG [Forwarding sendKeysToElement on session a68226d3-9e5a-4a6f-abc4-8051288c1b7f to remote] http.wire 72 - http-outgoing-71 &gt;&gt; &quot;Accept-Encoding: gzip,deflate[\r][\n]&quot;
08-01-2019 22:42:01 Wire.java DEBUG [Forwarding sendKeysToElement on session a68226d3-9e5a-4a6f-abc4-8051288c1b7f to remote] http.wire 72 - http-outgoing-71 &gt;&gt; &quot;[\r][\n]&quot;
08-01-2019 22:42:01 Wire.java DEBUG [Forwarding sendKeysToElement on session a68226d3-9e5a-4a6f-abc4-8051288c1b7f to remote] http.wire 86 - http-outgoing-71 &gt;&gt; &quot;{&quot;id&quot;:&quot;{ce33d99e-ee28-423c-affa-920fdaeeaf6a}&quot;,&quot;value&quot;:[&quot;test@123&quot;]}&quot;
08-01-2019 22:42:01 Wire.java DEBUG [Forwarding sendKeysToElement on session a68226d3-9e5a-4a6f-abc4-8051288c1b7f to remote] http.wire 72 - http-outgoing-71 &lt;&lt; &quot;HTTP/1.1 200 OK[\r][\n]&quot;
08-01-2019 22:42:01 Wire.java DEBUG [Forwarding sendKeysToElement on session a68226d3-9e5a-4a6f-abc4-8051288c1b7f to remote] http.wire 72 - http-outgoing-71 &lt;&lt; &quot;content-type: application/json; charset=UTF-8[\r][\n]&quot;
08-01-2019 22:42:01 Wire.java DEBUG [Forwarding sendKeysToElement on session a68226d3-9e5a-4a6f-abc4-8051288c1b7f to remote] http.wire 72 - http-outgoing-71 &lt;&lt; &quot;connection: close[\r][\n]&quot;
08-01-2019 22:42:01 Wire.java DEBUG [Forwarding sendKeysToElement on session a68226d3-9e5a-4a6f-abc4-8051288c1b7f to remote] http.wire 72 - http-outgoing-71 &lt;&lt; &quot;content-length: 101[\r][\n]&quot;
08-01-2019 22:42:01 Wire.java DEBUG [Forwarding sendKeysToElement on session a68226d3-9e5a-4a6f-abc4-8051288c1b7f to remote] http.wire 72 - http-outgoing-71 &lt;&lt; &quot;server: httpd.js[\r][\n]&quot;
08-01-2019 22:42:01 Wire.java DEBUG [Forwarding sendKeysToElement on session a68226d3-9e5a-4a6f-abc4-8051288c1b7f to remote] http.wire 72 - http-outgoing-71 &lt;&lt; &quot;date: Thu, 01 Aug 2019 17:12:01 GMT[\r][\n]&quot;
08-01-2019 22:42:01 Wire.java DEBUG [Forwarding sendKeysToElement on session a68226d3-9e5a-4a6f-abc4-8051288c1b7f to remote] http.wire 72 - http-outgoing-71 &lt;&lt; &quot;[\r][\n]&quot;
08-01-2019 22:42:01 LoggingManagedHttpClientConnection.java DEBUG [Forwarding sendKeysToElement on session a68226d3-9e5a-4a6f-abc4-8051288c1b7f to remote] http.headers 124 - http-outgoing-71 &lt;&lt; HTTP/1.1 200 OK
08-01-2019 22:42:01 LoggingManagedHttpClientConnection.java DEBUG [Forwarding sendKeysToElement on session a68226d3-9e5a-4a6f-abc4-8051288c1b7f to remote] http.headers 127 - http-outgoing-71 &lt;&lt; content-type: application/json; charset=UTF-8
08-01-2019 22:42:01 LoggingManagedHttpClientConnection.java DEBUG [Forwarding sendKeysToElement on session a68226d3-9e5a-4a6f-abc4-8051288c1b7f to remote] http.headers 127 - http-outgoing-71 &lt;&lt; connection: close
08-01-2019 22:42:01 LoggingManagedHttpClientConnection.java DEBUG [Forwarding sendKeysToElement on session a68226d3-9e5a-4a6f-abc4-8051288c1b7f to remote] http.headers 127 - http-outgoing-71 &lt;&lt; content-length: 101
08-01-2019 22:42:01 LoggingManagedHttpClientConnection.java DEBUG [Forwarding sendKeysToElement on session a68226d3-9e5a-4a6f-abc4-8051288c1b7f to remote] http.headers 127 - http-outgoing-71 &lt;&lt; server: httpd.js
08-01-2019 22:42:01 LoggingManagedHttpClientConnection.java DEBUG [Forwarding sendKeysToElement on session a68226d3-9e5a-4a6f-abc4-8051288c1b7f to remote] http.headers 127 - http-outgoing-71 &lt;&lt; date: Thu, 01 Aug 2019 17:12:01 GMT
08-01-2019 22:42:01 Wire.java DEBUG [Forwarding sendKeysToElement on session a68226d3-9e5a-4a6f-abc4-8051288c1b7f to remote] http.wire 86 - http-outgoing-71 &lt;&lt; &quot;{&quot;name&quot;:&quot;sendKeysToElement&quot;,&quot;sessionId&quot;:&quot;a68226d3-9e5a-4a6f-abc4-8051288c1b7f&quot;,&quot;status&quot;:0,&quot;value&quot;:&quot;&quot;}&quot;
08-01-2019 22:42:01 LoggingManagedHttpClientConnection.java DEBUG [Forwarding sendKeysToElement on session a68226d3-9e5a-4a6f-abc4-8051288c1b7f to remote] conn.DefaultManagedHttpClientConnection 81 - http-outgoing-71: Close connection
08-01-2019 22:42:01 ConnectionHolder.java DEBUG [Forwarding sendKeysToElement on session a68226d3-9e5a-4a6f-abc4-8051288c1b7f to remote] execchain.MainClientExec 103 - Connection discarded
08-01-2019 22:42:01 PoolingHttpClientConnectionManager.java DEBUG [Forwarding sendKeysToElement on session a68226d3-9e5a-4a6f-abc4-8051288c1b7f to remote] conn.PoolingHttpClientConnectionManager 320 - Connection released: [id: 71][route: {}-&gt;http://127.0.0.1:7056][total kept alive: 0; route allocated: 0 of 2000; total allocated: 0 of 2000]
08-01-2019 22:42:01 RequestAddCookies.java DEBUG [Forwarding findElement on session a68226d3-9e5a-4a6f-abc4-8051288c1b7f to remote] protocol.RequestAddCookies 122 - CookieSpec selected: default
08-01-2019 22:42:01 RequestAuthCache.java DEBUG [Forwarding findElement on session a68226d3-9e5a-4a6f-abc4-8051288c1b7f to remote] protocol.RequestAuthCache 76 - Auth cache not set in the context
08-01-2019 22:42:01 PoolingHttpClientConnectionManager.java DEBUG [Forwarding findElement on session a68226d3-9e5a-4a6f-abc4-8051288c1b7f to remote] conn.PoolingHttpClientConnectionManager 249 - Connection request: [route: {}-&gt;http://127.0.0.1:7056][total kept alive: 0; route allocated: 0 of 2000; total allocated: 0 of 2000]
08-01-2019 22:42:01 PoolingHttpClientConnectionManager.java DEBUG [Forwarding findElement on session a68226d3-9e5a-4a6f-abc4-8051288c1b7f to remote] conn.PoolingHttpClientConnectionManager 282 - Connection leased: [id: 72][route: {}-&gt;http://127.0.0.1:7056][total kept alive: 0; route allocated: 1 of 2000; total allocated: 1 of 2000]
08-01-2019 22:42:01 MainClientExec.java DEBUG [Forwarding findElement on session a68226d3-9e5a-4a6f-abc4-8051288c1b7f to remote] execchain.MainClientExec 234 - Opening connection {}-&gt;http://127.0.0.1:7056
08-01-2019 22:42:01 DefaultHttpClientConnectionOperator.java DEBUG [Forwarding findElement on session a68226d3-9e5a-4a6f-abc4-8051288c1b7f to remote] conn.DefaultHttpClientConnectionOperator 131 - Connecting to /127.0.0.1:7056
08-01-2019 22:42:01 DefaultHttpClientConnectionOperator.java DEBUG [Forwarding findElement on session a68226d3-9e5a-4a6f-abc4-8051288c1b7f to remote] conn.DefaultHttpClientConnectionOperator 138 - Connection established 127.0.0.1:56862&lt;-&gt;127.0.0.1:7056
08-01-2019 22:42:01 LoggingManagedHttpClientConnection.java DEBUG [Forwarding findElement on session a68226d3-9e5a-4a6f-abc4-8051288c1b7f to remote] conn.DefaultManagedHttpClientConnection 90 - http-outgoing-72: set socket timeout to 10800000
08-01-2019 22:42:01 MainClientExec.java DEBUG [Forwarding findElement on session a68226d3-9e5a-4a6f-abc4-8051288c1b7f to remote] execchain.MainClientExec 255 - Executing request POST /hub/session/a68226d3-9e5a-4a6f-abc4-8051288c1b7f/element HTTP/1.1
08-01-2019 22:42:01 MainClientExec.java DEBUG [Forwarding findElement on session a68226d3-9e5a-4a6f-abc4-8051288c1b7f to remote] execchain.MainClientExec 260 - Target auth state: UNCHALLENGED
08-01-2019 22:42:01 MainClientExec.java DEBUG [Forwarding findElement on session a68226d3-9e5a-4a6f-abc4-8051288c1b7f to remote] execchain.MainClientExec 266 - Proxy auth state: UNCHALLENGED
08-01-2019 22:42:01 LoggingManagedHttpClientConnection.java DEBUG [Forwarding findElement on session a68226d3-9e5a-4a6f-abc4-8051288c1b7f to remote] http.headers 135 - http-outgoing-72 &gt;&gt; POST /hub/session/a68226d3-9e5a-4a6f-abc4-8051288c1b7f/element HTTP/1.1
08-01-2019 22:42:01 LoggingManagedHttpClientConnection.java DEBUG [Forwarding findElement on session a68226d3-9e5a-4a6f-abc4-8051288c1b7f to remote] http.headers 138 - http-outgoing-72 &gt;&gt; Content-Type: application/json; charset=utf-8
08-01-2019 22:42:01 LoggingManagedHttpClientConnection.java DEBUG [Forwarding findElement on session a68226d3-9e5a-4a6f-abc4-8051288c1b7f to remote] http.headers 138 - http-outgoing-72 &gt;&gt; Content-Length: 60
08-01-2019 22:42:01 LoggingManagedHttpClientConnection.java DEBUG [Forwarding findElement on session a68226d3-9e5a-4a6f-abc4-8051288c1b7f to remote] http.headers 138 - http-outgoing-72 &gt;&gt; Host: 127.0.0.1:7056
08-01-2019 22:42:01 LoggingManagedHttpClientConnection.java DEBUG [Forwarding findElement on session a68226d3-9e5a-4a6f-abc4-8051288c1b7f to remote] http.headers 138 - http-outgoing-72 &gt;&gt; Connection: Keep-Alive
08-01-2019 22:42:01 LoggingManagedHttpClientConnection.java DEBUG [Forwarding findElement on session a68226d3-9e5a-4a6f-abc4-8051288c1b7f to remote] http.headers 138 - http-outgoing-72 &gt;&gt; User-Agent: Apache-HttpClient/4.5.1 (Java/1.8.0_101)
08-01-2019 22:42:01 LoggingManagedHttpClientConnection.java DEBUG [Forwarding findElement on session a68226d3-9e5a-4a6f-abc4-8051288c1b7f to remote] http.headers 138 - http-outgoing-72 &gt;&gt; Accept-Encoding: gzip,deflate
08-01-2019 22:42:01 Wire.java DEBUG [Forwarding findElement on session a68226d3-9e5a-4a6f-abc4-8051288c1b7f to remote] http.wire 72 - http-outgoing-72 &gt;&gt; &quot;POST /hub/session/a68226d3-9e5a-4a6f-abc4-8051288c1b7f/element HTTP/1.1[\r][\n]&quot;
08-01-2019 22:42:01 Wire.java DEBUG [Forwarding findElement on session a68226d3-9e5a-4a6f-abc4-8051288c1b7f to remote] http.wire 72 - http-outgoing-72 &gt;&gt; &quot;Content-Type: application/json; charset=utf-8[\r][\n]&quot;
08-01-2019 22:42:01 Wire.java DEBUG [Forwarding findElement on session a68226d3-9e5a-4a6f-abc4-8051288c1b7f to remote] http.wire 72 - http-outgoing-72 &gt;&gt; &quot;Content-Length: 60[\r][\n]&quot;
08-01-2019 22:42:01 Wire.java DEBUG [Forwarding findElement on session a68226d3-9e5a-4a6f-abc4-8051288c1b7f to remote] http.wire 72 - http-outgoing-72 &gt;&gt; &quot;Host: 127.0.0.1:7056[\r][\n]&quot;
08-01-2019 22:42:01 Wire.java DEBUG [Forwarding findElement on session a68226d3-9e5a-4a6f-abc4-8051288c1b7f to remote] http.wire 72 - http-outgoing-72 &gt;&gt; &quot;Connection: Keep-Alive[\r][\n]&quot;
08-01-2019 22:42:01 Wire.java DEBUG [Forwarding findElement on session a68226d3-9e5a-4a6f-abc4-8051288c1b7f to remote] http.wire 72 - http-outgoing-72 &gt;&gt; &quot;User-Agent: Apache-HttpClient/4.5.1 (Java/1.8.0_101)[\r][\n]&quot;
08-01-2019 22:42:01 Wire.java DEBUG [Forwarding findElement on session a68226d3-9e5a-4a6f-abc4-8051288c1b7f to remote] http.wire 72 - http-outgoing-72 &gt;&gt; &quot;Accept-Encoding: gzip,deflate[\r][\n]&quot;
08-01-2019 22:42:01 Wire.java DEBUG [Forwarding findElement on session a68226d3-9e5a-4a6f-abc4-8051288c1b7f to remote] http.wire 72 - http-outgoing-72 &gt;&gt; &quot;[\r][\n]&quot;
08-01-2019 22:42:01 Wire.java DEBUG [Forwarding findElement on session a68226d3-9e5a-4a6f-abc4-8051288c1b7f to remote] http.wire 86 - http-outgoing-72 &gt;&gt; &quot;{&quot;using&quot;:&quot;xpath&quot;,&quot;value&quot;:&quot;//input[@name=&apos;passwordconfirm&apos;]&quot;}&quot;
08-01-2019 22:42:01 Wire.java DEBUG [Forwarding findElement on session a68226d3-9e5a-4a6f-abc4-8051288c1b7f to remote] http.wire 72 - http-outgoing-72 &lt;&lt; &quot;HTTP/1.1 200 OK[\r][\n]&quot;
08-01-2019 22:42:01 Wire.java DEBUG [Forwarding findElement on session a68226d3-9e5a-4a6f-abc4-8051288c1b7f to remote] http.wire 72 - http-outgoing-72 &lt;&lt; &quot;content-type: application/json; charset=UTF-8[\r][\n]&quot;
08-01-2019 22:42:01 Wire.java DEBUG [Forwarding findElement on session a68226d3-9e5a-4a6f-abc4-8051288c1b7f to remote] http.wire 72 - http-outgoing-72 &lt;&lt; &quot;connection: close[\r][\n]&quot;
08-01-2019 22:42:01 Wire.java DEBUG [Forwarding findElement on session a68226d3-9e5a-4a6f-abc4-8051288c1b7f to remote] http.wire 72 - http-outgoing-72 &lt;&lt; &quot;content-length: 224[\r][\n]&quot;
08-01-2019 22:42:01 Wire.java DEBUG [Forwarding findElement on session a68226d3-9e5a-4a6f-abc4-8051288c1b7f to remote] http.wire 72 - http-outgoing-72 &lt;&lt; &quot;server: httpd.js[\r][\n]&quot;
08-01-2019 22:42:01 Wire.java DEBUG [Forwarding findElement on session a68226d3-9e5a-4a6f-abc4-8051288c1b7f to remote] http.wire 72 - http-outgoing-72 &lt;&lt; &quot;date: Thu, 01 Aug 2019 17:12:01 GMT[\r][\n]&quot;
08-01-2019 22:42:01 Wire.java DEBUG [Forwarding findElement on session a68226d3-9e5a-4a6f-abc4-8051288c1b7f to remote] http.wire 72 - http-outgoing-72 &lt;&lt; &quot;[\r][\n]&quot;
08-01-2019 22:42:01 LoggingManagedHttpClientConnection.java DEBUG [Forwarding findElement on session a68226d3-9e5a-4a6f-abc4-8051288c1b7f to remote] http.headers 124 - http-outgoing-72 &lt;&lt; HTTP/1.1 200 OK
08-01-2019 22:42:01 LoggingManagedHttpClientConnection.java DEBUG [Forwarding findElement on session a68226d3-9e5a-4a6f-abc4-8051288c1b7f to remote] http.headers 127 - http-outgoing-72 &lt;&lt; content-type: application/json; charset=UTF-8
08-01-2019 22:42:01 LoggingManagedHttpClientConnection.java DEBUG [Forwarding findElement on session a68226d3-9e5a-4a6f-abc4-8051288c1b7f to remote] http.headers 127 - http-outgoing-72 &lt;&lt; connection: close
08-01-2019 22:42:01 LoggingManagedHttpClientConnection.java DEBUG [Forwarding findElement on session a68226d3-9e5a-4a6f-abc4-8051288c1b7f to remote] http.headers 127 - http-outgoing-72 &lt;&lt; content-length: 224
08-01-2019 22:42:01 LoggingManagedHttpClientConnection.java DEBUG [Forwarding findElement on session a68226d3-9e5a-4a6f-abc4-8051288c1b7f to remote] http.headers 127 - http-outgoing-72 &lt;&lt; server: httpd.js
08-01-2019 22:42:01 LoggingManagedHttpClientConnection.java DEBUG [Forwarding findElement on session a68226d3-9e5a-4a6f-abc4-8051288c1b7f to remote] http.headers 127 - http-outgoing-72 &lt;&lt; date: Thu, 01 Aug 2019 17:12:01 GMT
08-01-2019 22:42:01 Wire.java DEBUG [Forwarding findElement on session a68226d3-9e5a-4a6f-abc4-8051288c1b7f to remote] http.wire 86 - http-outgoing-72 &lt;&lt; &quot;{&quot;name&quot;:&quot;findElement&quot;,&quot;sessionId&quot;:&quot;a68226d3-9e5a-4a6f-abc4-8051288c1b7f&quot;,&quot;status&quot;:0,&quot;value&quot;:{&quot;ELEMENT&quot;:&quot;{47b14a45-5ed4-40f8-b34c-d33993a54667}&quot;,&quot;element-6066-11e4-a52e-4f735466cecf&quot;:&quot;{47b14a45-5ed4-40f8-b34c-d33993a54667}&quot;}}&quot;
08-01-2019 22:42:01 LoggingManagedHttpClientConnection.java DEBUG [Forwarding findElement on session a68226d3-9e5a-4a6f-abc4-8051288c1b7f to remote] conn.DefaultManagedHttpClientConnection 81 - http-outgoing-72: Close connection
08-01-2019 22:42:01 ConnectionHolder.java DEBUG [Forwarding findElement on session a68226d3-9e5a-4a6f-abc4-8051288c1b7f to remote] execchain.MainClientExec 103 - Connection discarded
08-01-2019 22:42:01 PoolingHttpClientConnectionManager.java DEBUG [Forwarding findElement on session a68226d3-9e5a-4a6f-abc4-8051288c1b7f to remote] conn.PoolingHttpClientConnectionManager 320 - Connection released: [id: 72][route: {}-&gt;http://127.0.0.1:7056][total kept alive: 0; route allocated: 0 of 2000; total allocated: 0 of 2000]
08-01-2019 22:42:01 RequestAddCookies.java DEBUG [Forwarding sendKeysToElement on session a68226d3-9e5a-4a6f-abc4-8051288c1b7f to remote] protocol.RequestAddCookies 122 - CookieSpec selected: default
08-01-2019 22:42:01 RequestAuthCache.java DEBUG [Forwarding sendKeysToElement on session a68226d3-9e5a-4a6f-abc4-8051288c1b7f to remote] protocol.RequestAuthCache 76 - Auth cache not set in the context
08-01-2019 22:42:01 PoolingHttpClientConnectionManager.java DEBUG [Forwarding sendKeysToElement on session a68226d3-9e5a-4a6f-abc4-8051288c1b7f to remote] conn.PoolingHttpClientConnectionManager 249 - Connection request: [route: {}-&gt;http://127.0.0.1:7056][total kept alive: 0; route allocated: 0 of 2000; total allocated: 0 of 2000]
08-01-2019 22:42:01 PoolingHttpClientConnectionManager.java DEBUG [Forwarding sendKeysToElement on session a68226d3-9e5a-4a6f-abc4-8051288c1b7f to remote] conn.PoolingHttpClientConnectionManager 282 - Connection leased: [id: 73][route: {}-&gt;http://127.0.0.1:7056][total kept alive: 0; route allocated: 1 of 2000; total allocated: 1 of 2000]
08-01-2019 22:42:01 MainClientExec.java DEBUG [Forwarding sendKeysToElement on session a68226d3-9e5a-4a6f-abc4-8051288c1b7f to remote] execchain.MainClientExec 234 - Opening connection {}-&gt;http://127.0.0.1:7056
08-01-2019 22:42:01 DefaultHttpClientConnectionOperator.java DEBUG [Forwarding sendKeysToElement on session a68226d3-9e5a-4a6f-abc4-8051288c1b7f to remote] conn.DefaultHttpClientConnectionOperator 131 - Connecting to /127.0.0.1:7056
08-01-2019 22:42:01 DefaultHttpClientConnectionOperator.java DEBUG [Forwarding sendKeysToElement on session a68226d3-9e5a-4a6f-abc4-8051288c1b7f to remote] conn.DefaultHttpClientConnectionOperator 138 - Connection established 127.0.0.1:56863&lt;-&gt;127.0.0.1:7056
08-01-2019 22:42:01 LoggingManagedHttpClientConnection.java DEBUG [Forwarding sendKeysToElement on session a68226d3-9e5a-4a6f-abc4-8051288c1b7f to remote] conn.DefaultManagedHttpClientConnection 90 - http-outgoing-73: set socket timeout to 10800000
08-01-2019 22:42:01 MainClientExec.java DEBUG [Forwarding sendKeysToElement on session a68226d3-9e5a-4a6f-abc4-8051288c1b7f to remote] execchain.MainClientExec 255 - Executing request POST /hub/session/a68226d3-9e5a-4a6f-abc4-8051288c1b7f/element/%7B47b14a45-5ed4-40f8-b34c-d33993a54667%7D/value HTTP/1.1
08-01-2019 22:42:01 MainClientExec.java DEBUG [Forwarding sendKeysToElement on session a68226d3-9e5a-4a6f-abc4-8051288c1b7f to remote] execchain.MainClientExec 260 - Target auth state: UNCHALLENGED
08-01-2019 22:42:01 MainClientExec.java DEBUG [Forwarding sendKeysToElement on session a68226d3-9e5a-4a6f-abc4-8051288c1b7f to remote] execchain.MainClientExec 266 - Proxy auth state: UNCHALLENGED
08-01-2019 22:42:01 LoggingManagedHttpClientConnection.java DEBUG [Forwarding sendKeysToElement on session a68226d3-9e5a-4a6f-abc4-8051288c1b7f to remote] http.headers 135 - http-outgoing-73 &gt;&gt; POST /hub/session/a68226d3-9e5a-4a6f-abc4-8051288c1b7f/element/%7B47b14a45-5ed4-40f8-b34c-d33993a54667%7D/value HTTP/1.1
08-01-2019 22:42:01 LoggingManagedHttpClientConnection.java DEBUG [Forwarding sendKeysToElement on session a68226d3-9e5a-4a6f-abc4-8051288c1b7f to remote] http.headers 138 - http-outgoing-73 &gt;&gt; Content-Type: application/json; charset=utf-8
08-01-2019 22:42:01 LoggingManagedHttpClientConnection.java DEBUG [Forwarding sendKeysToElement on session a68226d3-9e5a-4a6f-abc4-8051288c1b7f to remote] http.headers 138 - http-outgoing-73 &gt;&gt; Content-Length: 68
08-01-2019 22:42:01 LoggingManagedHttpClientConnection.java DEBUG [Forwarding sendKeysToElement on session a68226d3-9e5a-4a6f-abc4-8051288c1b7f to remote] http.headers 138 - http-outgoing-73 &gt;&gt; Host: 127.0.0.1:7056
08-01-2019 22:42:01 LoggingManagedHttpClientConnection.java DEBUG [Forwarding sendKeysToElement on session a68226d3-9e5a-4a6f-abc4-8051288c1b7f to remote] http.headers 138 - http-outgoing-73 &gt;&gt; Connection: Keep-Alive
08-01-2019 22:42:01 LoggingManagedHttpClientConnection.java DEBUG [Forwarding sendKeysToElement on session a68226d3-9e5a-4a6f-abc4-8051288c1b7f to remote] http.headers 138 - http-outgoing-73 &gt;&gt; User-Agent: Apache-HttpClient/4.5.1 (Java/1.8.0_101)
08-01-2019 22:42:01 LoggingManagedHttpClientConnection.java DEBUG [Forwarding sendKeysToElement on session a68226d3-9e5a-4a6f-abc4-8051288c1b7f to remote] http.headers 138 - http-outgoing-73 &gt;&gt; Accept-Encoding: gzip,deflate
08-01-2019 22:42:01 Wire.java DEBUG [Forwarding sendKeysToElement on session a68226d3-9e5a-4a6f-abc4-8051288c1b7f to remote] http.wire 72 - http-outgoing-73 &gt;&gt; &quot;POST /hub/session/a68226d3-9e5a-4a6f-abc4-8051288c1b7f/element/%7B47b14a45-5ed4-40f8-b34c-d33993a54667%7D/value HTTP/1.1[\r][\n]&quot;
08-01-2019 22:42:01 Wire.java DEBUG [Forwarding sendKeysToElement on session a68226d3-9e5a-4a6f-abc4-8051288c1b7f to remote] http.wire 72 - http-outgoing-73 &gt;&gt; &quot;Content-Type: application/json; charset=utf-8[\r][\n]&quot;
08-01-2019 22:42:01 Wire.java DEBUG [Forwarding sendKeysToElement on session a68226d3-9e5a-4a6f-abc4-8051288c1b7f to remote] http.wire 72 - http-outgoing-73 &gt;&gt; &quot;Content-Length: 68[\r][\n]&quot;
08-01-2019 22:42:01 Wire.java DEBUG [Forwarding sendKeysToElement on session a68226d3-9e5a-4a6f-abc4-8051288c1b7f to remote] http.wire 72 - http-outgoing-73 &gt;&gt; &quot;Host: 127.0.0.1:7056[\r][\n]&quot;
08-01-2019 22:42:01 Wire.java DEBUG [Forwarding sendKeysToElement on session a68226d3-9e5a-4a6f-abc4-8051288c1b7f to remote] http.wire 72 - http-outgoing-73 &gt;&gt; &quot;Connection: Keep-Alive[\r][\n]&quot;
08-01-2019 22:42:01 Wire.java DEBUG [Forwarding sendKeysToElement on session a68226d3-9e5a-4a6f-abc4-8051288c1b7f to remote] http.wire 72 - http-outgoing-73 &gt;&gt; &quot;User-Agent: Apache-HttpClient/4.5.1 (Java/1.8.0_101)[\r][\n]&quot;
08-01-2019 22:42:01 Wire.java DEBUG [Forwarding sendKeysToElement on session a68226d3-9e5a-4a6f-abc4-8051288c1b7f to remote] http.wire 72 - http-outgoing-73 &gt;&gt; &quot;Accept-Encoding: gzip,deflate[\r][\n]&quot;
08-01-2019 22:42:01 Wire.java DEBUG [Forwarding sendKeysToElement on session a68226d3-9e5a-4a6f-abc4-8051288c1b7f to remote] http.wire 72 - http-outgoing-73 &gt;&gt; &quot;[\r][\n]&quot;
08-01-2019 22:42:01 Wire.java DEBUG [Forwarding sendKeysToElement on session a68226d3-9e5a-4a6f-abc4-8051288c1b7f to remote] http.wire 86 - http-outgoing-73 &gt;&gt; &quot;{&quot;id&quot;:&quot;{47b14a45-5ed4-40f8-b34c-d33993a54667}&quot;,&quot;value&quot;:[&quot;test@123&quot;]}&quot;
08-01-2019 22:42:02 Wire.java DEBUG [Forwarding sendKeysToElement on session a68226d3-9e5a-4a6f-abc4-8051288c1b7f to remote] http.wire 72 - http-outgoing-73 &lt;&lt; &quot;HTTP/1.1 200 OK[\r][\n]&quot;
08-01-2019 22:42:02 Wire.java DEBUG [Forwarding sendKeysToElement on session a68226d3-9e5a-4a6f-abc4-8051288c1b7f to remote] http.wire 72 - http-outgoing-73 &lt;&lt; &quot;content-type: application/json; charset=UTF-8[\r][\n]&quot;
08-01-2019 22:42:02 Wire.java DEBUG [Forwarding sendKeysToElement on session a68226d3-9e5a-4a6f-abc4-8051288c1b7f to remote] http.wire 72 - http-outgoing-73 &lt;&lt; &quot;connection: close[\r][\n]&quot;
08-01-2019 22:42:02 Wire.java DEBUG [Forwarding sendKeysToElement on session a68226d3-9e5a-4a6f-abc4-8051288c1b7f to remote] http.wire 72 - http-outgoing-73 &lt;&lt; &quot;content-length: 101[\r][\n]&quot;
08-01-2019 22:42:02 Wire.java DEBUG [Forwarding sendKeysToElement on session a68226d3-9e5a-4a6f-abc4-8051288c1b7f to remote] http.wire 72 - http-outgoing-73 &lt;&lt; &quot;server: httpd.js[\r][\n]&quot;
08-01-2019 22:42:02 Wire.java DEBUG [Forwarding sendKeysToElement on session a68226d3-9e5a-4a6f-abc4-8051288c1b7f to remote] http.wire 72 - http-outgoing-73 &lt;&lt; &quot;date: Thu, 01 Aug 2019 17:12:02 GMT[\r][\n]&quot;
08-01-2019 22:42:02 Wire.java DEBUG [Forwarding sendKeysToElement on session a68226d3-9e5a-4a6f-abc4-8051288c1b7f to remote] http.wire 72 - http-outgoing-73 &lt;&lt; &quot;[\r][\n]&quot;
08-01-2019 22:42:02 LoggingManagedHttpClientConnection.java DEBUG [Forwarding sendKeysToElement on session a68226d3-9e5a-4a6f-abc4-8051288c1b7f to remote] http.headers 124 - http-outgoing-73 &lt;&lt; HTTP/1.1 200 OK
08-01-2019 22:42:02 LoggingManagedHttpClientConnection.java DEBUG [Forwarding sendKeysToElement on session a68226d3-9e5a-4a6f-abc4-8051288c1b7f to remote] http.headers 127 - http-outgoing-73 &lt;&lt; content-type: application/json; charset=UTF-8
08-01-2019 22:42:02 LoggingManagedHttpClientConnection.java DEBUG [Forwarding sendKeysToElement on session a68226d3-9e5a-4a6f-abc4-8051288c1b7f to remote] http.headers 127 - http-outgoing-73 &lt;&lt; connection: close
08-01-2019 22:42:02 LoggingManagedHttpClientConnection.java DEBUG [Forwarding sendKeysToElement on session a68226d3-9e5a-4a6f-abc4-8051288c1b7f to remote] http.headers 127 - http-outgoing-73 &lt;&lt; content-length: 101
08-01-2019 22:42:02 LoggingManagedHttpClientConnection.java DEBUG [Forwarding sendKeysToElement on session a68226d3-9e5a-4a6f-abc4-8051288c1b7f to remote] http.headers 127 - http-outgoing-73 &lt;&lt; server: httpd.js
08-01-2019 22:42:02 LoggingManagedHttpClientConnection.java DEBUG [Forwarding sendKeysToElement on session a68226d3-9e5a-4a6f-abc4-8051288c1b7f to remote] http.headers 127 - http-outgoing-73 &lt;&lt; date: Thu, 01 Aug 2019 17:12:02 GMT
08-01-2019 22:42:02 Wire.java DEBUG [Forwarding sendKeysToElement on session a68226d3-9e5a-4a6f-abc4-8051288c1b7f to remote] http.wire 86 - http-outgoing-73 &lt;&lt; &quot;{&quot;name&quot;:&quot;sendKeysToElement&quot;,&quot;sessionId&quot;:&quot;a68226d3-9e5a-4a6f-abc4-8051288c1b7f&quot;,&quot;status&quot;:0,&quot;value&quot;:&quot;&quot;}&quot;
08-01-2019 22:42:02 LoggingManagedHttpClientConnection.java DEBUG [Forwarding sendKeysToElement on session a68226d3-9e5a-4a6f-abc4-8051288c1b7f to remote] conn.DefaultManagedHttpClientConnection 81 - http-outgoing-73: Close connection
08-01-2019 22:42:02 ConnectionHolder.java DEBUG [Forwarding sendKeysToElement on session a68226d3-9e5a-4a6f-abc4-8051288c1b7f to remote] execchain.MainClientExec 103 - Connection discarded
08-01-2019 22:42:02 PoolingHttpClientConnectionManager.java DEBUG [Forwarding sendKeysToElement on session a68226d3-9e5a-4a6f-abc4-8051288c1b7f to remote] conn.PoolingHttpClientConnectionManager 320 - Connection released: [id: 73][route: {}-&gt;http://127.0.0.1:7056][total kept alive: 0; route allocated: 0 of 2000; total allocated: 0 of 2000]
08-01-2019 22:42:02 RequestAddCookies.java DEBUG [Forwarding findElement on session a68226d3-9e5a-4a6f-abc4-8051288c1b7f to remote] protocol.RequestAddCookies 122 - CookieSpec selected: default
08-01-2019 22:42:02 RequestAuthCache.java DEBUG [Forwarding findElement on session a68226d3-9e5a-4a6f-abc4-8051288c1b7f to remote] protocol.RequestAuthCache 76 - Auth cache not set in the context
08-01-2019 22:42:02 PoolingHttpClientConnectionManager.java DEBUG [Forwarding findElement on session a68226d3-9e5a-4a6f-abc4-8051288c1b7f to remote] conn.PoolingHttpClientConnectionManager 249 - Connection request: [route: {}-&gt;http://127.0.0.1:7056][total kept alive: 0; route allocated: 0 of 2000; total allocated: 0 of 2000]
08-01-2019 22:42:02 PoolingHttpClientConnectionManager.java DEBUG [Forwarding findElement on session a68226d3-9e5a-4a6f-abc4-8051288c1b7f to remote] conn.PoolingHttpClientConnectionManager 282 - Connection leased: [id: 74][route: {}-&gt;http://127.0.0.1:7056][total kept alive: 0; route allocated: 1 of 2000; total allocated: 1 of 2000]
08-01-2019 22:42:02 MainClientExec.java DEBUG [Forwarding findElement on session a68226d3-9e5a-4a6f-abc4-8051288c1b7f to remote] execchain.MainClientExec 234 - Opening connection {}-&gt;http://127.0.0.1:7056
08-01-2019 22:42:02 DefaultHttpClientConnectionOperator.java DEBUG [Forwarding findElement on session a68226d3-9e5a-4a6f-abc4-8051288c1b7f to remote] conn.DefaultHttpClientConnectionOperator 131 - Connecting to /127.0.0.1:7056
08-01-2019 22:42:02 DefaultHttpClientConnectionOperator.java DEBUG [Forwarding findElement on session a68226d3-9e5a-4a6f-abc4-8051288c1b7f to remote] conn.DefaultHttpClientConnectionOperator 138 - Connection established 127.0.0.1:56864&lt;-&gt;127.0.0.1:7056
08-01-2019 22:42:02 LoggingManagedHttpClientConnection.java DEBUG [Forwarding findElement on session a68226d3-9e5a-4a6f-abc4-8051288c1b7f to remote] conn.DefaultManagedHttpClientConnection 90 - http-outgoing-74: set socket timeout to 10800000
08-01-2019 22:42:02 MainClientExec.java DEBUG [Forwarding findElement on session a68226d3-9e5a-4a6f-abc4-8051288c1b7f to remote] execchain.MainClientExec 255 - Executing request POST /hub/session/a68226d3-9e5a-4a6f-abc4-8051288c1b7f/element HTTP/1.1
08-01-2019 22:42:02 MainClientExec.java DEBUG [Forwarding findElement on session a68226d3-9e5a-4a6f-abc4-8051288c1b7f to remote] execchain.MainClientExec 260 - Target auth state: UNCHALLENGED
08-01-2019 22:42:02 MainClientExec.java DEBUG [Forwarding findElement on session a68226d3-9e5a-4a6f-abc4-8051288c1b7f to remote] execchain.MainClientExec 266 - Proxy auth state: UNCHALLENGED
08-01-2019 22:42:02 LoggingManagedHttpClientConnection.java DEBUG [Forwarding findElement on session a68226d3-9e5a-4a6f-abc4-8051288c1b7f to remote] http.headers 135 - http-outgoing-74 &gt;&gt; POST /hub/session/a68226d3-9e5a-4a6f-abc4-8051288c1b7f/element HTTP/1.1
08-01-2019 22:42:02 LoggingManagedHttpClientConnection.java DEBUG [Forwarding findElement on session a68226d3-9e5a-4a6f-abc4-8051288c1b7f to remote] http.headers 138 - http-outgoing-74 &gt;&gt; Content-Type: application/json; charset=utf-8
08-01-2019 22:42:02 LoggingManagedHttpClientConnection.java DEBUG [Forwarding findElement on session a68226d3-9e5a-4a6f-abc4-8051288c1b7f to remote] http.headers 138 - http-outgoing-74 &gt;&gt; Content-Length: 55
08-01-2019 22:42:02 LoggingManagedHttpClientConnection.java DEBUG [Forwarding findElement on session a68226d3-9e5a-4a6f-abc4-8051288c1b7f to remote] http.headers 138 - http-outgoing-74 &gt;&gt; Host: 127.0.0.1:7056
08-01-2019 22:42:02 LoggingManagedHttpClientConnection.java DEBUG [Forwarding findElement on session a68226d3-9e5a-4a6f-abc4-8051288c1b7f to remote] http.headers 138 - http-outgoing-74 &gt;&gt; Connection: Keep-Alive
08-01-2019 22:42:02 LoggingManagedHttpClientConnection.java DEBUG [Forwarding findElement on session a68226d3-9e5a-4a6f-abc4-8051288c1b7f to remote] http.headers 138 - http-outgoing-74 &gt;&gt; User-Agent: Apache-HttpClient/4.5.1 (Java/1.8.0_101)
08-01-2019 22:42:02 LoggingManagedHttpClientConnection.java DEBUG [Forwarding findElement on session a68226d3-9e5a-4a6f-abc4-8051288c1b7f to remote] http.headers 138 - http-outgoing-74 &gt;&gt; Accept-Encoding: gzip,deflate
08-01-2019 22:42:02 Wire.java DEBUG [Forwarding findElement on session a68226d3-9e5a-4a6f-abc4-8051288c1b7f to remote] http.wire 72 - http-outgoing-74 &gt;&gt; &quot;POST /hub/session/a68226d3-9e5a-4a6f-abc4-8051288c1b7f/element HTTP/1.1[\r][\n]&quot;
08-01-2019 22:42:02 Wire.java DEBUG [Forwarding findElement on session a68226d3-9e5a-4a6f-abc4-8051288c1b7f to remote] http.wire 72 - http-outgoing-74 &gt;&gt; &quot;Content-Type: application/json; charset=utf-8[\r][\n]&quot;
08-01-2019 22:42:02 Wire.java DEBUG [Forwarding findElement on session a68226d3-9e5a-4a6f-abc4-8051288c1b7f to remote] http.wire 72 - http-outgoing-74 &gt;&gt; &quot;Content-Length: 55[\r][\n]&quot;
08-01-2019 22:42:02 Wire.java DEBUG [Forwarding findElement on session a68226d3-9e5a-4a6f-abc4-8051288c1b7f to remote] http.wire 72 - http-outgoing-74 &gt;&gt; &quot;Host: 127.0.0.1:7056[\r][\n]&quot;
08-01-2019 22:42:02 Wire.java DEBUG [Forwarding findElement on session a68226d3-9e5a-4a6f-abc4-8051288c1b7f to remote] http.wire 72 - http-outgoing-74 &gt;&gt; &quot;Connection: Keep-Alive[\r][\n]&quot;
08-01-2019 22:42:02 Wire.java DEBUG [Forwarding findElement on session a68226d3-9e5a-4a6f-abc4-8051288c1b7f to remote] http.wire 72 - http-outgoing-74 &gt;&gt; &quot;User-Agent: Apache-HttpClient/4.5.1 (Java/1.8.0_101)[\r][\n]&quot;
08-01-2019 22:42:02 Wire.java DEBUG [Forwarding findElement on session a68226d3-9e5a-4a6f-abc4-8051288c1b7f to remote] http.wire 72 - http-outgoing-74 &gt;&gt; &quot;Accept-Encoding: gzip,deflate[\r][\n]&quot;
08-01-2019 22:42:02 Wire.java DEBUG [Forwarding findElement on session a68226d3-9e5a-4a6f-abc4-8051288c1b7f to remote] http.wire 72 - http-outgoing-74 &gt;&gt; &quot;[\r][\n]&quot;
08-01-2019 22:42:02 Wire.java DEBUG [Forwarding findElement on session a68226d3-9e5a-4a6f-abc4-8051288c1b7f to remote] http.wire 86 - http-outgoing-74 &gt;&gt; &quot;{&quot;using&quot;:&quot;xpath&quot;,&quot;value&quot;:&quot;//input[@name=&apos;agreeTerms&apos;]&quot;}&quot;
08-01-2019 22:42:02 Wire.java DEBUG [Forwarding findElement on session a68226d3-9e5a-4a6f-abc4-8051288c1b7f to remote] http.wire 72 - http-outgoing-74 &lt;&lt; &quot;HTTP/1.1 200 OK[\r][\n]&quot;
08-01-2019 22:42:02 Wire.java DEBUG [Forwarding findElement on session a68226d3-9e5a-4a6f-abc4-8051288c1b7f to remote] http.wire 72 - http-outgoing-74 &lt;&lt; &quot;content-type: application/json; charset=UTF-8[\r][\n]&quot;
08-01-2019 22:42:02 Wire.java DEBUG [Forwarding findElement on session a68226d3-9e5a-4a6f-abc4-8051288c1b7f to remote] http.wire 72 - http-outgoing-74 &lt;&lt; &quot;connection: close[\r][\n]&quot;
08-01-2019 22:42:02 Wire.java DEBUG [Forwarding findElement on session a68226d3-9e5a-4a6f-abc4-8051288c1b7f to remote] http.wire 72 - http-outgoing-74 &lt;&lt; &quot;content-length: 224[\r][\n]&quot;
08-01-2019 22:42:02 Wire.java DEBUG [Forwarding findElement on session a68226d3-9e5a-4a6f-abc4-8051288c1b7f to remote] http.wire 72 - http-outgoing-74 &lt;&lt; &quot;server: httpd.js[\r][\n]&quot;
08-01-2019 22:42:02 Wire.java DEBUG [Forwarding findElement on session a68226d3-9e5a-4a6f-abc4-8051288c1b7f to remote] http.wire 72 - http-outgoing-74 &lt;&lt; &quot;date: Thu, 01 Aug 2019 17:12:02 GMT[\r][\n]&quot;
08-01-2019 22:42:02 Wire.java DEBUG [Forwarding findElement on session a68226d3-9e5a-4a6f-abc4-8051288c1b7f to remote] http.wire 72 - http-outgoing-74 &lt;&lt; &quot;[\r][\n]&quot;
08-01-2019 22:42:02 LoggingManagedHttpClientConnection.java DEBUG [Forwarding findElement on session a68226d3-9e5a-4a6f-abc4-8051288c1b7f to remote] http.headers 124 - http-outgoing-74 &lt;&lt; HTTP/1.1 200 OK
08-01-2019 22:42:02 LoggingManagedHttpClientConnection.java DEBUG [Forwarding findElement on session a68226d3-9e5a-4a6f-abc4-8051288c1b7f to remote] http.headers 127 - http-outgoing-74 &lt;&lt; content-type: application/json; charset=UTF-8
08-01-2019 22:42:02 LoggingManagedHttpClientConnection.java DEBUG [Forwarding findElement on session a68226d3-9e5a-4a6f-abc4-8051288c1b7f to remote] http.headers 127 - http-outgoing-74 &lt;&lt; connection: close
08-01-2019 22:42:02 LoggingManagedHttpClientConnection.java DEBUG [Forwarding findElement on session a68226d3-9e5a-4a6f-abc4-8051288c1b7f to remote] http.headers 127 - http-outgoing-74 &lt;&lt; content-length: 224
08-01-2019 22:42:02 LoggingManagedHttpClientConnection.java DEBUG [Forwarding findElement on session a68226d3-9e5a-4a6f-abc4-8051288c1b7f to remote] http.headers 127 - http-outgoing-74 &lt;&lt; server: httpd.js
08-01-2019 22:42:02 LoggingManagedHttpClientConnection.java DEBUG [Forwarding findElement on session a68226d3-9e5a-4a6f-abc4-8051288c1b7f to remote] http.headers 127 - http-outgoing-74 &lt;&lt; date: Thu, 01 Aug 2019 17:12:02 GMT
08-01-2019 22:42:02 Wire.java DEBUG [Forwarding findElement on session a68226d3-9e5a-4a6f-abc4-8051288c1b7f to remote] http.wire 86 - http-outgoing-74 &lt;&lt; &quot;{&quot;name&quot;:&quot;findElement&quot;,&quot;sessionId&quot;:&quot;a68226d3-9e5a-4a6f-abc4-8051288c1b7f&quot;,&quot;status&quot;:0,&quot;value&quot;:{&quot;ELEMENT&quot;:&quot;{1f90f2fe-e27e-4378-bdcc-2a66685a3c84}&quot;,&quot;element-6066-11e4-a52e-4f735466cecf&quot;:&quot;{1f90f2fe-e27e-4378-bdcc-2a66685a3c84}&quot;}}&quot;
08-01-2019 22:42:02 LoggingManagedHttpClientConnection.java DEBUG [Forwarding findElement on session a68226d3-9e5a-4a6f-abc4-8051288c1b7f to remote] conn.DefaultManagedHttpClientConnection 81 - http-outgoing-74: Close connection
08-01-2019 22:42:02 ConnectionHolder.java DEBUG [Forwarding findElement on session a68226d3-9e5a-4a6f-abc4-8051288c1b7f to remote] execchain.MainClientExec 103 - Connection discarded
08-01-2019 22:42:02 PoolingHttpClientConnectionManager.java DEBUG [Forwarding findElement on session a68226d3-9e5a-4a6f-abc4-8051288c1b7f to remote] conn.PoolingHttpClientConnectionManager 320 - Connection released: [id: 74][route: {}-&gt;http://127.0.0.1:7056][total kept alive: 0; route allocated: 0 of 2000; total allocated: 0 of 2000]
08-01-2019 22:42:02 RequestAddCookies.java DEBUG [Forwarding clickElement on session a68226d3-9e5a-4a6f-abc4-8051288c1b7f to remote] protocol.RequestAddCookies 122 - CookieSpec selected: default
08-01-2019 22:42:02 RequestAuthCache.java DEBUG [Forwarding clickElement on session a68226d3-9e5a-4a6f-abc4-8051288c1b7f to remote] protocol.RequestAuthCache 76 - Auth cache not set in the context
08-01-2019 22:42:02 PoolingHttpClientConnectionManager.java DEBUG [Forwarding clickElement on session a68226d3-9e5a-4a6f-abc4-8051288c1b7f to remote] conn.PoolingHttpClientConnectionManager 249 - Connection request: [route: {}-&gt;http://127.0.0.1:7056][total kept alive: 0; route allocated: 0 of 2000; total allocated: 0 of 2000]
08-01-2019 22:42:02 PoolingHttpClientConnectionManager.java DEBUG [Forwarding clickElement on session a68226d3-9e5a-4a6f-abc4-8051288c1b7f to remote] conn.PoolingHttpClientConnectionManager 282 - Connection leased: [id: 75][route: {}-&gt;http://127.0.0.1:7056][total kept alive: 0; route allocated: 1 of 2000; total allocated: 1 of 2000]
08-01-2019 22:42:02 MainClientExec.java DEBUG [Forwarding clickElement on session a68226d3-9e5a-4a6f-abc4-8051288c1b7f to remote] execchain.MainClientExec 234 - Opening connection {}-&gt;http://127.0.0.1:7056
08-01-2019 22:42:02 DefaultHttpClientConnectionOperator.java DEBUG [Forwarding clickElement on session a68226d3-9e5a-4a6f-abc4-8051288c1b7f to remote] conn.DefaultHttpClientConnectionOperator 131 - Connecting to /127.0.0.1:7056
08-01-2019 22:42:02 DefaultHttpClientConnectionOperator.java DEBUG [Forwarding clickElement on session a68226d3-9e5a-4a6f-abc4-8051288c1b7f to remote] conn.DefaultHttpClientConnectionOperator 138 - Connection established 127.0.0.1:56865&lt;-&gt;127.0.0.1:7056
08-01-2019 22:42:02 LoggingManagedHttpClientConnection.java DEBUG [Forwarding clickElement on session a68226d3-9e5a-4a6f-abc4-8051288c1b7f to remote] conn.DefaultManagedHttpClientConnection 90 - http-outgoing-75: set socket timeout to 10800000
08-01-2019 22:42:02 MainClientExec.java DEBUG [Forwarding clickElement on session a68226d3-9e5a-4a6f-abc4-8051288c1b7f to remote] execchain.MainClientExec 255 - Executing request POST /hub/session/a68226d3-9e5a-4a6f-abc4-8051288c1b7f/element/%7B1f90f2fe-e27e-4378-bdcc-2a66685a3c84%7D/click HTTP/1.1
08-01-2019 22:42:02 MainClientExec.java DEBUG [Forwarding clickElement on session a68226d3-9e5a-4a6f-abc4-8051288c1b7f to remote] execchain.MainClientExec 260 - Target auth state: UNCHALLENGED
08-01-2019 22:42:02 MainClientExec.java DEBUG [Forwarding clickElement on session a68226d3-9e5a-4a6f-abc4-8051288c1b7f to remote] execchain.MainClientExec 266 - Proxy auth state: UNCHALLENGED
08-01-2019 22:42:02 LoggingManagedHttpClientConnection.java DEBUG [Forwarding clickElement on session a68226d3-9e5a-4a6f-abc4-8051288c1b7f to remote] http.headers 135 - http-outgoing-75 &gt;&gt; POST /hub/session/a68226d3-9e5a-4a6f-abc4-8051288c1b7f/element/%7B1f90f2fe-e27e-4378-bdcc-2a66685a3c84%7D/click HTTP/1.1
08-01-2019 22:42:02 LoggingManagedHttpClientConnection.java DEBUG [Forwarding clickElement on session a68226d3-9e5a-4a6f-abc4-8051288c1b7f to remote] http.headers 138 - http-outgoing-75 &gt;&gt; Content-Type: application/json; charset=utf-8
08-01-2019 22:42:02 LoggingManagedHttpClientConnection.java DEBUG [Forwarding clickElement on session a68226d3-9e5a-4a6f-abc4-8051288c1b7f to remote] http.headers 138 - http-outgoing-75 &gt;&gt; Content-Length: 47
08-01-2019 22:42:02 LoggingManagedHttpClientConnection.java DEBUG [Forwarding clickElement on session a68226d3-9e5a-4a6f-abc4-8051288c1b7f to remote] http.headers 138 - http-outgoing-75 &gt;&gt; Host: 127.0.0.1:7056
08-01-2019 22:42:02 LoggingManagedHttpClientConnection.java DEBUG [Forwarding clickElement on session a68226d3-9e5a-4a6f-abc4-8051288c1b7f to remote] http.headers 138 - http-outgoing-75 &gt;&gt; Connection: Keep-Alive
08-01-2019 22:42:02 LoggingManagedHttpClientConnection.java DEBUG [Forwarding clickElement on session a68226d3-9e5a-4a6f-abc4-8051288c1b7f to remote] http.headers 138 - http-outgoing-75 &gt;&gt; User-Agent: Apache-HttpClient/4.5.1 (Java/1.8.0_101)
08-01-2019 22:42:02 LoggingManagedHttpClientConnection.java DEBUG [Forwarding clickElement on session a68226d3-9e5a-4a6f-abc4-8051288c1b7f to remote] http.headers 138 - http-outgoing-75 &gt;&gt; Accept-Encoding: gzip,deflate
08-01-2019 22:42:02 Wire.java DEBUG [Forwarding clickElement on session a68226d3-9e5a-4a6f-abc4-8051288c1b7f to remote] http.wire 72 - http-outgoing-75 &gt;&gt; &quot;POST /hub/session/a68226d3-9e5a-4a6f-abc4-8051288c1b7f/element/%7B1f90f2fe-e27e-4378-bdcc-2a66685a3c84%7D/click HTTP/1.1[\r][\n]&quot;
08-01-2019 22:42:02 Wire.java DEBUG [Forwarding clickElement on session a68226d3-9e5a-4a6f-abc4-8051288c1b7f to remote] http.wire 72 - http-outgoing-75 &gt;&gt; &quot;Content-Type: application/json; charset=utf-8[\r][\n]&quot;
08-01-2019 22:42:02 Wire.java DEBUG [Forwarding clickElement on session a68226d3-9e5a-4a6f-abc4-8051288c1b7f to remote] http.wire 72 - http-outgoing-75 &gt;&gt; &quot;Content-Length: 47[\r][\n]&quot;
08-01-2019 22:42:02 Wire.java DEBUG [Forwarding clickElement on session a68226d3-9e5a-4a6f-abc4-8051288c1b7f to remote] http.wire 72 - http-outgoing-75 &gt;&gt; &quot;Host: 127.0.0.1:7056[\r][\n]&quot;
08-01-2019 22:42:02 Wire.java DEBUG [Forwarding clickElement on session a68226d3-9e5a-4a6f-abc4-8051288c1b7f to remote] http.wire 72 - http-outgoing-75 &gt;&gt; &quot;Connection: Keep-Alive[\r][\n]&quot;
08-01-2019 22:42:02 Wire.java DEBUG [Forwarding clickElement on session a68226d3-9e5a-4a6f-abc4-8051288c1b7f to remote] http.wire 72 - http-outgoing-75 &gt;&gt; &quot;User-Agent: Apache-HttpClient/4.5.1 (Java/1.8.0_101)[\r][\n]&quot;
08-01-2019 22:42:02 Wire.java DEBUG [Forwarding clickElement on session a68226d3-9e5a-4a6f-abc4-8051288c1b7f to remote] http.wire 72 - http-outgoing-75 &gt;&gt; &quot;Accept-Encoding: gzip,deflate[\r][\n]&quot;
08-01-2019 22:42:02 Wire.java DEBUG [Forwarding clickElement on session a68226d3-9e5a-4a6f-abc4-8051288c1b7f to remote] http.wire 72 - http-outgoing-75 &gt;&gt; &quot;[\r][\n]&quot;
08-01-2019 22:42:02 Wire.java DEBUG [Forwarding clickElement on session a68226d3-9e5a-4a6f-abc4-8051288c1b7f to remote] http.wire 86 - http-outgoing-75 &gt;&gt; &quot;{&quot;id&quot;:&quot;{1f90f2fe-e27e-4378-bdcc-2a66685a3c84}&quot;}&quot;
08-01-2019 22:42:02 Wire.java DEBUG [Forwarding clickElement on session a68226d3-9e5a-4a6f-abc4-8051288c1b7f to remote] http.wire 72 - http-outgoing-75 &lt;&lt; &quot;HTTP/1.1 200 OK[\r][\n]&quot;
08-01-2019 22:42:02 Wire.java DEBUG [Forwarding clickElement on session a68226d3-9e5a-4a6f-abc4-8051288c1b7f to remote] http.wire 72 - http-outgoing-75 &lt;&lt; &quot;content-type: application/json; charset=UTF-8[\r][\n]&quot;
08-01-2019 22:42:02 Wire.java DEBUG [Forwarding clickElement on session a68226d3-9e5a-4a6f-abc4-8051288c1b7f to remote] http.wire 72 - http-outgoing-75 &lt;&lt; &quot;connection: close[\r][\n]&quot;
08-01-2019 22:42:02 Wire.java DEBUG [Forwarding clickElement on session a68226d3-9e5a-4a6f-abc4-8051288c1b7f to remote] http.wire 72 - http-outgoing-75 &lt;&lt; &quot;content-length: 98[\r][\n]&quot;
08-01-2019 22:42:02 Wire.java DEBUG [Forwarding clickElement on session a68226d3-9e5a-4a6f-abc4-8051288c1b7f to remote] http.wire 72 - http-outgoing-75 &lt;&lt; &quot;server: httpd.js[\r][\n]&quot;
08-01-2019 22:42:02 Wire.java DEBUG [Forwarding clickElement on session a68226d3-9e5a-4a6f-abc4-8051288c1b7f to remote] http.wire 72 - http-outgoing-75 &lt;&lt; &quot;date: Thu, 01 Aug 2019 17:12:02 GMT[\r][\n]&quot;
08-01-2019 22:42:02 Wire.java DEBUG [Forwarding clickElement on session a68226d3-9e5a-4a6f-abc4-8051288c1b7f to remote] http.wire 72 - http-outgoing-75 &lt;&lt; &quot;[\r][\n]&quot;
08-01-2019 22:42:02 LoggingManagedHttpClientConnection.java DEBUG [Forwarding clickElement on session a68226d3-9e5a-4a6f-abc4-8051288c1b7f to remote] http.headers 124 - http-outgoing-75 &lt;&lt; HTTP/1.1 200 OK
08-01-2019 22:42:02 LoggingManagedHttpClientConnection.java DEBUG [Forwarding clickElement on session a68226d3-9e5a-4a6f-abc4-8051288c1b7f to remote] http.headers 127 - http-outgoing-75 &lt;&lt; content-type: application/json; charset=UTF-8
08-01-2019 22:42:02 LoggingManagedHttpClientConnection.java DEBUG [Forwarding clickElement on session a68226d3-9e5a-4a6f-abc4-8051288c1b7f to remote] http.headers 127 - http-outgoing-75 &lt;&lt; connection: close
08-01-2019 22:42:02 LoggingManagedHttpClientConnection.java DEBUG [Forwarding clickElement on session a68226d3-9e5a-4a6f-abc4-8051288c1b7f to remote] http.headers 127 - http-outgoing-75 &lt;&lt; content-length: 98
08-01-2019 22:42:02 LoggingManagedHttpClientConnection.java DEBUG [Forwarding clickElement on session a68226d3-9e5a-4a6f-abc4-8051288c1b7f to remote] http.headers 127 - http-outgoing-75 &lt;&lt; server: httpd.js
08-01-2019 22:42:02 LoggingManagedHttpClientConnection.java DEBUG [Forwarding clickElement on session a68226d3-9e5a-4a6f-abc4-8051288c1b7f to remote] http.headers 127 - http-outgoing-75 &lt;&lt; date: Thu, 01 Aug 2019 17:12:02 GMT
08-01-2019 22:42:02 Wire.java DEBUG [Forwarding clickElement on session a68226d3-9e5a-4a6f-abc4-8051288c1b7f to remote] http.wire 86 - http-outgoing-75 &lt;&lt; &quot;{&quot;name&quot;:&quot;clickElement&quot;,&quot;sessionId&quot;:&quot;a68226d3-9e5a-4a6f-abc4-8051288c1b7f&quot;,&quot;status&quot;:0,&quot;value&quot;:&quot;ok&quot;}&quot;
08-01-2019 22:42:02 LoggingManagedHttpClientConnection.java DEBUG [Forwarding clickElement on session a68226d3-9e5a-4a6f-abc4-8051288c1b7f to remote] conn.DefaultManagedHttpClientConnection 81 - http-outgoing-75: Close connection
08-01-2019 22:42:02 ConnectionHolder.java DEBUG [Forwarding clickElement on session a68226d3-9e5a-4a6f-abc4-8051288c1b7f to remote] execchain.MainClientExec 103 - Connection discarded
08-01-2019 22:42:02 PoolingHttpClientConnectionManager.java DEBUG [Forwarding clickElement on session a68226d3-9e5a-4a6f-abc4-8051288c1b7f to remote] conn.PoolingHttpClientConnectionManager 320 - Connection released: [id: 75][route: {}-&gt;http://127.0.0.1:7056][total kept alive: 0; route allocated: 0 of 2000; total allocated: 0 of 2000]
08-01-2019 22:42:02 RequestAddCookies.java DEBUG [Forwarding findElement on session a68226d3-9e5a-4a6f-abc4-8051288c1b7f to remote] protocol.RequestAddCookies 122 - CookieSpec selected: default
08-01-2019 22:42:02 RequestAuthCache.java DEBUG [Forwarding findElement on session a68226d3-9e5a-4a6f-abc4-8051288c1b7f to remote] protocol.RequestAuthCache 76 - Auth cache not set in the context
08-01-2019 22:42:02 PoolingHttpClientConnectionManager.java DEBUG [Forwarding findElement on session a68226d3-9e5a-4a6f-abc4-8051288c1b7f to remote] conn.PoolingHttpClientConnectionManager 249 - Connection request: [route: {}-&gt;http://127.0.0.1:7056][total kept alive: 0; route allocated: 0 of 2000; total allocated: 0 of 2000]
08-01-2019 22:42:02 PoolingHttpClientConnectionManager.java DEBUG [Forwarding findElement on session a68226d3-9e5a-4a6f-abc4-8051288c1b7f to remote] conn.PoolingHttpClientConnectionManager 282 - Connection leased: [id: 76][route: {}-&gt;http://127.0.0.1:7056][total kept alive: 0; route allocated: 1 of 2000; total allocated: 1 of 2000]
08-01-2019 22:42:02 MainClientExec.java DEBUG [Forwarding findElement on session a68226d3-9e5a-4a6f-abc4-8051288c1b7f to remote] execchain.MainClientExec 234 - Opening connection {}-&gt;http://127.0.0.1:7056
08-01-2019 22:42:02 DefaultHttpClientConnectionOperator.java DEBUG [Forwarding findElement on session a68226d3-9e5a-4a6f-abc4-8051288c1b7f to remote] conn.DefaultHttpClientConnectionOperator 131 - Connecting to /127.0.0.1:7056
08-01-2019 22:42:02 DefaultHttpClientConnectionOperator.java DEBUG [Forwarding findElement on session a68226d3-9e5a-4a6f-abc4-8051288c1b7f to remote] conn.DefaultHttpClientConnectionOperator 138 - Connection established 127.0.0.1:56866&lt;-&gt;127.0.0.1:7056
08-01-2019 22:42:02 LoggingManagedHttpClientConnection.java DEBUG [Forwarding findElement on session a68226d3-9e5a-4a6f-abc4-8051288c1b7f to remote] conn.DefaultManagedHttpClientConnection 90 - http-outgoing-76: set socket timeout to 10800000
08-01-2019 22:42:02 MainClientExec.java DEBUG [Forwarding findElement on session a68226d3-9e5a-4a6f-abc4-8051288c1b7f to remote] execchain.MainClientExec 255 - Executing request POST /hub/session/a68226d3-9e5a-4a6f-abc4-8051288c1b7f/element HTTP/1.1
08-01-2019 22:42:02 MainClientExec.java DEBUG [Forwarding findElement on session a68226d3-9e5a-4a6f-abc4-8051288c1b7f to remote] execchain.MainClientExec 260 - Target auth state: UNCHALLENGED
08-01-2019 22:42:02 MainClientExec.java DEBUG [Forwarding findElement on session a68226d3-9e5a-4a6f-abc4-8051288c1b7f to remote] execchain.MainClientExec 266 - Proxy auth state: UNCHALLENGED
08-01-2019 22:42:02 LoggingManagedHttpClientConnection.java DEBUG [Forwarding findElement on session a68226d3-9e5a-4a6f-abc4-8051288c1b7f to remote] http.headers 135 - http-outgoing-76 &gt;&gt; POST /hub/session/a68226d3-9e5a-4a6f-abc4-8051288c1b7f/element HTTP/1.1
08-01-2019 22:42:02 LoggingManagedHttpClientConnection.java DEBUG [Forwarding findElement on session a68226d3-9e5a-4a6f-abc4-8051288c1b7f to remote] http.headers 138 - http-outgoing-76 &gt;&gt; Content-Type: application/json; charset=utf-8
08-01-2019 22:42:02 LoggingManagedHttpClientConnection.java DEBUG [Forwarding findElement on session a68226d3-9e5a-4a6f-abc4-8051288c1b7f to remote] http.headers 138 - http-outgoing-76 &gt;&gt; Content-Length: 58
08-01-2019 22:42:02 LoggingManagedHttpClientConnection.java DEBUG [Forwarding findElement on session a68226d3-9e5a-4a6f-abc4-8051288c1b7f to remote] http.headers 138 - http-outgoing-76 &gt;&gt; Host: 127.0.0.1:7056
08-01-2019 22:42:02 LoggingManagedHttpClientConnection.java DEBUG [Forwarding findElement on session a68226d3-9e5a-4a6f-abc4-8051288c1b7f to remote] http.headers 138 - http-outgoing-76 &gt;&gt; Connection: Keep-Alive
08-01-2019 22:42:02 LoggingManagedHttpClientConnection.java DEBUG [Forwarding findElement on session a68226d3-9e5a-4a6f-abc4-8051288c1b7f to remote] http.headers 138 - http-outgoing-76 &gt;&gt; User-Agent: Apache-HttpClient/4.5.1 (Java/1.8.0_101)
08-01-2019 22:42:02 LoggingManagedHttpClientConnection.java DEBUG [Forwarding findElement on session a68226d3-9e5a-4a6f-abc4-8051288c1b7f to remote] http.headers 138 - http-outgoing-76 &gt;&gt; Accept-Encoding: gzip,deflate
08-01-2019 22:42:02 Wire.java DEBUG [Forwarding findElement on session a68226d3-9e5a-4a6f-abc4-8051288c1b7f to remote] http.wire 72 - http-outgoing-76 &gt;&gt; &quot;POST /hub/session/a68226d3-9e5a-4a6f-abc4-8051288c1b7f/element HTTP/1.1[\r][\n]&quot;
08-01-2019 22:42:02 Wire.java DEBUG [Forwarding findElement on session a68226d3-9e5a-4a6f-abc4-8051288c1b7f to remote] http.wire 72 - http-outgoing-76 &gt;&gt; &quot;Content-Type: application/json; charset=utf-8[\r][\n]&quot;
08-01-2019 22:42:02 Wire.java DEBUG [Forwarding findElement on session a68226d3-9e5a-4a6f-abc4-8051288c1b7f to remote] http.wire 72 - http-outgoing-76 &gt;&gt; &quot;Content-Length: 58[\r][\n]&quot;
08-01-2019 22:42:02 Wire.java DEBUG [Forwarding findElement on session a68226d3-9e5a-4a6f-abc4-8051288c1b7f to remote] http.wire 72 - http-outgoing-76 &gt;&gt; &quot;Host: 127.0.0.1:7056[\r][\n]&quot;
08-01-2019 22:42:02 Wire.java DEBUG [Forwarding findElement on session a68226d3-9e5a-4a6f-abc4-8051288c1b7f to remote] http.wire 72 - http-outgoing-76 &gt;&gt; &quot;Connection: Keep-Alive[\r][\n]&quot;
08-01-2019 22:42:02 Wire.java DEBUG [Forwarding findElement on session a68226d3-9e5a-4a6f-abc4-8051288c1b7f to remote] http.wire 72 - http-outgoing-76 &gt;&gt; &quot;User-Agent: Apache-HttpClient/4.5.1 (Java/1.8.0_101)[\r][\n]&quot;
08-01-2019 22:42:02 Wire.java DEBUG [Forwarding findElement on session a68226d3-9e5a-4a6f-abc4-8051288c1b7f to remote] http.wire 72 - http-outgoing-76 &gt;&gt; &quot;Accept-Encoding: gzip,deflate[\r][\n]&quot;
08-01-2019 22:42:02 Wire.java DEBUG [Forwarding findElement on session a68226d3-9e5a-4a6f-abc4-8051288c1b7f to remote] http.wire 72 - http-outgoing-76 &gt;&gt; &quot;[\r][\n]&quot;
08-01-2019 22:42:02 Wire.java DEBUG [Forwarding findElement on session a68226d3-9e5a-4a6f-abc4-8051288c1b7f to remote] http.wire 86 - http-outgoing-76 &gt;&gt; &quot;{&quot;using&quot;:&quot;xpath&quot;,&quot;value&quot;:&quot;//button[@name=&apos;submitButton&apos;]&quot;}&quot;
08-01-2019 22:42:02 Wire.java DEBUG [Forwarding findElement on session a68226d3-9e5a-4a6f-abc4-8051288c1b7f to remote] http.wire 72 - http-outgoing-76 &lt;&lt; &quot;HTTP/1.1 200 OK[\r][\n]&quot;
08-01-2019 22:42:02 Wire.java DEBUG [Forwarding findElement on session a68226d3-9e5a-4a6f-abc4-8051288c1b7f to remote] http.wire 72 - http-outgoing-76 &lt;&lt; &quot;content-type: application/json; charset=UTF-8[\r][\n]&quot;
08-01-2019 22:42:02 Wire.java DEBUG [Forwarding findElement on session a68226d3-9e5a-4a6f-abc4-8051288c1b7f to remote] http.wire 72 - http-outgoing-76 &lt;&lt; &quot;connection: close[\r][\n]&quot;
08-01-2019 22:42:02 Wire.java DEBUG [Forwarding findElement on session a68226d3-9e5a-4a6f-abc4-8051288c1b7f to remote] http.wire 72 - http-outgoing-76 &lt;&lt; &quot;content-length: 224[\r][\n]&quot;
08-01-2019 22:42:02 Wire.java DEBUG [Forwarding findElement on session a68226d3-9e5a-4a6f-abc4-8051288c1b7f to remote] http.wire 72 - http-outgoing-76 &lt;&lt; &quot;server: httpd.js[\r][\n]&quot;
08-01-2019 22:42:02 Wire.java DEBUG [Forwarding findElement on session a68226d3-9e5a-4a6f-abc4-8051288c1b7f to remote] http.wire 72 - http-outgoing-76 &lt;&lt; &quot;date: Thu, 01 Aug 2019 17:12:02 GMT[\r][\n]&quot;
08-01-2019 22:42:02 Wire.java DEBUG [Forwarding findElement on session a68226d3-9e5a-4a6f-abc4-8051288c1b7f to remote] http.wire 72 - http-outgoing-76 &lt;&lt; &quot;[\r][\n]&quot;
08-01-2019 22:42:02 LoggingManagedHttpClientConnection.java DEBUG [Forwarding findElement on session a68226d3-9e5a-4a6f-abc4-8051288c1b7f to remote] http.headers 124 - http-outgoing-76 &lt;&lt; HTTP/1.1 200 OK
08-01-2019 22:42:02 LoggingManagedHttpClientConnection.java DEBUG [Forwarding findElement on session a68226d3-9e5a-4a6f-abc4-8051288c1b7f to remote] http.headers 127 - http-outgoing-76 &lt;&lt; content-type: application/json; charset=UTF-8
08-01-2019 22:42:02 LoggingManagedHttpClientConnection.java DEBUG [Forwarding findElement on session a68226d3-9e5a-4a6f-abc4-8051288c1b7f to remote] http.headers 127 - http-outgoing-76 &lt;&lt; connection: close
08-01-2019 22:42:02 LoggingManagedHttpClientConnection.java DEBUG [Forwarding findElement on session a68226d3-9e5a-4a6f-abc4-8051288c1b7f to remote] http.headers 127 - http-outgoing-76 &lt;&lt; content-length: 224
08-01-2019 22:42:02 LoggingManagedHttpClientConnection.java DEBUG [Forwarding findElement on session a68226d3-9e5a-4a6f-abc4-8051288c1b7f to remote] http.headers 127 - http-outgoing-76 &lt;&lt; server: httpd.js
08-01-2019 22:42:02 LoggingManagedHttpClientConnection.java DEBUG [Forwarding findElement on session a68226d3-9e5a-4a6f-abc4-8051288c1b7f to remote] http.headers 127 - http-outgoing-76 &lt;&lt; date: Thu, 01 Aug 2019 17:12:02 GMT
08-01-2019 22:42:02 Wire.java DEBUG [Forwarding findElement on session a68226d3-9e5a-4a6f-abc4-8051288c1b7f to remote] http.wire 86 - http-outgoing-76 &lt;&lt; &quot;{&quot;name&quot;:&quot;findElement&quot;,&quot;sessionId&quot;:&quot;a68226d3-9e5a-4a6f-abc4-8051288c1b7f&quot;,&quot;status&quot;:0,&quot;value&quot;:{&quot;ELEMENT&quot;:&quot;{2a226b84-b90c-48d9-b7d8-460cb78711d0}&quot;,&quot;element-6066-11e4-a52e-4f735466cecf&quot;:&quot;{2a226b84-b90c-48d9-b7d8-460cb78711d0}&quot;}}&quot;
08-01-2019 22:42:02 LoggingManagedHttpClientConnection.java DEBUG [Forwarding findElement on session a68226d3-9e5a-4a6f-abc4-8051288c1b7f to remote] conn.DefaultManagedHttpClientConnection 81 - http-outgoing-76: Close connection
08-01-2019 22:42:02 ConnectionHolder.java DEBUG [Forwarding findElement on session a68226d3-9e5a-4a6f-abc4-8051288c1b7f to remote] execchain.MainClientExec 103 - Connection discarded
08-01-2019 22:42:02 PoolingHttpClientConnectionManager.java DEBUG [Forwarding findElement on session a68226d3-9e5a-4a6f-abc4-8051288c1b7f to remote] conn.PoolingHttpClientConnectionManager 320 - Connection released: [id: 76][route: {}-&gt;http://127.0.0.1:7056][total kept alive: 0; route allocated: 0 of 2000; total allocated: 0 of 2000]
08-01-2019 22:42:02 RequestAddCookies.java DEBUG [Forwarding clickElement on session a68226d3-9e5a-4a6f-abc4-8051288c1b7f to remote] protocol.RequestAddCookies 122 - CookieSpec selected: default
08-01-2019 22:42:02 RequestAuthCache.java DEBUG [Forwarding clickElement on session a68226d3-9e5a-4a6f-abc4-8051288c1b7f to remote] protocol.RequestAuthCache 76 - Auth cache not set in the context
08-01-2019 22:42:02 PoolingHttpClientConnectionManager.java DEBUG [Forwarding clickElement on session a68226d3-9e5a-4a6f-abc4-8051288c1b7f to remote] conn.PoolingHttpClientConnectionManager 249 - Connection request: [route: {}-&gt;http://127.0.0.1:7056][total kept alive: 0; route allocated: 0 of 2000; total allocated: 0 of 2000]
08-01-2019 22:42:02 PoolingHttpClientConnectionManager.java DEBUG [Forwarding clickElement on session a68226d3-9e5a-4a6f-abc4-8051288c1b7f to remote] conn.PoolingHttpClientConnectionManager 282 - Connection leased: [id: 77][route: {}-&gt;http://127.0.0.1:7056][total kept alive: 0; route allocated: 1 of 2000; total allocated: 1 of 2000]
08-01-2019 22:42:02 MainClientExec.java DEBUG [Forwarding clickElement on session a68226d3-9e5a-4a6f-abc4-8051288c1b7f to remote] execchain.MainClientExec 234 - Opening connection {}-&gt;http://127.0.0.1:7056
08-01-2019 22:42:02 DefaultHttpClientConnectionOperator.java DEBUG [Forwarding clickElement on session a68226d3-9e5a-4a6f-abc4-8051288c1b7f to remote] conn.DefaultHttpClientConnectionOperator 131 - Connecting to /127.0.0.1:7056
08-01-2019 22:42:02 DefaultHttpClientConnectionOperator.java DEBUG [Forwarding clickElement on session a68226d3-9e5a-4a6f-abc4-8051288c1b7f to remote] conn.DefaultHttpClientConnectionOperator 138 - Connection established 127.0.0.1:56867&lt;-&gt;127.0.0.1:7056
08-01-2019 22:42:02 LoggingManagedHttpClientConnection.java DEBUG [Forwarding clickElement on session a68226d3-9e5a-4a6f-abc4-8051288c1b7f to remote] conn.DefaultManagedHttpClientConnection 90 - http-outgoing-77: set socket timeout to 10800000
08-01-2019 22:42:02 MainClientExec.java DEBUG [Forwarding clickElement on session a68226d3-9e5a-4a6f-abc4-8051288c1b7f to remote] execchain.MainClientExec 255 - Executing request POST /hub/session/a68226d3-9e5a-4a6f-abc4-8051288c1b7f/element/%7B2a226b84-b90c-48d9-b7d8-460cb78711d0%7D/click HTTP/1.1
08-01-2019 22:42:02 MainClientExec.java DEBUG [Forwarding clickElement on session a68226d3-9e5a-4a6f-abc4-8051288c1b7f to remote] execchain.MainClientExec 260 - Target auth state: UNCHALLENGED
08-01-2019 22:42:02 MainClientExec.java DEBUG [Forwarding clickElement on session a68226d3-9e5a-4a6f-abc4-8051288c1b7f to remote] execchain.MainClientExec 266 - Proxy auth state: UNCHALLENGED
08-01-2019 22:42:02 LoggingManagedHttpClientConnection.java DEBUG [Forwarding clickElement on session a68226d3-9e5a-4a6f-abc4-8051288c1b7f to remote] http.headers 135 - http-outgoing-77 &gt;&gt; POST /hub/session/a68226d3-9e5a-4a6f-abc4-8051288c1b7f/element/%7B2a226b84-b90c-48d9-b7d8-460cb78711d0%7D/click HTTP/1.1
08-01-2019 22:42:02 LoggingManagedHttpClientConnection.java DEBUG [Forwarding clickElement on session a68226d3-9e5a-4a6f-abc4-8051288c1b7f to remote] http.headers 138 - http-outgoing-77 &gt;&gt; Content-Type: application/json; charset=utf-8
08-01-2019 22:42:02 LoggingManagedHttpClientConnection.java DEBUG [Forwarding clickElement on session a68226d3-9e5a-4a6f-abc4-8051288c1b7f to remote] http.headers 138 - http-outgoing-77 &gt;&gt; Content-Length: 47
08-01-2019 22:42:02 LoggingManagedHttpClientConnection.java DEBUG [Forwarding clickElement on session a68226d3-9e5a-4a6f-abc4-8051288c1b7f to remote] http.headers 138 - http-outgoing-77 &gt;&gt; Host: 127.0.0.1:7056
08-01-2019 22:42:02 LoggingManagedHttpClientConnection.java DEBUG [Forwarding clickElement on session a68226d3-9e5a-4a6f-abc4-8051288c1b7f to remote] http.headers 138 - http-outgoing-77 &gt;&gt; Connection: Keep-Alive
08-01-2019 22:42:02 LoggingManagedHttpClientConnection.java DEBUG [Forwarding clickElement on session a68226d3-9e5a-4a6f-abc4-8051288c1b7f to remote] http.headers 138 - http-outgoing-77 &gt;&gt; User-Agent: Apache-HttpClient/4.5.1 (Java/1.8.0_101)
08-01-2019 22:42:02 LoggingManagedHttpClientConnection.java DEBUG [Forwarding clickElement on session a68226d3-9e5a-4a6f-abc4-8051288c1b7f to remote] http.headers 138 - http-outgoing-77 &gt;&gt; Accept-Encoding: gzip,deflate
08-01-2019 22:42:02 Wire.java DEBUG [Forwarding clickElement on session a68226d3-9e5a-4a6f-abc4-8051288c1b7f to remote] http.wire 72 - http-outgoing-77 &gt;&gt; &quot;POST /hub/session/a68226d3-9e5a-4a6f-abc4-8051288c1b7f/element/%7B2a226b84-b90c-48d9-b7d8-460cb78711d0%7D/click HTTP/1.1[\r][\n]&quot;
08-01-2019 22:42:02 Wire.java DEBUG [Forwarding clickElement on session a68226d3-9e5a-4a6f-abc4-8051288c1b7f to remote] http.wire 72 - http-outgoing-77 &gt;&gt; &quot;Content-Type: application/json; charset=utf-8[\r][\n]&quot;
08-01-2019 22:42:02 Wire.java DEBUG [Forwarding clickElement on session a68226d3-9e5a-4a6f-abc4-8051288c1b7f to remote] http.wire 72 - http-outgoing-77 &gt;&gt; &quot;Content-Length: 47[\r][\n]&quot;
08-01-2019 22:42:02 Wire.java DEBUG [Forwarding clickElement on session a68226d3-9e5a-4a6f-abc4-8051288c1b7f to remote] http.wire 72 - http-outgoing-77 &gt;&gt; &quot;Host: 127.0.0.1:7056[\r][\n]&quot;
08-01-2019 22:42:02 Wire.java DEBUG [Forwarding clickElement on session a68226d3-9e5a-4a6f-abc4-8051288c1b7f to remote] http.wire 72 - http-outgoing-77 &gt;&gt; &quot;Connection: Keep-Alive[\r][\n]&quot;
08-01-2019 22:42:02 Wire.java DEBUG [Forwarding clickElement on session a68226d3-9e5a-4a6f-abc4-8051288c1b7f to remote] http.wire 72 - http-outgoing-77 &gt;&gt; &quot;User-Agent: Apache-HttpClient/4.5.1 (Java/1.8.0_101)[\r][\n]&quot;
08-01-2019 22:42:02 Wire.java DEBUG [Forwarding clickElement on session a68226d3-9e5a-4a6f-abc4-8051288c1b7f to remote] http.wire 72 - http-outgoing-77 &gt;&gt; &quot;Accept-Encoding: gzip,deflate[\r][\n]&quot;
08-01-2019 22:42:02 Wire.java DEBUG [Forwarding clickElement on session a68226d3-9e5a-4a6f-abc4-8051288c1b7f to remote] http.wire 72 - http-outgoing-77 &gt;&gt; &quot;[\r][\n]&quot;
08-01-2019 22:42:02 Wire.java DEBUG [Forwarding clickElement on session a68226d3-9e5a-4a6f-abc4-8051288c1b7f to remote] http.wire 86 - http-outgoing-77 &gt;&gt; &quot;{&quot;id&quot;:&quot;{2a226b84-b90c-48d9-b7d8-460cb78711d0}&quot;}&quot;
08-01-2019 22:42:03 Wire.java DEBUG [Forwarding clickElement on session a68226d3-9e5a-4a6f-abc4-8051288c1b7f to remote] http.wire 72 - http-outgoing-77 &lt;&lt; &quot;HTTP/1.1 200 OK[\r][\n]&quot;
08-01-2019 22:42:03 Wire.java DEBUG [Forwarding clickElement on session a68226d3-9e5a-4a6f-abc4-8051288c1b7f to remote] http.wire 72 - http-outgoing-77 &lt;&lt; &quot;content-type: application/json; charset=UTF-8[\r][\n]&quot;
08-01-2019 22:42:03 Wire.java DEBUG [Forwarding clickElement on session a68226d3-9e5a-4a6f-abc4-8051288c1b7f to remote] http.wire 72 - http-outgoing-77 &lt;&lt; &quot;connection: close[\r][\n]&quot;
08-01-2019 22:42:03 Wire.java DEBUG [Forwarding clickElement on session a68226d3-9e5a-4a6f-abc4-8051288c1b7f to remote] http.wire 72 - http-outgoing-77 &lt;&lt; &quot;content-length: 211[\r][\n]&quot;
08-01-2019 22:42:03 Wire.java DEBUG [Forwarding clickElement on session a68226d3-9e5a-4a6f-abc4-8051288c1b7f to remote] http.wire 72 - http-outgoing-77 &lt;&lt; &quot;server: httpd.js[\r][\n]&quot;
08-01-2019 22:42:03 Wire.java DEBUG [Forwarding clickElement on session a68226d3-9e5a-4a6f-abc4-8051288c1b7f to remote] http.wire 72 - http-outgoing-77 &lt;&lt; &quot;date: Thu, 01 Aug 2019 17:12:03 GMT[\r][\n]&quot;
08-01-2019 22:42:03 Wire.java DEBUG [Forwarding clickElement on session a68226d3-9e5a-4a6f-abc4-8051288c1b7f to remote] http.wire 72 - http-outgoing-77 &lt;&lt; &quot;[\r][\n]&quot;
08-01-2019 22:42:03 Wire.java DEBUG [Forwarding clickElement on session a68226d3-9e5a-4a6f-abc4-8051288c1b7f to remote] http.wire 86 - http-outgoing-77 &lt;&lt; &quot;{&quot;name&quot;:&quot;clickElement&quot;,&quot;sessionId&quot;:&quot;a68226d3-9e5a-4a6f-abc4-8051288c1b7f&quot;,&quot;status&quot;:0,&quot;value&quot;:&quot;Errors were encountered: \n\nThis username is already in use by another user. Please select a different username.\n&quot;}&quot;
08-01-2019 22:42:03 LoggingManagedHttpClientConnection.java DEBUG [Forwarding clickElement on session a68226d3-9e5a-4a6f-abc4-8051288c1b7f to remote] http.headers 124 - http-outgoing-77 &lt;&lt; HTTP/1.1 200 OK
08-01-2019 22:42:03 LoggingManagedHttpClientConnection.java DEBUG [Forwarding clickElement on session a68226d3-9e5a-4a6f-abc4-8051288c1b7f to remote] http.headers 127 - http-outgoing-77 &lt;&lt; content-type: application/json; charset=UTF-8
08-01-2019 22:42:03 LoggingManagedHttpClientConnection.java DEBUG [Forwarding clickElement on session a68226d3-9e5a-4a6f-abc4-8051288c1b7f to remote] http.headers 127 - http-outgoing-77 &lt;&lt; connection: close
08-01-2019 22:42:03 LoggingManagedHttpClientConnection.java DEBUG [Forwarding clickElement on session a68226d3-9e5a-4a6f-abc4-8051288c1b7f to remote] http.headers 127 - http-outgoing-77 &lt;&lt; content-length: 211
08-01-2019 22:42:03 LoggingManagedHttpClientConnection.java DEBUG [Forwarding clickElement on session a68226d3-9e5a-4a6f-abc4-8051288c1b7f to remote] http.headers 127 - http-outgoing-77 &lt;&lt; server: httpd.js
08-01-2019 22:42:03 LoggingManagedHttpClientConnection.java DEBUG [Forwarding clickElement on session a68226d3-9e5a-4a6f-abc4-8051288c1b7f to remote] http.headers 127 - http-outgoing-77 &lt;&lt; date: Thu, 01 Aug 2019 17:12:03 GMT
08-01-2019 22:42:03 LoggingManagedHttpClientConnection.java DEBUG [Forwarding clickElement on session a68226d3-9e5a-4a6f-abc4-8051288c1b7f to remote] conn.DefaultManagedHttpClientConnection 81 - http-outgoing-77: Close connection
08-01-2019 22:42:03 ConnectionHolder.java DEBUG [Forwarding clickElement on session a68226d3-9e5a-4a6f-abc4-8051288c1b7f to remote] execchain.MainClientExec 103 - Connection discarded
08-01-2019 22:42:03 PoolingHttpClientConnectionManager.java DEBUG [Forwarding clickElement on session a68226d3-9e5a-4a6f-abc4-8051288c1b7f to remote] conn.PoolingHttpClientConnectionManager 320 - Connection released: [id: 77][route: {}-&gt;http://127.0.0.1:7056][total kept alive: 0; route allocated: 0 of 2000; total allocated: 0 of 2000]
08-01-2019 22:42:03 RequestAddCookies.java DEBUG [Forwarding findElement on session a68226d3-9e5a-4a6f-abc4-8051288c1b7f to remote] protocol.RequestAddCookies 122 - CookieSpec selected: default
08-01-2019 22:42:03 RequestAuthCache.java DEBUG [Forwarding findElement on session a68226d3-9e5a-4a6f-abc4-8051288c1b7f to remote] protocol.RequestAuthCache 76 - Auth cache not set in the context
08-01-2019 22:42:03 PoolingHttpClientConnectionManager.java DEBUG [Forwarding findElement on session a68226d3-9e5a-4a6f-abc4-8051288c1b7f to remote] conn.PoolingHttpClientConnectionManager 249 - Connection request: [route: {}-&gt;http://127.0.0.1:7056][total kept alive: 0; route allocated: 0 of 2000; total allocated: 0 of 2000]
08-01-2019 22:42:03 PoolingHttpClientConnectionManager.java DEBUG [Forwarding findElement on session a68226d3-9e5a-4a6f-abc4-8051288c1b7f to remote] conn.PoolingHttpClientConnectionManager 282 - Connection leased: [id: 78][route: {}-&gt;http://127.0.0.1:7056][total kept alive: 0; route allocated: 1 of 2000; total allocated: 1 of 2000]
08-01-2019 22:42:03 MainClientExec.java DEBUG [Forwarding findElement on session a68226d3-9e5a-4a6f-abc4-8051288c1b7f to remote] execchain.MainClientExec 234 - Opening connection {}-&gt;http://127.0.0.1:7056
08-01-2019 22:42:03 DefaultHttpClientConnectionOperator.java DEBUG [Forwarding findElement on session a68226d3-9e5a-4a6f-abc4-8051288c1b7f to remote] conn.DefaultHttpClientConnectionOperator 131 - Connecting to /127.0.0.1:7056
08-01-2019 22:42:03 DefaultHttpClientConnectionOperator.java DEBUG [Forwarding findElement on session a68226d3-9e5a-4a6f-abc4-8051288c1b7f to remote] conn.DefaultHttpClientConnectionOperator 138 - Connection established 127.0.0.1:56869&lt;-&gt;127.0.0.1:7056
08-01-2019 22:42:03 LoggingManagedHttpClientConnection.java DEBUG [Forwarding findElement on session a68226d3-9e5a-4a6f-abc4-8051288c1b7f to remote] conn.DefaultManagedHttpClientConnection 90 - http-outgoing-78: set socket timeout to 10800000
08-01-2019 22:42:03 MainClientExec.java DEBUG [Forwarding findElement on session a68226d3-9e5a-4a6f-abc4-8051288c1b7f to remote] execchain.MainClientExec 255 - Executing request POST /hub/session/a68226d3-9e5a-4a6f-abc4-8051288c1b7f/element HTTP/1.1
08-01-2019 22:42:03 MainClientExec.java DEBUG [Forwarding findElement on session a68226d3-9e5a-4a6f-abc4-8051288c1b7f to remote] execchain.MainClientExec 260 - Target auth state: UNCHALLENGED
08-01-2019 22:42:03 MainClientExec.java DEBUG [Forwarding findElement on session a68226d3-9e5a-4a6f-abc4-8051288c1b7f to remote] execchain.MainClientExec 266 - Proxy auth state: UNCHALLENGED
08-01-2019 22:42:03 LoggingManagedHttpClientConnection.java DEBUG [Forwarding findElement on session a68226d3-9e5a-4a6f-abc4-8051288c1b7f to remote] http.headers 135 - http-outgoing-78 &gt;&gt; POST /hub/session/a68226d3-9e5a-4a6f-abc4-8051288c1b7f/element HTTP/1.1
08-01-2019 22:42:03 LoggingManagedHttpClientConnection.java DEBUG [Forwarding findElement on session a68226d3-9e5a-4a6f-abc4-8051288c1b7f to remote] http.headers 138 - http-outgoing-78 &gt;&gt; Content-Type: application/json; charset=utf-8
08-01-2019 22:42:03 LoggingManagedHttpClientConnection.java DEBUG [Forwarding findElement on session a68226d3-9e5a-4a6f-abc4-8051288c1b7f to remote] http.headers 138 - http-outgoing-78 &gt;&gt; Content-Length: 57
08-01-2019 22:42:03 LoggingManagedHttpClientConnection.java DEBUG [Forwarding findElement on session a68226d3-9e5a-4a6f-abc4-8051288c1b7f to remote] http.headers 138 - http-outgoing-78 &gt;&gt; Host: 127.0.0.1:7056
08-01-2019 22:42:03 LoggingManagedHttpClientConnection.java DEBUG [Forwarding findElement on session a68226d3-9e5a-4a6f-abc4-8051288c1b7f to remote] http.headers 138 - http-outgoing-78 &gt;&gt; Connection: Keep-Alive
08-01-2019 22:42:03 LoggingManagedHttpClientConnection.java DEBUG [Forwarding findElement on session a68226d3-9e5a-4a6f-abc4-8051288c1b7f to remote] http.headers 138 - http-outgoing-78 &gt;&gt; User-Agent: Apache-HttpClient/4.5.1 (Java/1.8.0_101)
08-01-2019 22:42:03 LoggingManagedHttpClientConnection.java DEBUG [Forwarding findElement on session a68226d3-9e5a-4a6f-abc4-8051288c1b7f to remote] http.headers 138 - http-outgoing-78 &gt;&gt; Accept-Encoding: gzip,deflate
08-01-2019 22:42:03 Wire.java DEBUG [Forwarding findElement on session a68226d3-9e5a-4a6f-abc4-8051288c1b7f to remote] http.wire 72 - http-outgoing-78 &gt;&gt; &quot;POST /hub/session/a68226d3-9e5a-4a6f-abc4-8051288c1b7f/element HTTP/1.1[\r][\n]&quot;
08-01-2019 22:42:03 Wire.java DEBUG [Forwarding findElement on session a68226d3-9e5a-4a6f-abc4-8051288c1b7f to remote] http.wire 72 - http-outgoing-78 &gt;&gt; &quot;Content-Type: application/json; charset=utf-8[\r][\n]&quot;
08-01-2019 22:42:03 Wire.java DEBUG [Forwarding findElement on session a68226d3-9e5a-4a6f-abc4-8051288c1b7f to remote] http.wire 72 - http-outgoing-78 &gt;&gt; &quot;Content-Length: 57[\r][\n]&quot;
08-01-2019 22:42:03 Wire.java DEBUG [Forwarding findElement on session a68226d3-9e5a-4a6f-abc4-8051288c1b7f to remote] http.wire 72 - http-outgoing-78 &gt;&gt; &quot;Host: 127.0.0.1:7056[\r][\n]&quot;
08-01-2019 22:42:03 Wire.java DEBUG [Forwarding findElement on session a68226d3-9e5a-4a6f-abc4-8051288c1b7f to remote] http.wire 72 - http-outgoing-78 &gt;&gt; &quot;Connection: Keep-Alive[\r][\n]&quot;
08-01-2019 22:42:03 Wire.java DEBUG [Forwarding findElement on session a68226d3-9e5a-4a6f-abc4-8051288c1b7f to remote] http.wire 72 - http-outgoing-78 &gt;&gt; &quot;User-Agent: Apache-HttpClient/4.5.1 (Java/1.8.0_101)[\r][\n]&quot;
08-01-2019 22:42:03 Wire.java DEBUG [Forwarding findElement on session a68226d3-9e5a-4a6f-abc4-8051288c1b7f to remote] http.wire 72 - http-outgoing-78 &gt;&gt; &quot;Accept-Encoding: gzip,deflate[\r][\n]&quot;
08-01-2019 22:42:03 Wire.java DEBUG [Forwarding findElement on session a68226d3-9e5a-4a6f-abc4-8051288c1b7f to remote] http.wire 72 - http-outgoing-78 &gt;&gt; &quot;[\r][\n]&quot;
08-01-2019 22:42:03 Wire.java DEBUG [Forwarding findElement on session a68226d3-9e5a-4a6f-abc4-8051288c1b7f to remote] http.wire 86 - http-outgoing-78 &gt;&gt; &quot;{&quot;using&quot;:&quot;xpath&quot;,&quot;value&quot;:&quot;//input[@name=&apos;company_name&apos;]&quot;}&quot;
08-01-2019 22:42:03 Wire.java DEBUG [Forwarding findElement on session a68226d3-9e5a-4a6f-abc4-8051288c1b7f to remote] http.wire 72 - http-outgoing-78 &lt;&lt; &quot;HTTP/1.1 500 Internal Server Error[\r][\n]&quot;
08-01-2019 22:42:03 Wire.java DEBUG [Forwarding findElement on session a68226d3-9e5a-4a6f-abc4-8051288c1b7f to remote] http.wire 72 - http-outgoing-78 &lt;&lt; &quot;content-type: application/json; charset=UTF-8[\r][\n]&quot;
08-01-2019 22:42:03 Wire.java DEBUG [Forwarding findElement on session a68226d3-9e5a-4a6f-abc4-8051288c1b7f to remote] http.wire 72 - http-outgoing-78 &lt;&lt; &quot;connection: close[\r][\n]&quot;
08-01-2019 22:42:03 Wire.java DEBUG [Forwarding findElement on session a68226d3-9e5a-4a6f-abc4-8051288c1b7f to remote] http.wire 72 - http-outgoing-78 &lt;&lt; &quot;content-length: 5373[\r][\n]&quot;
08-01-2019 22:42:03 Wire.java DEBUG [Forwarding findElement on session a68226d3-9e5a-4a6f-abc4-8051288c1b7f to remote] http.wire 72 - http-outgoing-78 &lt;&lt; &quot;server: httpd.js[\r][\n]&quot;
08-01-2019 22:42:03 Wire.java DEBUG [Forwarding findElement on session a68226d3-9e5a-4a6f-abc4-8051288c1b7f to remote] http.wire 72 - http-outgoing-78 &lt;&lt; &quot;date: Thu, 01 Aug 2019 17:12:03 GMT[\r][\n]&quot;
08-01-2019 22:42:03 Wire.java DEBUG [Forwarding findElement on session a68226d3-9e5a-4a6f-abc4-8051288c1b7f to remote] http.wire 72 - http-outgoing-78 &lt;&lt; &quot;[\r][\n]&quot;
08-01-2019 22:42:03 LoggingManagedHttpClientConnection.java DEBUG [Forwarding findElement on session a68226d3-9e5a-4a6f-abc4-8051288c1b7f to remote] http.headers 124 - http-outgoing-78 &lt;&lt; HTTP/1.1 500 Internal Server Error
08-01-2019 22:42:03 LoggingManagedHttpClientConnection.java DEBUG [Forwarding findElement on session a68226d3-9e5a-4a6f-abc4-8051288c1b7f to remote] http.headers 127 - http-outgoing-78 &lt;&lt; content-type: application/json; charset=UTF-8
08-01-2019 22:42:03 LoggingManagedHttpClientConnection.java DEBUG [Forwarding findElement on session a68226d3-9e5a-4a6f-abc4-8051288c1b7f to remote] http.headers 127 - http-outgoing-78 &lt;&lt; connection: close
08-01-2019 22:42:03 LoggingManagedHttpClientConnection.java DEBUG [Forwarding findElement on session a68226d3-9e5a-4a6f-abc4-8051288c1b7f to remote] http.headers 127 - http-outgoing-78 &lt;&lt; content-length: 5373
08-01-2019 22:42:03 LoggingManagedHttpClientConnection.java DEBUG [Forwarding findElement on session a68226d3-9e5a-4a6f-abc4-8051288c1b7f to remote] http.headers 127 - http-outgoing-78 &lt;&lt; server: httpd.js
08-01-2019 22:42:03 LoggingManagedHttpClientConnection.java DEBUG [Forwarding findElement on session a68226d3-9e5a-4a6f-abc4-8051288c1b7f to remote] http.headers 127 - http-outgoing-78 &lt;&lt; date: Thu, 01 Aug 2019 17:12:03 GMT
08-01-2019 22:42:03 Wire.java DEBUG [Forwarding findElement on session a68226d3-9e5a-4a6f-abc4-8051288c1b7f to remote] http.wire 86 - http-outgoing-78 &lt;&lt; &quot;{&quot;name&quot;:&quot;findElement&quot;,&quot;sessionId&quot;:&quot;a68226d3-9e5a-4a6f-abc4-8051288c1b7f&quot;,&quot;status&quot;:26,&quot;value&quot;:{&quot;message&quot;:&quot;Unexpected modal dialog (text: Errors were encountered: \n\nThis username is already in use by another user. Please select a different username.\n)&quot;,&quot;stackTrace&quot;:[{&quot;methodName&quot;:&quot;fxdriver.modals.closeUnhandledAlert/&lt;&quot;,&quot;fileName&quot;:&quot;file:///C:/Users/nites/AppData/Local/Temp/anonymous6395614581064227782webdriver-profile/extensions/fxdriver@googlecode.com/components/command-processor.js&quot;,&quot;lineNumber&quot;:10085,&quot;columnNumber&quot;:17},{&quot;methodName&quot;:&quot;fxdriver.modals.isModalPresent/&lt;&quot;,&quot;fileName&quot;:&quot;file:///C:/Users/nites/AppData/Local/Temp/anonymous6395614581064227782webdriver-profile/extensions/fxdriver@googlecode.com/components/command-processor.js&quot;,&quot;lineNumber&quot;:9993,&quot;columnNumber&quot;:5},{&quot;methodName&quot;:&quot;fxdriver.Timer.prototype.runWhenTrue/g&quot;,&quot;fileName&quot;:&quot;file:///C:/Users/nites/AppData/Local/Temp/anonymous6395614581064227782webdriver-profile/extensions/fxdriver@googlecode.com/components/command-processor.js&quot;,&quot;lineNumber&quot;:631,&quot;columnNumber&quot;:70},{&quot;methodName&quot;:&quot;fxdriver.Timer.prototype.runWhenTrue&quot;,&quot;fileName&quot;:&quot;file:///C:/Users/nites/AppData/Local/Temp/anonymous6395614581064227782webdriver-profile/extensions/fxdriver@googlecode.com/components/command-processor.js&quot;,&quot;lineNumber&quot;:633,&quot;columnNumber&quot;:3},{&quot;methodName&quot;:&quot;fxdriver.modals.isModalPresent&quot;,&quot;fileName&quot;:&quot;file:///C:/Users/nites/AppData/Local/Temp/anonymous6395614581064227782webdriver-profile/extensions/fxdriver@googlecode.com/components/command-processor.js&quot;,&quot;lineNumber&quot;:9989,&quot;columnNumber&quot;:3},{&quot;methodName&quot;:&quot;fxdriver.modals.closeUnhandledAlert&quot;,&quot;fileName&quot;:&quot;file:///C:/Users/nites/AppData/Local/Temp/anonymous6395614581064227782webdriver-profile/extensions/fxdriver@googlecode.com/components/command-processor.js&quot;,&quot;lineNumber&quot;:10074,&quot;columnNumber&quot;:3},{&quot;methodName&quot;:&quot;nsCommandProcessor.prototype.execute&quot;,&quot;fileName&quot;:&quot;file:///C:/Users/nites/AppData/Local/Temp/anonymous6395614581064227782webdriver-profile/extensions/fxdriver@googlecode.com/components/command-processor.js&quot;,&quot;lineNumber&quot;:12731,&quot;columnNumber&quot;:15},{&quot;methodName&quot;:&quot;Dispatcher.executeAs/&lt;&quot;,&quot;fileName&quot;:&quot;file:///C:/Users/nites/AppData/Local/Temp/anonymous6395614581064227782webdriver-profile/extensions/fxdriver@googlecode.com/components/driver-component.js&quot;,&quot;lineNumber&quot;:9558,&quot;columnNumber&quot;:5},{&quot;methodName&quot;:&quot;Resource.prototype.handle&quot;,&quot;fileName&quot;:&quot;file:///C:/Users/nites/AppData/Local/Temp/anonymous6395614581064227782webdriver-profile/extensions/fxdriver@googlecode.com/components/driver-component.js&quot;,&quot;lineNumber&quot;:9705,&quot;columnNumber&quot;:255},{&quot;methodName&quot;:&quot;Dispatcher.prototype.dispatch&quot;,&quot;fileName&quot;:&quot;file:///C:/Users/nites/AppData/Local/Temp/anonymous6395614581064227782webdriver-profile/extensions/fxdriver@googlecode.com/components/driver-component.js&quot;,&quot;lineNumber&quot;:9652,&quot;columnNumber&quot;:36},{&quot;methodName&quot;:&quot;WebDriverServer/&lt;.handle&quot;,&quot;fileName&quot;:&quot;file:///C:/Users/nites/AppData/Local/Temp/anonymous6395614581064227782webdriver-profile/extensions/fxdriver@googlecode.com/components/driver-component.js&quot;,&quot;lineNumber&quot;:12517,&quot;columnNumber&quot;:5},{&quot;methodName&quot;:&quot;createHandlerFunc/&lt;&quot;,&quot;fileName&quot;:&quot;file:///C:/Users/nites/AppData/Local/Temp/anonymous6395614581064227782webdriver-profile/extensions/fxdriver@googlecode.com/components/httpd.js&quot;,&quot;lineNumber&quot;:2054,&quot;columnNumber&quot;:41},{&quot;methodName&quot;:&quot;ServerHandler.prototype.handleResponse&quot;,&quot;fileName&quot;:&quot;file:///C:/Users/nites/AppData/Local/Temp/anonymous6395614581064227782webdriver-profile/extensions/fxdriver@googlecode.com/components/httpd.js&quot;,&quot;lineNumber&quot;:2387,&quot;columnNumber&quot;:13},{&quot;methodName&quot;:&quot;Connection.prototype.process&quot;,&quot;fileName&quot;:&quot;file:///C:/Users/nites/AppData/Local/Temp/anonymous6395614581064227782webdriver-profile/extensions/fxdriver@googlecode.com/components/httpd.js&quot;,&quot;lineNumber&quot;:1223,&quot;columnNumber&quot;:5},{&quot;methodName&quot;:&quot;RequestReader.prototype._handleResponse&quot;,&quot;fileName&quot;:&quot;file:///C:/Users/nites/AppData/Local/Temp/anonymous6395614581064227782webdriver-profile/extensions/fxdriver@googlecode.com/components/httpd.js&quot;,&quot;lineNumber&quot;:1677,&quot;columnNumber&quot;:5},{&quot;methodName&quot;:&quot;RequestReader.prototype._processBody&quot;,&quot;fileName&quot;:&quot;file:///C:/Users/nites&quot;
08-01-2019 22:42:03 Wire.java DEBUG [Forwarding findElement on session a68226d3-9e5a-4a6f-abc4-8051288c1b7f to remote] http.wire 86 - http-outgoing-78 &lt;&lt; &quot;/AppData/Local/Temp/anonymous6395614581064227782webdriver-profile/extensions/fxdriver@googlecode.com/components/httpd.js&quot;,&quot;lineNumber&quot;:1525,&quot;columnNumber&quot;:9},{&quot;methodName&quot;:&quot;RequestReader.prototype.onInputStreamReady&quot;,&quot;fileName&quot;:&quot;file:///C:/Users/nites/AppData/Local/Temp/anonymous6395614581064227782webdriver-profile/extensions/fxdriver@googlecode.com/components/httpd.js&quot;,&quot;lineNumber&quot;:1393,&quot;columnNumber&quot;:9},{&quot;methodName&quot;:&quot;openModalWindow&quot;,&quot;fileName&quot;:&quot;resource://gre/components/nsPrompter.js&quot;,&quot;lineNumber&quot;:360,&quot;columnNumber&quot;:5},{&quot;methodName&quot;:&quot;ModalPrompter.prototype.openPrompt&quot;,&quot;fileName&quot;:&quot;resource://gre/components/nsPrompter.js&quot;,&quot;lineNumber&quot;:550,&quot;columnNumber&quot;:9},{&quot;methodName&quot;:&quot;ModalPrompter.prototype.alert&quot;,&quot;fileName&quot;:&quot;resource://gre/components/nsPrompter.js&quot;,&quot;lineNumber&quot;:602,&quot;columnNumber&quot;:9},{&quot;methodName&quot;:&quot;ObservingAlert.prototype.alert&quot;,&quot;fileName&quot;:&quot;file:///C:/Users/nites/AppData/Local/Temp/anonymous6395614581064227782webdriver-profile/extensions/fxdriver@googlecode.com/components/prompt-service.js&quot;,&quot;lineNumber&quot;:4745,&quot;columnNumber&quot;:3},{&quot;fileName&quot;:&quot;https://classic.crmpro.com/register/?m=F&quot;,&quot;lineNumber&quot;:250,&quot;columnNumber&quot;:2}],&quot;alert&quot;:{&quot;text&quot;:&quot;Errors were encountered: \n\nThis username is already in use by another user. Please select a different username.\n&quot;}}}&quot;
08-01-2019 22:42:03 LoggingManagedHttpClientConnection.java DEBUG [Forwarding findElement on session a68226d3-9e5a-4a6f-abc4-8051288c1b7f to remote] conn.DefaultManagedHttpClientConnection 81 - http-outgoing-78: Close connection
08-01-2019 22:42:03 ConnectionHolder.java DEBUG [Forwarding findElement on session a68226d3-9e5a-4a6f-abc4-8051288c1b7f to remote] execchain.MainClientExec 103 - Connection discarded
08-01-2019 22:42:03 PoolingHttpClientConnectionManager.java DEBUG [Forwarding findElement on session a68226d3-9e5a-4a6f-abc4-8051288c1b7f to remote] conn.PoolingHttpClientConnectionManager 320 - Connection released: [id: 78][route: {}-&gt;http://127.0.0.1:7056][total kept alive: 0; route allocated: 0 of 2000; total allocated: 0 of 2000]
</system-out>
  </testcase>
  <testcase classname="com.qa.tests.ConfirmRegistrationTest" name="verifyRegistrationCompletedTest" time="62.965">
    <skipped/>
  </testcase>
  <testcase classname="com.qa.tests.ConfirmRegistrationTest" name="tearDown" time="62.965">
    <skipped/>
  </testcase>
  <testcase classname="com.qa.tests.LoginPageTest" name="pageTitleTest" time="0.027"/>
  <testcase classname="com.qa.tests.SignUpPageTest" name="verifySignUpPageTitle" time="0.067"/>
  <testcase classname="com.qa.tests.LoginPageTest" name="crmLogoImageTest" time="0.113"/>
  <testcase classname="com.qa.tests.SignUpPageTest" name="verifySignUpButtonClickableTest" time="0.36"/>
  <testcase classname="com.qa.tests.LoginPageTest" name="loginTest" time="30.178"/>
  <testcase classname="com.qa.tests.SignUpPageTest" name="verifySignUpFeatureTest" time="47.612"/>
  <testcase classname="com.qa.tests.SignUpPageTest" name="tearDown" time="47.705">
    <failure message="Unexpected modal dialog (text: Errors were encountered: 

This username is already in use by another user. Please select a different username.
): Errors were encountered: 

This username is already in use by another user. Please select a different username.

Build info: version: &apos;2.53.1&apos;, revision: &apos;a36b8b1cd5757287168e54b817830adce9b0158d&apos;, time: &apos;2016-06-30 19:26:09&apos;
System info: host: &apos;DESKTOP-MUE1MC5&apos;, ip: &apos;192.168.0.7&apos;, os.name: &apos;Windows 10&apos;, os.arch: &apos;amd64&apos;, os.version: &apos;10.0&apos;, java.version: &apos;1.8.0_101&apos;
Driver info: org.openqa.selenium.firefox.FirefoxDriver
Capabilities [{applicationCacheEnabled=true, rotatable=false, handlesAlerts=true, databaseEnabled=true, version=47.0.2, platform=WINDOWS, nativeEvents=false, acceptSslCerts=true, webStorageEnabled=true, locationContextEnabled=true, browserName=firefox, takesScreenshot=true, javascriptEnabled=true, cssSelectorsEnabled=true}]
Session ID: 8ee94c59-aaf0-450b-9d4d-1057a2228cbb" type="org.openqa.selenium.UnhandledAlertException">org.openqa.selenium.UnhandledAlertException: Unexpected modal dialog (text: Errors were encountered: 
This username is already in use by another user. Please select a different username.
): Errors were encountered: 
This username is already in use by another user. Please select a different username.
Build info: version: &apos;2.53.1&apos;, revision: &apos;a36b8b1cd5757287168e54b817830adce9b0158d&apos;, time: &apos;2016-06-30 19:26:09&apos;
System info: host: &apos;DESKTOP-MUE1MC5&apos;, ip: &apos;192.168.0.7&apos;, os.name: &apos;Windows 10&apos;, os.arch: &apos;amd64&apos;, os.version: &apos;10.0&apos;, java.version: &apos;1.8.0_101&apos;
Driver info: org.openqa.selenium.firefox.FirefoxDriver
Capabilities [{applicationCacheEnabled=true, rotatable=false, handlesAlerts=true, databaseEnabled=true, version=47.0.2, platform=WINDOWS, nativeEvents=false, acceptSslCerts=true, webStorageEnabled=true, locationContextEnabled=true, browserName=firefox, takesScreenshot=true, javascriptEnabled=true, cssSelectorsEnabled=true}]
Session ID: 8ee94c59-aaf0-450b-9d4d-1057a2228cbb
	at sun.reflect.NativeConstructorAccessorImpl.newInstance0(Native Method)
	at sun.reflect.NativeConstructorAccessorImpl.newInstance(NativeConstructorAccessorImpl.java:62)
	at sun.reflect.DelegatingConstructorAccessorImpl.newInstance(DelegatingConstructorAccessorImpl.java:45)
	at java.lang.reflect.Constructor.newInstance(Constructor.java:423)
	at org.openqa.selenium.remote.ErrorHandler.createThrowable(ErrorHandler.java:206)
	at org.openqa.selenium.remote.ErrorHandler.createUnhandledAlertException(ErrorHandler.java:187)
	at org.openqa.selenium.remote.ErrorHandler.throwIfResponseFailed(ErrorHandler.java:154)
	at org.openqa.selenium.remote.RemoteWebDriver.execute(RemoteWebDriver.java:678)
	at org.openqa.selenium.remote.RemoteWebDriver.execute(RemoteWebDriver.java:701)
	at org.openqa.selenium.remote.RemoteWebDriver.close(RemoteWebDriver.java:521)
	at com.qa.tests.SignUpPageTest.tearDown(SignUpPageTest.java:53)
</failure>
    <system-out>08-01-2019 22:44:46 RequestAddCookies.java DEBUG [Forwarding close on session 8ee94c59-aaf0-450b-9d4d-1057a2228cbb to remote] protocol.RequestAddCookies 122 - CookieSpec selected: default
08-01-2019 22:44:46 RequestAuthCache.java DEBUG [Forwarding close on session 8ee94c59-aaf0-450b-9d4d-1057a2228cbb to remote] protocol.RequestAuthCache 76 - Auth cache not set in the context
08-01-2019 22:44:46 PoolingHttpClientConnectionManager.java DEBUG [Forwarding close on session 8ee94c59-aaf0-450b-9d4d-1057a2228cbb to remote] conn.PoolingHttpClientConnectionManager 249 - Connection request: [route: {}-&gt;http://127.0.0.1:7057][total kept alive: 0; route allocated: 0 of 2000; total allocated: 0 of 2000]
08-01-2019 22:44:46 PoolingHttpClientConnectionManager.java DEBUG [Forwarding close on session 8ee94c59-aaf0-450b-9d4d-1057a2228cbb to remote] conn.PoolingHttpClientConnectionManager 282 - Connection leased: [id: 165][route: {}-&gt;http://127.0.0.1:7057][total kept alive: 0; route allocated: 1 of 2000; total allocated: 1 of 2000]
08-01-2019 22:44:46 MainClientExec.java DEBUG [Forwarding close on session 8ee94c59-aaf0-450b-9d4d-1057a2228cbb to remote] execchain.MainClientExec 234 - Opening connection {}-&gt;http://127.0.0.1:7057
08-01-2019 22:44:46 DefaultHttpClientConnectionOperator.java DEBUG [Forwarding close on session 8ee94c59-aaf0-450b-9d4d-1057a2228cbb to remote] conn.DefaultHttpClientConnectionOperator 131 - Connecting to /127.0.0.1:7057
08-01-2019 22:44:46 DefaultHttpClientConnectionOperator.java DEBUG [Forwarding close on session 8ee94c59-aaf0-450b-9d4d-1057a2228cbb to remote] conn.DefaultHttpClientConnectionOperator 138 - Connection established 127.0.0.1:57273&lt;-&gt;127.0.0.1:7057
08-01-2019 22:44:46 LoggingManagedHttpClientConnection.java DEBUG [Forwarding close on session 8ee94c59-aaf0-450b-9d4d-1057a2228cbb to remote] conn.DefaultManagedHttpClientConnection 90 - http-outgoing-165: set socket timeout to 10800000
08-01-2019 22:44:46 MainClientExec.java DEBUG [Forwarding close on session 8ee94c59-aaf0-450b-9d4d-1057a2228cbb to remote] execchain.MainClientExec 255 - Executing request DELETE /hub/session/8ee94c59-aaf0-450b-9d4d-1057a2228cbb/window HTTP/1.1
08-01-2019 22:44:46 MainClientExec.java DEBUG [Forwarding close on session 8ee94c59-aaf0-450b-9d4d-1057a2228cbb to remote] execchain.MainClientExec 260 - Target auth state: UNCHALLENGED
08-01-2019 22:44:46 MainClientExec.java DEBUG [Forwarding close on session 8ee94c59-aaf0-450b-9d4d-1057a2228cbb to remote] execchain.MainClientExec 266 - Proxy auth state: UNCHALLENGED
08-01-2019 22:44:46 LoggingManagedHttpClientConnection.java DEBUG [Forwarding close on session 8ee94c59-aaf0-450b-9d4d-1057a2228cbb to remote] http.headers 135 - http-outgoing-165 &gt;&gt; DELETE /hub/session/8ee94c59-aaf0-450b-9d4d-1057a2228cbb/window HTTP/1.1
08-01-2019 22:44:46 LoggingManagedHttpClientConnection.java DEBUG [Forwarding close on session 8ee94c59-aaf0-450b-9d4d-1057a2228cbb to remote] http.headers 138 - http-outgoing-165 &gt;&gt; Host: 127.0.0.1:7057
08-01-2019 22:44:46 LoggingManagedHttpClientConnection.java DEBUG [Forwarding close on session 8ee94c59-aaf0-450b-9d4d-1057a2228cbb to remote] http.headers 138 - http-outgoing-165 &gt;&gt; Connection: Keep-Alive
08-01-2019 22:44:46 LoggingManagedHttpClientConnection.java DEBUG [Forwarding close on session 8ee94c59-aaf0-450b-9d4d-1057a2228cbb to remote] http.headers 138 - http-outgoing-165 &gt;&gt; User-Agent: Apache-HttpClient/4.5.1 (Java/1.8.0_101)
08-01-2019 22:44:46 LoggingManagedHttpClientConnection.java DEBUG [Forwarding close on session 8ee94c59-aaf0-450b-9d4d-1057a2228cbb to remote] http.headers 138 - http-outgoing-165 &gt;&gt; Accept-Encoding: gzip,deflate
08-01-2019 22:44:46 Wire.java DEBUG [Forwarding close on session 8ee94c59-aaf0-450b-9d4d-1057a2228cbb to remote] http.wire 72 - http-outgoing-165 &gt;&gt; &quot;DELETE /hub/session/8ee94c59-aaf0-450b-9d4d-1057a2228cbb/window HTTP/1.1[\r][\n]&quot;
08-01-2019 22:44:46 Wire.java DEBUG [Forwarding close on session 8ee94c59-aaf0-450b-9d4d-1057a2228cbb to remote] http.wire 72 - http-outgoing-165 &gt;&gt; &quot;Host: 127.0.0.1:7057[\r][\n]&quot;
08-01-2019 22:44:46 Wire.java DEBUG [Forwarding close on session 8ee94c59-aaf0-450b-9d4d-1057a2228cbb to remote] http.wire 72 - http-outgoing-165 &gt;&gt; &quot;Connection: Keep-Alive[\r][\n]&quot;
08-01-2019 22:44:46 Wire.java DEBUG [Forwarding close on session 8ee94c59-aaf0-450b-9d4d-1057a2228cbb to remote] http.wire 72 - http-outgoing-165 &gt;&gt; &quot;User-Agent: Apache-HttpClient/4.5.1 (Java/1.8.0_101)[\r][\n]&quot;
08-01-2019 22:44:46 Wire.java DEBUG [Forwarding close on session 8ee94c59-aaf0-450b-9d4d-1057a2228cbb to remote] http.wire 72 - http-outgoing-165 &gt;&gt; &quot;Accept-Encoding: gzip,deflate[\r][\n]&quot;
08-01-2019 22:44:46 Wire.java DEBUG [Forwarding close on session 8ee94c59-aaf0-450b-9d4d-1057a2228cbb to remote] http.wire 72 - http-outgoing-165 &gt;&gt; &quot;[\r][\n]&quot;
08-01-2019 22:44:46 Wire.java DEBUG [Forwarding close on session 8ee94c59-aaf0-450b-9d4d-1057a2228cbb to remote] http.wire 72 - http-outgoing-165 &lt;&lt; &quot;HTTP/1.1 500 Internal Server Error[\r][\n]&quot;
08-01-2019 22:44:46 Wire.java DEBUG [Forwarding close on session 8ee94c59-aaf0-450b-9d4d-1057a2228cbb to remote] http.wire 72 - http-outgoing-165 &lt;&lt; &quot;content-type: application/json; charset=UTF-8[\r][\n]&quot;
08-01-2019 22:44:46 Wire.java DEBUG [Forwarding close on session 8ee94c59-aaf0-450b-9d4d-1057a2228cbb to remote] http.wire 72 - http-outgoing-165 &lt;&lt; &quot;connection: close[\r][\n]&quot;
08-01-2019 22:44:46 Wire.java DEBUG [Forwarding close on session 8ee94c59-aaf0-450b-9d4d-1057a2228cbb to remote] http.wire 72 - http-outgoing-165 &lt;&lt; &quot;content-length: 5367[\r][\n]&quot;
08-01-2019 22:44:46 Wire.java DEBUG [Forwarding close on session 8ee94c59-aaf0-450b-9d4d-1057a2228cbb to remote] http.wire 72 - http-outgoing-165 &lt;&lt; &quot;server: httpd.js[\r][\n]&quot;
08-01-2019 22:44:46 Wire.java DEBUG [Forwarding close on session 8ee94c59-aaf0-450b-9d4d-1057a2228cbb to remote] http.wire 72 - http-outgoing-165 &lt;&lt; &quot;date: Thu, 01 Aug 2019 17:14:46 GMT[\r][\n]&quot;
08-01-2019 22:44:46 Wire.java DEBUG [Forwarding close on session 8ee94c59-aaf0-450b-9d4d-1057a2228cbb to remote] http.wire 72 - http-outgoing-165 &lt;&lt; &quot;[\r][\n]&quot;
08-01-2019 22:44:46 LoggingManagedHttpClientConnection.java DEBUG [Forwarding close on session 8ee94c59-aaf0-450b-9d4d-1057a2228cbb to remote] http.headers 124 - http-outgoing-165 &lt;&lt; HTTP/1.1 500 Internal Server Error
08-01-2019 22:44:46 LoggingManagedHttpClientConnection.java DEBUG [Forwarding close on session 8ee94c59-aaf0-450b-9d4d-1057a2228cbb to remote] http.headers 127 - http-outgoing-165 &lt;&lt; content-type: application/json; charset=UTF-8
08-01-2019 22:44:46 LoggingManagedHttpClientConnection.java DEBUG [Forwarding close on session 8ee94c59-aaf0-450b-9d4d-1057a2228cbb to remote] http.headers 127 - http-outgoing-165 &lt;&lt; connection: close
08-01-2019 22:44:46 LoggingManagedHttpClientConnection.java DEBUG [Forwarding close on session 8ee94c59-aaf0-450b-9d4d-1057a2228cbb to remote] http.headers 127 - http-outgoing-165 &lt;&lt; content-length: 5367
08-01-2019 22:44:46 LoggingManagedHttpClientConnection.java DEBUG [Forwarding close on session 8ee94c59-aaf0-450b-9d4d-1057a2228cbb to remote] http.headers 127 - http-outgoing-165 &lt;&lt; server: httpd.js
08-01-2019 22:44:46 LoggingManagedHttpClientConnection.java DEBUG [Forwarding close on session 8ee94c59-aaf0-450b-9d4d-1057a2228cbb to remote] http.headers 127 - http-outgoing-165 &lt;&lt; date: Thu, 01 Aug 2019 17:14:46 GMT
08-01-2019 22:44:46 Wire.java DEBUG [Forwarding close on session 8ee94c59-aaf0-450b-9d4d-1057a2228cbb to remote] http.wire 86 - http-outgoing-165 &lt;&lt; &quot;{&quot;name&quot;:&quot;close&quot;,&quot;sessionId&quot;:&quot;8ee94c59-aaf0-450b-9d4d-1057a2228cbb&quot;,&quot;status&quot;:26,&quot;value&quot;:{&quot;message&quot;:&quot;Unexpected modal dialog (text: Errors were encountered: \n\nThis username is already in use by another user. Please select a different username.\n)&quot;,&quot;stackTrace&quot;:[{&quot;methodName&quot;:&quot;fxdriver.modals.closeUnhandledAlert/&lt;&quot;,&quot;fileName&quot;:&quot;file:///C:/Users/nites/AppData/Local/Temp/anonymous1512128663080899646webdriver-profile/extensions/fxdriver@googlecode.com/components/command-processor.js&quot;,&quot;lineNumber&quot;:10085,&quot;columnNumber&quot;:17},{&quot;methodName&quot;:&quot;fxdriver.modals.isModalPresent/&lt;&quot;,&quot;fileName&quot;:&quot;file:///C:/Users/nites/AppData/Local/Temp/anonymous1512128663080899646webdriver-profile/extensions/fxdriver@googlecode.com/components/command-processor.js&quot;,&quot;lineNumber&quot;:9993,&quot;columnNumber&quot;:5},{&quot;methodName&quot;:&quot;fxdriver.Timer.prototype.runWhenTrue/g&quot;,&quot;fileName&quot;:&quot;file:///C:/Users/nites/AppData/Local/Temp/anonymous1512128663080899646webdriver-profile/extensions/fxdriver@googlecode.com/components/command-processor.js&quot;,&quot;lineNumber&quot;:631,&quot;columnNumber&quot;:70},{&quot;methodName&quot;:&quot;fxdriver.Timer.prototype.runWhenTrue&quot;,&quot;fileName&quot;:&quot;file:///C:/Users/nites/AppData/Local/Temp/anonymous1512128663080899646webdriver-profile/extensions/fxdriver@googlecode.com/components/command-processor.js&quot;,&quot;lineNumber&quot;:633,&quot;columnNumber&quot;:3},{&quot;methodName&quot;:&quot;fxdriver.modals.isModalPresent&quot;,&quot;fileName&quot;:&quot;file:///C:/Users/nites/AppData/Local/Temp/anonymous1512128663080899646webdriver-profile/extensions/fxdriver@googlecode.com/components/command-processor.js&quot;,&quot;lineNumber&quot;:9989,&quot;columnNumber&quot;:3},{&quot;methodName&quot;:&quot;fxdriver.modals.closeUnhandledAlert&quot;,&quot;fileName&quot;:&quot;file:///C:/Users/nites/AppData/Local/Temp/anonymous1512128663080899646webdriver-profile/extensions/fxdriver@googlecode.com/components/command-processor.js&quot;,&quot;lineNumber&quot;:10074,&quot;columnNumber&quot;:3},{&quot;methodName&quot;:&quot;nsCommandProcessor.prototype.execute&quot;,&quot;fileName&quot;:&quot;file:///C:/Users/nites/AppData/Local/Temp/anonymous1512128663080899646webdriver-profile/extensions/fxdriver@googlecode.com/components/command-processor.js&quot;,&quot;lineNumber&quot;:12731,&quot;columnNumber&quot;:15},{&quot;methodName&quot;:&quot;Dispatcher.executeAs/&lt;&quot;,&quot;fileName&quot;:&quot;file:///C:/Users/nites/AppData/Local/Temp/anonymous1512128663080899646webdriver-profile/extensions/fxdriver@googlecode.com/components/driver-component.js&quot;,&quot;lineNumber&quot;:9558,&quot;columnNumber&quot;:5},{&quot;methodName&quot;:&quot;Resource.prototype.handle&quot;,&quot;fileName&quot;:&quot;file:///C:/Users/nites/AppData/Local/Temp/anonymous1512128663080899646webdriver-profile/extensions/fxdriver@googlecode.com/components/driver-component.js&quot;,&quot;lineNumber&quot;:9705,&quot;columnNumber&quot;:255},{&quot;methodName&quot;:&quot;Dispatcher.prototype.dispatch&quot;,&quot;fileName&quot;:&quot;file:///C:/Users/nites/AppData/Local/Temp/anonymous1512128663080899646webdriver-profile/extensions/fxdriver@googlecode.com/components/driver-component.js&quot;,&quot;lineNumber&quot;:9652,&quot;columnNumber&quot;:36},{&quot;methodName&quot;:&quot;WebDriverServer/&lt;.handle&quot;,&quot;fileName&quot;:&quot;file:///C:/Users/nites/AppData/Local/Temp/anonymous1512128663080899646webdriver-profile/extensions/fxdriver@googlecode.com/components/driver-component.js&quot;,&quot;lineNumber&quot;:12517,&quot;columnNumber&quot;:5},{&quot;methodName&quot;:&quot;createHandlerFunc/&lt;&quot;,&quot;fileName&quot;:&quot;file:///C:/Users/nites/AppData/Local/Temp/anonymous1512128663080899646webdriver-profile/extensions/fxdriver@googlecode.com/components/httpd.js&quot;,&quot;lineNumber&quot;:2054,&quot;columnNumber&quot;:41},{&quot;methodName&quot;:&quot;ServerHandler.prototype.handleResponse&quot;,&quot;fileName&quot;:&quot;file:///C:/Users/nites/AppData/Local/Temp/anonymous1512128663080899646webdriver-profile/extensions/fxdriver@googlecode.com/components/httpd.js&quot;,&quot;lineNumber&quot;:2387,&quot;columnNumber&quot;:13},{&quot;methodName&quot;:&quot;Connection.prototype.process&quot;,&quot;fileName&quot;:&quot;file:///C:/Users/nites/AppData/Local/Temp/anonymous1512128663080899646webdriver-profile/extensions/fxdriver@googlecode.com/components/httpd.js&quot;,&quot;lineNumber&quot;:1223,&quot;columnNumber&quot;:5},{&quot;methodName&quot;:&quot;RequestReader.prototype._handleResponse&quot;,&quot;fileName&quot;:&quot;file:///C:/Users/nites/AppData/Local/Temp/anonymous1512128663080899646webdriver-profile/extensions/fxdriver@googlecode.com/components/httpd.js&quot;,&quot;lineNumber&quot;:1677,&quot;columnNumber&quot;:5},{&quot;methodName&quot;:&quot;RequestReader.prototype._processBody&quot;,&quot;fileName&quot;:&quot;file:///C:/Users/nites/AppDa&quot;
08-01-2019 22:44:46 Wire.java DEBUG [Forwarding close on session 8ee94c59-aaf0-450b-9d4d-1057a2228cbb to remote] http.wire 86 - http-outgoing-165 &lt;&lt; &quot;ta/Local/Temp/anonymous1512128663080899646webdriver-profile/extensions/fxdriver@googlecode.com/components/httpd.js&quot;,&quot;lineNumber&quot;:1525,&quot;columnNumber&quot;:9},{&quot;methodName&quot;:&quot;RequestReader.prototype.onInputStreamReady&quot;,&quot;fileName&quot;:&quot;file:///C:/Users/nites/AppData/Local/Temp/anonymous1512128663080899646webdriver-profile/extensions/fxdriver@googlecode.com/components/httpd.js&quot;,&quot;lineNumber&quot;:1393,&quot;columnNumber&quot;:9},{&quot;methodName&quot;:&quot;openModalWindow&quot;,&quot;fileName&quot;:&quot;resource://gre/components/nsPrompter.js&quot;,&quot;lineNumber&quot;:360,&quot;columnNumber&quot;:5},{&quot;methodName&quot;:&quot;ModalPrompter.prototype.openPrompt&quot;,&quot;fileName&quot;:&quot;resource://gre/components/nsPrompter.js&quot;,&quot;lineNumber&quot;:550,&quot;columnNumber&quot;:9},{&quot;methodName&quot;:&quot;ModalPrompter.prototype.alert&quot;,&quot;fileName&quot;:&quot;resource://gre/components/nsPrompter.js&quot;,&quot;lineNumber&quot;:602,&quot;columnNumber&quot;:9},{&quot;methodName&quot;:&quot;ObservingAlert.prototype.alert&quot;,&quot;fileName&quot;:&quot;file:///C:/Users/nites/AppData/Local/Temp/anonymous1512128663080899646webdriver-profile/extensions/fxdriver@googlecode.com/components/prompt-service.js&quot;,&quot;lineNumber&quot;:4745,&quot;columnNumber&quot;:3},{&quot;fileName&quot;:&quot;https://classic.crmpro.com/register/?m=F&quot;,&quot;lineNumber&quot;:250,&quot;columnNumber&quot;:2}],&quot;alert&quot;:{&quot;text&quot;:&quot;Errors were encountered: \n\nThis username is already in use by another user. Please select a different username.\n&quot;}}}&quot;
08-01-2019 22:44:46 LoggingManagedHttpClientConnection.java DEBUG [Forwarding close on session 8ee94c59-aaf0-450b-9d4d-1057a2228cbb to remote] conn.DefaultManagedHttpClientConnection 81 - http-outgoing-165: Close connection
08-01-2019 22:44:46 ConnectionHolder.java DEBUG [Forwarding close on session 8ee94c59-aaf0-450b-9d4d-1057a2228cbb to remote] execchain.MainClientExec 103 - Connection discarded
08-01-2019 22:44:46 PoolingHttpClientConnectionManager.java DEBUG [Forwarding close on session 8ee94c59-aaf0-450b-9d4d-1057a2228cbb to remote] conn.PoolingHttpClientConnectionManager 320 - Connection released: [id: 165][route: {}-&gt;http://127.0.0.1:7057][total kept alive: 0; route allocated: 0 of 2000; total allocated: 0 of 2000]
</system-out>
  </testcase>
</testsuite>