<?xml version="1.0" encoding="UTF-8"?>
<!-- Generated by org.testng.reporters.JUnitReportReporter -->
<testsuite skipped="0" hostname="DESKTOP-MUE1MC5" name="com.qa.tests.HomePageTest" tests="2" failures="0" timestamp="11 Aug 2019 14:24:54 GMT" time="189.012" errors="0">
  <testcase name="verifyHomePageTitleTest" time="87.285" classname="com.qa.tests.HomePageTest"/>
  <testcase name="verifyUserTest" time="101.727" classname="com.qa.tests.HomePageTest"/>
</testsuite> <!-- com.qa.tests.HomePageTest -->
