<?xml version="1.0" encoding="UTF-8"?>
<!-- Generated by org.testng.reporters.JUnitReportReporter -->
<testsuite skipped="0" hostname="DESKTOP-MUE1MC5" name="com.qa.tests.SignUpPageTest" tests="1" failures="0" timestamp="11 Aug 2019 14:24:54 GMT" time="31.870" errors="0">
  <testcase name="verifySignUpPageTitle" time="31.870" classname="com.qa.tests.SignUpPageTest"/>
</testsuite> <!-- com.qa.tests.SignUpPageTest -->
