<?xml version="1.0" encoding="UTF-8"?>
<!-- Generated by org.testng.reporters.JUnitReportReporter -->
<testsuite skipped="1" hostname="DESKTOP-MUE1MC5" name="com.qa.tests.ContactsPageTest" tests="5" failures="0" timestamp="11 Aug 2019 14:24:54 GMT" time="387.515" errors="0">
  <testcase name="verfiyCreateNewContact" time="95.424" classname="com.qa.tests.ContactsPageTest"/>
  <testcase name="verfiyCreateNewContact" time="97.607" classname="com.qa.tests.ContactsPageTest"/>
  <testcase name="verfiyCreateNewContact" time="96.848" classname="com.qa.tests.ContactsPageTest"/>
  <testcase name="verfiyCreateNewContact" time="97.636" classname="com.qa.tests.ContactsPageTest"/>
  <testcase name="verifyContactsLabel" classname="com.qa.tests.ContactsPageTest">
    <skipped/>
  </testcase> <!-- verifyContactsLabel -->
</testsuite> <!-- com.qa.tests.ContactsPageTest -->
