<?xml version="1.0" encoding="UTF-8"?>
<!-- Generated by org.testng.reporters.JUnitReportReporter -->
<testsuite skipped="0" hostname="DESKTOP-MUE1MC5" name="com.qa.tests.ConfirmRegistrationTest" tests="1" failures="0" timestamp="28 Jul 2019 19:07:53 GMT" time="87.495" errors="0">
  <testcase name="verifyRegistrationCompletedTest" time="87.495" classname="com.qa.tests.ConfirmRegistrationTest"/>
</testsuite> <!-- com.qa.tests.ConfirmRegistrationTest -->
