<?xml version="1.0" encoding="UTF-8"?>
<!-- Generated by org.testng.reporters.JUnitReportReporter -->
<testsuite skipped="0" hostname="DESKTOP-MUE1MC5" name="com.qa.tests.HomePageTest" tests="2" failures="0" timestamp="03 Aug 2019 14:01:26 GMT" time="211.917" errors="0">
  <testcase name="verifyHomePageTitleTest" time="96.018" classname="com.qa.tests.HomePageTest"/>
  <testcase name="verifyUserTest" time="115.899" classname="com.qa.tests.HomePageTest"/>
</testsuite> <!-- com.qa.tests.HomePageTest -->
