<?xml version="1.0" encoding="UTF-8"?>
<!-- Generated by org.testng.reporters.JUnitReportReporter -->
<testsuite skipped="0" hostname="DESKTOP-MUE1MC5" name="com.qa.tests.SignUpPageTest" tests="3" failures="0" timestamp="28 Jul 2019 18:28:32 GMT" time="91.830" errors="0">
  <testcase name="verifySignUpPageTitle" time="13.742" classname="com.qa.tests.SignUpPageTest"/>
  <testcase name="verifySignUpButtonClickableTest" time="13.846" classname="com.qa.tests.SignUpPageTest"/>
  <testcase name="verifySignUpFeatureTest" time="64.242" classname="com.qa.tests.SignUpPageTest"/>
</testsuite> <!-- com.qa.tests.SignUpPageTest -->
