<?xml version="1.0" encoding="UTF-8"?>
<!-- Generated by org.testng.reporters.JUnitReportReporter -->
<testsuite skipped="0" hostname="DESKTOP-MUE1MC5" name="com.qa.tests.CompanyAndProfileDetailsPageTest" tests="1" failures="0" timestamp="28 Jul 2019 18:39:41 GMT" time="65.907" errors="0">
  <testcase name="verifyCompanyAndProfileDetailsEnteredTest" time="65.907" classname="com.qa.tests.CompanyAndProfileDetailsPageTest"/>
</testsuite> <!-- com.qa.tests.CompanyAndProfileDetailsPageTest -->
