<?xml version="1.0" encoding="UTF-8"?>
<!-- Generated by org.testng.reporters.JUnitReportReporter -->
<testsuite skipped="0" hostname="DESKTOP-MUE1MC5" name="com.qa.tests.LoginPageTest" tests="3" failures="0" timestamp="01 Aug 2019 17:14:47 GMT" time="76.765" errors="0">
  <testcase name="pageTitleTest" time="13.878" classname="com.qa.tests.LoginPageTest"/>
  <testcase name="crmLogoImageTest" time="15.987" classname="com.qa.tests.LoginPageTest"/>
  <testcase name="loginTest" time="46.900" classname="com.qa.tests.LoginPageTest"/>
</testsuite> <!-- com.qa.tests.LoginPageTest -->
