<?xml version="1.0" encoding="UTF-8"?>
<!-- Generated by org.testng.reporters.JUnitReportReporter -->
<testsuite skipped="0" hostname="DESKTOP-MUE1MC5" name="com.qa.tests.LoginPageTest" tests="3" failures="0" timestamp="12 Aug 2019 13:59:54 GMT" time="108.268" errors="0">
  <testcase name="pageTitleTest" time="20.075" classname="com.qa.tests.LoginPageTest"/>
  <testcase name="crmLogoImageTest" time="14.342" classname="com.qa.tests.LoginPageTest"/>
  <testcase name="loginTest" time="73.851" classname="com.qa.tests.LoginPageTest"/>
</testsuite> <!-- com.qa.tests.LoginPageTest -->
